# Server version 0.08 running on DESKTOP-6KJFBSD:8123
# Game ID: 287
# Board class: Saboteur.SaboteurBoard
# Timeout: 20000
# First Move Timeout: 30000
# Date: Wed Apr 15 22:57:08 EDT 2020
# Player 1: Player-0, '260715909', running on DESKTOP-6KJFBSD
# Player 2: Player-1, '260715909', running on DESKTOP-6KJFBSD
START Player-0 260715909
START Player-1 260715909
BoardInit:Tile:9,Tile:9,Tile:11,Tile:0,Map,Tile:4,Tile:3,Tile:13,Tile:5,Map,Tile:8,Tile:6,Tile:8,Bonus,Map,Map,Tile:6,Map,Malus,Tile:1,Tile:8,Tile:9,Tile:7,Tile:5,Tile:9,Tile:14,Tile:12,Tile:10,Tile:8,Tile:8,Tile:9,Tile:5,Map,Tile:0,Tile:5,Destroy,Tile:7,Bonus,Bonus,Tile:0,Tile:6-Tile:10,Tile:6,Tile:10,Destroy,Destroy,Tile:7,Tile:0-Tile:6,Tile:7,Malus,Tile:2,Tile:7,Bonus,Tile:15-Tile:nugget,Tile:hidden1,Tile:hidden2
Tile:6 6 5 1
Tile:6 7 5 0
Tile:10 6 4 1
Tile:7 8 5 0
Tile:10 6 3 1
Tile:9 8 6 0
Tile:7 9 6 1
Malus 0 0 0
Map 12 3 1
Tile:7_flip 8 7 0
Drop 0 0 1
Map 12 3 0
Drop 0 0 1
Tile:6 9 7 0
Drop 0 0 1
Tile:0 10 7 0
Map 12 3 1
Map 12 3 0
Drop 0 0 1
Map 12 3 0
Malus 0 0 1
Drop 0 0 0
Drop 0 0 1
Drop 0 0 0
Drop 0 0 1
Drop 0 0 0
Drop 0 0 1
Drop 0 0 0
Drop 0 0 1
Drop 0 0 0
Drop 0 0 1
Drop 0 0 0
Drop 0 0 1
Drop 0 0 0
Map 12 7 1
Drop 0 0 0
Drop 0 0 1
Drop 0 0 0
Drop 0 0 1
Drop 0 0 0
Drop 0 0 1
Drop 0 0 0
Drop 0 0 1
Drop 0 0 0
Drop 0 0 1
Drop 0 0 0
Drop 0 0 1
Drop 0 0 0
Drop 0 0 1
Drop 0 0 0
Drop 0 0 1
Drop 0 0 0
Drop 0 0 1
Drop 0 0 0
Drop 0 0 1
GAMEOVER DRAW
# Game ended: Wed Apr 15 22:57:10 EDT 2020
