# Server version 0.08 running on DESKTOP-6KJFBSD:8123
# Game ID: 229
# Board class: Saboteur.SaboteurBoard
# Timeout: 20000
# First Move Timeout: 30000
# Date: Wed Apr 15 21:09:53 EDT 2020
# Player 1: Player-0, '260715909', running on DESKTOP-6KJFBSD
# Player 2: Player-1, 'RandomPlayer', running on DESKTOP-6KJFBSD
START Player-0 260715909
START Player-1 RandomPlayer
BoardInit:Tile:2,Map,Tile:5,Tile:9,Tile:0,Tile:6,Tile:5,Tile:6,Tile:8,Tile:8,Destroy,Tile:7,Map,Tile:6,Map,Bonus,Map,Bonus,Tile:0,Tile:0,Map,Tile:7,Tile:10,Destroy,Tile:11,Tile:0,Map,Tile:7,Destroy,Tile:9,Tile:5,Malus,Tile:8,Bonus,Tile:8,Tile:5,Tile:6,Tile:10,Tile:14,Tile:12,Tile:10-Tile:6,Tile:9,Tile:1,Tile:9,Tile:9,Malus,Tile:13-Tile:3,Bonus,Tile:15,Tile:7,Tile:4,Tile:8,Tile:7-Tile:hidden1,Tile:hidden2,Tile:nugget
Malus 0 0 1
Bonus 0 0 0
Tile:6 6 5 1
Tile:7 6 4 0
Tile:5_flip 5 6 1
Tile:3 7 5 0
Tile:9 5 4 1
Tile:15 5 3 0
Drop 2 0 1
Tile:4_flip 7 6 0
Tile:8 4 6 1
Tile:6_flip 3 6 0
Tile:5_flip 4 7 1
Tile:7 5 2 0
Tile:0 2 6 1
Tile:8 1 6 0
Destroy 6 5 1
Tile:6_flip 4 5 0
Tile:2_flip 3 5 1
Tile:8 1 5 0
Tile:1 0 6 1
Map 12 3 0
Tile:13 1 4 1
Tile:7 2 4 0
Map 12 3 1
Tile:0 4 2 0
Tile:10 1 7 1
Tile:9 0 4 0
Map 12 5 1
Tile:7_flip 1 8 0
Tile:9 0 3 1
Tile:6 3 2 0
Map 12 3 1
Tile:0 2 2 0
Destroy 1 5 1
Destroy 0 3 0
Tile:8 1 5 1
Tile:9 0 3 0
Tile:11 3 1 1
Tile:7 0 2 0
Tile:6 6 5 1
Tile:12_flip 1 2 0
Map 12 5 1
Tile:5 3 4 0
Drop 2 0 1
Malus 0 0 0
Map 12 5 1
Tile:10 3 0 0
Drop 0 0 1
Drop 0 0 0
Drop 0 0 1
Drop 0 0 0
Drop 1 0 1
Drop 0 0 0
Drop 0 0 1
GAMEOVER DRAW
# Game ended: Wed Apr 15 21:09:58 EDT 2020
