# Server version 0.08 running on DESKTOP-6KJFBSD:8123
# Game ID: 208
# Board class: Saboteur.SaboteurBoard
# Timeout: 20000
# First Move Timeout: 30000
# Date: Wed Apr 15 20:18:24 EDT 2020
# Player 1: Player-0, '260715909', running on DESKTOP-6KJFBSD
# Player 2: Player-1, 'Human', running on DESKTOP-6KJFBSD
START Player-0 260715909
START Player-1 Human
BoardInit:Bonus,Tile:8,Tile:8,Tile:5,Malus,Bonus,Tile:0,Destroy,Tile:0,Tile:9,Bonus,Tile:8,Tile:7,Tile:7,Tile:6,Tile:3,Tile:5,Tile:6,Tile:9,Bonus,Map,Tile:10,Malus,Tile:8,Map,Tile:10,Tile:10,Tile:9,Tile:2,Tile:5,Tile:11,Tile:9,Tile:0,Tile:5,Tile:12,Tile:6,Map,Destroy,Tile:15,Tile:4,Tile:13-Tile:6,Tile:1,Tile:7,Tile:6,Tile:9,Tile:14,Tile:7-Map,Map,Map,Destroy,Tile:0,Tile:7,Tile:8-Tile:hidden2,Tile:nugget,Tile:hidden1
Tile:6 6 5 1
Map 12 3 0
Tile:6 7 5 1
Tile:8 5 6 0
Tile:8 5 7 1
Tile:7_flip 5 8 0
Malus 0 0 1
Map 12 3 0
Tile:0 8 5 1
Destroy 5 8 0
Tile:0 9 5 1
Map 12 3 0
Tile:9 7 4 1
Bonus 0 0 0
Drop 2 0 1
Destroy 7 5 0
