# Server version 0.08 running on DESKTOP-6KJFBSD:8123
# Game ID: 261
# Board class: Saboteur.SaboteurBoard
# Timeout: 20000
# First Move Timeout: 30000
# Date: Wed Apr 15 22:47:06 EDT 2020
# Player 1: Player-0, '260715909', running on DESKTOP-6KJFBSD
# Player 2: Player-1, '260715909', running on DESKTOP-6KJFBSD
START Player-0 260715909
START Player-1 260715909
BoardInit:Tile:9,Tile:7,Map,Tile:6,Tile:3,Malus,Bonus,Tile:11,Tile:2,Tile:7,Tile:8,Tile:6,Tile:7,Map,Tile:13,Tile:10,Malus,Tile:0,Tile:12,Tile:8,Map,Tile:9,Tile:8,Bonus,Tile:0,Tile:5,Bonus,Tile:14,Tile:7,Tile:6,Map,Tile:6,Tile:7,Tile:10,Tile:5,Tile:9,Tile:5,Tile:5,Destroy,Tile:8,Tile:15-Map,Destroy,Tile:8,Tile:0,Map,Tile:9,Tile:4-Bonus,Destroy,Tile:0,Tile:10,Tile:1,Tile:9,Tile:6-Tile:hidden2,Tile:nugget,Tile:hidden1
Map 12 3 1
Drop 0 0 0
Map 12 3 1
Drop 0 0 0
Map 12 3 1
Drop 0 0 0
Drop 0 0 1
Malus 0 0 0
Drop 0 0 1
Drop 0 0 0
Drop 0 0 1
Drop 0 0 0
Drop 0 0 1
Drop 0 0 0
Drop 0 0 1
Map 12 5 0
Drop 0 0 1
Drop 0 0 0
Malus 0 0 1
Drop 0 0 0
Drop 0 0 1
Drop 0 0 0
Map 12 3 1
Drop 0 0 0
Drop 0 0 1
Drop 0 0 0
Drop 0 0 1
Drop 0 0 0
Drop 0 0 1
Drop 0 0 0
Drop 0 0 1
Drop 0 0 0
Map 12 3 1
Drop 0 0 0
Drop 0 0 1
Drop 0 0 0
Drop 0 0 1
Drop 0 0 0
Drop 0 0 1
Drop 0 0 0
Drop 0 0 1
Drop 0 0 0
Drop 0 0 1
Drop 0 0 0
Drop 0 0 1
Drop 0 0 0
Drop 0 0 1
Drop 0 0 0
Drop 0 0 1
Drop 0 0 0
Drop 0 0 1
Drop 0 0 0
Drop 0 0 1
Drop 0 0 0
Drop 0 0 1
GAMEOVER DRAW
# Game ended: Wed Apr 15 22:47:08 EDT 2020
