# Server version 0.08 running on DESKTOP-6KJFBSD:8123
# Game ID: 72
# Board class: Saboteur.SaboteurBoard
# Timeout: 20000
# First Move Timeout: 30000
# Date: Sun Apr 12 10:35:34 EDT 2020
# Player 1: Player-0, 'RandomPlayer', running on DESKTOP-6KJFBSD
# Player 2: Player-1, 'RandomPlayer', running on DESKTOP-6KJFBSD
START Player-0 RandomPlayer
START Player-1 RandomPlayer
BoardInit:Tile:0,Destroy,Tile:0,Map,Bonus,Tile:9,Tile:8,Tile:10,Tile:9,Tile:13,Tile:6,Tile:5,Tile:0,Tile:8,Map,Map,Tile:5,Tile:1,Tile:6,Tile:6,Destroy,Tile:0,Tile:12,Tile:4,Bonus,Map,Malus,Tile:5,Tile:11,Tile:5,Tile:7,Tile:15,Malus,Tile:2,Tile:3,Tile:10,Bonus,Tile:8,Tile:6,Tile:9,Destroy-Tile:9,Tile:7,Bonus,Tile:8,Tile:10,Tile:9,Tile:8-Tile:7,Tile:7,Tile:6,Tile:7,Map,Map,Tile:14-Tile:nugget,Tile:hidden1,Tile:hidden2
Tile:9_flip 5 4 1
Tile:7_flip 4 5 0
Tile:7 5 3 1
Map 12 7 0
Tile:9_flip 6 5 1
Tile:7_flip 6 6 0
Drop 6 0 1
Destroy 4 5 0
Tile:0 4 5 1
Tile:10 6 4 0
Tile:10 6 3 1
Map 12 3 0
Drop 4 0 1
Tile:6_flip 3 5 0
Drop 5 0 1
Tile:14_flip 4 3 0
Tile:8 6 2 1
Drop 5 0 0
Drop 1 0 1
Map 12 3 0
Tile:5 6 1 1
Tile:6 4 4 0
Tile:9_flip 7 2 1
Map 12 7 0
Tile:12_flip 2 5 1
Drop 2 0 0
Map 12 7 1
Tile:9_flip 7 6 0
Drop 5 0 1
Tile:7_flip 7 3 0
Tile:11 7 7 1
Map 12 7 0
Tile:0 3 4 1
Tile:4_flip 7 8 0
Tile:7_flip 2 4 1
Tile:2 8 3 0
Destroy 5 4 1
Tile:10 7 5 0
Tile:3_flip 5 2 1
Tile:8 8 4 0
Tile:6_flip 7 1 1
Drop 2 0 0
Destroy 3 4 1
Tile:5_flip 5 6 0
Tile:6_flip 8 7 1
Tile:9_flip 2 3 0
Tile:0 3 4 1
Tile:5 4 6 0
Drop 0 0 1
Tile:1 8 1 0
Drop 0 0 1
Tile:5_flip 9 7 0
Malus 0 0 1
Drop 0 0 0
Drop 0 0 1
GAMEOVER DRAW
# Game ended: Sun Apr 12 10:35:34 EDT 2020
