# Server version 0.08 running on DESKTOP-6KJFBSD:8123
# Game ID: 272
# Board class: Saboteur.SaboteurBoard
# Timeout: 20000
# First Move Timeout: 30000
# Date: Wed Apr 15 22:53:23 EDT 2020
# Player 1: Player-0, '260715909', running on DESKTOP-6KJFBSD
# Player 2: Player-1, 'RandomPlayer', running on DESKTOP-6KJFBSD
START Player-0 260715909
START Player-1 RandomPlayer
BoardInit:Tile:10,Tile:8,Tile:1,Tile:15,Tile:12,Destroy,Tile:9,Tile:7,Tile:7,Tile:5,Tile:5,Tile:10,Tile:9,Tile:9,Tile:6,Tile:6,Tile:4,Tile:9,Tile:14,Tile:0,Map,Tile:13,Tile:2,Tile:10,Malus,Tile:0,Tile:5,Bonus,Bonus,Tile:8,Tile:0,Tile:7,Destroy,Tile:7,Bonus,Tile:8,Tile:6,Malus,Map,Tile:5,Tile:8-Tile:7,Bonus,Map,Tile:9,Tile:3,Tile:6,Tile:11-Map,Tile:8,Map,Destroy,Tile:6,Map,Tile:0-Tile:hidden1,Tile:hidden2,Tile:nugget
Tile:3_flip 4 5 1
Map 12 3 0
Tile:6_flip 6 5 1
Tile:8 5 4 0
Tile:9_flip 7 5 1
Tile:6 6 4 0
Tile:10 5 6 1
Tile:8 6 3 0
Tile:9 5 7 1
Map 12 3 0
Tile:11_flip 7 3 1
Tile:7 6 7 0
Tile:7_flip 7 6 1
Tile:10 7 2 0
Tile:9_flip 7 4 1
Tile:9_flip 5 8 0
Tile:6_flip 8 6 1
Map 12 3 0
Tile:5 4 4 1
Tile:0 9 6 0
Tile:4 6 2 1
Tile:5 5 3 0
Tile:12 10 6 1
Tile:9 6 8 0
Map 12 7 1
Tile:6 7 8 0
Tile:14_flip 7 7 1
Tile:0 8 8 0
Drop 2 0 1
Tile:0 9 8 0
Drop 2 0 1
Tile:8 10 8 0
Tile:2_flip 4 8 1
Tile:7 10 7 0
Destroy 8 6 1
Tile:7 11 8 0
Tile:0 9 7 1
Tile:8 8 6 0
Drop 6 0 1
Tile:10 8 5 0
Drop 6 0 1
Malus 0 0 0
Bonus 0 0 1
Tile:5 8 4 0
Drop 1 0 1
Drop 0 0 0
Tile:8 9 4 1
Drop 0 0 0
Tile:5 3 8 1
Drop 0 0 0
Drop 0 0 1
Drop 0 0 0
Drop 1 0 1
Drop 0 0 0
Drop 0 0 1
GAMEOVER DRAW
# Game ended: Wed Apr 15 22:53:28 EDT 2020
