# Server version 0.08 running on DESKTOP-6KJFBSD:8123
# Game ID: 127
# Board class: Saboteur.SaboteurBoard
# Timeout: 20000
# First Move Timeout: 30000
# Date: Wed Apr 15 11:31:40 EDT 2020
# Player 1: Player-0, '260715909', running on DESKTOP-6KJFBSD
# Player 2: Player-1, 'RandomPlayer', running on DESKTOP-6KJFBSD
START Player-0 260715909
START Player-1 RandomPlayer
BoardInit:Tile:7,Map,Tile:8,Tile:10,Destroy,Map,Tile:0,Tile:7,Malus,Tile:12,Tile:9,Tile:9,Tile:10,Destroy,Malus,Tile:1,Tile:6,Tile:0,Tile:8,Tile:3,Tile:8,Bonus,Tile:7,Tile:6,Tile:8,Tile:0,Tile:6,Bonus,Tile:5,Tile:7,Tile:2,Tile:15,Tile:14,Tile:7,Bonus,Tile:5,Map,Tile:6,Tile:6,Tile:9,Tile:0-Bonus,Map,Map,Tile:10,Tile:9,Tile:11,Tile:5-Tile:8,Tile:4,Destroy,Tile:13,Tile:9,Tile:5,Map-Tile:nugget,Tile:hidden2,Tile:hidden1
Tile:5 5 4 1
Tile:8 5 6 0
Tile:11_flip 6 5 1
Tile:13 6 6 0
Tile:9_flip 6 7 1
Destroy 5 6 0
Drop 2 0 1
Tile:9 5 6 0
Drop 0 0 1
Tile:7 6 4 0
Drop 1 0 1
Tile:12_flip 4 5 0
Map 12 5 1
Tile:5_flip 6 8 0
Tile:9_flip 7 6 1
Destroy 7 6 0
Drop 6 0 1
Map 12 5 0
Tile:0 7 6 1
Tile:1 5 8 0
Tile:6 5 7 1
Tile:0 4 8 0
Tile:8 8 6 1
Tile:10 8 5 0
Destroy 5 6 1
Tile:6_flip 8 4 0
Tile:7 9 4 1
Tile:9 8 7 0
Tile:7_flip 4 7 1
Tile:3_flip 3 8 0
Tile:8 9 6 1
Tile:7 3 7 0
Tile:6 10 6 1
Map 12 5 0
Tile:5_flip 8 8 1
Drop 3 0 0
Tile:2_flip 11 6 1
Drop 3 0 0
Tile:8 12 6 1
Tile:5 4 6 0
Tile:14_flip 11 5 1
Drop 2 0 0
Drop 0 0 1
Tile:7_flip 2 7 0
Map 12 5 1
Tile:9 7 8 0
Tile:10 10 5 1
Tile:6 7 9 0
Tile:6_flip 6 9 1
Tile:4 2 6 0
Tile:8 13 6 1
Tile:15 9 5 0
Tile:0 8 9 1
Map 12 7 0
Drop 0 0 1
GAMEOVER DRAW
# Game ended: Wed Apr 15 11:32:02 EDT 2020
