# Server version 0.08 running on DESKTOP-6KJFBSD:8123
# Game ID: 63
# Board class: Saboteur.SaboteurBoard
# Timeout: 20000
# First Move Timeout: 30000
# Date: Sun Apr 12 01:08:49 EDT 2020
# Player 1: Player-0, '260715909', running on DESKTOP-6KJFBSD
# Player 2: Player-1, 'RandomPlayer', running on DESKTOP-6KJFBSD
START Player-0 260715909
START Player-1 RandomPlayer
BoardInit:Map,Destroy,Tile:8,Destroy,Tile:7,Map,Tile:4,Map,Tile:8,Tile:0,Map,Tile:10,Tile:13,Tile:6,Bonus,Tile:8,Tile:6,Tile:7,Map,Destroy,Tile:1,Tile:9,Tile:5,Tile:15,Map,Tile:6,Tile:5,Tile:10,Tile:5,Tile:9,Tile:9,Malus,Tile:10,Tile:5,Malus,Tile:11,Tile:6,Tile:2,Tile:6,Tile:3,Tile:8-Tile:0,Tile:14,Tile:0,Tile:7,Bonus,Tile:8,Tile:12-Bonus,Tile:7,Bonus,Tile:7,Tile:0,Tile:9,Tile:9-Tile:nugget,Tile:hidden1,Tile:hidden2
Drop 2 0 1
Tile:7 6 5 0
Drop 1 0 1
Tile:9_flip 6 6 0
Tile:7_flip 5 6 1
Destroy 6 5 0
Tile:7 6 5 1
Drop 2 0 0
Tile:4 5 4 1
Map 12 3 0
Map 12 7 1
Tile:0 4 5 0
Tile:8 6 7 1
Tile:9_flip 6 8 0
Drop 1 0 1
Drop 1 0 0
Tile:12_flip 5 7 1
Drop 0 0 0
Tile:6 3 5 1
Drop 1 0 0
Map 12 5 1
Tile:7 3 4 0
Tile:13 6 9 1
Destroy 6 6 0
Tile:8 2 5 1
Tile:9_flip 6 6 0
Tile:8 7 9 1
Tile:6 7 10 0
Tile:5 5 8 1
Tile:6_flip 8 9 0
Tile:5 7 8 1
Tile:0 1 5 0
Tile:9 2 4 1
Destroy 6 8 0
Tile:5_flip 8 8 1
Tile:5 8 7 0
Map 12 3 1
Tile:8 5 9 0
Map 12 5 1
Tile:11_flip 9 7 0
Tile:6 0 5 1
Drop 1 0 0
Tile:6 5 10 1
Tile:10 9 8 0
Drop 4 0 1
Tile:2_flip 8 10 0
Tile:8 4 9 1
Tile:3 2 3 0
Tile:10 4 8 1
Tile:9_flip 6 8 0
Tile:0 1 3 1
Tile:10 4 7 0
Tile:1 0 3 1
Drop 0 0 0
Drop 0 0 1
GAMEOVER DRAW
# Game ended: Sun Apr 12 01:08:53 EDT 2020
