# Server version 0.08 running on DESKTOP-6KJFBSD:8123
# Game ID: 271
# Board class: Saboteur.SaboteurBoard
# Timeout: 20000
# First Move Timeout: 30000
# Date: Wed Apr 15 22:52:42 EDT 2020
# Player 1: Player-0, '260715909', running on DESKTOP-6KJFBSD
# Player 2: Player-1, 'RandomPlayer', running on DESKTOP-6KJFBSD
START Player-0 260715909
START Player-1 RandomPlayer
BoardInit:Tile:10,Map,Tile:5,Tile:15,Tile:13,Tile:8,Map,Tile:5,Tile:5,Tile:7,Tile:0,Tile:9,Destroy,Tile:0,Tile:7,Tile:7,Tile:5,Tile:6,Map,Tile:10,Tile:6,Tile:4,Tile:9,Tile:8,Tile:0,Tile:8,Destroy,Tile:9,Tile:2,Map,Tile:1,Destroy,Tile:7,Tile:0,Tile:6,Malus,Tile:12,Bonus,Tile:9,Bonus,Tile:6-Map,Tile:3,Tile:6,Tile:14,Bonus,Tile:10,Tile:11-Tile:9,Malus,Tile:8,Map,Bonus,Tile:8,Tile:7-Tile:nugget,Tile:hidden2,Tile:hidden1
Tile:11 5 4 1
Tile:9 5 6 0
Tile:6_flip 6 6 1
Malus 0 0 0
Map 12 7 1
Tile:8 5 7 0
Drop 3 0 1
Tile:8 5 8 0
Map 12 5 1
Map 12 5 0
Bonus 0 0 1
Tile:7 6 4 0
Drop 6 0 1
Map 12 3 0
Tile:3 6 8 1
Tile:9 5 3 0
Tile:5_flip 6 3 1
Tile:8 5 2 0
Drop 1 0 1
Tile:6 6 7 0
Tile:14 6 9 1
Tile:5_flip 7 6 0
Tile:13 4 8 1
Tile:7 6 2 0
Tile:6 6 5 1
Tile:0 7 7 0
Map 12 7 1
Tile:8 7 5 0
Drop 6 0 1
Tile:7 8 5 0
Tile:9 8 6 1
Tile:9_flip 8 7 0
Tile:5 3 8 1
Tile:10 7 4 0
Tile:7_flip 8 8 1
Map 12 3 0
Tile:5_flip 3 9 1
Tile:8 9 6 0
Tile:12_flip 4 2 1
Tile:0 9 8 0
Destroy 5 2 1
Malus 0 0 0
Drop 0 0 1
Drop 0 0 0
Drop 4 0 1
Drop 0 0 0
Drop 2 0 1
Drop 0 0 0
Drop 0 0 1
Drop 0 0 0
Drop 0 0 1
Drop 0 0 0
Drop 1 0 1
Drop 0 0 0
Drop 0 0 1
GAMEOVER DRAW
# Game ended: Wed Apr 15 22:52:45 EDT 2020
