# Server version 0.08 running on DESKTOP-6KJFBSD:8123
# Game ID: 66
# Board class: Saboteur.SaboteurBoard
# Timeout: 20000
# First Move Timeout: 30000
# Date: Sun Apr 12 01:13:34 EDT 2020
# Player 1: Player-0, '260715909', running on DESKTOP-6KJFBSD
# Player 2: Player-1, '260715909', running on DESKTOP-6KJFBSD
START Player-0 260715909
START Player-1 260715909
BoardInit:Tile:7,Tile:6,Tile:9,Tile:4,Tile:9,Bonus,Tile:6,Tile:11,Tile:3,Map,Tile:8,Tile:14,Tile:7,Tile:10,Tile:9,Tile:6,Tile:0,Tile:7,Tile:7,Tile:0,Tile:8,Tile:8,Tile:10,Bonus,Map,Tile:12,Destroy,Tile:13,Tile:9,Map,Tile:8,Tile:6,Tile:5,Tile:6,Bonus,Tile:1,Map,Malus,Tile:8,Tile:5,Tile:2-Tile:10,Destroy,Map,Bonus,Tile:15,Destroy,Tile:5-Map,Malus,Tile:0,Tile:7,Tile:5,Tile:9,Tile:0-Tile:hidden1,Tile:hidden2,Tile:nugget
Drop 5 0 1
Map 12 5 0
Drop 5 0 1
Tile:5_flip 6 5 0
Tile:7 6 4 1
Tile:9 5 4 0
Tile:9 5 6 1
Tile:6_flip 6 6 0
Tile:15 5 3 1
Tile:11 5 7 0
Map 12 3 1
Drop 4 0 0
Drop 0 0 1
Tile:0 7 6 0
Tile:6_flip 4 5 1
Tile:14 6 7 0
Tile:9_flip 8 6 1
Map 12 3 0
Tile:9_flip 4 6 1
Tile:6_flip 8 5 0
Tile:7_flip 3 5 1
Tile:7_flip 7 5 0
Destroy 6 4 1
Tile:10 8 7 0
Drop 2 0 1
Tile:8 6 4 0
Tile:10 5 8 1
Tile:12_flip 3 6 0
Destroy 6 7 1
Tile:13 5 2 0
Tile:9_flip 8 8 1
Drop 0 0 0
Tile:3 3 4 1
Tile:0 9 5 0
Tile:8 8 9 1
Tile:0 7 9 0
Tile:0 7 8 1
Tile:6 2 4 0
Drop 6 0 1
Tile:7_flip 5 9 0
Tile:5_flip 6 7 1
Tile:6_flip 6 9 0
Tile:7_flip 4 2 1
Tile:5_flip 9 9 0
Drop 4 0 1
Drop 3 0 0
Tile:2 1 4 1
Map 12 5 0
Tile:8 6 2 1
Malus 0 0 0
Map 12 7 1
Drop 0 0 0
Drop 0 0 1
Drop 0 0 0
Bonus 0 0 1
GAMEOVER DRAW
# Game ended: Sun Apr 12 01:13:39 EDT 2020
