# Server version 0.08 running on DESKTOP-6KJFBSD:8123
# Game ID: 71
# Board class: Saboteur.SaboteurBoard
# Timeout: 20000
# First Move Timeout: 30000
# Date: Sun Apr 12 10:35:18 EDT 2020
# Player 1: Player-0, '260715909', running on DESKTOP-6KJFBSD
# Player 2: Player-1, 'RandomPlayer', running on DESKTOP-6KJFBSD
START Player-0 260715909
START Player-1 RandomPlayer
BoardInit:Tile:2,Tile:15,Tile:6,Tile:4,Map,Tile:13,Tile:5,Tile:6,Tile:0,Tile:8,Tile:8,Bonus,Tile:8,Tile:5,Tile:0,Bonus,Tile:9,Map,Tile:3,Map,Bonus,Map,Destroy,Tile:0,Map,Malus,Tile:7,Tile:5,Tile:7,Destroy,Tile:7,Tile:8,Tile:8,Malus,Tile:6,Tile:9,Tile:9,Tile:9,Tile:12,Tile:7,Tile:14-Bonus,Tile:5,Tile:10,Tile:0,Tile:10,Map,Tile:7-Tile:11,Tile:6,Tile:10,Tile:6,Tile:1,Tile:9,Destroy-Tile:hidden2,Tile:hidden1,Tile:nugget
Tile:10 5 4 1
Tile:6 4 5 0
Map 12 3 1
Destroy 5 4 0
Tile:7 5 4 1
Drop 4 0 0
Tile:6_flip 4 4 1
Tile:15 5 6 0
Tile:5_flip 5 7 1
Tile:11 3 5 0
Drop 4 0 1
Tile:6_flip 3 4 0
Tile:0 2 4 1
Tile:13 1 4 0
Tile:8 4 7 1
Tile:6_flip 3 7 0
Tile:5 0 4 1
Tile:5_flip 6 5 0
Tile:2_flip 2 7 1
Tile:10 6 4 0
Tile:3_flip 3 6 1
Tile:8 3 8 0
Tile:0 2 8 1
Tile:4_flip 1 5 0
Destroy 3 5 1
Drop 4 0 0
Tile:10 0 5 1
Drop 5 0 0
Tile:0 1 7 1
Tile:5 1 8 0
Tile:7_flip 1 9 1
Destroy 1 8 0
Tile:7_flip 0 6 1
Tile:1 0 7 0
Tile:9_flip 2 6 1
Map 12 5 0
Tile:8 3 5 1
Tile:9_flip 4 8 0
Tile:6_flip 2 9 1
Drop 6 0 0
Drop 4 0 1
Drop 0 0 0
Tile:7_flip 4 9 1
Map 12 7 0
Tile:14_flip 2 5 1
Tile:8 5 9 0
Tile:9_flip 6 9 1
Tile:7 4 6 0
Map 12 7 1
Drop 1 0 0
Drop 0 0 1
Malus 0 0 0
Bonus 0 0 1
Drop 0 0 0
Drop 0 0 1
GAMEOVER DRAW
# Game ended: Sun Apr 12 10:35:23 EDT 2020
