# Server version 0.08 running on DESKTOP-6KJFBSD:8123
# Game ID: 278
# Board class: Saboteur.SaboteurBoard
# Timeout: 20000
# First Move Timeout: 30000
# Date: Wed Apr 15 22:54:56 EDT 2020
# Player 1: Player-0, '260715909', running on DESKTOP-6KJFBSD
# Player 2: Player-1, 'RandomPlayer', running on DESKTOP-6KJFBSD
START Player-0 260715909
START Player-1 RandomPlayer
BoardInit:Tile:7,Tile:8,Destroy,Tile:0,Tile:8,Tile:6,Destroy,Tile:1,Bonus,Tile:10,Bonus,Bonus,Tile:8,Tile:7,Map,Tile:9,Tile:9,Tile:8,Map,Tile:0,Tile:5,Tile:2,Tile:4,Tile:6,Tile:0,Tile:5,Tile:3,Map,Tile:9,Map,Tile:15,Tile:7,Tile:0,Tile:14,Tile:7,Tile:9,Tile:5,Tile:6,Tile:13,Tile:10,Map-Bonus,Tile:6,Map,Tile:10,Malus,Tile:11,Tile:7-Tile:9,Destroy,Tile:5,Tile:8,Tile:12,Malus,Tile:6-Tile:hidden1,Tile:hidden2,Tile:nugget
Tile:6 6 5 1
Tile:9 5 4 0
Tile:11_flip 5 3 1
Tile:5 5 2 0
Tile:7 6 2 1
Tile:8 6 4 0
Map 12 5 1
Tile:6 5 6 0
Drop 2 0 1
Tile:0 7 5 0
Destroy 5 6 1
Tile:8 8 5 0
Drop 6 0 1
Tile:6 7 4 0
Drop 5 0 1
Malus 0 0 0
Map 12 7 1
Tile:9 5 6 0
Destroy 5 6 1
Tile:8 8 4 0
Drop 6 0 1
Tile:7 8 3 0
Drop 3 0 1
Tile:10 6 3 0
Drop 5 0 1
Tile:6 5 6 0
Drop 0 0 1
Tile:0 6 6 0
Drop 5 0 1
Tile:5 7 3 0
Drop 0 0 1
Map 12 5 0
Drop 6 0 1
Map 12 3 0
Drop 3 0 1
Tile:7 9 5 0
Drop 3 0 1
Tile:9 8 6 0
Drop 6 0 1
Tile:6 9 4 0
Drop 2 0 1
Tile:10 9 3 0
Drop 4 0 1
Drop 0 0 0
Drop 1 0 1
Drop 0 0 0
Map 12 5 1
Drop 0 0 0
Drop 0 0 1
Drop 0 0 0
Drop 0 0 1
Drop 0 0 0
Drop 1 0 1
Drop 0 0 0
Drop 0 0 1
GAMEOVER DRAW
# Game ended: Wed Apr 15 22:54:59 EDT 2020
