# Server version 0.08 running on DESKTOP-6KJFBSD:8123
# Game ID: 279
# Board class: Saboteur.SaboteurBoard
# Timeout: 20000
# First Move Timeout: 30000
# Date: Wed Apr 15 22:55:30 EDT 2020
# Player 1: Player-0, '260715909', running on DESKTOP-6KJFBSD
# Player 2: Player-1, 'RandomPlayer', running on DESKTOP-6KJFBSD
START Player-0 260715909
START Player-1 RandomPlayer
BoardInit:Bonus,Destroy,Bonus,Tile:8,Malus,Tile:5,Tile:5,Tile:9,Tile:7,Tile:9,Tile:13,Map,Tile:6,Tile:9,Destroy,Tile:6,Tile:5,Tile:6,Tile:7,Malus,Tile:4,Tile:2,Map,Tile:10,Tile:5,Tile:0,Tile:0,Tile:9,Destroy,Tile:6,Tile:7,Tile:0,Tile:7,Map,Tile:8,Tile:9,Tile:0,Tile:15,Tile:10,Tile:1,Tile:8-Map,Tile:3,Bonus,Tile:6,Bonus,Tile:10,Tile:8-Tile:7,Tile:11,Tile:8,Map,Tile:14,Map,Tile:12-Tile:nugget,Tile:hidden2,Tile:hidden1
Map 12 7 1
Tile:8 6 5 0
Tile:10 6 6 1
Tile:7 6 4 0
Tile:8 7 5 1
Map 12 3 0
Tile:3_flip 4 5 1
Map 12 3 0
Drop 3 0 1
Tile:5 7 4 0
Drop 1 0 1
Tile:9 6 7 0
Tile:13 5 4 1
Map 12 5 0
Drop 3 0 1
Tile:9 7 6 0
Tile:5_flip 5 6 1
Tile:6 6 8 0
Tile:7 8 4 1
Tile:9_flip 7 8 0
Tile:6_flip 4 4 1
Tile:6 8 5 0
Destroy 7 5 1
Malus 0 0 0
Bonus 0 0 1
Tile:8 7 5 0
Tile:7_flip 7 9 1
Tile:0 8 6 0
Tile:5_flip 8 9 1
Tile:10 8 8 0
Tile:0 4 6 1
Tile:9_flip 7 7 0
Destroy 7 8 1
Tile:6 9 5 0
Tile:5 8 7 1
Tile:0 9 6 0
Tile:7 10 6 1
Map 12 3 0
Tile:0 9 7 1
Tile:9 9 4 0
Drop 2 0 1
Drop 0 0 0
Drop 0 0 1
Drop 0 0 0
Drop 4 0 1
Drop 0 0 0
Tile:8 10 4 1
Drop 0 0 0
Tile:8 5 8 1
Drop 0 0 0
Map 12 3 1
Drop 0 0 0
Tile:7 5 7 1
Drop 0 0 0
Drop 0 0 1
GAMEOVER DRAW
# Game ended: Wed Apr 15 22:55:38 EDT 2020
