# Server version 0.08 running on DESKTOP-6KJFBSD:8123
# Game ID: 207
# Board class: Saboteur.SaboteurBoard
# Timeout: 20000
# First Move Timeout: 30000
# Date: Wed Apr 15 20:17:38 EDT 2020
# Player 1: Player-0, '260715909', running on DESKTOP-6KJFBSD
# Player 2: Player-1, 'Human', running on DESKTOP-6KJFBSD
START Player-0 260715909
START Player-1 Human
BoardInit:Tile:15,Tile:12,Destroy,Tile:7,Tile:6,Map,Tile:8,Map,Tile:8,Tile:3,Bonus,Malus,Tile:8,Tile:0,Bonus,Tile:6,Tile:7,Tile:8,Tile:10,Tile:9,Tile:8,Map,Tile:6,Tile:14,Destroy,Tile:9,Destroy,Tile:5,Tile:9,Tile:7,Tile:4,Map,Tile:5,Tile:13,Tile:2,Tile:0,Tile:7,Malus,Tile:5,Bonus,Tile:9-Tile:6,Map,Bonus,Tile:11,Tile:10,Tile:6,Tile:0-Map,Tile:9,Tile:10,Tile:5,Tile:0,Tile:7,Tile:1-Tile:nugget,Tile:hidden2,Tile:hidden1
Drop 3 0 1
Tile:10 5 4 0
Drop 6 0 1
Tile:9 5 3 0
Tile:0 6 3 1
Tile:7 6 5 0
Tile:6 6 6 1
Tile:5 4 5 0
Tile:8 7 6 1
Tile:7_flip 7 7 0
Tile:8 8 7 1
Tile:3_flip 5 6 0
GAMEOVER USER CANCEL UNDECIDED
# Game ended: Wed Apr 15 20:23:12 EDT 2020
