# Server version 0.08 running on DESKTOP-6KJFBSD:8123
# Game ID: 331
# Board class: Saboteur.SaboteurBoard
# Timeout: 20000
# First Move Timeout: 30000
# Date: Wed Apr 15 23:30:09 EDT 2020
# Player 1: Player-0, 'RandomPlayer', running on DESKTOP-6KJFBSD
# Player 2: Player-1, '260715909', running on DESKTOP-6KJFBSD
START Player-0 RandomPlayer
START Player-1 260715909
BoardInit:Tile:8,Tile:11,Tile:0,Tile:6,Tile:10,Tile:10,Tile:12,Tile:5,Destroy,Map,Tile:7,Tile:5,Tile:14,Tile:9,Malus,Bonus,Tile:0,Map,Map,Destroy,Tile:9,Bonus,Tile:1,Tile:9,Tile:0,Tile:7,Map,Tile:8,Tile:6,Tile:2,Destroy,Tile:6,Tile:5,Tile:9,Tile:3,Tile:4,Tile:8,Map,Map,Tile:0,Malus-Tile:6,Tile:13,Tile:15,Tile:7,Tile:8,Tile:10,Bonus-Tile:7,Tile:6,Tile:7,Bonus,Tile:9,Tile:5,Tile:8-Tile:hidden2,Tile:nugget,Tile:hidden1
Tile:6 6 5 1
Tile:6_flip 6 4 0
Tile:8 7 5 1
Tile:11 5 4 0
Tile:7 7 4 1
Tile:9 5 6 0
Tile:10 7 6 1
Tile:8 7 7 0
Tile:0 8 5 1
Tile:5_flip 8 7 0
Tile:8 6 7 1
Drop 3 0 0
Tile:7 6 6 1
Tile:5 4 5 0
Drop 0 0 1
Tile:7_flip 5 7 0
Malus 0 0 1
Drop 3 0 0
Tile:0 9 5 1
Drop 5 0 0
Map 12 3 1
Destroy 8 5 0
Tile:10 8 6 1
Drop 5 0 0
Tile:9_flip 10 5 1
Drop 0 0 0
Drop 0 0 1
Drop 5 0 0
Map 12 3 1
Drop 2 0 0
Tile:6 10 6 1
Drop 4 0 0
Tile:0 11 6 1
Drop 6 0 0
Tile:5 9 6 1
Drop 4 0 0
Drop 0 0 1
Drop 3 0 0
Tile:8 8 5 1
Map 12 5 0
Map 12 3 1
Drop 4 0 0
Malus 0 0 1
Bonus 0 0 0
Drop 0 0 1
Drop 3 0 0
Drop 0 0 1
Drop 0 0 0
Drop 0 0 1
Drop 2 0 0
Drop 0 0 1
Drop 0 0 0
Drop 0 0 1
Drop 0 0 0
Drop 0 0 1
GAMEOVER DRAW
# Game ended: Wed Apr 15 23:30:10 EDT 2020
