# Server version 0.08 running on DESKTOP-6KJFBSD:8123
# Game ID: 250
# Board class: Saboteur.SaboteurBoard
# Timeout: 20000
# First Move Timeout: 30000
# Date: Wed Apr 15 22:29:28 EDT 2020
# Player 1: Player-0, '260715909', running on DESKTOP-6KJFBSD
# Player 2: Player-1, '260715909', running on DESKTOP-6KJFBSD
START Player-0 260715909
START Player-1 260715909
BoardInit:Tile:6,Map,Tile:7,Tile:3,Tile:11,Tile:0,Destroy,Tile:8,Tile:0,Tile:5,Tile:7,Tile:14,Tile:7,Destroy,Malus,Tile:0,Tile:9,Tile:9,Tile:6,Tile:10,Tile:0,Tile:5,Tile:5,Map,Tile:8,Bonus,Tile:12,Bonus,Tile:9,Map,Tile:10,Tile:13,Tile:9,Map,Destroy,Tile:2,Bonus,Tile:1,Map,Tile:4,Tile:8-Tile:10,Tile:9,Bonus,Tile:6,Tile:15,Tile:5,Malus-Tile:6,Tile:7,Tile:8,Tile:6,Tile:8,Map,Tile:7-Tile:hidden2,Tile:hidden1,Tile:nugget
Tile:10 5 6 1
Tile:7_flip 5 7 0
Tile:9 4 5 1
Tile:7 6 5 0
Tile:6 6 7 1
Map 12 3 0
Tile:5_flip 4 6 1
Tile:6_flip 7 7 0
Malus 0 0 1
Map 12 3 0
Tile:6 3 6 1
Drop 0 0 0
Tile:7 3 5 1
Drop 0 0 0
Tile:0 2 5 1
Drop 0 0 0
Tile:7 8 7 1
Drop 0 0 0
Tile:7_flip 1 5 1
Drop 0 0 0
Malus 0 0 1
Drop 0 0 0
Tile:9 6 6 1
Drop 0 0 0
Tile:5_flip 7 6 1
Map 12 3 0
Tile:6 7 8 1
Drop 0 0 0
Tile:0 2 6 1
Drop 0 0 0
Tile:8 8 8 1
Map 12 5 0
Tile:10 7 5 1
Drop 0 0 0
Tile:9_flip 8 9 1
Map 12 5 0
Tile:9 8 10 1
Drop 0 0 0
Drop 0 0 1
Drop 0 0 0
Map 12 3 1
Drop 0 0 0
Tile:8 9 8 1
Drop 0 0 0
Drop 0 0 1
Drop 0 0 0
Drop 0 0 1
Drop 0 0 0
Drop 0 0 1
Drop 0 0 0
Drop 0 0 1
Drop 0 0 0
Drop 0 0 1
Drop 0 0 0
Drop 0 0 1
GAMEOVER DRAW
# Game ended: Wed Apr 15 22:29:31 EDT 2020
