# Server version 0.08 running on DESKTOP-6KJFBSD:8123
# Game ID: 65
# Board class: Saboteur.SaboteurBoard
# Timeout: 20000
# First Move Timeout: 30000
# Date: Sun Apr 12 01:13:19 EDT 2020
# Player 1: Player-0, '260715909', running on DESKTOP-6KJFBSD
# Player 2: Player-1, '260715909', running on DESKTOP-6KJFBSD
START Player-0 260715909
START Player-1 260715909
BoardInit:Bonus,Tile:5,Tile:15,Destroy,Tile:8,Tile:5,Malus,Tile:8,Tile:10,Tile:0,Destroy,Tile:0,Tile:8,Map,Tile:5,Malus,Tile:9,Tile:9,Bonus,Tile:6,Tile:10,Tile:1,Tile:0,Tile:14,Tile:7,Map,Tile:2,Tile:7,Map,Map,Map,Tile:12,Tile:7,Tile:6,Tile:8,Tile:7,Tile:0,Tile:6,Bonus,Tile:13,Tile:9-Tile:7,Tile:10,Tile:11,Tile:9,Tile:6,Destroy,Tile:3-Map,Bonus,Tile:6,Tile:4,Tile:5,Tile:8,Tile:9-Tile:hidden1,Tile:hidden2,Tile:nugget
Tile:11_flip 5 6 1
Tile:6_flip 4 5 0
Tile:6_flip 3 5 1
Tile:5_flip 5 7 0
Tile:9_flip 3 6 1
Drop 2 0 0
Tile:3_flip 2 6 1
Tile:9 4 7 0
Tile:15 3 7 1
Tile:8 2 5 0
Destroy 3 7 1
Tile:5_flip 6 5 0
Tile:8 2 4 1
Tile:5_flip 4 8 0
Tile:10 3 7 1
Map 12 7 0
Tile:7_flip 1 5 1
Destroy 6 5 0
Destroy 4 5 1
Tile:0 3 4 0
Tile:9 4 6 1
Tile:6 4 4 0
Drop 1 0 1
Tile:8 2 3 0
Tile:10 2 2 1
Tile:0 3 3 0
Tile:7 4 3 1
Drop 0 0 0
Drop 5 0 1
Map 12 5 0
Tile:8 1 4 1
Tile:1 6 5 0
Map 12 7 1
Tile:7 5 4 0
Tile:7_flip 0 4 1
Drop 0 0 0
Tile:10 0 3 1
Tile:9 3 8 0
Tile:5 1 3 1
Tile:6 3 9 0
Tile:2 7 5 1
Map 12 3 0
Tile:9_flip 8 5 1
Tile:13 8 4 0
Drop 4 0 1
Tile:6_flip 0 2 0
Tile:8 8 3 1
Tile:7 8 2 0
Map 12 7 1
Tile:14 1 2 0
Drop 0 0 1
Drop 0 0 0
Drop 1 0 1
Tile:12_flip 7 4 0
Drop 0 0 1
GAMEOVER DRAW
# Game ended: Sun Apr 12 01:13:26 EDT 2020
