# Server version 0.08 running on DESKTOP-6KJFBSD:8123
# Game ID: 242
# Board class: Saboteur.SaboteurBoard
# Timeout: 20000
# First Move Timeout: 30000
# Date: Wed Apr 15 22:25:26 EDT 2020
# Player 1: Player-0, '260715909', running on DESKTOP-6KJFBSD
# Player 2: Player-1, 'RandomPlayer', running on DESKTOP-6KJFBSD
START Player-0 260715909
START Player-1 RandomPlayer
BoardInit:Tile:9,Tile:1,Bonus,Bonus,Destroy,Tile:12,Map,Tile:5,Tile:15,Tile:14,Tile:10,Destroy,Malus,Tile:8,Tile:7,Tile:9,Tile:2,Tile:7,Tile:5,Bonus,Bonus,Tile:0,Malus,Destroy,Tile:8,Tile:0,Tile:7,Tile:0,Map,Tile:6,Tile:0,Tile:10,Tile:8,Map,Tile:9,Tile:10,Tile:9,Map,Tile:5,Tile:8,Tile:5-Tile:4,Tile:9,Tile:11,Map,Tile:6,Tile:6,Tile:7-Tile:3,Tile:7,Map,Tile:6,Tile:8,Tile:13,Tile:6-Tile:hidden1,Tile:nugget,Tile:hidden2
Tile:6_flip 5 4 1
Tile:6 6 5 0
Tile:11_flip 6 4 1
Tile:7 7 5 0
Drop 1 0 1
Map 12 3 0
Destroy 7 5 1
Tile:8 4 5 0
Tile:6_flip 3 5 1
Tile:5_flip 7 5 0
Tile:9 3 6 1
Tile:6 5 6 0
Tile:15 7 4 1
Drop 0 0 0
Tile:7 6 6 1
Tile:8 4 6 0
Tile:4_flip 3 7 1
Tile:9 2 5 0
Map 12 7 1
Tile:7_flip 4 7 0
Tile:10 2 4 1
Drop 0 0 0
Map 12 5 1
Tile:0 5 7 0
Tile:2_flip 6 7 1
Drop 0 0 0
Tile:8 4 4 1
Tile:0 7 7 0
Drop 3 0 1
Tile:0 8 7 0
Malus 0 0 1
Drop 0 0 0
Tile:0 9 7 1
Drop 0 0 0
Tile:7_flip 3 4 1
Map 12 7 0
Tile:7 7 3 1
Drop 0 0 0
Tile:9_flip 2 6 1
Map 12 3 0
Tile:8 3 3 1
Drop 0 0 0
Tile:9_flip 2 7 1
Drop 0 0 0
Drop 4 0 1
Drop 0 0 0
Tile:5 2 3 1
Drop 0 0 0
Malus 0 0 1
Drop 0 0 0
Map 12 3 1
Drop 0 0 0
Drop 1 0 1
Drop 0 0 0
Drop 0 0 1
GAMEOVER DRAW
# Game ended: Wed Apr 15 22:25:29 EDT 2020
