# Server version 0.08 running on DESKTOP-6KJFBSD:8123
# Game ID: 283
# Board class: Saboteur.SaboteurBoard
# Timeout: 20000
# First Move Timeout: 30000
# Date: Wed Apr 15 22:56:16 EDT 2020
# Player 1: Player-0, '260715909', running on DESKTOP-6KJFBSD
# Player 2: Player-1, '260715909', running on DESKTOP-6KJFBSD
START Player-0 260715909
START Player-1 260715909
BoardInit:Tile:7,Tile:6,Tile:8,Map,Tile:6,Tile:8,Tile:1,Tile:6,Bonus,Tile:14,Destroy,Tile:13,Tile:9,Tile:11,Tile:9,Tile:10,Tile:4,Map,Tile:15,Tile:9,Destroy,Tile:9,Tile:5,Tile:2,Bonus,Tile:7,Bonus,Malus,Tile:10,Tile:8,Malus,Map,Bonus,Tile:10,Tile:0,Tile:7,Tile:8,Tile:0,Tile:0,Tile:5,Tile:5-Tile:8,Tile:0,Map,Destroy,Tile:7,Tile:9,Tile:3-Tile:12,Tile:5,Tile:6,Map,Tile:7,Map,Tile:6-Tile:nugget,Tile:hidden1,Tile:hidden2
Tile:8 6 5 1
Tile:5 6 4 0
Tile:0 7 4 1
Map 12 7 0
Map 12 3 1
Tile:6 6 6 0
Tile:7 7 5 1
Map 12 3 0
Tile:9_flip 7 6 1
Tile:6_flip 8 4 0
Tile:7 9 4 1
Tile:7_flip 8 5 0
Tile:8 7 7 1
Map 12 3 0
Tile:6 8 7 1
Tile:6_flip 6 7 0
Tile:9 6 8 1
Tile:8 7 8 0
Tile:9_flip 9 5 1
Tile:6 9 7 0
Drop 0 0 1
Map 12 5 0
Drop 0 0 1
Tile:10 9 6 0
Tile:5_flip 10 7 1
Tile:9 10 6 0
Drop 0 0 1
Tile:9 10 5 0
Drop 0 0 1
Malus 0 0 0
Drop 0 0 1
Tile:7 8 8 0
Malus 0 0 1
Map 12 3 0
Drop 0 0 1
Drop 0 0 0
Drop 0 0 1
Drop 0 0 0
Drop 0 0 1
Drop 0 0 0
Drop 0 0 1
Drop 0 0 0
Drop 0 0 1
Drop 0 0 0
Drop 0 0 1
Drop 0 0 0
Drop 0 0 1
Drop 0 0 0
Drop 0 0 1
Drop 0 0 0
Drop 0 0 1
Drop 0 0 0
Drop 0 0 1
Drop 0 0 0
Drop 0 0 1
GAMEOVER DRAW
# Game ended: Wed Apr 15 22:56:20 EDT 2020
