# Server version 0.08 running on DESKTOP-6KJFBSD:8123
# Game ID: 307
# Board class: Saboteur.SaboteurBoard
# Timeout: 20000
# First Move Timeout: 30000
# Date: Wed Apr 15 23:06:44 EDT 2020
# Player 1: Player-0, '260715909', running on DESKTOP-6KJFBSD
# Player 2: Player-1, 'RandomPlayer', running on DESKTOP-6KJFBSD
START Player-0 260715909
START Player-1 RandomPlayer
BoardInit:Tile:6,Tile:2,Tile:8,Tile:7,Tile:9,Map,Tile:7,Map,Tile:6,Tile:0,Tile:5,Bonus,Destroy,Tile:9,Tile:8,Tile:5,Tile:1,Tile:15,Map,Tile:10,Tile:14,Tile:13,Tile:10,Tile:7,Destroy,Tile:9,Tile:7,Tile:0,Tile:8,Tile:12,Malus,Map,Tile:8,Malus,Map,Tile:0,Tile:6,Bonus,Tile:5,Tile:6,Bonus-Tile:5,Tile:10,Tile:6,Tile:0,Map,Tile:9,Tile:3-Tile:9,Tile:11,Tile:7,Tile:8,Bonus,Destroy,Tile:4-Tile:hidden2,Tile:hidden1,Tile:nugget
Tile:9_flip 6 5 1
Tile:9 6 4 0
Tile:5 6 3 1
Tile:7 7 4 0
Drop 1 0 1
Tile:7_flip 7 5 0
Tile:6 5 6 1
Tile:8 6 6 0
Tile:8 4 5 1
Map 12 3 0
Tile:9 4 6 1
Tile:0 8 5 0
Tile:6 3 5 1
Map 12 3 0
Tile:7 4 4 1
Tile:9 6 7 0
Destroy 6 3 1
Tile:5 6 3 0
Drop 1 0 1
Drop 0 0 0
Tile:8 9 5 1
Tile:10 6 8 0
Tile:1 7 3 1
Drop 0 0 0
Tile:5_flip 10 5 1
Tile:7 7 6 0
Tile:10 9 6 1
Tile:9 9 4 0
Destroy 7 4 1
Tile:0 8 3 0
Tile:8 10 4 1
Drop 0 0 0
Tile:14_flip 2 5 1
Map 12 3 0
Tile:10 10 3 1
Malus 0 0 0
Map 12 3 1
Tile:0 11 4 0
Drop 6 0 1
Drop 0 0 0
Drop 2 0 1
Tile:6_flip 7 4 0
Bonus 0 0 1
Drop 0 0 0
Tile:3_flip 9 7 1
Drop 0 0 0
Tile:5_flip 2 6 1
Drop 0 0 0
Tile:8 12 4 1
Drop 0 0 0
Map 12 7 1
Drop 0 0 0
Drop 0 0 1
Drop 0 0 0
Map 12 7 1
GAMEOVER DRAW
# Game ended: Wed Apr 15 23:06:46 EDT 2020
