# Server version 0.08 running on DESKTOP-6KJFBSD:8123
# Game ID: 70
# Board class: Saboteur.SaboteurBoard
# Timeout: 20000
# First Move Timeout: 30000
# Date: Sun Apr 12 01:22:41 EDT 2020
# Player 1: Player-0, '260715909', running on DESKTOP-6KJFBSD
# Player 2: Player-1, 'RandomPlayer', running on DESKTOP-6KJFBSD
START Player-0 260715909
START Player-1 RandomPlayer
BoardInit:Bonus,Tile:9,Malus,Tile:0,Tile:8,Tile:9,Tile:1,Tile:8,Tile:10,Tile:7,Map,Tile:12,Tile:11,Tile:0,Tile:9,Tile:3,Tile:6,Map,Tile:13,Tile:9,Tile:6,Tile:10,Map,Tile:8,Destroy,Tile:6,Map,Tile:7,Bonus,Tile:6,Tile:0,Tile:2,Destroy,Map,Tile:5,Tile:7,Tile:4,Tile:8,Bonus,Tile:10,Tile:5-Tile:6,Tile:5,Map,Tile:0,Tile:8,Tile:9,Tile:14-Destroy,Tile:15,Tile:5,Tile:7,Malus,Tile:7,Bonus-Tile:hidden2,Tile:hidden1,Tile:nugget
Tile:8 5 6 1
Tile:15 5 4 0
Drop 5 0 1
Tile:7_flip 4 5 0
Malus 0 0 1
Drop 6 0 0
Tile:9 5 3 1
Drop 1 0 0
Tile:8 6 6 1
Destroy 5 3 0
Tile:10 4 4 1
Drop 4 0 0
Tile:6_flip 5 3 1
Drop 3 0 0
Drop 2 0 1
Drop 2 0 0
Map 12 7 1
Drop 1 0 0
Tile:6_flip 4 6 1
Map 12 7 0
Tile:5 4 3 1
Drop 2 0 0
Tile:13 6 7 1
Drop 3 0 0
Tile:6_flip 6 5 1
Drop 5 0 0
Tile:11_flip 7 6 1
Drop 0 0 0
Destroy 5 6 1
Drop 5 0 0
Tile:1 3 6 1
Drop 0 0 0
Tile:0 2 6 1
Drop 6 0 0
Drop 4 0 1
Drop 3 0 0
Drop 3 0 1
Drop 2 0 0
Tile:5 5 7 1
Map 12 5 0
Tile:9_flip 4 7 1
Drop 2 0 0
Map 12 5 1
Drop 1 0 0
Tile:5_flip 6 8 1
Drop 3 0 0
Destroy 6 8 1
Drop 0 0 0
Tile:4_flip 6 8 1
Drop 2 0 0
Drop 0 0 1
Drop 0 0 0
Drop 1 0 1
Drop 0 0 0
Drop 0 0 1
GAMEOVER DRAW
# Game ended: Sun Apr 12 01:22:44 EDT 2020
