# Server version 0.08 running on DESKTOP-6KJFBSD:8123
# Game ID: 64
# Board class: Saboteur.SaboteurBoard
# Timeout: 20000
# First Move Timeout: 30000
# Date: Sun Apr 12 01:13:02 EDT 2020
# Player 1: Player-0, '260715909', running on DESKTOP-6KJFBSD
# Player 2: Player-1, '260715909', running on DESKTOP-6KJFBSD
START Player-0 260715909
START Player-1 260715909
BoardInit:Tile:5,Malus,Bonus,Tile:14,Tile:8,Tile:10,Tile:4,Destroy,Tile:1,Destroy,Bonus,Map,Tile:0,Tile:5,Tile:2,Tile:9,Tile:7,Tile:9,Tile:6,Tile:6,Tile:5,Tile:6,Map,Tile:3,Tile:8,Tile:8,Map,Tile:13,Tile:0,Tile:8,Tile:12,Bonus,Tile:0,Tile:0,Tile:9,Tile:11,Destroy,Tile:10,Tile:10,Map,Tile:7-Tile:7,Bonus,Malus,Map,Tile:9,Tile:6,Tile:7-Tile:5,Tile:7,Tile:9,Tile:15,Tile:6,Tile:8,Map-Tile:hidden2,Tile:hidden1,Tile:nugget
Tile:7 5 4 1
Tile:9 4 5 0
Tile:9_flip 6 5 1
Tile:6_flip 4 4 0
Tile:6 6 6 1
Map 12 5 0
Tile:7_flip 5 6 1
Tile:14_flip 3 4 0
Tile:5_flip 3 5 1
Tile:15 6 4 0
Malus 0 0 1
Drop 3 0 0
Tile:8 7 6 1
Destroy 6 5 0
Drop 3 0 1
Drop 3 0 0
Tile:0 2 5 1
Map 12 7 0
Drop 5 0 1
Destroy 3 5 0
Tile:7 7 5 1
Drop 2 0 0
Tile:6 8 6 1
Drop 0 0 0
Tile:5_flip 9 6 1
Drop 2 0 0
Map 12 7 1
Drop 0 0 0
Drop 6 0 1
Drop 5 0 0
Tile:1 1 5 1
Drop 0 0 0
Map 12 3 1
Drop 4 0 0
Tile:8 7 7 1
Drop 0 0 0
Tile:12 8 7 1
Drop 4 0 0
Destroy 6 4 1
Drop 6 0 0
Tile:9 8 5 1
Drop 6 0 0
Tile:0 0 5 1
Drop 1 0 0
Drop 1 0 1
Drop 3 0 0
Tile:7 9 5 1
Drop 0 0 0
Drop 2 0 1
Drop 2 0 0
Drop 1 0 1
Drop 0 0 0
Tile:10 8 4 1
Drop 0 0 0
Drop 0 0 1
GAMEOVER DRAW
# Game ended: Sun Apr 12 01:13:06 EDT 2020
