# Server version 0.08 running on DESKTOP-6KJFBSD:8123
# Game ID: 320
# Board class: Saboteur.SaboteurBoard
# Timeout: 20000
# First Move Timeout: 30000
# Date: Wed Apr 15 23:09:10 EDT 2020
# Player 1: Player-0, '260715909', running on DESKTOP-6KJFBSD
# Player 2: Player-1, 'RandomPlayer', running on DESKTOP-6KJFBSD
START Player-0 260715909
START Player-1 RandomPlayer
BoardInit:Tile:0,Map,Tile:9,Tile:6,Tile:6,Tile:7,Tile:0,Tile:10,Map,Tile:5,Tile:13,Tile:15,Tile:8,Tile:4,Tile:14,Tile:0,Tile:11,Tile:0,Tile:10,Tile:7,Tile:9,Tile:10,Bonus,Bonus,Tile:7,Tile:8,Tile:9,Bonus,Tile:2,Tile:9,Map,Tile:7,Map,Tile:12,Malus,Destroy,Destroy,Tile:8,Destroy,Tile:6,Tile:7-Tile:8,Tile:5,Map,Malus,Tile:3,Tile:5,Map-Tile:6,Tile:9,Bonus,Tile:8,Tile:5,Tile:6,Tile:1-Tile:nugget,Tile:hidden2,Tile:hidden1
Map 12 7 1
Tile:6 6 5 0
Tile:5_flip 7 5 1
Tile:9 6 4 0
Tile:3_flip 5 6 1
Tile:6_flip 7 4 0
Drop 2 0 1
Tile:7 6 6 0
Tile:8 6 7 1
Map 12 7 0
Tile:9_flip 5 4 1
Tile:6_flip 8 4 0
Map 12 3 1
Tile:8 6 8 0
Map 12 7 1
Tile:5 6 3 0
Tile:6 4 5 1
Tile:10 8 5 0
Drop 3 0 1
Tile:5_flip 9 4 0
Tile:11 6 9 1
Tile:0 7 7 0
Tile:14 8 7 1
Tile:10 8 6 0
Tile:0 7 8 1
Tile:0 7 3 0
Tile:8 9 3 1
Tile:7 8 8 0
Drop 4 0 1
Tile:8 10 3 0
Tile:9 10 2 1
Tile:9_flip 11 3 0
Tile:2 5 7 1
Tile:7_flip 10 4 0
Tile:7_flip 3 5 1
Drop 0 0 0
Tile:9 3 4 1
Drop 0 0 0
Destroy 6 6 1
Tile:8 11 4 0
Destroy 10 2 1
Tile:6 11 5 0
Tile:10 12 6 1
Drop 0 0 0
Drop 4 0 1
Drop 0 0 0
Tile:7_flip 8 9 1
Drop 0 0 0
Drop 1 0 1
Drop 0 0 0
Malus 0 0 1
Drop 0 0 0
Drop 0 0 1
Drop 0 0 0
Map 12 3 1
GAMEOVER DRAW
# Game ended: Wed Apr 15 23:09:12 EDT 2020
