# Server version 0.08 running on DESKTOP-6KJFBSD:8123
# Game ID: 318
# Board class: Saboteur.SaboteurBoard
# Timeout: 20000
# First Move Timeout: 30000
# Date: Wed Apr 15 23:08:46 EDT 2020
# Player 1: Player-0, '260715909', running on DESKTOP-6KJFBSD
# Player 2: Player-1, 'RandomPlayer', running on DESKTOP-6KJFBSD
START Player-0 260715909
START Player-1 RandomPlayer
BoardInit:Tile:6,Tile:8,Tile:0,Destroy,Tile:5,Tile:13,Tile:14,Tile:10,Map,Tile:10,Bonus,Malus,Tile:8,Tile:5,Tile:9,Tile:9,Map,Tile:6,Tile:6,Tile:2,Tile:11,Tile:8,Tile:3,Tile:15,Bonus,Bonus,Tile:1,Map,Tile:7,Tile:4,Bonus,Tile:0,Tile:12,Map,Tile:10,Tile:5,Tile:9,Tile:8,Destroy,Tile:9,Tile:7-Map,Tile:0,Tile:6,Tile:7,Tile:7,Tile:8,Tile:5-Tile:6,Tile:7,Tile:0,Tile:9,Malus,Map,Destroy-Tile:nugget,Tile:hidden2,Tile:hidden1
Tile:8 4 5 1
Tile:6 6 5 0
Tile:7_flip 4 6 1
Tile:9_flip 7 5 0
Tile:6_flip 7 4 1
Tile:7 8 4 0
Tile:6_flip 6 4 1
Map 12 5 0
Tile:5 5 4 1
Tile:8 7 6 0
Tile:5 3 5 1
Tile:0 6 6 0
Map 12 7 1
Tile:10 8 5 0
Tile:8 8 6 1
Malus 0 0 0
Drop 0 0 1
Tile:9 8 7 0
Drop 3 0 1
Tile:6 9 7 0
Drop 6 0 1
Tile:10 7 7 0
Map 12 3 1
Malus 0 0 0
Drop 5 0 1
Tile:8 10 7 0
Drop 5 0 1
Tile:5 10 6 0
Drop 2 0 1
Map 12 7 0
Drop 4 0 1
Drop 0 0 0
Drop 6 0 1
Tile:0 11 6 0
Drop 0 0 1
Map 12 3 0
Drop 4 0 1
Tile:5_flip 7 8 0
Drop 0 0 1
Tile:8 6 8 0
Bonus 0 0 1
Tile:9_flip 10 8 0
Destroy 5 4 1
Drop 0 0 0
Drop 4 0 1
Drop 0 0 0
Drop 2 0 1
Drop 0 0 0
Drop 0 0 1
Drop 0 0 0
Drop 0 0 1
Drop 0 0 0
Drop 1 0 1
Drop 0 0 0
Drop 0 0 1
GAMEOVER DRAW
# Game ended: Wed Apr 15 23:08:50 EDT 2020
