# Server version 0.08 running on DESKTOP-6KJFBSD:8123
# Game ID: 203
# Board class: Saboteur.SaboteurBoard
# Timeout: 20000
# First Move Timeout: 30000
# Date: Wed Apr 15 19:51:14 EDT 2020
# Player 1: Player-0, 'RandomPlayer', running on DESKTOP-6KJFBSD
# Player 2: Player-1, 'RandomPlayer', running on DESKTOP-6KJFBSD
START Player-0 RandomPlayer
START Player-1 RandomPlayer
BoardInit:Tile:13,Tile:8,Tile:7,Tile:8,Tile:11,Map,Map,Tile:0,Tile:5,Tile:0,Map,Tile:1,Tile:10,Tile:3,Map,Destroy,Map,Tile:10,Tile:9,Tile:9,Tile:6,Destroy,Tile:6,Tile:4,Tile:7,Tile:6,Bonus,Bonus,Tile:15,Tile:0,Tile:14,Tile:8,Tile:5,Bonus,Malus,Tile:10,Destroy,Tile:9,Tile:5,Tile:6,Tile:9-Tile:0,Tile:8,Bonus,Tile:7,Tile:7,Tile:8,Tile:5-Tile:9,Map,Tile:12,Tile:7,Tile:6,Tile:2,Malus-Tile:nugget,Tile:hidden2,Tile:hidden1
Tile:0 4 5 1
Tile:12_flip 3 5 0
Tile:7_flip 5 6 1
Tile:2 6 6 0
Tile:8 7 6 1
Tile:6 7 7 0
Tile:5_flip 8 6 1
Tile:9_flip 8 5 0
Tile:11 7 5 1
Map 12 7 0
Map 12 3 1
Tile:7 8 4 0
Tile:8 5 4 1
Map 12 3 0
Tile:10 5 3 1
Tile:3 8 7 0
Tile:5_flip 6 5 1
Tile:8 6 7 0
Tile:7 6 4 1
Tile:0 5 7 0
Tile:7_flip 4 4 1
Destroy 8 6 0
Tile:9_flip 4 3 1
Destroy 5 4 0
Tile:13 5 4 1
Tile:8 3 3 0
Map 12 3 1
Tile:4_flip 8 8 0
Tile:6_flip 5 2 1
Tile:6 8 6 0
Tile:7 3 2 1
Tile:0 6 2 0
Map 12 3 1
Tile:0 2 2 0
Tile:5_flip 3 4 1
Drop 3 0 0
Tile:6_flip 2 3 1
Tile:8 2 4 0
Destroy 5 3 1
Tile:9_flip 6 8 0
Drop 4 0 1
Tile:6 1 4 0
Tile:9_flip 9 6 1
Tile:10 9 5 0
Malus 0 0 1
Drop 2 0 0
Map 12 3 1
Drop 2 0 0
Tile:5 0 4 1
Malus 0 0 0
Drop 0 0 1
Drop 0 0 0
Bonus 0 0 1
Drop 0 0 0
Tile:15 2 5 1
GAMEOVER DRAW
# Game ended: Wed Apr 15 19:51:14 EDT 2020
