# Server version 0.08 running on DESKTOP-6KJFBSD:8123
# Game ID: 268
# Board class: Saboteur.SaboteurBoard
# Timeout: 20000
# First Move Timeout: 30000
# Date: Wed Apr 15 22:52:16 EDT 2020
# Player 1: Player-0, 'RandomPlayer', running on DESKTOP-6KJFBSD
# Player 2: Player-1, '260715909', running on DESKTOP-6KJFBSD
START Player-0 RandomPlayer
START Player-1 260715909
BoardInit:Tile:12,Bonus,Tile:10,Bonus,Destroy,Tile:0,Tile:6,Tile:7,Malus,Malus,Tile:2,Tile:1,Tile:5,Tile:10,Tile:6,Tile:7,Destroy,Map,Tile:9,Map,Tile:14,Tile:9,Tile:9,Tile:9,Tile:10,Tile:8,Bonus,Tile:7,Map,Tile:6,Tile:4,Tile:15,Tile:13,Tile:9,Tile:7,Tile:5,Map,Map,Bonus,Tile:5,Tile:11-Tile:6,Destroy,Tile:6,Tile:8,Tile:0,Tile:0,Tile:5-Tile:8,Tile:3,Tile:8,Tile:0,Tile:7,Map,Tile:8-Tile:hidden2,Tile:hidden1,Tile:nugget
Tile:6 5 6 1
Tile:8 6 5 0
Tile:8 6 4 1
Drop 1 0 0
Tile:6 6 6 1
Tile:8 5 4 0
Tile:5_flip 7 4 1
Tile:7_flip 4 4 0
Tile:0 7 5 1
Tile:0 4 6 0
Tile:0 7 6 1
Drop 2 0 0
Tile:10 5 3 1
Map 12 7 0
Tile:6 8 5 1
Drop 5 0 0
Malus 0 0 1
Drop 6 0 0
Tile:6_flip 5 2 1
Drop 5 0 0
Tile:5 6 3 1
Drop 4 0 0
Tile:9 8 4 1
Bonus 0 0 0
Tile:9 8 3 1
Tile:0 4 2 0
Tile:10 8 2 1
Tile:8 9 3 0
Drop 0 0 1
Tile:9_flip 7 3 0
Map 12 3 1
Tile:7 4 3 0
Drop 0 0 1
Tile:15 9 2 0
Drop 0 0 1
Tile:9_flip 10 3 0
Tile:7 7 2 1
Tile:9_flip 9 1 0
Map 12 3 1
Tile:6 6 2 0
Drop 0 0 1
Map 12 7 0
Drop 0 0 1
Tile:5_flip 10 4 0
Drop 0 0 1
Tile:3 8 6 0
Drop 0 0 1
Tile:7_flip 3 2 0
Drop 0 0 1
Map 12 7 0
Drop 0 0 1
Map 12 3 0
Drop 0 0 1
Tile:5 3 6 0
Drop 0 0 1
GAMEOVER DRAW
# Game ended: Wed Apr 15 22:52:17 EDT 2020
