# Server version 0.08 running on DESKTOP-6KJFBSD:8123
# Game ID: 206
# Board class: Saboteur.SaboteurBoard
# Timeout: 20000
# First Move Timeout: 30000
# Date: Wed Apr 15 20:13:23 EDT 2020
# Player 1: Player-0, '260715909', running on DESKTOP-6KJFBSD
# Player 2: Player-1, 'Human', running on DESKTOP-6KJFBSD
START Player-0 260715909
START Player-1 Human
BoardInit:Tile:9,Tile:5,Tile:8,Tile:6,Map,Tile:13,Map,Tile:0,Tile:5,Tile:11,Tile:7,Tile:5,Tile:9,Tile:2,Tile:15,Bonus,Tile:0,Map,Map,Tile:10,Tile:6,Tile:9,Bonus,Tile:6,Malus,Tile:5,Malus,Tile:14,Tile:7,Bonus,Tile:7,Tile:1,Destroy,Tile:10,Tile:9,Destroy,Tile:8,Tile:8,Tile:12,Map,Tile:10-Tile:0,Tile:7,Tile:4,Map,Destroy,Tile:3,Tile:0-Tile:6,Tile:7,Bonus,Tile:6,Tile:8,Tile:8,Tile:9-Tile:hidden1,Tile:hidden2,Tile:nugget
Tile:0 6 5 1
Tile:6_flip 5 4 0
Drop 4 0 1
Tile:9 4 5 0
Drop 1 0 1
Tile:8 5 6 0
Tile:8 7 5 1
Tile:7_flip 5 7 0
Tile:0 8 5 1
Tile:8 4 6 0
Tile:5 7 4 1
Tile:5_flip 6 4 0
Tile:9_flip 9 5 1
Tile:6 8 4 0
Tile:9_flip 9 4 1
Tile:5 4 4 0
Tile:7_flip 9 6 1
Tile:0 6 6 0
Tile:0 10 6 1
Tile:13 7 6 0
GAMEOVER USER CANCEL UNDECIDED
# Game ended: Wed Apr 15 20:17:33 EDT 2020
