# Server version 0.08 running on DESKTOP-6KJFBSD:8123
# Game ID: 149
# Board class: Saboteur.SaboteurBoard
# Timeout: 20000
# First Move Timeout: 30000
# Date: Wed Apr 15 13:40:57 EDT 2020
# Player 1: Player-0, '260715909', running on DESKTOP-6KJFBSD
# Player 2: Player-1, 'RandomPlayer', running on DESKTOP-6KJFBSD
START Player-0 260715909
START Player-1 RandomPlayer
BoardInit:Map,Tile:0,Tile:0,Tile:6,Tile:6,Tile:9,Tile:9,Tile:10,Destroy,Tile:8,Tile:5,Tile:6,Destroy,Tile:12,Tile:14,Malus,Tile:7,Bonus,Map,Tile:8,Map,Bonus,Tile:10,Tile:5,Tile:5,Tile:6,Tile:9,Tile:13,Tile:10,Tile:7,Tile:2,Bonus,Tile:9,Tile:15,Tile:8,Tile:8,Tile:0,Tile:7,Tile:4,Tile:1,Tile:0-Tile:11,Map,Destroy,Tile:5,Tile:6,Map,Tile:7-Bonus,Tile:9,Malus,Tile:8,Tile:3,Tile:7,Map-Tile:hidden1,Tile:hidden2,Tile:nugget
Map 12 3 1
Tile:9 5 6 0
Map 12 3 1
Tile:8 5 4 0
Tile:11_flip 5 7 1
Tile:3_flip 4 5 0
Tile:5 5 3 1
Tile:6 6 5 0
Tile:9 4 7 1
Tile:9 4 4 0
Drop 4 0 1
Malus 0 0 0
Destroy 4 4 1
Tile:6_flip 6 6 0
Destroy 5 7 1
Drop 2 0 0
Destroy 6 6 1
Tile:7 7 5 0
Drop 3 0 1
Tile:0 6 6 0
Map 12 3 1
Malus 0 0 0
Drop 1 0 1
Tile:8 6 4 0
Map 12 7 1
Tile:8 6 3 0
Drop 3 0 1
Tile:6 7 6 0
Drop 4 0 1
Tile:5_flip 8 6 0
Map 12 3 1
Tile:7 4 6 0
Drop 6 0 1
Tile:10 8 5 0
Drop 3 0 1
Tile:12 7 4 0
Drop 3 0 1
Tile:8 4 4 0
Drop 6 0 1
Drop 3 0 0
Drop 2 0 1
Drop 6 0 0
Drop 0 0 1
Tile:15 4 8 0
Drop 4 0 1
Drop 3 0 0
Drop 2 0 1
Tile:7 6 2 0
Drop 0 0 1
Drop 2 0 0
Drop 0 0 1
Drop 0 0 0
Drop 1 0 1
Drop 0 0 0
Drop 0 0 1
GAMEOVER DRAW
# Game ended: Wed Apr 15 13:41:19 EDT 2020
