# Server version 0.08 running on DESKTOP-6KJFBSD:8123
# Game ID: 245
# Board class: Saboteur.SaboteurBoard
# Timeout: 20000
# First Move Timeout: 30000
# Date: Wed Apr 15 22:27:20 EDT 2020
# Player 1: Player-0, '260715909', running on DESKTOP-6KJFBSD
# Player 2: Player-1, '260715909', running on DESKTOP-6KJFBSD
START Player-0 260715909
START Player-1 260715909
BoardInit:Tile:5,Tile:0,Tile:8,Map,Malus,Tile:6,Map,Tile:6,Destroy,Tile:2,Tile:7,Destroy,Tile:10,Bonus,Tile:7,Malus,Tile:0,Tile:8,Destroy,Map,Tile:9,Tile:6,Tile:8,Tile:9,Tile:14,Tile:9,Map,Tile:6,Tile:5,Bonus,Tile:12,Tile:5,Tile:9,Bonus,Tile:13,Tile:1,Map,Tile:15,Tile:6,Tile:8,Tile:7-Tile:11,Tile:3,Tile:0,Tile:9,Tile:8,Tile:4,Tile:10-Tile:7,Map,Tile:0,Bonus,Tile:10,Tile:5,Tile:7-Tile:nugget,Tile:hidden1,Tile:hidden2
Tile:0 6 5 1
Tile:7 7 5 0
Tile:9_flip 5 6 1
Map 12 3 0
Tile:8 4 5 1
Tile:7_flip 3 5 0
Tile:10 5 7 1
Map 12 7 0
Tile:5_flip 7 6 1
Tile:5 6 6 0
Map 12 5 1
Tile:10 6 7 0
Tile:7_flip 4 6 1
Tile:6 6 8 0
Tile:8 5 8 1
Tile:0 7 8 0
Malus 0 0 1
Malus 0 0 0
Drop 0 0 1
Drop 0 0 0
Drop 0 0 1
Map 12 3 0
Drop 0 0 1
Drop 0 0 0
Drop 0 0 1
Drop 0 0 0
Drop 0 0 1
Drop 0 0 0
Map 12 3 1
Drop 0 0 0
Drop 0 0 1
Drop 0 0 0
Drop 0 0 1
Drop 0 0 0
Drop 0 0 1
Drop 0 0 0
Drop 0 0 1
Drop 0 0 0
Map 12 3 1
Drop 0 0 0
Drop 0 0 1
Drop 0 0 0
Drop 0 0 1
Drop 0 0 0
Drop 0 0 1
Drop 0 0 0
Drop 0 0 1
Drop 0 0 0
Drop 0 0 1
Drop 0 0 0
Drop 0 0 1
Drop 0 0 0
Drop 0 0 1
Drop 0 0 0
Drop 0 0 1
GAMEOVER DRAW
# Game ended: Wed Apr 15 22:27:22 EDT 2020
