# Server version 0.08 running on DESKTOP-6KJFBSD:8123
# Game ID: 319
# Board class: Saboteur.SaboteurBoard
# Timeout: 20000
# First Move Timeout: 30000
# Date: Wed Apr 15 23:09:02 EDT 2020
# Player 1: Player-0, 'RandomPlayer', running on DESKTOP-6KJFBSD
# Player 2: Player-1, '260715909', running on DESKTOP-6KJFBSD
START Player-0 RandomPlayer
START Player-1 260715909
BoardInit:Tile:0,Destroy,Malus,Bonus,Tile:8,Bonus,Tile:10,Tile:8,Tile:7,Tile:0,Map,Tile:4,Tile:9,Tile:6,Tile:5,Tile:10,Map,Map,Tile:5,Map,Tile:6,Tile:7,Tile:7,Tile:12,Tile:2,Destroy,Malus,Tile:6,Tile:0,Tile:6,Tile:5,Tile:9,Tile:15,Tile:9,Tile:9,Tile:7,Destroy,Tile:11,Bonus,Tile:7,Tile:5-Tile:13,Tile:10,Tile:0,Map,Tile:6,Map,Bonus-Tile:8,Tile:14,Tile:1,Tile:8,Tile:8,Tile:3,Tile:9-Tile:hidden1,Tile:hidden2,Tile:nugget
Tile:0 6 5 1
Tile:8 5 4 0
Map 12 3 1
Tile:14 5 6 0
Tile:6 6 4 1
Tile:8 4 5 0
Tile:10 6 3 1
Tile:9_flip 5 3 0
Map 12 5 1
Tile:3_flip 3 5 0
Tile:0 7 4 1
Destroy 6 3 0
Malus 0 0 1
Drop 3 0 0
Tile:8 8 4 1
Drop 5 0 0
Tile:9 6 3 1
Drop 1 0 0
Tile:10 8 3 1
Map 12 7 0
Tile:5_flip 7 3 1
Drop 6 0 0
Tile:6 8 5 1
Drop 3 0 0
Tile:7 9 4 1
Drop 5 0 0
Map 12 3 1
Destroy 4 5 0
Map 12 3 1
Drop 6 0 0
Tile:5_flip 9 5 1
Drop 1 0 0
Malus 0 0 1
Drop 6 0 0
Tile:0 7 5 1
Drop 3 0 0
Drop 0 0 1
Drop 3 0 0
Drop 0 0 1
Drop 6 0 0
Drop 0 0 1
Drop 2 0 0
Drop 0 0 1
Drop 1 0 0
Drop 0 0 1
Drop 3 0 0
Drop 0 0 1
Drop 0 0 0
Drop 0 0 1
Drop 2 0 0
Drop 0 0 1
Drop 0 0 0
Drop 0 0 1
Drop 0 0 0
Drop 0 0 1
GAMEOVER DRAW
# Game ended: Wed Apr 15 23:09:03 EDT 2020
