# Server version 0.08 running on DESKTOP-6KJFBSD:8123
# Game ID: 297
# Board class: Saboteur.SaboteurBoard
# Timeout: 20000
# First Move Timeout: 30000
# Date: Wed Apr 15 22:59:25 EDT 2020
# Player 1: Player-0, '260715909', running on DESKTOP-6KJFBSD
# Player 2: Player-1, 'RandomPlayer', running on DESKTOP-6KJFBSD
START Player-0 260715909
START Player-1 RandomPlayer
BoardInit:Tile:9,Tile:12,Tile:6,Tile:6,Tile:10,Tile:9,Tile:9,Tile:2,Destroy,Tile:7,Tile:5,Malus,Map,Tile:7,Map,Bonus,Tile:8,Map,Tile:8,Bonus,Tile:8,Tile:6,Bonus,Tile:5,Tile:1,Bonus,Tile:0,Tile:9,Tile:13,Tile:0,Tile:5,Tile:6,Tile:6,Tile:9,Tile:4,Tile:5,Tile:14,Tile:3,Destroy,Tile:8,Tile:7-Tile:7,Tile:8,Tile:10,Tile:7,Map,Tile:0,Tile:0-Map,Malus,Map,Destroy,Tile:11,Tile:10,Tile:15-Tile:hidden2,Tile:hidden1,Tile:nugget
Drop 3 0 1
Map 12 3 0
Tile:7 5 4 1
Malus 0 0 0
Drop 2 0 1
Map 12 3 0
Drop 5 0 1
Tile:9_flip 6 5 0
Drop 1 0 1
Tile:10 6 4 0
Drop 1 0 1
Tile:6 6 6 0
Drop 6 0 1
Tile:7 6 3 0
Map 12 7 1
Malus 0 0 0
Destroy 6 4 1
Tile:7 7 6 0
Drop 3 0 1
Map 12 3 0
Map 12 7 1
Drop 0 0 0
Drop 0 0 1
Tile:6 7 7 0
Drop 5 0 1
Tile:5 6 7 0
Drop 0 0 1
Drop 0 0 0
Drop 6 0 1
Tile:9 6 4 0
Drop 1 0 1
Tile:0 7 4 0
Drop 4 0 1
Tile:6 6 8 0
Drop 0 0 1
Tile:9_flip 8 4 0
Drop 4 0 1
Tile:5 8 3 0
Drop 0 0 1
Drop 0 0 0
Drop 6 0 1
Tile:8 8 7 0
Drop 5 0 1
Drop 0 0 0
Drop 4 0 1
Drop 0 0 0
Drop 3 0 1
Drop 0 0 0
Drop 2 0 1
Drop 0 0 0
Drop 0 0 1
Drop 0 0 0
Bonus 0 0 1
Drop 0 0 0
Drop 0 0 1
GAMEOVER DRAW
# Game ended: Wed Apr 15 22:59:27 EDT 2020
