# Server version 0.08 running on DESKTOP-6KJFBSD:8123
# Game ID: 197
# Board class: Saboteur.SaboteurBoard
# Timeout: 20000
# First Move Timeout: 30000
# Date: Wed Apr 15 19:49:17 EDT 2020
# Player 1: Player-0, '260715909', running on DESKTOP-6KJFBSD
# Player 2: Player-1, 'RandomPlayer', running on DESKTOP-6KJFBSD
START Player-0 260715909
START Player-1 RandomPlayer
BoardInit:Map,Map,Map,Destroy,Tile:3,Tile:5,Bonus,Tile:7,Bonus,Tile:0,Tile:0,Tile:9,Tile:1,Tile:11,Tile:8,Tile:5,Tile:12,Tile:4,Bonus,Tile:8,Map,Tile:15,Tile:0,Tile:7,Malus,Tile:0,Tile:14,Tile:6,Tile:6,Tile:9,Tile:9,Malus,Map,Tile:13,Tile:6,Destroy,Tile:8,Tile:10,Tile:9,Tile:7,Tile:6-Tile:6,Tile:7,Tile:9,Tile:2,Tile:10,Tile:5,Destroy-Map,Tile:10,Tile:8,Tile:7,Bonus,Tile:8,Tile:5-Tile:hidden1,Tile:nugget,Tile:hidden2
Tile:9 5 4 1
Tile:8 5 6 0
Tile:5 4 5 1
Tile:8 5 3 0
Tile:6_flip 6 4 1
Destroy 6 4 0
Drop 2 0 1
Tile:7_flip 4 6 0
Tile:3_flip 4 3 1
Map 12 3 0
Tile:2_flip 6 4 1
Tile:7 7 4 0
Drop 6 0 1
Tile:5_flip 6 6 0
Tile:7 6 5 1
Tile:10 5 7 0
Destroy 6 4 1
Map 12 3 0
Tile:12 6 3 1
Tile:0 6 4 0
Tile:8 5 2 1
Tile:9 5 8 0
Map 12 5 1
Tile:4 5 1 0
Tile:0 6 8 1
Tile:11 7 5 0
Drop 5 0 1
Tile:7_flip 7 6 0
Tile:1 8 6 1
Tile:5 4 2 0
Tile:6 8 5 1
Tile:8 7 8 0
Tile:9_flip 8 8 1
Tile:6_flip 8 7 0
Tile:14_flip 8 4 1
Tile:15 7 9 0
Tile:6_flip 9 6 1
Tile:9_flip 5 9 0
Map 12 7 1
Destroy 7 6 0
Tile:9 7 6 1
Tile:5 4 9 0
Drop 0 0 1
Tile:10 8 9 0
Drop 4 0 1
Tile:0 9 4 0
Tile:6 10 6 1
Tile:7 11 6 0
Malus 0 0 1
Bonus 0 0 0
Map 12 3 1
Tile:13 11 7 0
Drop 1 0 1
Malus 0 0 0
Bonus 0 0 1
GAMEOVER DRAW
# Game ended: Wed Apr 15 19:49:19 EDT 2020
