# Server version 0.08 running on DESKTOP-6KJFBSD:8123
# Game ID: 68
# Board class: Saboteur.SaboteurBoard
# Timeout: 20000
# First Move Timeout: 30000
# Date: Sun Apr 12 01:22:04 EDT 2020
# Player 1: Player-0, '260715909', running on DESKTOP-6KJFBSD
# Player 2: Player-1, 'RandomPlayer', running on DESKTOP-6KJFBSD
START Player-0 260715909
START Player-1 RandomPlayer
BoardInit:Destroy,Tile:8,Tile:14,Tile:5,Tile:8,Tile:11,Tile:10,Tile:6,Tile:9,Malus,Tile:4,Tile:9,Tile:0,Tile:7,Tile:5,Tile:10,Tile:8,Map,Tile:7,Map,Tile:1,Malus,Tile:6,Tile:9,Tile:8,Destroy,Tile:7,Tile:6,Tile:8,Tile:9,Destroy,Bonus,Tile:3,Tile:0,Bonus,Map,Tile:10,Tile:7,Tile:13,Tile:0,Tile:7-Tile:6,Map,Tile:5,Bonus,Tile:15,Tile:6,Tile:12-Tile:0,Tile:9,Tile:2,Map,Tile:5,Bonus,Map-Tile:nugget,Tile:hidden2,Tile:hidden1
Tile:5 4 5 1
Tile:2_flip 4 6 0
Tile:6 3 6 1
Tile:9_flip 6 5 0
Map 12 7 1
Tile:5 6 4 0
Tile:8 5 6 1
Tile:11_flip 5 4 0
Tile:14_flip 2 6 1
Drop 2 0 0
Destroy 6 5 1
Tile:8 6 6 0
Tile:15 6 7 1
Tile:9_flip 5 7 0
Tile:4_flip 2 7 1
Map 12 7 0
Tile:0 4 4 1
Tile:5 3 4 0
Tile:5_flip 5 8 1
Map 12 5 0
Tile:10 6 8 1
Tile:0 7 4 0
Tile:8 7 6 1
Tile:6_flip 8 4 0
Tile:7 7 5 1
Tile:10 6 9 0
Tile:9 4 8 1
Malus 0 0 0
Drop 6 0 1
Destroy 7 5 0
Drop 1 0 1
Drop 6 0 0
Destroy 8 4 1
Tile:9_flip 6 5 0
Drop 0 0 1
Drop 4 0 0
Drop 4 0 1
Map 12 5 0
Drop 0 0 1
Tile:7_flip 6 10 0
Drop 4 0 1
Tile:7_flip 7 7 0
Drop 0 0 1
Tile:0 8 7 0
Drop 4 0 1
Tile:0 8 6 0
Drop 2 0 1
Malus 0 0 0
Drop 0 0 1
Drop 2 0 0
Drop 0 0 1
Map 12 7 0
Drop 1 0 1
Drop 0 0 0
Drop 0 0 1
GAMEOVER DRAW
# Game ended: Sun Apr 12 01:22:09 EDT 2020
