# Server version 0.08 running on DESKTOP-6KJFBSD:8123
# Game ID: 314
# Board class: Saboteur.SaboteurBoard
# Timeout: 20000
# First Move Timeout: 30000
# Date: Wed Apr 15 23:08:10 EDT 2020
# Player 1: Player-0, '260715909', running on DESKTOP-6KJFBSD
# Player 2: Player-1, 'RandomPlayer', running on DESKTOP-6KJFBSD
START Player-0 260715909
START Player-1 RandomPlayer
BoardInit:Map,Bonus,Map,Tile:7,Tile:9,Tile:8,Bonus,Tile:14,Destroy,Destroy,Tile:8,Tile:7,Tile:3,Tile:10,Map,Destroy,Tile:13,Tile:7,Tile:6,Tile:6,Malus,Tile:9,Tile:6,Tile:0,Tile:6,Tile:12,Tile:7,Bonus,Map,Tile:2,Tile:8,Tile:8,Tile:5,Map,Tile:4,Tile:9,Tile:10,Tile:0,Tile:0,Map,Tile:5-Bonus,Tile:5,Tile:6,Tile:5,Tile:9,Tile:15,Tile:7-Tile:10,Tile:0,Tile:11,Malus,Tile:9,Tile:8,Tile:1-Tile:hidden2,Tile:nugget,Tile:hidden1
Tile:9_flip 6 5 1
Malus 0 0 0
Drop 5 0 1
Tile:10 6 4 0
Drop 4 0 1
Tile:9 6 3 0
Map 12 5 1
Tile:8 7 3 0
Drop 6 0 1
Tile:0 8 3 0
Map 12 3 1
Tile:7 9 3 0
Drop 0 0 1
Tile:8 6 6 0
Destroy 6 3 1
Tile:10 7 4 0
Map 12 7 1
Tile:7_flip 6 7 0
Drop 3 0 1
Tile:7_flip 9 4 0
Drop 2 0 1
Tile:6_flip 7 7 0
Drop 3 0 1
Tile:9 6 3 0
Drop 5 0 1
Tile:0 7 6 0
Drop 0 0 1
Drop 0 0 0
Drop 5 0 1
Drop 0 0 0
Map 12 3 1
Drop 0 0 0
Drop 6 0 1
Tile:8 8 6 0
Drop 3 0 1
Map 12 3 0
Drop 3 0 1
Tile:9 7 8 0
Drop 6 0 1
Tile:0 8 8 0
Drop 2 0 1
Map 12 7 0
Drop 0 0 1
Drop 0 0 0
Drop 4 0 1
Drop 0 0 0
Drop 2 0 1
Drop 0 0 0
Drop 0 0 1
Drop 0 0 0
Drop 0 0 1
Drop 0 0 0
Drop 1 0 1
Drop 0 0 0
Drop 0 0 1
GAMEOVER DRAW
# Game ended: Wed Apr 15 23:08:13 EDT 2020
