# Server version 0.08 running on DESKTOP-6KJFBSD:8123
# Game ID: 105
# Board class: Saboteur.SaboteurBoard
# Timeout: 20000
# First Move Timeout: 30000
# Date: Sun Apr 12 16:40:01 EDT 2020
# Player 1: Player-0, '260715909', running on DESKTOP-6KJFBSD
# Player 2: Player-1, 'RandomPlayer', running on DESKTOP-6KJFBSD
START Player-0 260715909
START Player-1 RandomPlayer
BoardInit:Tile:2,Tile:7,Tile:0,Map,Tile:6,Map,Tile:15,Bonus,Tile:7,Tile:1,Map,Tile:5,Bonus,Tile:5,Tile:5,Tile:10,Tile:8,Map,Tile:7,Tile:10,Tile:9,Bonus,Destroy,Tile:0,Tile:10,Malus,Tile:6,Tile:6,Tile:0,Destroy,Tile:9,Tile:14,Tile:4,Tile:7,Destroy,Tile:3,Tile:8,Tile:6,Tile:12,Tile:0,Tile:8-Tile:6,Malus,Tile:11,Tile:9,Tile:7,Tile:5,Tile:8-Tile:9,Tile:13,Tile:9,Tile:8,Map,Map,Bonus-Tile:nugget,Tile:hidden1,Tile:hidden2
Tile:5_flip 6 5 1
Tile:13 6 4 0
Tile:8 5 6 1
Tile:9 5 4 0
Tile:6_flip 4 5 1
Tile:8 3 5 0
Tile:6 4 6 1
Map 12 7 0
Tile:2_flip 5 7 1
Drop 2 0 0
Tile:7 5 3 1
Drop 0 0 0
Tile:9 6 3 1
Drop 0 0 0
Tile:7 6 6 1
Drop 0 0 0
Tile:0 7 3 1
Drop 0 0 0
Tile:11_flip 6 7 1
Drop 0 0 0
Tile:8 8 3 1
Drop 0 0 0
Tile:9 2 5 1
Drop 0 0 0
Tile:7_flip 2 6 1
Drop 0 0 0
Tile:5 4 7 1
Drop 0 0 0
Tile:6_flip 4 3 1
Drop 0 0 0
Destroy 4 7 1
GAMEOVER ILLEGAL MOVE: Player 0, CardUsed: (Tile:0), PosOfUse: (10, 3) WINNER 1
# Game ended: Sun Apr 12 16:40:45 EDT 2020
