# Server version 0.08 running on DESKTOP-6KJFBSD:8123
# Game ID: 135
# Board class: Saboteur.SaboteurBoard
# Timeout: 20000
# First Move Timeout: 30000
# Date: Wed Apr 15 12:26:29 EDT 2020
# Player 1: Player-0, '260715909', running on DESKTOP-6KJFBSD
# Player 2: Player-1, 'RandomPlayer', running on DESKTOP-6KJFBSD
START Player-0 260715909
START Player-1 RandomPlayer
BoardInit:Map,Tile:7,Map,Tile:0,Malus,Tile:9,Tile:12,Tile:8,Tile:10,Destroy,Malus,Tile:5,Bonus,Tile:11,Tile:10,Tile:8,Tile:9,Tile:6,Tile:0,Map,Tile:7,Destroy,Tile:6,Tile:5,Tile:0,Destroy,Tile:1,Tile:6,Tile:3,Tile:8,Tile:4,Tile:0,Tile:7,Tile:7,Map,Map,Tile:14,Tile:10,Bonus,Tile:15,Tile:8-Tile:6,Tile:7,Tile:9,Tile:9,Tile:2,Tile:8,Tile:5-Tile:5,Tile:6,Tile:9,Map,Bonus,Bonus,Tile:13-Tile:nugget,Tile:hidden2,Tile:hidden1
Drop 5 0 1
Tile:9 5 4 0
Tile:2 4 5 1
Tile:6 6 5 0
Tile:9 5 6 1
Tile:7 6 6 0
Tile:6_flip 5 3 1
Tile:0 3 5 0
Tile:9_flip 6 7 1
Tile:9 5 7 0
Tile:7 6 3 1
Tile:13 6 4 0
Tile:12_flip 4 3 1
Drop 2 0 0
Map 12 5 1
Tile:8 7 4 0
Tile:10 7 3 1
Tile:5_flip 7 5 0
Tile:5_flip 4 6 1
Tile:8 6 8 0
Map 12 7 1
Tile:6_flip 3 6 0
Tile:9 5 8 1
Tile:11_flip 8 4 0
Tile:10 3 7 1
Destroy 5 8 0
Tile:6 2 6 1
Drop 3 0 0
Tile:7_flip 3 8 1
Destroy 4 6 0
Tile:3_flip 5 8 1
Tile:5_flip 4 6 0
Drop 6 0 1
Tile:5 8 3 0
Tile:7 9 3 1
Tile:6 7 8 0
Tile:0 8 8 1
Destroy 6 6 0
Tile:1 9 8 1
Tile:10 7 7 0
Tile:0 10 8 1
Tile:0 1 6 0
Drop 0 0 1
Map 12 5 0
Malus 0 0 1
Drop 0 0 0
Drop 3 0 1
Drop 3 0 0
Tile:8 0 6 1
Map 12 7 0
Map 12 3 1
Drop 0 0 0
Tile:14 6 9 1
Drop 0 0 0
Drop 0 0 1
GAMEOVER DRAW
# Game ended: Wed Apr 15 12:26:51 EDT 2020
