# Server version 0.08 running on DESKTOP-6KJFBSD:8123
# Game ID: 139
# Board class: Saboteur.SaboteurBoard
# Timeout: 20000
# First Move Timeout: 30000
# Date: Wed Apr 15 12:55:23 EDT 2020
# Player 1: Player-0, '260715909', running on DESKTOP-6KJFBSD
# Player 2: Player-1, 'RandomPlayer', running on DESKTOP-6KJFBSD
START Player-0 260715909
START Player-1 RandomPlayer
BoardInit:Tile:7,Tile:6,Bonus,Tile:5,Tile:9,Tile:8,Tile:3,Tile:6,Tile:13,Tile:5,Tile:11,Bonus,Map,Bonus,Tile:6,Tile:4,Map,Tile:10,Tile:5,Tile:0,Tile:8,Tile:10,Map,Tile:8,Tile:12,Tile:0,Tile:9,Tile:6,Map,Tile:8,Map,Tile:1,Tile:0,Tile:9,Tile:7,Tile:7,Destroy,Tile:9,Tile:14,Tile:15,Tile:9-Tile:6,Destroy,Tile:7,Tile:7,Tile:8,Malus,Tile:2-Destroy,Malus,Tile:5,Tile:0,Tile:10,Map,Bonus-Tile:nugget,Tile:hidden2,Tile:hidden1
Tile:2 5 4 1
Tile:0 4 4 0
Tile:7 6 4 1
Drop 1 0 0
Destroy 4 4 1
Tile:5_flip 6 5 0
Tile:7_flip 4 5 1
Tile:5_flip 5 6 0
Drop 3 0 1
Map 12 5 0
Malus 0 0 1
Drop 3 0 0
Drop 1 0 1
Drop 0 0 0
Map 12 7 1
Bonus 0 0 0
Tile:9 4 4 1
Tile:6_flip 4 6 0
Tile:6 4 7 1
Tile:10 4 3 0
Tile:6_flip 4 2 1
Tile:0 3 2 0
Map 12 7 1
Tile:5_flip 5 2 0
Tile:8 3 6 1
Tile:8 3 7 0
Tile:13 2 7 1
Tile:10 3 5 0
Drop 2 0 1
Drop 5 0 0
Tile:5_flip 3 8 1
Tile:8 5 1 0
Tile:9 2 6 1
Drop 1 0 0
Tile:3_flip 2 8 1
Tile:8 6 1 0
Tile:12 7 1 1
Tile:7 5 7 0
Destroy 2 7 1
Tile:9 2 7 0
Tile:0 2 2 1
Tile:9 6 2 0
Tile:7_flip 4 1 1
Tile:15 5 8 0
Drop 4 0 1
Tile:6_flip 1 2 0
Tile:9_flip 4 0 1
Tile:4 6 0 0
Map 12 5 1
Tile:10 1 3 0
Map 12 3 1
Tile:1 0 2 0
Map 12 3 1
Drop 0 0 0
Drop 0 0 1
GAMEOVER DRAW
# Game ended: Wed Apr 15 12:55:45 EDT 2020
