# Server version 0.08 running on DESKTOP-6KJFBSD:8123
# Game ID: 282
# Board class: Saboteur.SaboteurBoard
# Timeout: 20000
# First Move Timeout: 30000
# Date: Wed Apr 15 22:56:04 EDT 2020
# Player 1: Player-0, '260715909', running on DESKTOP-6KJFBSD
# Player 2: Player-1, 'RandomPlayer', running on DESKTOP-6KJFBSD
START Player-0 260715909
START Player-1 RandomPlayer
BoardInit:Tile:9,Tile:5,Tile:7,Tile:8,Tile:0,Tile:8,Destroy,Map,Tile:8,Tile:2,Tile:9,Bonus,Tile:6,Tile:12,Tile:9,Tile:5,Tile:7,Tile:8,Map,Map,Tile:7,Map,Bonus,Tile:6,Tile:10,Map,Tile:10,Tile:11,Bonus,Tile:5,Malus,Bonus,Tile:0,Tile:1,Destroy,Tile:4,Map,Tile:15,Tile:10,Tile:14,Tile:6-Tile:6,Tile:3,Tile:9,Tile:0,Tile:9,Tile:6,Malus-Tile:7,Tile:0,Destroy,Tile:13,Tile:5,Tile:7,Tile:8-Tile:hidden2,Tile:nugget,Tile:hidden1
Tile:6 4 5 1
Tile:8 6 5 0
Tile:9 6 6 1
Tile:7 6 4 0
Tile:0 7 6 1
Tile:7_flip 6 7 0
Drop 2 0 1
Tile:0 7 5 0
Tile:0 3 5 1
Map 12 5 0
Drop 3 0 1
Tile:5_flip 8 5 0
Tile:3 8 6 1
Tile:5 8 4 0
Destroy 8 5 1
Tile:8 9 4 0
Tile:6_flip 4 4 1
Tile:8 9 3 0
Tile:7 10 4 1
Tile:8 8 7 0
Tile:7_flip 9 5 1
Tile:5_flip 9 7 0
Tile:9_flip 9 2 1
Map 12 3 0
Tile:8 8 8 1
Tile:6 10 5 0
Tile:9 8 2 1
Map 12 7 0
Drop 6 0 1
Map 12 5 0
Malus 0 0 1
Drop 0 0 0
Tile:7 11 5 1
Drop 0 0 0
Tile:10 5 6 1
Drop 0 0 0
Drop 6 0 1
Drop 0 0 0
Tile:9_flip 8 9 1
Drop 0 0 0
Tile:10 8 1 1
Drop 0 0 0
Tile:0 7 7 1
Drop 0 0 0
Tile:6_flip 7 9 1
Drop 0 0 0
Drop 3 0 1
Drop 0 0 0
Drop 2 0 1
Drop 0 0 0
Map 12 3 1
Drop 0 0 0
Map 12 3 1
Drop 0 0 0
Drop 0 0 1
GAMEOVER DRAW
# Game ended: Wed Apr 15 22:56:09 EDT 2020
