# Server version 0.08 running on DESKTOP-6KJFBSD:8123
# Game ID: 292
# Board class: Saboteur.SaboteurBoard
# Timeout: 20000
# First Move Timeout: 30000
# Date: Wed Apr 15 22:57:50 EDT 2020
# Player 1: Player-0, '260715909', running on DESKTOP-6KJFBSD
# Player 2: Player-1, 'RandomPlayer', running on DESKTOP-6KJFBSD
START Player-0 260715909
START Player-1 RandomPlayer
BoardInit:Tile:7,Tile:7,Tile:10,Tile:9,Tile:1,Tile:2,Bonus,Tile:6,Tile:10,Tile:6,Tile:5,Malus,Map,Tile:6,Tile:7,Tile:10,Tile:8,Tile:6,Map,Tile:3,Tile:8,Tile:11,Tile:5,Tile:7,Tile:0,Map,Map,Tile:0,Bonus,Tile:13,Tile:9,Bonus,Tile:7,Malus,Tile:15,Tile:8,Map,Tile:5,Destroy,Tile:0,Destroy-Bonus,Tile:9,Tile:8,Tile:9,Destroy,Tile:12,Tile:14-Tile:6,Tile:5,Tile:4,Map,Tile:8,Tile:9,Tile:0-Tile:hidden1,Tile:hidden2,Tile:nugget
Tile:9 5 6 1
Map 12 5 0
Tile:9_flip 6 5 1
Tile:9_flip 6 6 0
Destroy 5 6 1
Tile:5_flip 6 7 0
Tile:7_flip 5 6 1
Tile:6_flip 6 4 0
Tile:12_flip 5 7 1
Tile:6_flip 7 4 0
Drop 4 0 1
Tile:0 8 4 0
Tile:14_flip 4 5 1
Tile:8 9 4 0
Drop 3 0 1
Tile:7 9 3 0
Tile:10 9 5 1
Tile:9 9 6 0
Tile:10 7 5 1
Tile:6 10 6 0
Tile:8 9 7 1
Tile:6_flip 10 7 0
Tile:5_flip 11 7 1
Tile:10 9 8 0
Tile:8 5 4 1
Tile:7_flip 7 6 0
Tile:7_flip 9 9 1
Tile:6 8 7 0
Map 12 7 1
Malus 0 0 0
Bonus 0 0 1
Map 12 3 0
Tile:0 8 3 1
Tile:0 7 3 0
Tile:9 10 5 1
Malus 0 0 0
Map 12 3 1
Tile:8 10 4 0
Drop 6 0 1
Tile:5 10 3 0
Destroy 5 6 1
Tile:0 11 5 0
Destroy 9 3 1
Drop 0 0 0
Drop 1 0 1
Drop 0 0 0
Map 12 7 1
Drop 0 0 0
Drop 2 0 1
Drop 0 0 0
Drop 0 0 1
Drop 0 0 0
Bonus 0 0 1
Drop 0 0 0
Tile:15 12 4 1
GAMEOVER DRAW
# Game ended: Wed Apr 15 22:57:54 EDT 2020
