# Server version 0.08 running on DESKTOP-6KJFBSD:8123
# Game ID: 310
# Board class: Saboteur.SaboteurBoard
# Timeout: 20000
# First Move Timeout: 30000
# Date: Wed Apr 15 23:07:19 EDT 2020
# Player 1: Player-0, '260715909', running on DESKTOP-6KJFBSD
# Player 2: Player-1, 'RandomPlayer', running on DESKTOP-6KJFBSD
START Player-0 260715909
START Player-1 RandomPlayer
BoardInit:Tile:7,Destroy,Map,Map,Tile:6,Tile:9,Tile:0,Tile:10,Tile:0,Tile:2,Tile:8,Tile:1,Tile:7,Tile:8,Tile:4,Bonus,Tile:9,Tile:13,Tile:6,Tile:5,Tile:7,Tile:7,Tile:6,Tile:3,Tile:8,Tile:12,Tile:10,Tile:9,Bonus,Tile:5,Tile:0,Tile:6,Tile:9,Tile:10,Malus,Tile:8,Tile:11,Map,Tile:9,Destroy,Destroy-Bonus,Tile:7,Tile:8,Map,Map,Malus,Tile:6-Map,Tile:14,Tile:5,Tile:15,Tile:0,Bonus,Tile:5-Tile:hidden1,Tile:nugget,Tile:hidden2
Drop 3 0 1
Map 12 3 0
Tile:7 6 5 1
Tile:5_flip 6 6 0
Tile:8 4 5 1
Map 12 3 0
Drop 2 0 1
Drop 0 0 0
Tile:7 5 4 1
Drop 0 0 0
Tile:0 3 5 1
Drop 0 0 0
Tile:6_flip 2 5 1
Drop 0 0 0
Drop 3 0 1
Drop 0 0 0
Tile:8 5 6 1
Drop 0 0 0
Tile:9 4 4 1
Drop 0 0 0
Tile:7_flip 4 6 1
Drop 0 0 0
Drop 1 0 1
Drop 0 0 0
Tile:6 5 7 1
Tile:7 6 7 0
Drop 0 0 1
Tile:8 6 8 0
Tile:0 4 7 1
Tile:5_flip 7 8 0
Tile:6 3 7 1
Tile:5 7 7 0
Map 12 7 1
Tile:9_flip 8 7 0
Tile:9 8 8 1
Tile:10 8 6 0
Tile:4_flip 2 6 1
Tile:6 9 8 0
Tile:11_flip 8 9 1
Tile:8 10 8 0
Drop 2 0 1
Map 12 5 0
Destroy 4 7 1
Drop 0 0 0
Tile:0 4 7 1
Drop 0 0 0
Tile:8 8 10 1
Drop 0 0 0
Tile:9 1 5 1
Drop 0 0 0
Drop 1 0 1
Drop 0 0 0
Tile:7 9 10 1
Drop 0 0 0
Malus 0 0 1
GAMEOVER DRAW
# Game ended: Wed Apr 15 23:07:21 EDT 2020
