# Server version 0.08 running on DESKTOP-6KJFBSD:8123
# Game ID: 262
# Board class: Saboteur.SaboteurBoard
# Timeout: 20000
# First Move Timeout: 30000
# Date: Wed Apr 15 22:47:12 EDT 2020
# Player 1: Player-0, '260715909', running on DESKTOP-6KJFBSD
# Player 2: Player-1, 'RandomPlayer', running on DESKTOP-6KJFBSD
START Player-0 260715909
START Player-1 RandomPlayer
BoardInit:Map,Tile:6,Destroy,Tile:12,Tile:1,Tile:9,Tile:7,Map,Tile:7,Tile:10,Tile:14,Tile:0,Tile:7,Map,Tile:11,Tile:7,Map,Tile:8,Destroy,Tile:9,Tile:5,Tile:6,Tile:9,Tile:6,Tile:8,Tile:6,Tile:13,Tile:8,Tile:6,Tile:10,Tile:10,Bonus,Map,Tile:7,Tile:8,Destroy,Malus,Tile:3,Tile:0,Map,Tile:9-Tile:5,Tile:5,Tile:2,Tile:9,Tile:4,Malus,Bonus-Tile:8,Bonus,Tile:0,Tile:15,Tile:0,Tile:5,Bonus-Tile:hidden2,Tile:nugget,Tile:hidden1
Tile:2 4 5 1
Drop 0 0 0
Tile:9 4 6 1
Drop 0 0 0
Tile:5_flip 4 7 1
Drop 0 0 0
Destroy 4 7 1
Drop 0 0 0
Tile:4 5 4 1
Map 12 3 0
Tile:5 3 5 1
Drop 0 0 0
Drop 6 0 1
Drop 0 0 0
Tile:1 6 5 1
Map 12 3 0
Tile:7 7 5 1
Drop 0 0 0
Drop 1 0 1
Drop 0 0 0
Tile:11_flip 5 6 1
Drop 0 0 0
Destroy 5 4 1
Drop 0 0 0
Tile:9_flip 5 7 1
Drop 0 0 0
Tile:8 4 7 1
Drop 0 0 0
Drop 2 0 1
Drop 0 0 0
Map 12 7 1
Drop 0 0 0
Malus 0 0 1
Drop 0 0 0
Tile:6_flip 3 7 1
Drop 0 0 0
Tile:7_flip 7 6 1
Drop 0 0 0
Tile:10 3 8 1
Drop 0 0 0
Drop 4 0 1
Map 12 5 0
Tile:9 4 8 1
Drop 0 0 0
Malus 0 0 1
Drop 0 0 0
Map 12 7 1
Drop 0 0 0
Tile:13 5 4 1
Drop 0 0 0
Tile:5_flip 4 9 1
Drop 0 0 0
Map 12 7 1
Drop 0 0 0
Drop 0 0 1
GAMEOVER DRAW
# Game ended: Wed Apr 15 22:47:14 EDT 2020
