# Server version 0.08 running on DESKTOP-6KJFBSD:8123
# Game ID: 306
# Board class: Saboteur.SaboteurBoard
# Timeout: 20000
# First Move Timeout: 30000
# Date: Wed Apr 15 23:06:39 EDT 2020
# Player 1: Player-0, 'RandomPlayer', running on DESKTOP-6KJFBSD
# Player 2: Player-1, 'RandomPlayer', running on DESKTOP-6KJFBSD
START Player-0 RandomPlayer
START Player-1 RandomPlayer
BoardInit:Destroy,Tile:7,Tile:6,Tile:4,Tile:2,Tile:0,Tile:11,Tile:1,Tile:5,Bonus,Map,Tile:0,Tile:9,Tile:8,Tile:8,Tile:12,Tile:0,Tile:8,Tile:9,Tile:5,Tile:5,Malus,Bonus,Tile:9,Tile:8,Tile:5,Tile:10,Destroy,Malus,Map,Tile:7,Tile:7,Tile:13,Tile:10,Tile:6,Tile:3,Tile:14,Tile:9,Tile:7,Tile:0,Bonus-Map,Tile:6,Tile:7,Tile:15,Destroy,Tile:6,Map-Tile:6,Tile:8,Map,Tile:10,Map,Tile:9,Bonus-Tile:nugget,Tile:hidden2,Tile:hidden1
Tile:6_flip 4 5 1
Tile:10 5 4 0
Tile:15 5 6 1
Map 12 7 0
Tile:6_flip 3 5 1
Tile:8 5 7 0
Tile:6_flip 4 7 1
Tile:6_flip 6 7 0
Tile:2 2 5 1
Tile:0 6 5 0
Tile:7 7 5 1
Tile:4_flip 4 6 0
Drop 6 0 1
Drop 0 0 0
Tile:11 5 3 1
Tile:0 6 3 0
Destroy 2 5 1
Drop 5 0 0
Tile:8 4 8 1
Tile:8 3 8 0
Tile:9_flip 3 6 1
Tile:9 2 6 0
Tile:5 2 5 1
Tile:1 7 3 0
Map 12 7 1
Tile:5_flip 2 7 0
Destroy 5 7 1
Tile:9_flip 8 3 0
Tile:5_flip 7 6 1
Destroy 6 5 0
Map 12 3 1
Tile:5_flip 5 8 0
Tile:7 5 2 1
Tile:7 7 7 0
Tile:8 8 4 1
Tile:12_flip 7 4 0
Tile:9 6 8 1
Tile:7_flip 4 2 0
Tile:10 4 9 1
Tile:3_flip 6 6 0
Tile:13 6 5 1
Tile:9_flip 3 9 0
Tile:6 3 10 1
Tile:10 8 2 0
Drop 4 0 1
Drop 3 0 0
Tile:14 4 10 1
Tile:0 2 8 0
Tile:0 1 7 1
Malus 0 0 0
Bonus 0 0 1
Drop 0 0 0
Malus 0 0 1
Drop 0 0 0
Drop 0 0 1
GAMEOVER DRAW
# Game ended: Wed Apr 15 23:06:39 EDT 2020
