# Server version 0.08 running on DESKTOP-6KJFBSD:8123
# Game ID: 122
# Board class: Saboteur.SaboteurBoard
# Timeout: 20000
# First Move Timeout: 30000
# Date: Tue Apr 14 22:54:50 EDT 2020
# Player 1: Player-0, '260715909', running on DESKTOP-6KJFBSD
# Player 2: Player-1, 'RandomPlayer', running on DESKTOP-6KJFBSD
START Player-0 260715909
START Player-1 RandomPlayer
BoardInit:Bonus,Tile:5,Tile:12,Tile:10,Bonus,Tile:8,Tile:0,Tile:7,Map,Tile:6,Tile:0,Destroy,Tile:13,Tile:14,Tile:8,Bonus,Tile:0,Tile:8,Tile:9,Map,Tile:15,Tile:6,Map,Tile:6,Tile:6,Bonus,Tile:0,Tile:5,Tile:1,Map,Tile:5,Map,Destroy,Tile:3,Tile:8,Tile:6,Tile:10,Malus,Map,Tile:9,Tile:9-Tile:4,Tile:7,Tile:9,Tile:11,Tile:10,Tile:7,Tile:8-Destroy,Tile:7,Tile:9,Tile:5,Tile:7,Malus,Tile:2-Tile:nugget,Tile:hidden1,Tile:hidden2
Tile:9_flip 5 6 1
Tile:2_flip 6 5 0
Tile:11 4 5 1
Tile:7 5 4 0
Tile:7_flip 4 6 1
Tile:10 6 4 0
Tile:4_flip 5 7 1
Drop 2 0 0
Drop 3 0 1
Drop 0 0 0
Tile:10 6 3 1
Drop 1 0 0
Drop 1 0 1
Malus 0 0 0
Map 12 5 1
Drop 2 0 0
Drop 1 0 1
Tile:6_flip 4 4 0
Drop 3 0 1
Destroy 6 3 0
Drop 2 0 1
Map 12 3 0
Drop 3 0 1
Tile:8 6 3 0
Drop 5 0 1
Tile:7 6 2 0
Map 12 5 1
Tile:6_flip 5 2 0
Drop 6 0 1
Tile:5 4 2 0
Drop 1 0 1
Map 12 3 0
Drop 6 0 1
Map 12 7 0
Destroy 5 4 1
Tile:9_flip 5 4 0
Drop 3 0 1
Drop 6 0 0
Drop 6 0 1
Tile:14 4 3 0
Drop 6 0 1
Tile:9 5 3 0
Drop 0 0 1
Tile:6 7 3 0
Drop 4 0 1
Drop 0 0 0
Drop 2 0 1
Tile:3 8 3 0
Drop 0 0 1
Drop 1 0 0
Drop 0 0 1
Malus 0 0 0
Drop 1 0 1
Drop 0 0 0
Drop 0 0 1
GAMEOVER DRAW
# Game ended: Tue Apr 14 22:54:51 EDT 2020
