# Server version 0.08 running on DESKTOP-6KJFBSD:8123
# Game ID: 98
# Board class: Saboteur.SaboteurBoard
# Timeout: 20000
# First Move Timeout: 30000
# Date: Sun Apr 12 15:27:32 EDT 2020
# Player 1: Player-0, '260715909', running on DESKTOP-6KJFBSD
# Player 2: Player-1, 'RandomPlayer', running on DESKTOP-6KJFBSD
START Player-0 260715909
START Player-1 RandomPlayer
BoardInit:Tile:9,Destroy,Tile:1,Tile:8,Tile:8,Tile:7,Tile:3,Map,Tile:8,Tile:9,Tile:7,Tile:5,Destroy,Tile:7,Tile:6,Map,Tile:14,Tile:10,Tile:10,Destroy,Map,Tile:9,Map,Tile:15,Tile:0,Tile:4,Tile:9,Bonus,Tile:6,Tile:8,Tile:6,Tile:11,Tile:5,Tile:0,Map,Tile:7,Tile:12,Bonus,Tile:0,Bonus,Tile:9-Malus,Tile:5,Tile:0,Tile:13,Tile:6,Tile:7,Tile:6-Tile:8,Bonus,Tile:10,Malus,Tile:2,Tile:5,Map-Tile:hidden1,Tile:hidden2,Tile:nugget
Tile:6 6 5 1
Tile:5_flip 7 5 0
Tile:6_flip 6 4 1
Drop 1 0 0
Drop 4 0 1
Destroy 6 5 0
Tile:13 5 6 1
Tile:7 7 4 0
Tile:9 4 5 1
Tile:2_flip 4 6 0
Tile:8 4 4 1
Tile:8 6 6 0
Tile:7_flip 3 4 1
Drop 0 0 0
Tile:0 7 6 1
Drop 0 0 0
Tile:6 6 7 1
Map 12 5 0
Drop 1 0 1
Map 12 7 0
Tile:1 7 7 1
GAMEOVER ILLEGAL MOVE: Player 0, CardUsed: (Tile:10), PosOfUse: (4, 2) WINNER 1
# Game ended: Sun Apr 12 15:27:56 EDT 2020
