# Server version 0.08 running on DESKTOP-6KJFBSD:8123
# Game ID: 107
# Board class: Saboteur.SaboteurBoard
# Timeout: 20000
# First Move Timeout: 30000
# Date: Sun Apr 12 18:03:42 EDT 2020
# Player 1: Player-0, '260715909', running on DESKTOP-6KJFBSD
# Player 2: Player-1, 'Human', running on DESKTOP-6KJFBSD
START Player-0 260715909
START Player-1 Human
BoardInit:Tile:0,Tile:15,Destroy,Map,Tile:9,Malus,Tile:9,Tile:7,Tile:9,Tile:8,Tile:5,Tile:2,Tile:9,Tile:6,Tile:8,Tile:6,Tile:12,Destroy,Bonus,Tile:6,Destroy,Tile:5,Map,Tile:5,Map,Tile:7,Map,Tile:7,Tile:6,Tile:3,Tile:4,Tile:1,Map,Bonus,Tile:0,Bonus,Tile:14,Map,Tile:13,Tile:8,Tile:10-Tile:8,Bonus,Tile:9,Tile:6,Tile:5,Tile:10,Tile:7-Tile:0,Tile:10,Malus,Tile:11,Tile:7,Tile:0,Tile:8-Tile:hidden1,Tile:hidden2,Tile:nugget
Tile:8 6 5 1
Tile:8 5 6 0
Tile:0 7 5 1
Tile:11 4 6 0
Tile:6 8 5 1
Tile:7 6 4 0
Tile:9_flip 9 5 1
Drop 2 0 0
Tile:7_flip 9 6 1
Tile:15 5 7 0
Tile:9_flip 10 6 1
Drop 0 0 0
Tile:5 10 5 1
Drop 0 0 0
Tile:10 8 4 1
Drop 0 0 0
Tile:8 11 5 1
Tile:6_flip 13 5 0
Tile:9 12 6 1
GAMEOVER WINNER 1
# Game ended: Sun Apr 12 18:25:05 EDT 2020
