# Server version 0.08 running on DESKTOP-6KJFBSD:8123
# Game ID: 204
# Board class: Saboteur.SaboteurBoard
# Timeout: 20000
# First Move Timeout: 30000
# Date: Wed Apr 15 19:51:20 EDT 2020
# Player 1: Player-0, '260715909', running on DESKTOP-6KJFBSD
# Player 2: Player-1, 'RandomPlayer', running on DESKTOP-6KJFBSD
START Player-0 260715909
START Player-1 RandomPlayer
BoardInit:Tile:12,Tile:6,Tile:7,Tile:5,Tile:6,Tile:10,Bonus,Tile:5,Map,Map,Tile:10,Tile:10,Tile:8,Tile:6,Map,Destroy,Tile:7,Map,Destroy,Tile:15,Bonus,Malus,Tile:9,Tile:0,Tile:11,Malus,Tile:7,Destroy,Tile:0,Tile:9,Tile:7,Tile:8,Tile:4,Bonus,Map,Tile:7,Tile:0,Tile:9,Tile:0,Tile:1,Tile:6-Tile:8,Bonus,Tile:9,Tile:2,Tile:5,Tile:13,Tile:8-Tile:14,Tile:3,Tile:9,Map,Tile:5,Tile:6,Tile:8-Tile:hidden2,Tile:nugget,Tile:hidden1
Tile:2 5 4 1
Tile:6_flip 6 5 0
Tile:12 6 4 1
Tile:8 4 4 0
Tile:9_flip 6 6 1
Tile:3_flip 5 6 0
Tile:7_flip 3 4 1
Tile:14 7 5 0
Drop 0 0 1
Tile:5 4 3 0
Drop 3 0 1
Tile:9 4 5 0
Drop 0 0 1
Tile:5 7 4 0
Tile:8 8 4 1
Tile:6_flip 9 4 0
Tile:6_flip 8 3 1
Destroy 9 4 0
Tile:13 6 7 1
Tile:5_flip 4 6 0
Map 12 7 1
Tile:10 3 3 0
Destroy 4 6 1
Tile:15 6 8 0
Tile:10 8 5 1
Tile:6_flip 5 7 0
Tile:7 3 2 1
Tile:0 5 3 0
Tile:7_flip 2 2 1
Map 12 7 0
Tile:9 2 1 1
Tile:9_flip 4 6 0
Tile:5 2 0 1
Destroy 5 7 0
Tile:7 3 0 1
Tile:8 9 4 0
Tile:11 6 9 1
Tile:10 6 10 0
Drop 2 0 1
Map 12 5 0
Tile:0 7 9 1
Tile:1 7 3 0
Drop 5 0 1
Tile:7_flip 6 11 0
Tile:0 3 6 1
Map 12 3 0
Map 12 3 1
Tile:9 9 5 0
Tile:6_flip 7 7 1
Malus 0 0 0
Drop 1 0 1
Malus 0 0 0
Map 12 7 1
Drop 0 0 0
Bonus 0 0 1
GAMEOVER DRAW
# Game ended: Wed Apr 15 19:51:22 EDT 2020
