# Server version 0.08 running on DESKTOP-6KJFBSD:8123
# Game ID: 227
# Board class: Saboteur.SaboteurBoard
# Timeout: 20000
# First Move Timeout: 30000
# Date: Wed Apr 15 21:09:17 EDT 2020
# Player 1: Player-0, '260715909', running on DESKTOP-6KJFBSD
# Player 2: Player-1, 'RandomPlayer', running on DESKTOP-6KJFBSD
START Player-0 260715909
START Player-1 RandomPlayer
BoardInit:Destroy,Tile:9,Map,Tile:5,Tile:6,Tile:12,Map,Tile:0,Map,Tile:8,Tile:8,Destroy,Tile:15,Bonus,Destroy,Tile:5,Tile:6,Tile:10,Tile:9,Tile:5,Tile:7,Tile:7,Tile:13,Tile:9,Tile:6,Tile:11,Tile:9,Tile:5,Map,Tile:1,Tile:4,Tile:0,Map,Tile:0,Bonus,Tile:10,Malus,Tile:9,Map,Tile:7,Tile:14-Tile:6,Tile:10,Tile:3,Bonus,Tile:7,Tile:8,Tile:8-Tile:6,Tile:0,Tile:7,Tile:8,Malus,Bonus,Tile:2-Tile:hidden2,Tile:nugget,Tile:hidden1
Tile:8 5 4 1
Tile:6 4 5 0
Tile:7 6 4 1
Tile:9 3 5 0
Tile:3_flip 5 6 1
Tile:7 3 4 0
Destroy 6 4 1
Malus 0 0 0
Map 12 3 1
Tile:5_flip 3 6 0
Map 12 3 1
Tile:8 6 4 0
Drop 6 0 1
Tile:0 2 4 0
Map 12 5 1
Tile:2_flip 6 5 0
Destroy 6 5 1
Tile:8 7 4 0
Drop 3 0 1
Tile:5 5 3 0
Drop 2 0 1
Destroy 5 6 0
Drop 0 0 1
Tile:12 8 4 0
Drop 2 0 1
Tile:9_flip 6 3 0
Drop 0 0 1
Tile:0 2 6 0
Drop 5 0 1
Tile:10 5 6 0
Map 12 3 1
Tile:5_flip 6 5 0
Drop 6 0 1
Tile:5_flip 5 7 0
Drop 3 0 1
Tile:0 1 6 0
Bonus 0 0 1
Tile:7_flip 7 5 0
Tile:9 7 3 1
Tile:0 8 3 0
Tile:9_flip 7 2 1
Tile:1 9 3 0
Drop 5 0 1
Tile:9 6 2 0
Malus 0 0 1
Bonus 0 0 0
Tile:14_flip 1 4 1
Tile:11 0 6 0
Tile:6 1 5 1
Tile:7 8 5 0
Tile:6_flip 4 7 1
Tile:10 4 8 0
Tile:13 4 9 1
Drop 0 0 0
Map 12 5 1
GAMEOVER DRAW
# Game ended: Wed Apr 15 21:09:25 EDT 2020
