# Server version 0.08 running on DESKTOP-6KJFBSD:8123
# Game ID: 125
# Board class: Saboteur.SaboteurBoard
# Timeout: 20000
# First Move Timeout: 30000
# Date: Wed Apr 15 11:28:08 EDT 2020
# Player 1: Player-0, '260715909', running on DESKTOP-6KJFBSD
# Player 2: Player-1, 'RandomPlayer', running on DESKTOP-6KJFBSD
START Player-0 260715909
START Player-1 RandomPlayer
BoardInit:Tile:9,Tile:15,Tile:5,Tile:13,Tile:6,Tile:6,Tile:6,Tile:5,Tile:3,Map,Map,Tile:9,Tile:14,Bonus,Tile:12,Tile:8,Tile:10,Tile:10,Tile:5,Tile:7,Map,Tile:8,Tile:0,Tile:1,Malus,Malus,Tile:0,Tile:7,Tile:2,Map,Tile:7,Tile:11,Tile:8,Tile:7,Tile:8,Tile:9,Tile:8,Bonus,Tile:6,Tile:6,Tile:4-Bonus,Tile:0,Tile:9,Tile:10,Destroy,Destroy,Tile:7-Tile:9,Tile:5,Tile:0,Bonus,Map,Destroy,Map-Tile:nugget,Tile:hidden2,Tile:hidden1
Tile:7 5 4 1
Tile:9 4 5 0
Drop 1 0 1
Tile:5_flip 6 5 0
Tile:9 6 4 1
Map 12 5 0
Tile:5 4 4 1
Destroy 6 5 0
Tile:6 5 6 1
Tile:13 6 5 0
Tile:9_flip 7 4 1
Map 12 7 0
Destroy 6 4 1
Tile:5 6 4 0
Tile:6 7 5 1
Tile:6_flip 8 5 0
Destroy 7 4 1
Tile:9 8 6 0
Drop 1 0 1
Tile:0 9 5 0
Tile:14 6 6 1
Tile:7_flip 4 6 0
Map 12 5 1
Map 12 5 0
Tile:0 10 5 1
Drop 2 0 0
Tile:3_flip 8 7 1
Tile:8 7 4 0
Drop 3 0 1
Drop 2 0 0
Tile:12 9 7 1
Tile:15 7 3 0
Tile:10 7 2 1
Tile:11_flip 11 5 0
Tile:7 11 4 1
Drop 3 0 0
Tile:8 7 1 1
Tile:1 9 6 0
Tile:2_flip 6 1 1
Tile:7_flip 10 4 0
Map 12 5 1
Drop 6 0 0
Tile:8 6 0 1
Tile:9_flip 11 6 0
Drop 4 0 1
Map 12 7 0
Tile:0 10 6 1
Tile:8 5 1 0
Drop 3 0 1
Tile:7 7 0 0
Tile:8 10 3 1
Drop 0 0 0
Malus 0 0 1
Drop 0 0 0
Drop 0 0 1
GAMEOVER DRAW
# Game ended: Wed Apr 15 11:28:30 EDT 2020
