# Server version 0.08 running on DESKTOP-6KJFBSD:8123
# Game ID: 241
# Board class: Saboteur.SaboteurBoard
# Timeout: 20000
# First Move Timeout: 30000
# Date: Wed Apr 15 22:17:33 EDT 2020
# Player 1: Player-0, '260715909', running on DESKTOP-6KJFBSD
# Player 2: Player-1, 'RandomPlayer', running on DESKTOP-6KJFBSD
START Player-0 260715909
START Player-1 RandomPlayer
BoardInit:Tile:7,Tile:8,Tile:9,Destroy,Tile:9,Tile:10,Map,Tile:5,Tile:10,Bonus,Malus,Map,Tile:6,Map,Tile:10,Tile:9,Tile:13,Tile:7,Tile:11,Tile:7,Tile:14,Tile:8,Bonus,Destroy,Tile:15,Tile:2,Tile:6,Malus,Tile:0,Tile:6,Tile:12,Tile:6,Tile:5,Tile:8,Tile:9,Tile:5,Tile:5,Tile:7,Tile:7,Map,Tile:0-Tile:6,Tile:8,Tile:4,Tile:9,Bonus,Destroy,Tile:0-Tile:8,Map,Map,Tile:1,Tile:3,Tile:0,Bonus-Tile:hidden2,Tile:nugget,Tile:hidden1
Tile:8 5 6 1
Map 12 5 0
Tile:9_flip 5 7 1
Map 12 5 0
Tile:9_flip 6 6 1
Tile:8 6 5 0
Tile:9 5 4 1
Tile:0 4 6 0
Tile:7_flip 5 8 1
Tile:5 3 6 0
Destroy 3 6 1
Tile:8 3 6 0
Tile:4_flip 6 7 1
Tile:10 3 5 0
Drop 5 0 1
Map 12 7 0
Tile:6_flip 4 7 1
Tile:9 2 6 0
Tile:0 6 8 1
Tile:7 2 5 0
Tile:11_flip 2 7 1
Tile:7_flip 4 5 0
Tile:6 1 7 1
Map 12 3 0
Drop 2 0 1
Tile:8 0 7 0
Tile:14_flip 3 4 1
Drop 0 0 0
Drop 6 0 1
Malus 0 0 0
Bonus 0 0 1
Tile:6 7 5 0
Tile:12_flip 1 5 1
Tile:6 0 8 0
Tile:0 1 8 1
Tile:8 0 6 0
Tile:15 4 8 1
Tile:5_flip 8 5 0
Tile:5_flip 4 9 1
Tile:7_flip 3 9 0
Tile:7 4 4 1
Map 12 3 0
Tile:10 5 3 1
Drop 0 0 0
Drop 4 0 1
Drop 0 0 0
Tile:9_flip 7 4 1
Drop 0 0 0
Map 12 3 1
Drop 0 0 0
Tile:13 7 3 1
Drop 0 0 0
Drop 0 0 1
Drop 0 0 0
Drop 0 0 1
GAMEOVER DRAW
# Game ended: Wed Apr 15 22:17:37 EDT 2020
