# Server version 0.08 running on DESKTOP-6KJFBSD:8123
# Game ID: 195
# Board class: Saboteur.SaboteurBoard
# Timeout: 20000
# First Move Timeout: 30000
# Date: Wed Apr 15 19:48:53 EDT 2020
# Player 1: Player-0, '260715909', running on DESKTOP-6KJFBSD
# Player 2: Player-1, 'RandomPlayer', running on DESKTOP-6KJFBSD
START Player-0 260715909
START Player-1 RandomPlayer
BoardInit:Tile:9,Map,Tile:9,Tile:6,Malus,Map,Tile:7,Tile:0,Tile:5,Tile:7,Tile:4,Tile:7,Bonus,Tile:5,Tile:6,Tile:7,Tile:12,Destroy,Tile:8,Tile:6,Tile:15,Destroy,Tile:5,Tile:5,Tile:2,Tile:10,Destroy,Tile:8,Tile:1,Tile:3,Tile:8,Tile:9,Tile:8,Tile:9,Tile:10,Tile:0,Tile:0,Tile:0,Map,Bonus,Tile:10-Map,Map,Map,Bonus,Tile:8,Tile:6,Tile:9-Tile:7,Tile:13,Tile:14,Malus,Bonus,Tile:11,Tile:6-Tile:hidden1,Tile:hidden2,Tile:nugget
Tile:9 5 4 1
Tile:11_flip 5 6 0
Tile:8 6 4 1
Malus 0 0 0
Map 12 7 1
Tile:7 7 4 0
Map 12 5 1
Tile:14 7 5 0
Drop 6 0 1
Tile:13 5 3 0
Map 12 3 1
Tile:6 4 3 0
Drop 3 0 1
Tile:7_flip 4 6 0
Bonus 0 0 1
Map 12 3 0
Tile:4_flip 5 7 1
Map 12 7 0
Tile:6_flip 3 3 1
Tile:6 6 5 0
Tile:9 4 5 1
Tile:0 2 3 0
Tile:6 1 3 1
Destroy 6 4 0
Tile:5 0 3 1
Tile:7 4 4 0
Tile:5_flip 0 4 1
Tile:7_flip 3 4 0
Drop 6 0 1
Destroy 1 3 0
Tile:2 6 4 1
Tile:6 1 3 0
Drop 6 0 1
Tile:9_flip 4 2 0
Malus 0 0 1
Bonus 0 0 0
Drop 3 0 1
Tile:5 1 2 0
Tile:0 6 3 1
Tile:5 4 1 0
Drop 2 0 1
Tile:10 5 2 0
Tile:12 2 2 1
Tile:0 7 3 0
Tile:1 8 3 1
Tile:9_flip 5 1 0
Drop 3 0 1
Tile:3_flip 3 2 0
Drop 0 0 1
Tile:8 5 0 0
Tile:8 6 0 1
Tile:0 4 0 0
Tile:10 3 1 1
Drop 0 0 0
Drop 0 0 1
GAMEOVER DRAW
# Game ended: Wed Apr 15 19:48:54 EDT 2020
