# Server version 0.08 running on DESKTOP-6KJFBSD:8123
# Game ID: 216
# Board class: Saboteur.SaboteurBoard
# Timeout: 20000
# First Move Timeout: 30000
# Date: Wed Apr 15 20:38:16 EDT 2020
# Player 1: Player-0, '260715909', running on DESKTOP-6KJFBSD
# Player 2: Player-1, 'Human', running on DESKTOP-6KJFBSD
START Player-0 260715909
START Player-1 Human
BoardInit:Tile:0,Tile:8,Map,Tile:7,Tile:11,Tile:7,Tile:10,Tile:9,Tile:15,Tile:14,Tile:3,Tile:1,Tile:5,Tile:10,Bonus,Map,Tile:8,Tile:2,Tile:8,Destroy,Tile:7,Map,Tile:13,Map,Bonus,Tile:0,Tile:5,Tile:5,Tile:9,Tile:6,Tile:6,Destroy,Tile:7,Tile:7,Malus,Tile:5,Tile:6,Tile:6,Tile:0,Tile:9,Tile:4-Tile:0,Tile:9,Tile:8,Map,Bonus,Map,Tile:6-Destroy,Tile:12,Tile:8,Malus,Tile:9,Tile:10,Bonus-Tile:hidden1,Tile:nugget,Tile:hidden2
Tile:6 6 5 1
Tile:8 4 5 0
Tile:0 7 5 1
Destroy 4 5 0
Tile:0 8 5 1
Tile:10 5 4 0
Tile:8 9 5 1
Tile:9_flip 9 6 0
Tile:9 9 7 1
Tile:9 6 4 0
Map 12 5 1
Tile:7 10 7 0
Map 12 3 1
Tile:12 7 4 0
Map 12 7 1
Malus 0 0 0
Bonus 0 0 1
Tile:7_flip 4 5 0
Tile:8 10 5 1
Tile:8 5 3 0
Tile:8 11 5 1
GAMEOVER WINNER 1
# Game ended: Wed Apr 15 20:43:51 EDT 2020
