# Server version 0.08 running on DESKTOP-6KJFBSD:8123
# Game ID: 62
# Board class: Saboteur.SaboteurBoard
# Timeout: 20000
# First Move Timeout: 30000
# Date: Sun Apr 12 01:06:45 EDT 2020
# Player 1: Player-0, '260715909', running on DESKTOP-6KJFBSD
# Player 2: Player-1, 'RandomPlayer', running on DESKTOP-6KJFBSD
START Player-0 260715909
START Player-1 RandomPlayer
BoardInit:Tile:11,Tile:6,Map,Tile:0,Map,Tile:4,Tile:7,Tile:0,Bonus,Bonus,Tile:8,Tile:8,Tile:10,Tile:8,Destroy,Malus,Tile:2,Tile:5,Bonus,Tile:7,Map,Tile:5,Tile:0,Tile:9,Tile:13,Tile:7,Tile:9,Tile:9,Tile:8,Tile:6,Map,Tile:7,Tile:5,Tile:8,Tile:14,Bonus,Tile:1,Tile:6,Tile:3,Tile:0,Tile:6-Destroy,Tile:12,Map,Tile:9,Tile:5,Tile:9,Malus-Tile:10,Tile:15,Tile:10,Map,Tile:6,Tile:7,Destroy-Tile:hidden2,Tile:hidden1,Tile:nugget
Tile:12_flip 4 5 1
Tile:10 5 4 0
Tile:9_flip 6 5 1
Map 12 3 0
Tile:9 6 6 1
Tile:6_flip 5 3 0
Map 12 7 1
Destroy 4 5 0
Map 12 7 1
Tile:0 4 5 0
Tile:11_flip 5 6 1
Tile:6 3 5 0
Malus 0 0 1
Bonus 0 0 0
Tile:5 2 5 1
Tile:7 6 3 0
Destroy 5 6 1
Tile:4_flip 2 6 0
Tile:7_flip 6 7 1
Tile:8 4 3 0
Destroy 2 6 1
Tile:15 4 2 0
Drop 5 0 1
Tile:7_flip 2 6 0
Drop 4 0 1
Tile:5 4 1 0
Tile:0 7 6 1
Tile:9_flip 3 4 0
Map 12 3 1
Tile:0 2 4 0
Tile:8 1 4 1
Drop 3 0 0
Tile:9 0 4 1
Drop 4 0 0
Tile:8 5 1 1
Tile:8 6 1 0
Tile:14 7 1 1
Tile:10 5 6 0
Tile:1 7 7 1
Tile:7_flip 5 2 0
Tile:3 6 0 1
Tile:6_flip 0 3 0
Tile:6_flip 3 3 1
Tile:0 8 6 0
Tile:13 5 0 1
Tile:6 6 2 0
Tile:5_flip 1 5 1
Tile:7 8 7 0
Map 12 3 1
Drop 1 0 0
Drop 1 0 1
Malus 0 0 0
Map 12 7 1
Drop 0 0 0
Bonus 0 0 1
GAMEOVER DRAW
# Game ended: Sun Apr 12 01:06:49 EDT 2020
