# Server version 0.08 running on DESKTOP-6KJFBSD:8123
# Game ID: 146
# Board class: Saboteur.SaboteurBoard
# Timeout: 20000
# First Move Timeout: 30000
# Date: Wed Apr 15 13:27:07 EDT 2020
# Player 1: Player-0, 'RandomPlayer', running on DESKTOP-6KJFBSD
# Player 2: Player-1, '260715909', running on DESKTOP-6KJFBSD
START Player-0 RandomPlayer
START Player-1 260715909
BoardInit:Tile:9,Tile:7,Tile:2,Tile:8,Destroy,Tile:6,Tile:8,Tile:0,Tile:9,Tile:0,Tile:8,Tile:1,Tile:7,Tile:9,Tile:6,Tile:3,Bonus,Tile:14,Bonus,Tile:6,Destroy,Tile:7,Map,Tile:0,Malus,Tile:0,Map,Map,Map,Tile:4,Tile:5,Tile:10,Bonus,Tile:7,Map,Tile:5,Tile:12,Tile:15,Tile:8,Tile:6,Tile:11-Tile:9,Tile:7,Bonus,Malus,Tile:10,Destroy,Map-Tile:6,Tile:5,Tile:9,Tile:5,Tile:10,Tile:8,Tile:13-Tile:hidden1,Tile:nugget,Tile:hidden2
Tile:10 5 4 1
Tile:5_flip 6 5 0
Tile:9 5 3 1
Tile:6 5 6 0
Tile:2_flip 4 6 1
Tile:8 5 2 0
Tile:9 6 4 1
Tile:6 4 2 0
Map 12 7 1
Tile:8 5 1 0
Drop 5 0 1
Tile:9_flip 7 4 0
Destroy 5 3 1
Tile:5 4 1 0
Drop 5 0 1
Tile:0 6 6 0
Tile:7 7 3 1
Tile:3_flip 3 2 0
Tile:6_flip 6 2 1
Tile:9 7 5 0
Drop 4 0 1
Tile:14_flip 3 6 0
Tile:9_flip 8 5 1
Tile:13 4 5 0
Destroy 7 3 1
Tile:6 3 5 0
Destroy 7 4 1
Tile:7_flip 3 7 0
