# Server version 0.08 running on DESKTOP-6KJFBSD:8123
# Game ID: 160
# Board class: Saboteur.SaboteurBoard
# Timeout: 20000
# First Move Timeout: 30000
# Date: Wed Apr 15 14:13:28 EDT 2020
# Player 1: Player-0, '260715909', running on DESKTOP-6KJFBSD
# Player 2: Player-1, 'RandomPlayer', running on DESKTOP-6KJFBSD
START Player-0 260715909
START Player-1 RandomPlayer
BoardInit:Tile:5,Tile:1,Map,Destroy,Tile:14,Tile:0,Malus,Tile:5,Map,Destroy,Bonus,Tile:11,Tile:9,Tile:15,Destroy,Bonus,Map,Tile:6,Tile:3,Tile:6,Tile:4,Tile:6,Tile:0,Tile:13,Tile:7,Tile:2,Tile:12,Tile:7,Tile:10,Tile:8,Tile:9,Bonus,Tile:6,Map,Tile:7,Map,Tile:10,Bonus,Tile:8,Tile:6,Tile:0-Map,Tile:9,Tile:7,Tile:5,Tile:7,Tile:8,Tile:9-Tile:5,Tile:8,Tile:0,Tile:10,Tile:9,Malus,Tile:8-Tile:hidden2,Tile:hidden1,Tile:nugget
Tile:9 5 6 1
Tile:5 5 4 0
Tile:5 4 5 1
Malus 0 0 0
Drop 1 0 1
Tile:8 6 4 0
Drop 1 0 1
GAMEOVER ILLEGAL MOVE: Player 0, CardUsed: (Tile:1), PosOfUse: (6, 7) WINNER 1
# Game ended: Wed Apr 15 14:13:31 EDT 2020
