# Server version 0.08 running on DESKTOP-6KJFBSD:8123
# Game ID: 267
# Board class: Saboteur.SaboteurBoard
# Timeout: 20000
# First Move Timeout: 30000
# Date: Wed Apr 15 22:52:07 EDT 2020
# Player 1: Player-0, '260715909', running on DESKTOP-6KJFBSD
# Player 2: Player-1, 'RandomPlayer', running on DESKTOP-6KJFBSD
START Player-0 260715909
START Player-1 RandomPlayer
BoardInit:Tile:0,Tile:9,Tile:6,Tile:8,Tile:9,Bonus,Bonus,Malus,Tile:9,Malus,Tile:2,Bonus,Destroy,Tile:10,Map,Tile:5,Tile:5,Tile:6,Map,Tile:8,Map,Tile:0,Map,Tile:5,Tile:0,Tile:11,Tile:12,Tile:14,Tile:7,Map,Tile:6,Tile:10,Tile:7,Destroy,Tile:7,Tile:8,Tile:4,Destroy,Tile:10,Tile:13,Tile:8-Tile:5,Tile:9,Tile:0,Tile:6,Tile:15,Tile:9,Tile:8-Map,Tile:3,Tile:6,Tile:7,Tile:1,Tile:7,Bonus-Tile:hidden1,Tile:hidden2,Tile:nugget
Tile:9_flip 6 5 1
Map 12 3 0
Tile:9 4 5 1
Tile:6_flip 6 4 0
Tile:8 4 4 1
Tile:7 7 4 0
Tile:0 3 4 1
Tile:9 6 6 0
Tile:9_flip 7 6 1
Malus 0 0 0
Bonus 0 0 1
Tile:7_flip 6 7 0
Tile:15 7 5 1
Malus 0 0 0
Drop 3 0 1
Tile:10 5 6 0
Destroy 6 5 1
Tile:8 7 7 0
Drop 3 0 1
Tile:6_flip 5 4 0
Map 12 3 1
Tile:5_flip 7 8 0
Drop 1 0 1
Tile:8 8 7 0
Drop 3 0 1
Tile:5 6 8 0
Map 12 7 1
Tile:0 9 7 0
Drop 5 0 1
Drop 0 0 0
Map 12 7 1
Map 12 7 0
Map 12 3 1
Tile:10 5 7 0
Drop 3 0 1
Drop 0 0 0
Drop 3 0 1
Tile:8 10 7 0
Drop 6 0 1
Drop 0 0 0
Drop 2 0 1
Drop 0 0 0
Drop 0 0 1
Drop 0 0 0
Drop 4 0 1
Drop 0 0 0
Drop 2 0 1
Drop 0 0 0
Drop 0 0 1
Drop 0 0 0
Drop 0 0 1
Drop 0 0 0
Drop 1 0 1
Drop 0 0 0
Drop 0 0 1
GAMEOVER DRAW
# Game ended: Wed Apr 15 22:52:10 EDT 2020
