# Server version 0.08 running on DESKTOP-6KJFBSD:8123
# Game ID: 130
# Board class: Saboteur.SaboteurBoard
# Timeout: 20000
# First Move Timeout: 30000
# Date: Wed Apr 15 12:10:38 EDT 2020
# Player 1: Player-0, '260715909', running on DESKTOP-6KJFBSD
# Player 2: Player-1, 'RandomPlayer', running on DESKTOP-6KJFBSD
START Player-0 260715909
START Player-1 RandomPlayer
BoardInit:Tile:3,Map,Tile:13,Tile:9,Tile:10,Map,Tile:7,Tile:7,Bonus,Tile:5,Map,Tile:9,Map,Tile:5,Tile:10,Tile:12,Tile:9,Tile:8,Tile:10,Destroy,Tile:5,Tile:4,Tile:7,Tile:8,Tile:7,Bonus,Tile:14,Tile:0,Tile:8,Tile:7,Destroy,Tile:9,Tile:0,Tile:6,Tile:5,Tile:15,Bonus,Tile:9,Destroy,Map,Bonus-Tile:2,Malus,Tile:6,Tile:11,Tile:8,Tile:8,Tile:1-Tile:6,Tile:0,Tile:6,Tile:6,Tile:0,Malus,Map-Tile:nugget,Tile:hidden2,Tile:hidden1
Tile:11_flip 5 4 1
Tile:6_flip 5 3 0
Tile:1 4 3 1
Tile:6 6 3 0
Tile:2_flip 7 3 1
Malus 0 0 0
Drop 3 0 1
Drop 2 0 0
Drop 5 0 1
Tile:6 5 6 0
Drop 4 0 1
Drop 3 0 0
Drop 0 0 1
Tile:9 4 6 0
Bonus 0 0 1
Map 12 5 0
Tile:3 6 2 1
Tile:5 4 5 0
Tile:9_flip 4 7 1
Tile:12_flip 3 3 0
Tile:10 7 2 1
Tile:5 7 1 0
Tile:5 3 7 1
Drop 1 0 0
Drop 2 0 1
Tile:8 3 8 0
Map 12 5 1
Destroy 6 3 0
Drop 0 0 1
Tile:0 4 4 0
Tile:7 6 6 1
Tile:8 4 8 0
Tile:7_flip 2 8 1
Tile:0 8 1 0
Tile:14 3 9 1
Tile:7_flip 5 2 0
Tile:5 3 4 1
Drop 3 0 0
Destroy 2 8 1
Tile:6 6 3 0
Map 12 3 1
Drop 4 0 0
Drop 0 0 1
Tile:9 4 9 0
Destroy 7 3 1
Drop 1 0 0
Tile:8 7 3 1
Tile:9 2 9 0
Drop 1 0 1
Drop 2 0 0
Tile:10 3 5 1
Map 12 7 0
Drop 1 0 1
Drop 0 0 0
Drop 0 0 1
GAMEOVER DRAW
# Game ended: Wed Apr 15 12:11:02 EDT 2020
