# Server version 0.08 running on DESKTOP-6KJFBSD:8123
# Game ID: 140
# Board class: Saboteur.SaboteurBoard
# Timeout: 20000
# First Move Timeout: 30000
# Date: Wed Apr 15 12:58:04 EDT 2020
# Player 1: Player-0, '260715909', running on DESKTOP-6KJFBSD
# Player 2: Player-1, 'RandomPlayer', running on DESKTOP-6KJFBSD
START Player-0 260715909
START Player-1 RandomPlayer
BoardInit:Tile:10,Tile:0,Tile:1,Bonus,Tile:0,Destroy,Tile:7,Map,Map,Tile:2,Tile:12,Map,Tile:9,Tile:4,Tile:9,Tile:8,Tile:13,Tile:0,Malus,Tile:5,Tile:11,Bonus,Tile:6,Tile:8,Tile:9,Tile:6,Tile:6,Tile:7,Tile:8,Map,Tile:8,Tile:5,Tile:5,Tile:9,Tile:3,Tile:9,Tile:6,Tile:7,Tile:10,Tile:15,Bonus-Map,Tile:7,Destroy,Tile:7,Tile:10,Tile:14,Tile:0-Destroy,Tile:6,Tile:8,Malus,Bonus,Map,Tile:5-Tile:nugget,Tile:hidden2,Tile:hidden1
Map 12 7 1
Drop 2 0 0
Tile:7 6 5 1
Drop 5 0 0
Tile:14_flip 4 5 1
Tile:6 4 6 0
Destroy 4 6 1
Destroy 6 5 0
Tile:1 6 5 1
Drop 1 0 0
Drop 3 0 1
Drop 1 0 0
Tile:10 5 4 1
Map 12 5 0
Tile:7 5 3 1
Tile:2_flip 7 5 0
Tile:9 4 3 1
Destroy 4 3 0
Tile:0 4 3 1
Malus 0 0 0
Drop 6 0 1
Drop 4 0 0
Map 12 7 1
Tile:5_flip 4 6 0
Drop 2 0 1
Drop 2 0 0
Drop 0 0 1
Tile:6_flip 3 3 0
Drop 5 0 1
Tile:7 8 5 0
Drop 0 0 1
Tile:0 2 3 0
Drop 6 0 1
Tile:5 7 4 0
Drop 3 0 1
Tile:0 8 4 0
Drop 3 0 1
Tile:9 5 6 0
Drop 6 0 1
Tile:7_flip 5 7 0
Drop 2 0 1
Drop 2 0 0
Drop 5 0 1
Tile:15 3 4 0
Drop 4 0 1
Map 12 7 0
Drop 3 0 1
Tile:4_flip 8 6 0
Drop 2 0 1
Tile:8 3 6 0
Drop 0 0 1
Tile:9 3 7 0
Bonus 0 0 1
Drop 0 0 0
Tile:13 3 8 1
GAMEOVER DRAW
# Game ended: Wed Apr 15 12:58:26 EDT 2020
