# Server version 0.08 running on DESKTOP-6KJFBSD:8123
# Game ID: 126
# Board class: Saboteur.SaboteurBoard
# Timeout: 20000
# First Move Timeout: 30000
# Date: Wed Apr 15 11:28:40 EDT 2020
# Player 1: Player-0, '260715909', running on DESKTOP-6KJFBSD
# Player 2: Player-1, 'RandomPlayer', running on DESKTOP-6KJFBSD
START Player-0 260715909
START Player-1 RandomPlayer
BoardInit:Tile:6,Tile:4,Tile:8,Destroy,Tile:0,Tile:8,Malus,Destroy,Tile:0,Bonus,Tile:6,Tile:10,Tile:5,Tile:6,Map,Tile:9,Map,Tile:6,Tile:7,Tile:14,Bonus,Tile:11,Tile:0,Tile:10,Tile:9,Tile:0,Bonus,Map,Tile:8,Map,Tile:5,Tile:7,Tile:13,Tile:15,Tile:5,Malus,Tile:8,Tile:9,Tile:7,Bonus,Tile:7-Tile:1,Tile:6,Tile:8,Tile:9,Tile:10,Map,Map-Tile:2,Tile:9,Destroy,Tile:5,Tile:3,Tile:7,Tile:12-Tile:hidden1,Tile:nugget,Tile:hidden2
Tile:10 5 6 1
Tile:7 6 5 0
Tile:9 5 7 1
Tile:9 6 6 0
Map 12 5 1
Destroy 6 6 0
Drop 2 0 1
Tile:8 5 4 0
Tile:6 4 4 1
Destroy 5 7 0
Tile:6 6 4 1
Tile:3_flip 6 6 0
Tile:6_flip 3 4 1
Destroy 6 4 0
Tile:0 2 4 1
Tile:2 4 5 0
Drop 1 0 1
Tile:9_flip 7 6 0
Tile:5_flip 6 4 1
Tile:6 3 5 0
Map 12 5 1
Tile:5 7 5 0
Tile:1 1 4 1
Tile:14_flip 5 3 0
Tile:7_flip 5 7 1
Drop 2 0 0
Tile:0 6 7 1
Tile:4_flip 4 6 0
Tile:9_flip 6 3 1
Tile:10 6 2 0
Tile:8 0 4 1
Drop 3 0 0
Tile:5_flip 7 7 1
Tile:12_flip 2 5 0
Drop 3 0 1
Drop 4 0 0
Tile:13 0 3 1
Tile:11 6 1 0
Drop 6 0 1
Tile:9_flip 0 5 0
Tile:5 0 2 1
Tile:0 1 3 0
Tile:7_flip 0 6 1
Tile:6_flip 1 6 0
Drop 4 0 1
Drop 3 0 0
Map 12 5 1
Tile:15 4 3 0
Drop 0 0 1
Map 12 5 0
Tile:7 4 2 1
Tile:7 2 6 0
Drop 1 0 1
Drop 0 0 0
Drop 0 0 1
GAMEOVER DRAW
# Game ended: Wed Apr 15 11:29:02 EDT 2020
