# Server version 0.08 running on DESKTOP-6KJFBSD:8123
# Game ID: 210
# Board class: Saboteur.SaboteurBoard
# Timeout: 20000
# First Move Timeout: 30000
# Date: Wed Apr 15 20:25:56 EDT 2020
# Player 1: Player-0, '260715909', running on DESKTOP-6KJFBSD
# Player 2: Player-1, 'RandomPlayer', running on DESKTOP-6KJFBSD
START Player-0 260715909
START Player-1 RandomPlayer
BoardInit:Tile:3,Destroy,Tile:1,Tile:7,Tile:5,Tile:7,Tile:6,Tile:11,Tile:8,Bonus,Tile:8,Destroy,Tile:9,Tile:6,Tile:9,Tile:15,Tile:10,Bonus,Tile:7,Tile:8,Map,Tile:4,Tile:7,Tile:0,Destroy,Tile:9,Tile:5,Map,Tile:6,Tile:0,Bonus,Tile:13,Tile:0,Malus,Tile:6,Map,Tile:5,Map,Bonus,Tile:10,Malus-Tile:10,Tile:14,Tile:2,Tile:9,Tile:5,Tile:8,Map-Tile:9,Map,Tile:0,Tile:8,Tile:6,Tile:12,Tile:7-Tile:nugget,Tile:hidden2,Tile:hidden1
Tile:9_flip 5 6 1
Tile:8 5 4 0
Tile:8 4 6 1
Tile:6 5 7 0
Tile:3 5 3 1
Map 12 5 0
Tile:14_flip 4 3 1
Tile:7_flip 3 6 0
Tile:2_flip 4 4 1
Tile:7 6 7 0
Drop 1 0 1
Tile:9 3 5 0
Tile:8 3 4 1
Destroy 5 4 0
Tile:6_flip 2 4 1
Tile:6_flip 4 5 0
Tile:9_flip 2 5 1
Tile:12_flip 1 4 0
Drop 5 0 1
Tile:0 1 5 0
Tile:7 6 5 1
Tile:7_flip 6 6 0
Tile:5 0 5 1
Tile:11 0 6 0
Tile:10 3 3 1
Destroy 3 4 0
Destroy 2 5 1
Tile:0 1 6 0
Drop 6 0 1
Tile:15 3 2 0
Tile:8 7 6 1
Tile:9 7 5 0
Drop 1 0 1
Tile:4_flip 6 8 0
Tile:7 8 6 1
Tile:13 3 4 0
Tile:6 8 5 1
Tile:8 8 7 0
Map 12 7 1
Tile:0 9 7 0
Tile:6_flip 9 5 1
Map 12 7 0
Map 12 7 1
Malus 0 0 0
Drop 1 0 1
Tile:10 8 4 0
Drop 4 0 1
Map 12 3 0
Drop 2 0 1
Map 12 7 0
Drop 0 0 1
Drop 0 0 0
Bonus 0 0 1
Drop 0 0 0
Drop 0 0 1
GAMEOVER DRAW
# Game ended: Wed Apr 15 20:25:58 EDT 2020
