# Server version 0.08 running on DESKTOP-6KJFBSD:8123
# Game ID: 219
# Board class: Saboteur.SaboteurBoard
# Timeout: 20000
# First Move Timeout: 30000
# Date: Wed Apr 15 20:57:26 EDT 2020
# Player 1: Player-0, '260715909', running on DESKTOP-6KJFBSD
# Player 2: Player-1, 'RandomPlayer', running on DESKTOP-6KJFBSD
START Player-0 260715909
START Player-1 RandomPlayer
BoardInit:Tile:12,Tile:15,Destroy,Tile:8,Tile:5,Bonus,Tile:8,Tile:4,Tile:10,Map,Tile:11,Tile:9,Bonus,Tile:7,Tile:8,Map,Tile:0,Tile:7,Tile:9,Bonus,Tile:9,Tile:7,Map,Tile:1,Tile:7,Tile:0,Tile:6,Tile:5,Map,Tile:5,Tile:6,Tile:0,Tile:7,Tile:2,Map,Tile:6,Tile:8,Tile:6,Tile:13,Tile:5,Malus-Tile:0,Bonus,Tile:6,Tile:3,Destroy,Tile:14,Tile:10-Malus,Tile:8,Tile:10,Tile:9,Map,Destroy,Tile:9-Tile:hidden1,Tile:hidden2,Tile:nugget
Drop 2 0 1
Malus 0 0 0
Drop 1 0 1
Map 12 3 0
Drop 4 0 1
Tile:8 5 4 0
Drop 5 0 1
Tile:10 5 3 0
Drop 0 0 1
Tile:8 5 2 0
Drop 1 0 1
Tile:9 5 6 0
Drop 0 0 1
Destroy 5 2 0
Drop 5 0 1
Tile:9 4 5 0
Drop 1 0 1
Tile:15 4 6 0
Drop 3 0 1
Tile:7 6 4 0
Drop 2 0 1
Tile:9_flip 4 7 0
Drop 3 0 1
Tile:7_flip 5 7 0
Drop 5 0 1
Tile:7_flip 3 7 0
Map 12 5 1
Tile:4 3 6 0
Drop 6 0 1
Map 12 3 0
Drop 3 0 1
Map 12 3 0
Map 12 7 1
Tile:1 6 6 0
Drop 0 0 1
Tile:5_flip 4 8 0
Map 12 7 1
Tile:0 6 7 0
Drop 0 0 1
Tile:5 3 8 0
Drop 4 0 1
Tile:2_flip 7 7 0
Malus 0 0 1
Bonus 0 0 0
Drop 4 0 1
Tile:6_flip 5 2 0
Drop 3 0 1
Tile:5_flip 8 7 0
Drop 2 0 1
Tile:6 6 5 0
Drop 0 0 1
Tile:0 6 2 0
Drop 1 0 1
Drop 0 0 0
Drop 0 0 1
GAMEOVER DRAW
# Game ended: Wed Apr 15 20:57:31 EDT 2020
