# Server version 0.08 running on DESKTOP-6KJFBSD:8123
# Game ID: 322
# Board class: Saboteur.SaboteurBoard
# Timeout: 20000
# First Move Timeout: 30000
# Date: Wed Apr 15 23:09:51 EDT 2020
# Player 1: Player-0, '260715909', running on DESKTOP-6KJFBSD
# Player 2: Player-1, 'RandomPlayer', running on DESKTOP-6KJFBSD
START Player-0 260715909
START Player-1 RandomPlayer
BoardInit:Tile:3,Tile:0,Tile:7,Map,Tile:7,Tile:10,Tile:5,Bonus,Tile:7,Tile:6,Tile:9,Tile:8,Tile:9,Tile:8,Tile:6,Malus,Bonus,Tile:10,Tile:13,Tile:12,Tile:6,Map,Tile:8,Tile:8,Tile:10,Tile:5,Destroy,Tile:15,Map,Map,Tile:7,Tile:6,Tile:5,Tile:4,Tile:5,Destroy,Tile:0,Tile:1,Tile:9,Tile:14,Tile:0-Tile:2,Tile:8,Destroy,Bonus,Tile:6,Bonus,Malus-Tile:7,Tile:0,Tile:9,Tile:9,Map,Tile:11,Map-Tile:hidden1,Tile:nugget,Tile:hidden2
Tile:2_flip 6 5 1
Map 12 7 0
Tile:6 7 5 1
Tile:7 8 5 0
Destroy 8 5 1
Tile:0 8 5 0
Tile:7_flip 4 5 1
Tile:9 7 4 0
Tile:3 9 5 1
Tile:9 7 3 0
Tile:8 4 4 1
Map 12 3 0
Tile:7_flip 5 6 1
Tile:0 6 6 0
Tile:7 7 6 1
Tile:6 9 6 0
Tile:9_flip 7 7 1
Tile:8 10 6 0
Tile:5 4 3 1
Tile:10 10 5 0
Tile:13 10 4 1
Map 12 3 0
Tile:6_flip 7 2 1
Tile:8 10 7 0
Tile:6 11 4 1
Tile:8 12 4 0
Tile:9_flip 10 3 1
Tile:5_flip 10 8 0
Destroy 10 5 1
Map 12 7 0
Tile:10 11 3 1
Tile:10 7 8 0
Map 12 5 1
Tile:6 13 4 0
Drop 3 0 1
Map 12 5 0
Drop 6 0 1
Malus 0 0 0
Bonus 0 0 1
Drop 0 0 0
Drop 6 0 1
Drop 0 0 0
Tile:8 11 6 1
Drop 0 0 0
Tile:5 9 7 1
Drop 0 0 0
Tile:0 9 4 1
Drop 0 0 0
Malus 0 0 1
Drop 0 0 0
Tile:7 13 3 1
Drop 0 0 0
Tile:0 12 6 1
Drop 0 0 0
Drop 0 0 1
GAMEOVER DRAW
# Game ended: Wed Apr 15 23:09:56 EDT 2020
