# Server version 0.08 running on DESKTOP-6KJFBSD:8123
# Game ID: 81
# Board class: Saboteur.SaboteurBoard
# Timeout: 20000
# First Move Timeout: 30000
# Date: Sun Apr 12 13:00:14 EDT 2020
# Player 1: Player-0, '260715909', running on DESKTOP-6KJFBSD
# Player 2: Player-1, 'RandomPlayer', running on DESKTOP-6KJFBSD
START Player-0 260715909
START Player-1 RandomPlayer
BoardInit:Destroy,Map,Tile:5,Tile:7,Tile:12,Tile:15,Tile:6,Tile:13,Tile:1,Tile:6,Bonus,Bonus,Destroy,Tile:0,Tile:8,Tile:5,Map,Malus,Map,Tile:0,Tile:6,Tile:6,Map,Tile:10,Tile:9,Bonus,Tile:8,Tile:9,Tile:8,Tile:0,Tile:7,Tile:8,Destroy,Tile:10,Tile:10,Map,Tile:5,Tile:11,Tile:9,Tile:3,Tile:8-Bonus,Tile:7,Tile:5,Tile:14,Tile:7,Tile:6,Malus-Tile:4,Tile:0,Tile:9,Map,Tile:9,Tile:7,Tile:2-Tile:nugget,Tile:hidden2,Tile:hidden1
Tile:14_flip 5 4 1
Map 12 5 0
Drop 1 0 1
Tile:7 6 5 0
Tile:6 6 4 1
Tile:9_flip 6 6 0
Tile:7 7 4 1
Tile:2 4 5 0
Tile:5 3 5 1
Tile:13 3 6 0
Drop 1 0 1
Drop 1 0 0
Destroy 3 6 1
Tile:4_flip 7 5 0
Destroy 5 4 1
Tile:6_flip 5 4 0
Tile:6 4 4 1
Tile:9 3 6 0
Tile:8 3 7 1
Tile:15 6 7 0
Tile:1 4 7 1
Map 12 3 0
Tile:5_flip 4 6 1
Tile:7_flip 2 7 0
Tile:6_flip 6 3 1
Tile:5_flip 3 8 0
Map 12 3 1
Tile:0 3 4 0
Tile:12 5 7 1
Drop 2 0 0
Map 12 7 1
Tile:0 2 8 0
Tile:7 2 6 1
Tile:8 6 8 0
Destroy 5 7 1
Tile:9 5 6 0
Drop 6 0 1
Tile:6_flip 1 8 0
Tile:5_flip 5 7 1
Malus 0 0 0
Map 12 5 1
Tile:11 1 9 0
Bonus 0 0 1
Drop 5 0 0
Tile:8 0 8 1
Drop 3 0 0
Tile:9 1 6 1
Tile:10 6 9 0
Tile:8 0 7 1
Map 12 7 0
Drop 1 0 1
Drop 0 0 0
Tile:8 6 10 1
Drop 0 0 0
Drop 0 0 1
GAMEOVER DRAW
# Game ended: Sun Apr 12 13:00:18 EDT 2020
