# Server version 0.08 running on DESKTOP-6KJFBSD:8123
# Game ID: 324
# Board class: Saboteur.SaboteurBoard
# Timeout: 20000
# First Move Timeout: 30000
# Date: Wed Apr 15 23:10:22 EDT 2020
# Player 1: Player-0, '260715909', running on DESKTOP-6KJFBSD
# Player 2: Player-1, 'RandomPlayer', running on DESKTOP-6KJFBSD
START Player-0 260715909
START Player-1 RandomPlayer
BoardInit:Tile:8,Tile:5,Tile:7,Tile:9,Tile:6,Tile:11,Tile:8,Tile:7,Tile:4,Tile:8,Bonus,Tile:6,Tile:3,Tile:13,Malus,Tile:7,Tile:8,Bonus,Tile:7,Tile:12,Tile:5,Tile:10,Tile:0,Map,Tile:8,Tile:10,Map,Tile:0,Bonus,Tile:10,Tile:0,Map,Map,Tile:7,Tile:6,Tile:15,Bonus,Tile:9,Destroy,Tile:0,Tile:9-Destroy,Tile:1,Tile:5,Map,Destroy,Tile:9,Map-Tile:14,Tile:2,Tile:5,Malus,Tile:6,Tile:6,Tile:9-Tile:hidden1,Tile:hidden2,Tile:nugget
Drop 2 0 1
Tile:5_flip 6 5 0
Tile:8 4 5 1
Tile:5 6 4 0
Tile:9_flip 4 4 1
Tile:6_flip 7 4 0
Tile:7_flip 7 5 1
Malus 0 0 0
Map 12 3 1
Tile:9_flip 8 5 0
Destroy 4 4 1
Tile:6_flip 8 4 0
Destroy 8 4 1
Tile:6_flip 8 4 0
Map 12 7 1
Tile:9 8 6 0
Drop 6 0 1
Tile:7 9 4 0
Drop 3 0 1
Tile:7_flip 9 5 0
Drop 2 0 1
Tile:8 10 5 0
Drop 3 0 1
Tile:10 8 7 0
Drop 5 0 1
Map 12 5 0
Drop 0 0 1
Tile:10 10 6 0
Drop 6 0 1
Tile:0 11 5 0
Drop 4 0 1
Tile:10 8 8 0
Drop 6 0 1
Map 12 3 0
Drop 4 0 1
Tile:7 9 6 0
Map 12 7 1
Drop 0 0 0
Bonus 0 0 1
Tile:9 9 7 0
Tile:6 10 7 1
Tile:0 11 7 0
GAMEOVER WINNER 0
# Game ended: Wed Apr 15 23:10:24 EDT 2020
