# Server version 0.08 running on DESKTOP-6KJFBSD:8123
# Game ID: 311
# Board class: Saboteur.SaboteurBoard
# Timeout: 20000
# First Move Timeout: 30000
# Date: Wed Apr 15 23:07:45 EDT 2020
# Player 1: Player-0, '260715909', running on DESKTOP-6KJFBSD
# Player 2: Player-1, 'RandomPlayer', running on DESKTOP-6KJFBSD
START Player-0 260715909
START Player-1 RandomPlayer
BoardInit:Tile:9,Tile:5,Tile:9,Tile:9,Bonus,Tile:3,Destroy,Tile:8,Malus,Tile:8,Tile:7,Tile:5,Tile:10,Malus,Tile:6,Destroy,Map,Tile:4,Tile:7,Tile:15,Tile:10,Tile:6,Tile:5,Tile:7,Tile:6,Tile:14,Tile:7,Tile:0,Tile:10,Tile:0,Tile:0,Tile:0,Destroy,Bonus,Tile:8,Tile:2,Bonus,Map,Tile:1,Map,Map-Tile:11,Tile:6,Bonus,Tile:13,Tile:5,Tile:7,Map-Tile:9,Tile:9,Tile:12,Tile:6,Tile:8,Tile:8,Map-Tile:nugget,Tile:hidden1,Tile:hidden2
Tile:7_flip 5 6 1
Map 12 7 0
Tile:13 6 6 1
Tile:9 6 7 0
Tile:11_flip 6 8 1
Tile:8 7 7 0
Tile:6_flip 8 7 1
Tile:6_flip 7 6 0
Tile:9 5 4 1
Tile:8 8 8 0
Malus 0 0 1
Drop 0 0 0
Tile:9 6 9 1
Drop 0 0 0
Destroy 6 6 1
Malus 0 0 0
Drop 3 0 1
Drop 0 0 0
Drop 3 0 1
Drop 0 0 0
Map 12 5 1
Drop 0 0 0
Map 12 3 1
Drop 0 0 0
Drop 5 0 1
Drop 0 0 0
Drop 0 0 1
Drop 0 0 0
Drop 5 0 1
Drop 0 0 0
Drop 0 0 1
Drop 0 0 0
Drop 6 0 1
Drop 0 0 0
Destroy 6 8 1
Drop 0 0 0
Drop 3 0 1
Drop 0 0 0
Drop 0 0 1
Map 12 5 0
Drop 4 0 1
Map 12 3 0
Map 12 7 1
Drop 0 0 0
Drop 4 0 1
Drop 0 0 0
Drop 2 0 1
Drop 0 0 0
Drop 0 0 1
Drop 0 0 0
Drop 0 0 1
Drop 0 0 0
Drop 1 0 1
Drop 0 0 0
Drop 0 0 1
GAMEOVER DRAW
# Game ended: Wed Apr 15 23:07:47 EDT 2020
