# Server version 0.08 running on DESKTOP-6KJFBSD:8123
# Game ID: 265
# Board class: Saboteur.SaboteurBoard
# Timeout: 20000
# First Move Timeout: 30000
# Date: Wed Apr 15 22:50:18 EDT 2020
# Player 1: Player-0, '260715909', running on DESKTOP-6KJFBSD
# Player 2: Player-1, '260715909', running on DESKTOP-6KJFBSD
START Player-0 260715909
START Player-1 260715909
BoardInit:Tile:0,Map,Tile:9,Malus,Tile:6,Bonus,Tile:4,Tile:15,Tile:5,Tile:7,Bonus,Map,Tile:13,Map,Tile:3,Bonus,Tile:6,Tile:7,Tile:8,Tile:6,Tile:9,Destroy,Tile:0,Tile:7,Tile:7,Tile:8,Destroy,Tile:6,Tile:2,Tile:0,Tile:9,Tile:0,Tile:10,Map,Tile:10,Map,Tile:11,Map,Tile:9,Tile:12,Tile:8-Tile:10,Tile:5,Tile:14,Tile:1,Tile:5,Bonus,Tile:8-Tile:7,Tile:8,Destroy,Malus,Tile:9,Tile:5,Tile:6-Tile:nugget,Tile:hidden2,Tile:hidden1
Tile:10 5 4 1
Tile:7 5 3 0
Tile:5_flip 5 6 1
Map 12 3 0
Tile:0 6 5 1
Tile:8 7 5 0
Tile:5 7 4 1
Tile:9 7 6 0
Tile:8 8 4 1
Tile:5 8 3 0
Tile:9 7 7 1
Tile:6_flip 8 7 0
Tile:5_flip 8 6 1
Tile:7 9 7 0
Tile:6 7 8 1
Malus 0 0 0
Drop 0 0 1
Malus 0 0 0
Drop 0 0 1
Tile:7_flip 6 8 0
Drop 0 0 1
Map 12 7 0
Drop 0 0 1
Tile:6 8 8 0
Drop 0 0 1
Tile:7 9 4 0
Drop 0 0 1
Map 12 7 0
Drop 0 0 1
Tile:8 8 5 0
Drop 0 0 1
Tile:6 9 3 0
Drop 0 0 1
Tile:0 10 3 0
Drop 0 0 1
Tile:0 11 3 0
GAMEOVER WINNER 0
# Game ended: Wed Apr 15 22:50:21 EDT 2020
