# Server version 0.08 running on DESKTOP-6KJFBSD:8123
# Game ID: 136
# Board class: Saboteur.SaboteurBoard
# Timeout: 20000
# First Move Timeout: 30000
# Date: Wed Apr 15 12:27:46 EDT 2020
# Player 1: Player-0, 'RandomPlayer', running on DESKTOP-6KJFBSD
# Player 2: Player-1, '260715909', running on DESKTOP-6KJFBSD
START Player-0 RandomPlayer
START Player-1 260715909
BoardInit:Map,Tile:0,Bonus,Malus,Map,Tile:1,Tile:7,Tile:6,Tile:2,Tile:14,Bonus,Map,Tile:8,Map,Tile:9,Tile:6,Tile:8,Tile:4,Tile:6,Tile:9,Bonus,Tile:8,Tile:11,Tile:13,Tile:0,Tile:9,Tile:6,Map,Tile:5,Tile:15,Tile:7,Map,Tile:5,Tile:0,Tile:10,Destroy,Tile:7,Destroy,Tile:10,Tile:10,Tile:5-Tile:8,Tile:7,Tile:8,Destroy,Tile:9,Tile:9,Tile:3-Tile:5,Malus,Bonus,Tile:6,Tile:12,Tile:7,Tile:0-Tile:nugget,Tile:hidden1,Tile:hidden2
Tile:8 6 5 1
Tile:7 7 5 0
Tile:9_flip 6 6 1
Drop 5 0 0
Tile:7_flip 7 6 1
Tile:5 6 4 0
Drop 4 0 1
Tile:6 5 6 0
Tile:3_flip 4 5 1
Drop 0 0 0
Tile:7_flip 6 7 1
Tile:1 4 6 0
Destroy 6 7 1
Drop 6 0 0
Drop 3 0 1
Tile:6 8 6 0
Tile:8 4 4 1
Tile:6_flip 9 6 0
Tile:9_flip 10 6 1
Tile:14_flip 3 6 0
Tile:2 10 5 1
Tile:12 11 5 0
Tile:6 9 7 1
Map 12 5 0
Tile:9_flip 5 4 1
Tile:0 8 7 0
Tile:8 3 7 1
Drop 3 0 0
Tile:8 2 7 1
Map 12 5 0
Tile:6 3 8 1
Tile:8 10 7 0
Tile:11 2 8 1
Malus 0 0 0
Drop 3 0 1
Drop 3 0 0
Drop 2 0 1
Destroy 5 6 0
Bonus 0 0 1
Drop 2 0 0
Tile:7_flip 2 9 1
Destroy 9 6 0
Tile:10 8 5 1
Tile:15 10 8 0
Tile:10 6 7 1
Drop 3 0 0
Tile:5 1 7 1
Tile:4_flip 6 8 0
Tile:5_flip 4 8 1
Map 12 7 0
Tile:7_flip 3 4 1
Tile:10 2 6 0
Tile:5_flip 7 4 1
Drop 0 0 0
Drop 0 0 1
GAMEOVER DRAW
# Game ended: Wed Apr 15 12:28:09 EDT 2020
