# Server version 0.08 running on DESKTOP-6KJFBSD:8123
# Game ID: 240
# Board class: Saboteur.SaboteurBoard
# Timeout: 20000
# First Move Timeout: 30000
# Date: Wed Apr 15 22:15:09 EDT 2020
# Player 1: Player-0, '260715909', running on DESKTOP-6KJFBSD
# Player 2: Player-1, 'RandomPlayer', running on DESKTOP-6KJFBSD
START Player-0 260715909
START Player-1 RandomPlayer
BoardInit:Tile:8,Tile:5,Malus,Tile:12,Malus,Destroy,Tile:1,Tile:6,Tile:0,Tile:8,Tile:9,Destroy,Tile:9,Tile:5,Tile:7,Bonus,Tile:8,Tile:8,Tile:7,Tile:8,Tile:11,Map,Tile:9,Tile:6,Map,Tile:4,Tile:10,Tile:13,Tile:14,Tile:9,Tile:10,Tile:5,Bonus,Tile:3,Tile:9,Tile:6,Tile:0,Tile:7,Tile:15,Map,Tile:7-Map,Tile:0,Bonus,Map,Tile:5,Tile:6,Tile:6-Tile:0,Destroy,Bonus,Tile:7,Tile:10,Tile:2,Map-Tile:hidden1,Tile:nugget,Tile:hidden2
Tile:6 4 5 1
Tile:0 3 5 0
Tile:5 5 4 1
Tile:5_flip 5 6 0
Tile:0 6 4 1
Map 12 3 0
Drop 3 0 1
Tile:7 6 5 0
Malus 0 0 1
Drop 0 0 0
Map 12 3 1
Drop 0 0 0
Malus 0 0 1
Drop 0 0 0
Drop 1 0 1
Drop 0 0 0
Tile:9 6 6 1
Drop 0 0 0
Tile:9_flip 7 6 1
Drop 0 0 0
Tile:8 6 7 1
Drop 0 0 0
Tile:11_flip 6 8 1
Map 12 3 0
Tile:7_flip 2 5 1
Drop 0 0 0
Tile:1 4 6 1
Drop 0 0 0
Tile:0 7 4 1
Drop 0 0 0
Tile:10 6 9 1
Drop 0 0 0
Tile:9_flip 8 4 1
Drop 0 0 0
Tile:7 4 4 1
Drop 0 0 0
Tile:9 8 3 1
Drop 0 0 0
Tile:0 5 8 1
Drop 0 0 0
Tile:8 9 3 1
Map 12 3 0
Drop 0 0 1
Drop 0 0 0
Tile:14_flip 3 6 1
Drop 0 0 0
Tile:7 10 3 1
Drop 0 0 0
Tile:15 3 7 1
Drop 0 0 0
Drop 0 0 1
Drop 0 0 0
Tile:10 6 10 1
Drop 0 0 0
Drop 0 0 1
GAMEOVER DRAW
# Game ended: Wed Apr 15 22:15:10 EDT 2020
