# Server version 0.08 running on DESKTOP-6KJFBSD:8123
# Game ID: 249
# Board class: Saboteur.SaboteurBoard
# Timeout: 20000
# First Move Timeout: 30000
# Date: Wed Apr 15 22:28:11 EDT 2020
# Player 1: Player-0, '260715909', running on DESKTOP-6KJFBSD
# Player 2: Player-1, '260715909', running on DESKTOP-6KJFBSD
START Player-0 260715909
START Player-1 260715909
BoardInit:Tile:7,Map,Tile:0,Tile:9,Tile:7,Tile:8,Destroy,Tile:1,Tile:12,Tile:2,Tile:8,Tile:5,Tile:4,Tile:0,Tile:6,Tile:8,Tile:13,Tile:6,Tile:11,Bonus,Tile:5,Tile:6,Malus,Tile:6,Bonus,Bonus,Tile:5,Tile:5,Map,Bonus,Tile:8,Tile:3,Tile:9,Tile:10,Destroy,Tile:7,Map,Tile:9,Tile:9,Tile:14,Tile:10-Tile:9,Malus,Tile:0,Map,Destroy,Map,Tile:10-Map,Tile:8,Tile:15,Tile:6,Tile:7,Tile:7,Tile:0-Tile:hidden1,Tile:nugget,Tile:hidden2
Tile:0 6 5 1
Tile:6_flip 7 5 0
Tile:9 5 6 1
Tile:0 8 5 0
Malus 0 0 1
Map 12 5 0
Map 12 3 1
Map 12 3 0
Map 12 3 1
Drop 0 0 0
Tile:10 5 7 1
Drop 0 0 0
Tile:7 6 6 1
Drop 0 0 0
Tile:0 4 5 1
Drop 0 0 0
Tile:7 9 5 1
Drop 0 0 0
Tile:8 3 5 1
Drop 0 0 0
Tile:6 3 6 1
Drop 0 0 0
Tile:5 2 5 1
Drop 0 0 0
Malus 0 0 1
Drop 0 0 0
Drop 0 0 1
Drop 0 0 0
Tile:5_flip 5 8 1
Drop 0 0 0
Map 12 3 1
Drop 0 0 0
Tile:8 2 6 1
Drop 0 0 0
Tile:9 2 7 1
Drop 0 0 0
Drop 0 0 1
Drop 0 0 0
Map 12 3 1
Drop 0 0 0
Tile:9 1 6 1
Drop 0 0 0
Tile:10 1 5 1
Drop 0 0 0
Drop 0 0 1
Drop 0 0 0
Drop 0 0 1
Drop 0 0 0
Drop 0 0 1
Drop 0 0 0
Drop 0 0 1
Drop 0 0 0
Drop 0 0 1
Drop 0 0 0
Drop 0 0 1
GAMEOVER DRAW
# Game ended: Wed Apr 15 22:28:13 EDT 2020
