# Server version 0.08 running on DESKTOP-6KJFBSD:8123
# Game ID: 330
# Board class: Saboteur.SaboteurBoard
# Timeout: 20000
# First Move Timeout: 30000
# Date: Wed Apr 15 23:29:55 EDT 2020
# Player 1: Player-0, '260715909', running on DESKTOP-6KJFBSD
# Player 2: Player-1, 'RandomPlayer', running on DESKTOP-6KJFBSD
START Player-0 260715909
START Player-1 RandomPlayer
BoardInit:Tile:8,Tile:6,Tile:7,Tile:0,Tile:7,Malus,Tile:9,Tile:14,Tile:8,Tile:0,Destroy,Tile:8,Tile:8,Tile:2,Tile:6,Bonus,Tile:0,Tile:7,Tile:0,Bonus,Map,Tile:5,Map,Tile:7,Tile:9,Tile:6,Tile:15,Tile:5,Tile:5,Tile:3,Tile:12,Tile:5,Tile:6,Map,Tile:10,Tile:8,Map,Tile:9,Bonus,Tile:1,Bonus-Tile:13,Tile:4,Tile:9,Tile:11,Map,Tile:10,Tile:7-Tile:6,Destroy,Destroy,Malus,Map,Tile:9,Tile:10-Tile:hidden1,Tile:nugget,Tile:hidden2
Tile:10 5 6 1
Malus 0 0 0
Map 12 3 1
Map 12 5 0
Drop 4 0 1
Tile:6_flip 6 5 0
Drop 5 0 1
Tile:9 6 6 0
Drop 1 0 1
Tile:6 7 6 0
Drop 4 0 1
Tile:0 8 6 0
Drop 0 0 1
Tile:0 9 6 0
Drop 2 0 1
Tile:8 6 7 0
Drop 5 0 1
Malus 0 0 0
Drop 3 0 1
Tile:7 7 5 0
Drop 4 0 1
Drop 0 0 0
Drop 5 0 1
Tile:5_flip 10 6 0
Map 12 3 1
Tile:7 7 7 0
Drop 3 0 1
Tile:10 10 5 0
Drop 4 0 1
Tile:5 10 4 0
Drop 0 0 1
Tile:6 11 4 0
Drop 6 0 1
Tile:5 11 3 0
Drop 3 0 1
Map 12 5 0
Drop 3 0 1
Tile:8 12 4 0
GAMEOVER WINNER 0
# Game ended: Wed Apr 15 23:29:57 EDT 2020
