# Server version 0.08 running on DESKTOP-6KJFBSD:8123
# Game ID: 323
# Board class: Saboteur.SaboteurBoard
# Timeout: 20000
# First Move Timeout: 30000
# Date: Wed Apr 15 23:10:03 EDT 2020
# Player 1: Player-0, '260715909', running on DESKTOP-6KJFBSD
# Player 2: Player-1, 'RandomPlayer', running on DESKTOP-6KJFBSD
START Player-0 260715909
START Player-1 RandomPlayer
BoardInit:Destroy,Tile:8,Tile:12,Bonus,Tile:14,Tile:6,Tile:1,Tile:10,Tile:15,Tile:7,Tile:5,Tile:9,Tile:5,Tile:10,Tile:8,Tile:0,Bonus,Tile:8,Tile:9,Tile:10,Tile:7,Map,Tile:2,Map,Tile:8,Tile:6,Tile:4,Map,Malus,Tile:6,Tile:9,Tile:3,Tile:6,Tile:8,Tile:9,Map,Tile:9,Map,Tile:0,Tile:5,Tile:7-Tile:13,Tile:7,Bonus,Destroy,Map,Tile:11,Tile:0-Malus,Destroy,Tile:5,Tile:6,Tile:0,Tile:7,Bonus-Tile:hidden1,Tile:hidden2,Tile:nugget
Tile:13 6 5 1
Tile:7 6 4 0
Drop 1 0 1
Tile:5_flip 6 6 0
Destroy 6 5 1
Malus 0 0 0
Map 12 5 1
Tile:8 6 5 0
Destroy 6 5 1
Drop 0 0 0
Drop 4 0 1
Drop 0 0 0
Drop 0 0 1
Tile:9_flip 6 5 0
Drop 0 0 1
Drop 0 0 0
Drop 5 0 1
Drop 0 0 0
Drop 3 0 1
Drop 0 0 0
Drop 2 0 1
Drop 0 0 0
Drop 3 0 1
Map 12 3 0
Drop 5 0 1
Map 12 3 0
Drop 0 0 1
Drop 0 0 0
Drop 6 0 1
Map 12 3 0
Drop 4 0 1
Drop 0 0 0
Drop 6 0 1
Drop 0 0 0
Drop 4 0 1
Drop 0 0 0
Drop 3 0 1
Map 12 3 0
Bonus 0 0 1
Map 12 3 0
Tile:12_flip 4 5 1
Drop 0 0 0
Tile:5 5 4 1
Drop 0 0 0
Drop 4 0 1
Drop 0 0 0
Tile:9 5 6 1
Drop 0 0 0
Drop 3 0 1
Drop 0 0 0
Drop 1 0 1
Drop 0 0 0
Malus 0 0 1
Drop 0 0 0
Drop 0 0 1
GAMEOVER DRAW
# Game ended: Wed Apr 15 23:10:04 EDT 2020
