# Server version 0.08 running on DESKTOP-6KJFBSD:8123
# Game ID: 312
# Board class: Saboteur.SaboteurBoard
# Timeout: 20000
# First Move Timeout: 30000
# Date: Wed Apr 15 23:07:52 EDT 2020
# Player 1: Player-0, '260715909', running on DESKTOP-6KJFBSD
# Player 2: Player-1, 'RandomPlayer', running on DESKTOP-6KJFBSD
START Player-0 260715909
START Player-1 RandomPlayer
BoardInit:Bonus,Tile:13,Tile:7,Destroy,Tile:7,Tile:6,Tile:9,Map,Tile:8,Tile:7,Tile:6,Bonus,Tile:3,Tile:7,Tile:0,Malus,Tile:6,Tile:9,Bonus,Tile:0,Tile:5,Tile:10,Map,Tile:8,Tile:7,Tile:5,Tile:6,Tile:8,Destroy,Tile:9,Tile:12,Tile:11,Tile:9,Tile:4,Tile:10,Map,Tile:0,Tile:14,Malus,Tile:0,Destroy-Map,Tile:1,Tile:8,Tile:2,Tile:10,Tile:5,Map-Bonus,Tile:8,Tile:15,Tile:5,Tile:9,Tile:6,Map-Tile:hidden1,Tile:hidden2,Tile:nugget
Tile:5_flip 6 5 1
Tile:8 6 4 0
Tile:2_flip 4 5 1
Map 12 7 0
Tile:8 4 4 1
Tile:5 6 3 0
Map 12 5 1
Tile:9_flip 7 3 0
Tile:1 3 5 1
Tile:6 7 4 0
Tile:7 7 2 1
Tile:6_flip 8 4 0
Tile:6 8 5 1
Map 12 3 0
Tile:8 4 3 1
Tile:7 9 4 0
Tile:7_flip 3 4 1
Malus 0 0 0
Bonus 0 0 1
Tile:9_flip 9 5 0
Tile:0 6 2 1
Tile:7_flip 9 6 0
Tile:9_flip 5 3 1
Tile:0 10 6 0
Drop 4 0 1
Tile:8 11 6 0
Tile:3_flip 5 6 1
Tile:5 7 5 0
Tile:6_flip 5 2 1
Tile:10 11 5 0
Destroy 9 5 1
Tile:9_flip 9 5 0
Drop 6 0 1
Tile:8 11 4 0
Tile:5 11 3 1
Drop 0 0 0
Tile:10 11 7 1
Map 12 5 0
Tile:6 12 4 1
Drop 0 0 0
Tile:7_flip 10 4 1
Tile:0 6 6 0
Tile:9 3 3 1
Drop 0 0 0
Destroy 11 6 1
Drop 0 0 0
Tile:10 3 2 1
Drop 0 0 0
Drop 0 0 1
Drop 0 0 0
Map 12 5 1
Drop 0 0 0
Malus 0 0 1
Drop 0 0 0
Tile:0 13 3 1
GAMEOVER DRAW
# Game ended: Wed Apr 15 23:07:54 EDT 2020
