# Server version 0.08 running on DESKTOP-6KJFBSD:8123
# Game ID: 194
# Board class: Saboteur.SaboteurBoard
# Timeout: 20000
# First Move Timeout: 30000
# Date: Wed Apr 15 19:48:25 EDT 2020
# Player 1: Player-0, '260715909', running on DESKTOP-6KJFBSD
# Player 2: Player-1, 'RandomPlayer', running on DESKTOP-6KJFBSD
START Player-0 260715909
START Player-1 RandomPlayer
BoardInit:Tile:11,Tile:6,Map,Bonus,Map,Tile:5,Bonus,Tile:7,Tile:5,Tile:3,Tile:7,Tile:13,Tile:15,Tile:8,Tile:8,Tile:14,Tile:8,Tile:9,Tile:10,Tile:0,Tile:0,Tile:9,Tile:9,Tile:8,Tile:9,Tile:12,Tile:6,Malus,Map,Tile:8,Destroy,Tile:7,Malus,Tile:0,Bonus,Destroy,Tile:7,Map,Tile:2,Tile:10,Tile:10-Tile:0,Bonus,Tile:6,Destroy,Tile:4,Tile:5,Tile:7-Tile:6,Map,Tile:9,Tile:1,Tile:5,Map,Tile:6-Tile:hidden2,Tile:nugget,Tile:hidden1
Drop 2 0 1
Tile:6_flip 6 5 0
Tile:11 5 6 1
Tile:6 4 5 0
Tile:4 4 4 1
Map 12 7 0
Map 12 3 1
Tile:9 5 4 0
Tile:5_flip 6 4 1
Tile:6 3 5 0
Drop 1 0 1
Tile:5 2 5 0
Drop 4 0 1
Tile:1 7 5 0
Destroy 6 5 1
Tile:13 8 5 0
Tile:8 5 3 1
Tile:7 8 4 0
Drop 0 0 1
Tile:3 6 6 0
Tile:5 5 2 1
Tile:14 6 2 0
Tile:7_flip 8 6 1
Tile:5_flip 9 5 0
Tile:9_flip 2 6 1
Tile:9_flip 6 7 0
Tile:9 9 4 1
Tile:8 6 8 0
Tile:7_flip 4 3 1
Tile:0 9 6 0
Tile:10 4 2 1
Tile:8 6 1 0
Destroy 9 4 1
Tile:7_flip 7 4 0
Tile:0 1 6 1
Map 12 3 0
Drop 6 0 1
Destroy 5 3 0
Tile:8 2 7 1
Malus 0 0 0
Drop 2 0 1
Tile:12_flip 0 6 0
Drop 0 0 1
Tile:0 7 1 0
Drop 4 0 1
Tile:9_flip 7 3 0
Drop 0 0 1
Tile:10 6 0 0
Map 12 3 1
Tile:8 5 3 0
Drop 0 0 1
Map 12 5 0
Drop 1 0 1
Drop 0 0 0
Drop 0 0 1
GAMEOVER DRAW
# Game ended: Wed Apr 15 19:48:31 EDT 2020
