# Server version 0.08 running on DESKTOP-6KJFBSD:8123
# Game ID: 193
# Board class: Saboteur.SaboteurBoard
# Timeout: 20000
# First Move Timeout: 30000
# Date: Wed Apr 15 19:37:53 EDT 2020
# Player 1: Player-0, '260715909', running on DESKTOP-6KJFBSD
# Player 2: Player-1, 'RandomPlayer', running on DESKTOP-6KJFBSD
START Player-0 260715909
START Player-1 RandomPlayer
BoardInit:Tile:7,Tile:7,Tile:7,Tile:10,Malus,Map,Tile:8,Tile:8,Map,Tile:0,Tile:10,Tile:7,Malus,Tile:9,Tile:6,Bonus,Tile:6,Destroy,Tile:5,Tile:6,Tile:2,Tile:1,Tile:11,Tile:8,Map,Tile:3,Bonus,Tile:9,Tile:5,Tile:7,Bonus,Tile:4,Tile:6,Tile:0,Tile:10,Destroy,Tile:5,Tile:0,Tile:6,Map,Tile:0-Tile:15,Tile:14,Tile:9,Tile:5,Tile:13,Bonus,Tile:9-Map,Map,Tile:8,Tile:12,Destroy,Tile:9,Tile:8-Tile:hidden1,Tile:nugget,Tile:hidden2
Tile:13 4 5 1
Drop 6 0 0
Tile:9_flip 4 4 1
Drop 6 0 0
Tile:15 4 6 1
Drop 6 0 0
Tile:7 6 5 1
Drop 6 0 0
Tile:9 5 6 1
Drop 6 0 0
Drop 0 0 1
Drop 6 0 0
Tile:7 4 3 1
Drop 6 0 0
Drop 1 0 1
Drop 6 0 0
Tile:6 3 4 1
Drop 6 0 0
Tile:8 3 3 1
Drop 6 0 0
Tile:5 3 5 1
Drop 6 0 0
Tile:5 2 3 1
Drop 6 0 0
Tile:6 5 7 1
Drop 6 0 0
Tile:11_flip 3 6 1
Drop 6 0 0
Tile:2_flip 2 6 1
Drop 6 0 0
Drop 0 0 1
Drop 6 0 0
Tile:5_flip 6 6 1
Drop 6 0 0
Tile:10 3 7 1
Drop 6 0 0
Tile:10 2 5 1
Drop 6 0 0
Drop 3 0 1
Drop 6 0 0
Tile:6_flip 1 6 1
Drop 6 0 0
Tile:5 0 6 1
Drop 5 0 0
Drop 4 0 1
Drop 4 0 0
Map 12 7 1
Drop 3 0 0
Drop 2 0 1
Drop 2 0 0
Malus 0 0 1
Drop 1 0 0
Drop 1 0 1
Drop 0 0 0
Map 12 5 1
GAMEOVER DRAW
# Game ended: Wed Apr 15 19:37:55 EDT 2020
