# Server version 0.08 running on DESKTOP-6KJFBSD:8123
# Game ID: 145
# Board class: Saboteur.SaboteurBoard
# Timeout: 20000
# First Move Timeout: 30000
# Date: Wed Apr 15 13:16:06 EDT 2020
# Player 1: Player-0, '260715909', running on DESKTOP-6KJFBSD
# Player 2: Player-1, 'RandomPlayer', running on DESKTOP-6KJFBSD
START Player-0 260715909
START Player-1 RandomPlayer
BoardInit:Tile:3,Tile:15,Tile:7,Bonus,Tile:7,Tile:7,Tile:6,Tile:7,Tile:4,Map,Tile:8,Tile:2,Tile:13,Destroy,Map,Tile:8,Tile:8,Tile:6,Tile:6,Map,Tile:14,Tile:8,Tile:0,Tile:8,Bonus,Map,Tile:10,Bonus,Tile:9,Map,Tile:0,Tile:12,Tile:5,Tile:5,Tile:6,Malus,Tile:0,Tile:7,Bonus,Tile:10,Tile:9-Tile:5,Tile:10,Map,Tile:9,Tile:9,Tile:5,Tile:9-Tile:1,Tile:6,Malus,Destroy,Tile:0,Destroy,Tile:11-Tile:hidden2,Tile:hidden1,Tile:nugget
Tile:9 5 6 1
Tile:11_flip 5 4 0
Tile:5_flip 5 7 1
Destroy 5 6 0
Tile:3_flip 4 7 1
Tile:6_flip 4 4 0
Tile:7 6 5 1
Destroy 6 5 0
Tile:6 6 5 1
Tile:7 4 6 0
Drop 3 0 1
Drop 1 0 0
Tile:9_flip 5 3 1
Tile:2_flip 3 6 0
Tile:4 6 4 1
Tile:7_flip 4 5 0
Tile:9_flip 5 2 1
Tile:1 4 3 0
Tile:8 2 6 1
Tile:0 4 2 0
Tile:6 3 2 1
Tile:15 3 1 0
Tile:8 2 7 1
Tile:6 2 2 0
Tile:14 2 8 1
Tile:8 1 6 0
Tile:7 2 5 1
Tile:8 7 5 0
Tile:10 5 1 1
Destroy 5 7 0
Tile:0 3 4 1
Drop 2 0 0
Map 12 3 1
Map 12 5 0
Tile:5 7 4 1
Tile:12 8 5 0
Tile:9_flip 5 0 1
Tile:8 1 7 0
Tile:6_flip 0 7 1
Tile:5 4 0 0
Tile:0 5 7 1
Tile:7_flip 1 2 0
Tile:13 7 6 1
Drop 3 0 0
Tile:0 3 3 1
Drop 0 0 0
Tile:9_flip 3 0 1
Tile:10 0 8 0
Drop 0 0 1
Map 12 7 0
Tile:10 2 1 1
Malus 0 0 0
Drop 0 0 1
Drop 0 0 0
Bonus 0 0 1
GAMEOVER DRAW
# Game ended: Wed Apr 15 13:16:28 EDT 2020
