# Server version 0.08 running on DESKTOP-6KJFBSD:8123
# Game ID: 260
# Board class: Saboteur.SaboteurBoard
# Timeout: 20000
# First Move Timeout: 30000
# Date: Wed Apr 15 22:46:58 EDT 2020
# Player 1: Player-0, '260715909', running on DESKTOP-6KJFBSD
# Player 2: Player-1, '260715909', running on DESKTOP-6KJFBSD
START Player-0 260715909
START Player-1 260715909
BoardInit:Tile:9,Tile:10,Tile:0,Bonus,Bonus,Tile:12,Tile:9,Tile:3,Tile:8,Tile:0,Tile:5,Map,Tile:10,Tile:10,Tile:1,Tile:7,Tile:0,Tile:8,Tile:5,Tile:6,Malus,Tile:8,Tile:0,Tile:5,Map,Tile:8,Tile:11,Tile:7,Destroy,Malus,Tile:9,Tile:6,Tile:2,Tile:4,Tile:6,Tile:6,Destroy,Tile:7,Map,Tile:6,Map-Map,Bonus,Tile:8,Tile:14,Bonus,Tile:9,Tile:15-Tile:5,Tile:7,Tile:13,Destroy,Tile:7,Map,Tile:9-Tile:hidden2,Tile:hidden1,Tile:nugget
Map 12 3 1
Map 12 5 0
Drop 0 0 1
Drop 0 0 0
Drop 0 0 1
Drop 0 0 0
Drop 0 0 1
Drop 0 0 0
Drop 0 0 1
Drop 0 0 0
Drop 0 0 1
Drop 0 0 0
Drop 0 0 1
Map 12 3 0
Drop 0 0 1
Drop 0 0 0
Drop 0 0 1
Drop 0 0 0
Drop 0 0 1
Drop 0 0 0
Drop 0 0 1
Drop 0 0 0
Malus 0 0 1
Drop 0 0 0
Drop 0 0 1
Drop 0 0 0
Map 12 3 1
Drop 0 0 0
Drop 0 0 1
Drop 0 0 0
Drop 0 0 1
Malus 0 0 0
Drop 0 0 1
Drop 0 0 0
Drop 0 0 1
Drop 0 0 0
Drop 0 0 1
Drop 0 0 0
Drop 0 0 1
Drop 0 0 0
Map 12 3 1
Drop 0 0 0
Map 12 3 1
Drop 0 0 0
Drop 0 0 1
Drop 0 0 0
Drop 0 0 1
Drop 0 0 0
Drop 0 0 1
Drop 0 0 0
Drop 0 0 1
Drop 0 0 0
Drop 0 0 1
Drop 0 0 0
Drop 0 0 1
GAMEOVER DRAW
# Game ended: Wed Apr 15 22:47:01 EDT 2020
