# Server version 0.08 running on DESKTOP-6KJFBSD:8123
# Game ID: 246
# Board class: Saboteur.SaboteurBoard
# Timeout: 20000
# First Move Timeout: 30000
# Date: Wed Apr 15 22:27:28 EDT 2020
# Player 1: Player-0, '260715909', running on DESKTOP-6KJFBSD
# Player 2: Player-1, '260715909', running on DESKTOP-6KJFBSD
START Player-0 260715909
START Player-1 260715909
BoardInit:Tile:9,Bonus,Tile:10,Bonus,Tile:8,Map,Tile:9,Tile:7,Tile:15,Tile:3,Tile:5,Destroy,Tile:0,Bonus,Tile:13,Tile:0,Tile:14,Map,Tile:11,Malus,Tile:9,Tile:8,Tile:6,Tile:7,Bonus,Tile:6,Tile:10,Tile:9,Map,Tile:7,Destroy,Tile:2,Destroy,Tile:8,Tile:5,Tile:5,Tile:8,Tile:5,Tile:1,Map,Malus-Map,Tile:0,Tile:12,Tile:6,Tile:4,Tile:6,Tile:6-Tile:9,Tile:7,Tile:10,Tile:7,Map,Tile:0,Tile:8-Tile:hidden1,Tile:nugget,Tile:hidden2
Tile:6_flip 6 5 1
Tile:9 5 6 0
Tile:6_flip 4 5 1
Tile:7 7 5 0
Tile:9 7 6 1
Tile:10 4 6 0
Tile:10 7 7 1
Map 12 7 0
Map 12 5 1
Tile:7 8 6 0
Tile:0 3 5 1
Tile:0 2 5 0
Tile:9 1 5 1
Tile:7_flip 4 7 0
Tile:5_flip 1 6 1
Tile:8 7 8 0
Tile:6 0 6 1
Map 12 3 0
Tile:8 5 7 1
Tile:0 8 8 0
Tile:0 6 8 1
Map 12 3 0
Tile:9 5 8 1
Malus 0 0 0
Drop 0 0 1
Tile:7_flip 7 9 0
Drop 0 0 1
Tile:8 5 9 0
Drop 0 0 1
Tile:6 5 10 0
Map 12 3 1
Tile:9_flip 6 6 0
Drop 0 0 1
Tile:7 0 5 0
Drop 0 0 1
Tile:8 9 8 0
Drop 0 0 1
Tile:5_flip 10 8 0
Drop 0 0 1
Tile:5 4 9 0
Drop 0 0 1
Map 12 7 0
Malus 0 0 1
Drop 0 0 0
Drop 0 0 1
Drop 0 0 0
Drop 0 0 1
Drop 0 0 0
Drop 0 0 1
Drop 0 0 0
Drop 0 0 1
Drop 0 0 0
Drop 0 0 1
Drop 0 0 0
Drop 0 0 1
GAMEOVER DRAW
# Game ended: Wed Apr 15 22:27:32 EDT 2020
