# Server version 0.08 running on DESKTOP-6KJFBSD:8123
# Game ID: 256
# Board class: Saboteur.SaboteurBoard
# Timeout: 20000
# First Move Timeout: 30000
# Date: Wed Apr 15 22:39:51 EDT 2020
# Player 1: Player-0, '260715909', running on DESKTOP-6KJFBSD
# Player 2: Player-1, 'Human', running on DESKTOP-6KJFBSD
START Player-0 260715909
START Player-1 Human
BoardInit:Map,Tile:6,Tile:10,Destroy,Bonus,Tile:11,Tile:14,Tile:8,Map,Tile:13,Tile:6,Tile:10,Tile:0,Map,Tile:0,Tile:0,Tile:7,Malus,Tile:7,Tile:2,Bonus,Bonus,Tile:5,Tile:10,Tile:7,Map,Tile:9,Tile:7,Tile:8,Tile:15,Tile:12,Tile:5,Destroy,Tile:5,Tile:0,Tile:5,Tile:9,Tile:6,Malus,Tile:6,Tile:4-Tile:6,Tile:9,Tile:7,Map,Tile:3,Tile:8,Tile:8-Tile:9,Tile:1,Map,Tile:9,Destroy,Tile:8,Bonus-Tile:hidden1,Tile:nugget,Tile:hidden2
Tile:8 6 5 1
Tile:9_flip 6 6 0
Tile:8 7 5 1
Tile:9 7 6 0
Tile:6 8 6 1
Tile:6 7 7 0
Tile:7 8 7 1
Tile:8 8 8 0
GAMEOVER USER CANCEL UNDECIDED
# Game ended: Wed Apr 15 22:40:20 EDT 2020
