# Server version 0.08 running on DESKTOP-6KJFBSD:8123
# Game ID: 315
# Board class: Saboteur.SaboteurBoard
# Timeout: 20000
# First Move Timeout: 30000
# Date: Wed Apr 15 23:08:17 EDT 2020
# Player 1: Player-0, '260715909', running on DESKTOP-6KJFBSD
# Player 2: Player-1, 'RandomPlayer', running on DESKTOP-6KJFBSD
START Player-0 260715909
START Player-1 RandomPlayer
BoardInit:Tile:7,Tile:15,Map,Tile:10,Map,Tile:8,Tile:0,Tile:8,Destroy,Tile:6,Tile:5,Destroy,Tile:10,Malus,Bonus,Tile:6,Tile:5,Tile:8,Destroy,Tile:9,Tile:8,Tile:8,Tile:6,Map,Tile:1,Tile:3,Tile:7,Tile:5,Tile:9,Tile:9,Tile:9,Tile:7,Tile:12,Tile:13,Map,Map,Tile:14,Bonus,Malus,Tile:6,Tile:2-Tile:5,Tile:0,Tile:7,Tile:0,Map,Tile:0,Bonus-Tile:11,Tile:4,Tile:10,Tile:7,Tile:6,Bonus,Tile:9-Tile:hidden1,Tile:hidden2,Tile:nugget
Tile:0 6 5 1
Tile:6 7 5 0
Tile:5 4 5 1
Tile:10 7 4 0
Map 12 3 1
Tile:7 7 3 0
Map 12 7 1
Tile:9 6 3 0
Drop 3 0 1
Tile:8 8 5 0
Tile:7_flip 4 6 1
Tile:10 8 4 0
Tile:0 9 5 1
Tile:8 8 6 0
Tile:0 7 6 1
Tile:6_flip 9 6 0
Tile:5 5 4 1
Malus 0 0 0
Map 12 5 1
Tile:8 10 5 0
Destroy 4 5 1
Tile:6 11 5 0
Destroy 8 6 1
Tile:8 11 4 0
Drop 5 0 1
Tile:9_flip 12 4 0
Drop 0 0 1
Map 12 7 0
Drop 6 0 1
Tile:5 6 6 0
Drop 1 0 1
Tile:9 6 7 0
Drop 4 0 1
Tile:7 7 7 0
Drop 0 0 1
Drop 0 0 0
Drop 3 0 1
Map 12 7 0
Bonus 0 0 1
Drop 0 0 0
Tile:6 10 6 1
Tile:6 13 3 0
Tile:5_flip 5 6 1
Drop 0 0 0
Tile:2 4 5 1
Drop 0 0 0
Tile:14_flip 11 3 1
Drop 0 0 0
Tile:9 3 5 1
Drop 0 0 0
Map 12 7 1
Drop 0 0 0
Malus 0 0 1
Drop 0 0 0
Tile:12 11 6 1
GAMEOVER DRAW
# Game ended: Wed Apr 15 23:08:19 EDT 2020
