# Server version 0.08 running on DESKTOP-6KJFBSD:8123
# Game ID: 196
# Board class: Saboteur.SaboteurBoard
# Timeout: 20000
# First Move Timeout: 30000
# Date: Wed Apr 15 19:49:08 EDT 2020
# Player 1: Player-0, '260715909', running on DESKTOP-6KJFBSD
# Player 2: Player-1, 'RandomPlayer', running on DESKTOP-6KJFBSD
START Player-0 260715909
START Player-1 RandomPlayer
BoardInit:Map,Tile:10,Tile:7,Tile:7,Tile:3,Map,Map,Tile:6,Tile:0,Tile:0,Tile:0,Tile:1,Tile:5,Malus,Tile:7,Tile:5,Tile:6,Bonus,Tile:9,Malus,Tile:8,Tile:7,Tile:9,Tile:7,Tile:9,Tile:6,Tile:14,Tile:6,Tile:10,Tile:2,Tile:10,Map,Bonus,Bonus,Tile:8,Tile:13,Tile:0,Map,Tile:9,Tile:8,Map-Tile:12,Destroy,Tile:8,Tile:5,Tile:11,Tile:9,Tile:15-Tile:8,Destroy,Tile:5,Tile:4,Destroy,Bonus,Tile:6-Tile:hidden1,Tile:hidden2,Tile:nugget
Tile:9_flip 5 6 1
Tile:5_flip 5 7 0
Tile:8 4 6 1
Tile:6_flip 5 4 0
Tile:11 4 7 1
Tile:8 4 4 0
Tile:7 4 3 1
Destroy 4 6 0
Map 12 5 1
Tile:7_flip 4 8 0
Tile:5 3 4 1
Tile:4_flip 3 5 0
Tile:0 5 8 1
Destroy 3 4 0
Tile:5 3 3 1
Malus 0 0 0
Map 12 7 1
Tile:6 6 4 0
Destroy 4 7 1
Tile:1 7 4 0
Drop 2 0 1
Tile:10 6 3 0
Drop 0 0 1
Tile:0 6 5 0
Drop 2 0 1
Malus 0 0 0
Drop 0 0 1
Tile:5 4 7 0
Drop 5 0 1
Tile:7 8 4 0
Drop 0 0 1
Tile:2_flip 8 5 0
Drop 6 0 1
Tile:6_flip 7 5 0
Drop 0 0 1
Map 12 7 0
Drop 4 0 1
Tile:7_flip 4 6 0
Drop 0 0 1
Tile:6 6 8 0
Drop 4 0 1
Tile:8 3 4 0
Map 12 7 1
Map 12 3 0
Drop 4 0 1
Tile:13 2 4 0
Drop 3 0 1
Map 12 3 0
Drop 0 0 1
Drop 0 0 0
Drop 0 0 1
Drop 0 0 0
Drop 1 0 1
Drop 0 0 0
Drop 0 0 1
GAMEOVER DRAW
# Game ended: Wed Apr 15 19:49:10 EDT 2020
