# Server version 0.08 running on DESKTOP-6KJFBSD:8123
# Game ID: 138
# Board class: Saboteur.SaboteurBoard
# Timeout: 20000
# First Move Timeout: 30000
# Date: Wed Apr 15 12:35:15 EDT 2020
# Player 1: Player-0, '260715909', running on DESKTOP-6KJFBSD
# Player 2: Player-1, 'RandomPlayer', running on DESKTOP-6KJFBSD
START Player-0 260715909
START Player-1 RandomPlayer
BoardInit:Tile:7,Bonus,Destroy,Destroy,Tile:10,Tile:8,Map,Tile:8,Tile:6,Tile:1,Tile:13,Tile:7,Tile:5,Tile:7,Tile:8,Tile:9,Tile:14,Tile:6,Tile:15,Tile:9,Malus,Map,Map,Tile:9,Bonus,Tile:6,Tile:0,Tile:8,Tile:9,Tile:3,Tile:5,Malus,Tile:10,Tile:10,Tile:5,Tile:12,Tile:0,Tile:0,Tile:11,Tile:9,Tile:7-Bonus,Tile:4,Bonus,Tile:0,Tile:8,Tile:7,Map-Tile:5,Tile:6,Destroy,Map,Tile:2,Map,Tile:6-Tile:nugget,Tile:hidden1,Tile:hidden2
Tile:7 5 4 1
Tile:6 4 5 0
Drop 1 0 1
Map 12 5 0
Destroy 4 5 1
Tile:2 4 4 0
Drop 6 0 1
Destroy 5 4 0
Map 12 7 1
Drop 2 0 0
Tile:8 3 4 1
Tile:8 5 4 0
Tile:6 6 4 1
Tile:7 7 4 0
Tile:5_flip 7 5 1
Tile:7 5 3 0
Tile:7_flip 2 4 1
Tile:5_flip 5 6 0
Tile:0 6 5 1
Destroy 6 5 0
Tile:15 2 3 1
Tile:9_flip 3 5 0
Drop 1 0 1
Tile:9 6 3 0
Drop 0 0 1
Tile:9_flip 3 6 0
Tile:14_flip 6 2 1
Drop 3 0 0
Tile:8 7 2 1
Map 12 5 0
Tile:9 4 6 1
Tile:6_flip 2 6 0
Drop 1 0 1
Tile:6_flip 6 5 0
Tile:5_flip 8 2 1
Tile:3_flip 4 7 0
Tile:5 2 2 1
Tile:8 7 1 0
Tile:0 6 1 1
Tile:0 2 5 0
Tile:0 5 7 1
Drop 2 0 0
Drop 0 0 1
Tile:9 4 5 0
Tile:10 6 6 1
Drop 3 0 0
Tile:7_flip 4 3 1
Drop 2 0 0
Tile:11 5 1 1
Drop 2 0 0
Drop 1 0 1
Map 12 7 0
Malus 0 0 1
Drop 0 0 0
Drop 0 0 1
GAMEOVER DRAW
# Game ended: Wed Apr 15 12:35:37 EDT 2020
