# Server version 0.08 running on DESKTOP-6KJFBSD:8123
# Game ID: 343
# Board class: Saboteur.SaboteurBoard
# Timeout: 20000
# First Move Timeout: 30000
# Date: Wed Apr 15 23:32:29 EDT 2020
# Player 1: Player-0, '260715909', running on DESKTOP-6KJFBSD
# Player 2: Player-1, 'RandomPlayer', running on DESKTOP-6KJFBSD
START Player-0 260715909
START Player-1 RandomPlayer
BoardInit:Tile:7,Tile:11,Tile:6,Destroy,Destroy,Tile:6,Map,Tile:0,Tile:8,Map,Tile:5,Malus,Tile:7,Map,Tile:2,Tile:6,Bonus,Tile:13,Tile:5,Tile:5,Map,Tile:10,Tile:4,Tile:7,Tile:8,Tile:7,Tile:0,Tile:5,Tile:8,Tile:10,Tile:6,Tile:9,Tile:15,Malus,Tile:6,Tile:9,Tile:14,Tile:12,Tile:10,Tile:0,Bonus-Tile:7,Bonus,Map,Tile:9,Tile:8,Map,Destroy-Tile:9,Tile:9,Tile:8,Tile:0,Tile:3,Bonus,Tile:1-Tile:hidden1,Tile:nugget,Tile:hidden2
Tile:9 5 4 1
Tile:0 6 5 0
Tile:7_flip 5 6 1
Tile:9_flip 7 5 0
Destroy 5 6 1
Tile:9_flip 7 6 0
Destroy 7 6 1
Tile:8 7 4 0
Tile:6 4 5 1
Tile:6 6 4 0
Tile:8 7 6 1
Tile:0 6 6 0
Map 12 5 1
Map 12 3 0
Tile:7_flip 7 7 1
Map 12 5 0
Tile:2_flip 8 7 1
Tile:6_flip 8 6 0
Tile:8 3 5 1
Malus 0 0 0
Drop 4 0 1
Tile:5_flip 9 7 0
Drop 5 0 1
Tile:10 6 3 0
Drop 0 0 1
Tile:7 8 4 0
Map 12 7 1
Tile:7 9 6 0
Map 12 5 1
Tile:5 7 3 0
Drop 3 0 1
Drop 0 0 0
Map 12 7 1
Drop 0 0 0
Drop 0 0 1
Malus 0 0 0
Drop 4 0 1
Drop 0 0 0
Drop 0 0 1
Drop 0 0 0
Drop 2 0 1
Tile:0 8 3 0
Drop 5 0 1
Tile:9_flip 9 3 0
Drop 4 0 1
Tile:10 9 4 0
Drop 3 0 1
Drop 0 0 0
Drop 2 0 1
Drop 0 0 0
Drop 0 0 1
Drop 0 0 0
Bonus 0 0 1
Drop 0 0 0
Drop 0 0 1
GAMEOVER DRAW
# Game ended: Wed Apr 15 23:32:32 EDT 2020
