# Server version 0.08 running on DESKTOP-6KJFBSD:8123
# Game ID: 123
# Board class: Saboteur.SaboteurBoard
# Timeout: 20000
# First Move Timeout: 30000
# Date: Tue Apr 14 22:55:02 EDT 2020
# Player 1: Player-0, '260715909', running on DESKTOP-6KJFBSD
# Player 2: Player-1, 'RandomPlayer', running on DESKTOP-6KJFBSD
START Player-0 260715909
START Player-1 RandomPlayer
BoardInit:Tile:6,Tile:5,Map,Tile:8,Tile:15,Tile:6,Tile:9,Tile:7,Tile:13,Tile:1,Tile:0,Tile:9,Tile:12,Tile:9,Tile:8,Bonus,Tile:8,Destroy,Tile:6,Tile:9,Tile:6,Tile:2,Tile:10,Tile:0,Map,Tile:3,Map,Tile:8,Tile:0,Destroy,Tile:4,Tile:5,Tile:6,Map,Malus,Tile:10,Tile:14,Malus,Tile:7,Destroy,Map-Tile:5,Bonus,Tile:0,Tile:8,Tile:7,Tile:5,Tile:7-Map,Tile:10,Tile:11,Bonus,Bonus,Tile:9,Tile:7-Tile:nugget,Tile:hidden1,Tile:hidden2
Tile:5 4 5 1
Tile:7 5 4 0
Tile:7_flip 5 6 1
Drop 1 0 0
Tile:8 6 6 1
Tile:8 6 5 0
Drop 4 0 1
Tile:5_flip 4 6 0
Drop 2 0 1
Tile:6 7 5 0
Tile:9 6 7 1
Tile:9 7 4 0
Tile:0 7 7 1
Tile:7_flip 6 8 0
Tile:15 6 4 1
Tile:9 3 6 0
Tile:0 7 6 1
Tile:9_flip 3 5 0
Drop 1 0 1
Destroy 7 4 0
Tile:8 8 7 1
Tile:9 3 7 0
Tile:6 8 5 1
Tile:2 7 8 0
Tile:10 3 4 1
Tile:11_flip 8 4 0
Tile:6_flip 9 7 1
Tile:3 6 3 0
Tile:13 3 3 1
Tile:1 4 7 0
Map 12 3 1
Drop 2 0 0
Map 12 7 1
Tile:5_flip 10 7 0
Tile:8 9 5 1
Destroy 3 6 0
Tile:6 9 8 1
Drop 3 0 0
Tile:4_flip 7 9 1
Tile:8 3 8 0
Tile:14_flip 7 4 1
Destroy 7 5 0
Drop 0 0 1
Drop 4 0 0
Drop 5 0 1
Drop 3 0 0
Tile:12_flip 4 4 1
Map 12 5 0
Map 12 7 1
Malus 0 0 0
Drop 0 0 1
Drop 0 0 0
Malus 0 0 1
Drop 0 0 0
Drop 0 0 1
GAMEOVER DRAW
# Game ended: Tue Apr 14 22:55:04 EDT 2020
