# Server version 0.08 running on DESKTOP-6KJFBSD:8123
# Game ID: 137
# Board class: Saboteur.SaboteurBoard
# Timeout: 20000
# First Move Timeout: 30000
# Date: Wed Apr 15 12:33:02 EDT 2020
# Player 1: Player-0, '260715909', running on DESKTOP-6KJFBSD
# Player 2: Player-1, 'RandomPlayer', running on DESKTOP-6KJFBSD
START Player-0 260715909
START Player-1 RandomPlayer
BoardInit:Map,Tile:0,Destroy,Tile:6,Bonus,Tile:13,Bonus,Bonus,Tile:6,Tile:9,Tile:5,Tile:5,Tile:9,Tile:0,Tile:1,Tile:8,Destroy,Tile:8,Tile:5,Tile:6,Malus,Map,Tile:0,Tile:10,Tile:10,Tile:2,Tile:10,Tile:7,Tile:11,Tile:8,Malus,Map,Tile:4,Tile:9,Tile:9,Map,Bonus,Tile:6,Destroy,Tile:7,Tile:8-Tile:6,Tile:14,Tile:3,Map,Tile:7,Tile:0,Tile:15-Tile:8,Tile:12,Tile:9,Tile:7,Tile:5,Map,Tile:7-Tile:nugget,Tile:hidden2,Tile:hidden1
Tile:7_flip 5 6 1
Map 12 7 0
Tile:14_flip 4 5 1
Tile:5_flip 6 6 0
Destroy 4 5 1
Drop 4 0 0
Tile:15 5 4 1
Tile:8 6 5 0
Drop 3 0 1
Tile:6_flip 5 3 0
Drop 1 0 1
Tile:9 4 3 0
Map 12 3 1
Tile:13 7 5 0
Tile:6_flip 4 5 1
Tile:9 6 4 0
Tile:5_flip 4 4 1
Tile:8 8 5 0
Destroy 5 4 1
Tile:12 9 5 0
Tile:6_flip 3 5 1
Tile:0 2 5 0
Tile:9_flip 3 6 1
Tile:6 1 5 0
Tile:0 3 4 1
Drop 5 0 0
Tile:5 2 6 1
Tile:5 0 5 0
Tile:10 0 6 1
Tile:10 3 7 0
Map 12 3 1
Tile:2 7 4 0
Tile:11_flip 8 4 1
Tile:7_flip 2 4 0
Tile:10 2 7 1
Tile:8 8 6 0
Tile:9 7 6 1
Tile:7 4 2 0
Malus 0 0 1
Drop 6 0 0
Destroy 2 4 1
Drop 2 0 0
Tile:8 8 7 1
Drop 5 0 0
Drop 4 0 1
Drop 3 0 0
Drop 3 0 1
Map 12 7 0
Drop 2 0 1
Map 12 5 0
Drop 0 0 1
Bonus 0 0 0
Drop 1 0 1
Drop 0 0 0
Drop 0 0 1
GAMEOVER DRAW
# Game ended: Wed Apr 15 12:33:24 EDT 2020
