# Server version 0.08 running on DESKTOP-6KJFBSD:8123
# Game ID: 69
# Board class: Saboteur.SaboteurBoard
# Timeout: 20000
# First Move Timeout: 30000
# Date: Sun Apr 12 01:22:25 EDT 2020
# Player 1: Player-0, '260715909', running on DESKTOP-6KJFBSD
# Player 2: Player-1, 'RandomPlayer', running on DESKTOP-6KJFBSD
START Player-0 260715909
START Player-1 RandomPlayer
BoardInit:Tile:1,Map,Tile:7,Tile:8,Tile:8,Tile:5,Tile:6,Tile:8,Tile:9,Bonus,Map,Tile:6,Tile:6,Tile:12,Malus,Malus,Map,Tile:13,Destroy,Destroy,Tile:14,Tile:8,Tile:9,Tile:7,Tile:9,Tile:10,Bonus,Tile:8,Tile:0,Bonus,Tile:4,Tile:6,Map,Tile:5,Tile:7,Tile:9,Tile:2,Tile:11,Tile:0,Tile:5,Tile:10-Tile:9,Tile:3,Tile:0,Map,Tile:10,Tile:0,Bonus-Tile:15,Tile:7,Tile:5,Map,Destroy,Tile:7,Tile:6-Tile:nugget,Tile:hidden1,Tile:hidden2
Tile:9 4 5 1
Map 12 7 0
Drop 5 0 1
Tile:7_flip 4 6 0
Tile:7 4 4 1
Tile:5 5 4 0
Tile:8 5 6 1
Map 12 5 0
Drop 2 0 1
Tile:5_flip 6 6 0
Tile:3_flip 3 4 1
Tile:6 6 4 0
Tile:9_flip 5 7 1
Tile:8 6 3 0
Tile:6 7 3 1
Tile:7_flip 5 3 0
Tile:1 7 4 1
Tile:6 8 3 0
Tile:6_flip 8 2 1
Destroy 5 6 0
Tile:0 4 7 1
Destroy 5 4 0
Tile:14 9 3 1
Tile:8 3 3 0
Tile:9_flip 5 8 1
Tile:12_flip 2 3 0
Destroy 2 3 1
Tile:13 5 6 0
Tile:10 5 2 1
Tile:8 2 3 0
Drop 3 0 1
Tile:7 8 4 0
Tile:4 2 2 1
Tile:8 8 5 0
Tile:9_flip 8 6 1
Drop 0 0 0
Map 12 7 1
Malus 0 0 0
Map 12 5 1
Tile:10 5 9 0
Drop 4 0 1
Tile:5_flip 4 3 0
Bonus 0 0 1
Tile:6 3 7 0
Tile:2 6 5 1
Drop 3 0 0
Tile:10 8 7 1
Tile:9_flip 4 2 0
Tile:0 1 3 1
Tile:5 7 2 0
Tile:0 2 7 1
Drop 0 0 0
Tile:0 1 7 1
Drop 0 0 0
Malus 0 0 1
GAMEOVER DRAW
# Game ended: Sun Apr 12 01:22:31 EDT 2020
