# Server version 0.08 running on DESKTOP-6KJFBSD:8123
# Game ID: 303
# Board class: Saboteur.SaboteurBoard
# Timeout: 20000
# First Move Timeout: 30000
# Date: Wed Apr 15 23:01:40 EDT 2020
# Player 1: Player-0, '260715909', running on DESKTOP-6KJFBSD
# Player 2: Player-1, 'RandomPlayer', running on DESKTOP-6KJFBSD
START Player-0 260715909
START Player-1 RandomPlayer
BoardInit:Tile:14,Tile:4,Tile:0,Tile:5,Bonus,Destroy,Tile:6,Tile:13,Tile:0,Bonus,Tile:9,Tile:9,Tile:7,Map,Tile:6,Destroy,Tile:6,Tile:5,Tile:5,Tile:8,Tile:8,Malus,Tile:9,Tile:0,Tile:6,Map,Tile:3,Destroy,Tile:15,Tile:7,Tile:11,Tile:8,Map,Tile:10,Tile:8,Tile:5,Tile:7,Tile:9,Bonus,Tile:10,Malus-Tile:10,Tile:2,Tile:12,Tile:8,Tile:6,Map,Tile:9-Tile:7,Map,Tile:7,Bonus,Map,Tile:1,Tile:0-Tile:nugget,Tile:hidden2,Tile:hidden1
Tile:6 4 5 1
Map 12 5 0
Tile:12 6 5 1
Map 12 5 0
Tile:9_flip 4 4 1
Drop 0 0 0
Tile:14_flip 4 3 1
Drop 0 0 0
Tile:8 3 4 1
Drop 0 0 0
Drop 1 0 1
Drop 0 0 0
Map 12 3 1
Drop 0 0 0
Tile:7_flip 5 6 1
Map 12 3 0
Tile:10 3 3 1
Drop 0 0 0
Tile:6 2 4 1
Drop 0 0 0
Tile:6 3 5 1
Drop 0 0 0
Tile:5 5 4 1
Tile:5_flip 6 4 0
Tile:0 6 6 1
Tile:9 6 3 0
Tile:6_flip 7 3 1
Tile:8 7 6 0
Tile:6_flip 6 2 1
Malus 0 0 0
Drop 1 0 1
Tile:7_flip 7 4 0
Drop 4 0 1
Tile:0 8 3 0
Drop 4 0 1
Tile:8 8 6 0
Map 12 7 1
Tile:10 7 7 0
Drop 0 0 1
Tile:9_flip 8 5 0
Drop 4 0 1
Tile:5 7 5 0
Malus 0 0 1
Map 12 3 0
Drop 4 0 1
Drop 0 0 0
Drop 3 0 1
Drop 0 0 0
Drop 2 0 1
Drop 0 0 0
Drop 0 0 1
Drop 0 0 0
Bonus 0 0 1
Drop 0 0 0
Drop 0 0 1
GAMEOVER DRAW
# Game ended: Wed Apr 15 23:01:42 EDT 2020
