# Server version 0.08 running on DESKTOP-6KJFBSD:8123
# Game ID: 235
# Board class: Saboteur.SaboteurBoard
# Timeout: 20000
# First Move Timeout: 30000
# Date: Wed Apr 15 21:18:30 EDT 2020
# Player 1: Player-0, '260715909', running on DESKTOP-6KJFBSD
# Player 2: Player-1, 'RandomPlayer', running on DESKTOP-6KJFBSD
START Player-0 260715909
START Player-1 RandomPlayer
BoardInit:Tile:7,Tile:5,Tile:9,Destroy,Map,Tile:0,Bonus,Tile:14,Malus,Tile:7,Tile:6,Tile:9,Map,Tile:8,Tile:0,Tile:10,Tile:7,Tile:7,Tile:0,Tile:6,Tile:0,Tile:5,Tile:4,Tile:10,Tile:12,Tile:8,Bonus,Bonus,Tile:1,Tile:5,Tile:13,Map,Tile:9,Tile:8,Tile:9,Tile:6,Map,Map,Tile:9,Destroy,Tile:3-Tile:10,Map,Tile:2,Tile:5,Malus,Tile:6,Bonus-Tile:8,Tile:8,Destroy,Tile:11,Tile:7,Tile:6,Tile:15-Tile:hidden2,Tile:nugget,Tile:hidden1
Tile:10 5 6 1
Tile:8 5 4 0
Map 12 5 1
Tile:11_flip 6 5 0
Tile:2_flip 5 7 1
Destroy 5 6 0
Drop 2 0 1
Tile:8 5 6 0
Tile:9 4 5 1
Tile:14_flip 4 4 0
Tile:5 5 3 1
Tile:7_flip 4 7 0
Map 12 3 1
Tile:9_flip 6 6 0
Tile:6 6 7 1
Tile:6 6 3 0
Tile:0 7 7 1
Destroy 4 5 0
Map 12 3 1
Tile:7 7 3 0
Tile:7_flip 4 5 1
Tile:6 7 4 0
Tile:0 8 7 1
Tile:15 6 2 0
Tile:7 6 1 1
Tile:5 4 6 0
Malus 0 0 1
Drop 0 0 0
Tile:12 9 7 1
Bonus 0 0 0
Malus 0 0 1
Drop 0 0 0
Tile:1 5 1 1
Map 12 3 0
Drop 4 0 1
Drop 0 0 0
Tile:9_flip 8 4 1
Drop 0 0 0
Tile:9 4 1 1
Map 12 5 0
Drop 0 0 1
Destroy 7 7 0
Tile:3_flip 8 5 1
Drop 0 0 0
Drop 4 0 1
Drop 0 0 0
Drop 3 0 1
Drop 0 0 0
Tile:9 4 2 1
Drop 0 0 0
Tile:4_flip 4 3 1
Drop 0 0 0
Tile:0 7 7 1
Drop 0 0 0
Drop 0 0 1
GAMEOVER DRAW
# Game ended: Wed Apr 15 21:18:34 EDT 2020
