# Server version 0.08 running on DESKTOP-6KJFBSD:8123
# Game ID: 134
# Board class: Saboteur.SaboteurBoard
# Timeout: 20000
# First Move Timeout: 30000
# Date: Wed Apr 15 12:24:08 EDT 2020
# Player 1: Player-0, '260715909', running on DESKTOP-6KJFBSD
# Player 2: Player-1, 'RandomPlayer', running on DESKTOP-6KJFBSD
START Player-0 260715909
START Player-1 RandomPlayer
BoardInit:Tile:10,Tile:3,Destroy,Tile:7,Bonus,Map,Tile:4,Tile:5,Bonus,Tile:2,Tile:0,Destroy,Malus,Tile:1,Tile:6,Destroy,Tile:10,Tile:14,Tile:8,Tile:7,Tile:6,Tile:12,Map,Tile:7,Tile:0,Map,Tile:6,Tile:9,Tile:9,Tile:9,Tile:5,Tile:10,Bonus,Tile:11,Tile:8,Map,Tile:9,Tile:6,Map,Bonus,Tile:6-Map,Tile:7,Tile:5,Tile:0,Tile:8,Tile:9,Tile:15-Tile:8,Tile:5,Malus,Tile:0,Tile:8,Tile:13,Tile:7-Tile:hidden1,Tile:hidden2,Tile:nugget
Tile:9 4 5 1
Tile:7 4 4 0
Tile:8 6 5 1
Drop 1 0 0
Drop 1 0 1
Drop 2 0 0
Destroy 4 5 1
Drop 6 0 0
Tile:0 7 5 1
Tile:7_flip 4 5 0
Tile:5 5 4 1
Tile:13 6 4 0
Tile:10 5 6 1
Tile:5_flip 7 4 0
Drop 5 0 1
Destroy 5 6 0
Drop 6 0 1
Tile:8 3 4 0
Tile:4_flip 6 6 1
Tile:14 5 6 0
Tile:8 6 3 1
Tile:8 2 4 0
Tile:10 2 3 1
Destroy 4 4 0
Drop 4 0 1
Tile:7_flip 1 4 0
Tile:15 3 5 1
Drop 3 0 0
Tile:6_flip 2 2 1
Tile:7 3 2 0
Tile:9 3 6 1
Tile:3 7 3 0
Tile:6_flip 6 2 1
Tile:12_flip 5 2 0
Tile:0 1 2 1
Tile:9_flip 4 4 0
Tile:8 3 7 1
Tile:11 3 8 0
Drop 2 0 1
Tile:9_flip 4 3 0
Tile:5 0 2 1
Drop 4 0 0
Tile:6_flip 8 5 1
Tile:2 9 5 0
Drop 4 0 1
Drop 3 0 0
Map 12 3 1
Map 12 5 0
Drop 2 0 1
Tile:10 0 3 0
Map 12 3 1
Malus 0 0 0
Map 12 7 1
Drop 0 0 0
Bonus 0 0 1
GAMEOVER DRAW
# Game ended: Wed Apr 15 12:24:30 EDT 2020
