# Server version 0.08 running on DESKTOP-6KJFBSD:8123
# Game ID: 73
# Board class: Saboteur.SaboteurBoard
# Timeout: 20000
# First Move Timeout: 30000
# Date: Sun Apr 12 10:35:40 EDT 2020
# Player 1: Player-0, '260715909', running on DESKTOP-6KJFBSD
# Player 2: Player-1, '260715909', running on DESKTOP-6KJFBSD
START Player-0 260715909
START Player-1 260715909
BoardInit:Tile:10,Tile:12,Tile:6,Tile:10,Tile:4,Tile:0,Map,Tile:0,Map,Map,Tile:9,Tile:1,Bonus,Tile:15,Map,Bonus,Tile:5,Tile:9,Tile:5,Map,Tile:9,Malus,Tile:7,Tile:8,Tile:5,Tile:9,Tile:3,Tile:0,Tile:6,Tile:0,Tile:6,Map,Tile:2,Tile:7,Bonus,Tile:7,Tile:9,Tile:6,Tile:5,Tile:7,Tile:14-Tile:6,Bonus,Tile:8,Tile:8,Tile:13,Destroy,Destroy-Destroy,Tile:7,Tile:11,Tile:10,Tile:8,Malus,Tile:8-Tile:hidden1,Tile:hidden2,Tile:nugget
Drop 2 0 1
Drop 3 0 0
Tile:6_flip 6 5 1
Tile:8 7 5 0
Tile:10 6 6 1
Tile:10 7 4 0
Tile:13 6 7 1
Drop 2 0 0
Destroy 7 5 1
Destroy 6 6 0
Tile:6 5 6 1
Tile:8 6 8 0
Tile:9 5 4 1
Tile:0 5 7 0
Tile:8 4 7 1
Map 12 3 0
Map 12 3 1
Tile:12_flip 5 8 0
Map 12 5 1
Tile:9_flip 6 9 0
Destroy 6 8 1
Tile:1 5 9 0
Tile:5_flip 6 4 1
Malus 0 0 0
Drop 0 0 1
Tile:15 6 3 0
Map 12 5 1
Tile:7_flip 6 10 0
Drop 6 0 1
Map 12 7 0
Drop 1 0 1
Tile:9 4 9 0
Drop 6 0 1
Tile:0 7 7 0
Drop 3 0 1
Tile:8 6 6 0
Drop 4 0 1
Tile:0 7 6 0
Drop 0 0 1
Tile:7 5 3 0
Drop 4 0 1
Tile:6 4 10 0
Drop 0 0 1
Tile:7 7 10 0
Drop 4 0 1
Malus 0 0 0
Drop 2 0 1
Drop 2 0 0
Drop 0 0 1
Tile:7 6 2 0
Drop 0 0 1
Tile:0 5 2 0
Drop 1 0 1
Drop 0 0 0
Drop 0 0 1
GAMEOVER DRAW
# Game ended: Sun Apr 12 10:35:45 EDT 2020
