# Server version 0.08 running on DESKTOP-6KJFBSD:8123
# Game ID: 332
# Board class: Saboteur.SaboteurBoard
# Timeout: 20000
# First Move Timeout: 30000
# Date: Wed Apr 15 23:30:18 EDT 2020
# Player 1: Player-0, '260715909', running on DESKTOP-6KJFBSD
# Player 2: Player-1, 'RandomPlayer', running on DESKTOP-6KJFBSD
START Player-0 260715909
START Player-1 RandomPlayer
BoardInit:Tile:5,Map,Destroy,Tile:8,Tile:8,Tile:7,Tile:4,Tile:11,Tile:15,Map,Tile:3,Tile:5,Tile:5,Tile:9,Map,Bonus,Bonus,Bonus,Tile:7,Tile:9,Destroy,Tile:8,Tile:10,Tile:10,Tile:13,Malus,Tile:0,Tile:8,Tile:8,Tile:0,Tile:12,Tile:9,Tile:9,Map,Tile:9,Bonus,Tile:2,Malus,Tile:6,Tile:6,Tile:6-Tile:6,Destroy,Tile:7,Tile:0,Tile:14,Tile:7,Map-Tile:1,Tile:0,Map,Tile:7,Tile:10,Tile:6,Tile:5-Tile:hidden2,Tile:nugget,Tile:hidden1
Tile:0 6 5 1
Tile:0 7 5 0
Tile:7_flip 5 6 1
Tile:7 6 6 0
Tile:14 8 5 1
Map 12 3 0
Tile:8 8 4 1
Tile:10 6 7 0
Destroy 7 5 1
Tile:5_flip 9 4 0
Tile:5 9 3 1
Tile:6 7 5 0
Tile:3 10 3 1
Map 12 3 0
Tile:7_flip 10 4 1
Tile:9_flip 8 3 0
Map 12 5 1
Map 12 7 0
Tile:5_flip 11 4 1
Tile:8 7 4 0
Destroy 9 3 1
Tile:9 11 3 0
Destroy 5 6 1
Tile:5 9 3 0
Tile:6_flip 4 5 1
Tile:7_flip 6 4 0
Tile:7_flip 4 6 1
Tile:8 6 3 0
Tile:10 8 2 1
Malus 0 0 0
Drop 3 0 1
Tile:8 7 3 0
Map 12 3 1
Drop 0 0 0
Drop 3 0 1
Map 12 3 0
Drop 3 0 1
Drop 0 0 0
Drop 6 0 1
Malus 0 0 0
Drop 2 0 1
Drop 0 0 0
Drop 0 0 1
Drop 0 0 0
Drop 4 0 1
Drop 0 0 0
Drop 2 0 1
Drop 0 0 0
Drop 0 0 1
Drop 0 0 0
Drop 0 0 1
Drop 0 0 0
Drop 1 0 1
Drop 0 0 0
Drop 0 0 1
GAMEOVER DRAW
# Game ended: Wed Apr 15 23:30:20 EDT 2020
