# Server version 0.08 running on DESKTOP-6KJFBSD:8123
# Game ID: 148
# Board class: Saboteur.SaboteurBoard
# Timeout: 20000
# First Move Timeout: 30000
# Date: Wed Apr 15 13:39:18 EDT 2020
# Player 1: Player-0, '260715909', running on DESKTOP-6KJFBSD
# Player 2: Player-1, 'RandomPlayer', running on DESKTOP-6KJFBSD
START Player-0 260715909
START Player-1 RandomPlayer
BoardInit:Tile:8,Bonus,Malus,Tile:8,Tile:0,Tile:6,Tile:7,Tile:9,Destroy,Tile:9,Tile:2,Tile:5,Tile:8,Tile:5,Tile:7,Tile:5,Tile:0,Map,Map,Malus,Tile:13,Bonus,Map,Tile:9,Tile:6,Tile:6,Tile:10,Tile:9,Tile:15,Tile:0,Tile:7,Bonus,Tile:12,Tile:8,Tile:10,Tile:7,Tile:5,Map,Tile:6,Tile:0,Destroy-Map,Tile:1,Tile:4,Tile:6,Bonus,Tile:9,Destroy-Map,Tile:3,Tile:7,Tile:11,Tile:8,Tile:10,Tile:14-Tile:hidden2,Tile:hidden1,Tile:nugget
Map 12 7 1
Tile:10 5 6 0
Drop 1 0 1
Tile:7_flip 5 7 0
Tile:6_flip 4 5 1
Tile:8 5 4 0
Tile:0 6 7 1
Tile:11_flip 5 3 0
Tile:7_flip 4 3 1
Tile:6_flip 6 5 0
Destroy 6 7 1
Tile:9_flip 7 5 0
Tile:9_flip 4 6 1
Tile:14 6 7 0
Tile:8 3 5 1
Tile:5_flip 4 7 0
Tile:8 4 2 1
Tile:5_flip 7 6 0
Tile:2_flip 3 6 1
Tile:5 3 7 0
Map 12 3 1
Tile:9 2 6 0
Tile:0 4 4 1
Malus 0 0 0
Destroy 6 7 1
Tile:9_flip 6 7 0
Map 12 7 1
Tile:8 3 2 0
Drop 2 0 1
Tile:9_flip 5 2 0
Drop 1 0 1
Tile:3 3 1 0
Drop 6 0 1
