# Server version 0.08 running on DESKTOP-6KJFBSD:8123
# Game ID: 244
# Board class: Saboteur.SaboteurBoard
# Timeout: 20000
# First Move Timeout: 30000
# Date: Wed Apr 15 22:27:08 EDT 2020
# Player 1: Player-0, '260715909', running on DESKTOP-6KJFBSD
# Player 2: Player-1, 'RandomPlayer', running on DESKTOP-6KJFBSD
START Player-0 260715909
START Player-1 RandomPlayer
BoardInit:Tile:5,Tile:6,Destroy,Destroy,Tile:8,Tile:10,Tile:2,Bonus,Map,Tile:7,Tile:5,Tile:12,Tile:8,Tile:4,Tile:6,Tile:9,Tile:1,Destroy,Tile:0,Tile:8,Tile:7,Tile:7,Tile:3,Tile:6,Tile:9,Tile:10,Tile:0,Tile:7,Bonus,Tile:13,Tile:15,Tile:10,Bonus,Tile:5,Tile:0,Tile:5,Map,Tile:0,Map,Tile:8,Tile:6-Map,Map,Bonus,Tile:9,Map,Tile:9,Malus-Tile:7,Tile:8,Tile:9,Malus,Tile:6,Tile:14,Tile:11-Tile:hidden2,Tile:hidden1,Tile:nugget
Map 12 5 1
Tile:7 6 5 0
Map 12 3 1
Tile:6_flip 4 5 0
Map 12 7 1
Tile:8 4 6 0
Tile:9_flip 5 6 1
Malus 0 0 0
Drop 1 0 1
Tile:6_flip 3 6 0
Drop 1 0 1
Tile:7_flip 2 6 0
Bonus 0 0 1
Tile:10 4 7 0
Drop 3 0 1
Tile:9 2 5 0
Tile:6_flip 5 4 1
Tile:9 4 8 0
Drop 5 0 1
Drop 0 0 0
Tile:8 5 8 1
Tile:8 4 9 0
Destroy 2 5 1
Tile:7_flip 3 5 0
Tile:5_flip 6 4 1
Tile:6 4 10 0
Tile:1 3 10 1
Tile:10 6 6 0
Tile:3_flip 2 10 1
Tile:7 2 5 0
Tile:7 2 9 1
Drop 0 0 0
Map 12 3 1
Tile:10 3 7 0
Tile:15 3 8 1
Tile:5_flip 5 9 0
Tile:0 5 10 1
Tile:5 1 5 0
Tile:0 1 9 1
Tile:0 0 9 0
Tile:9 6 3 1
Tile:8 6 8 0
Tile:0 4 4 1
Drop 0 0 0
Tile:6 7 3 1
Drop 0 0 0
Tile:5 6 2 1
Drop 0 0 0
Drop 2 0 1
Drop 0 0 0
Map 12 3 1
Drop 0 0 0
Drop 1 0 1
Drop 0 0 0
Drop 0 0 1
GAMEOVER DRAW
# Game ended: Wed Apr 15 22:27:12 EDT 2020
