# Server version 0.08 running on DESKTOP-6KJFBSD:8123
# Game ID: 316
# Board class: Saboteur.SaboteurBoard
# Timeout: 20000
# First Move Timeout: 30000
# Date: Wed Apr 15 23:08:25 EDT 2020
# Player 1: Player-0, '260715909', running on DESKTOP-6KJFBSD
# Player 2: Player-1, 'RandomPlayer', running on DESKTOP-6KJFBSD
START Player-0 260715909
START Player-1 RandomPlayer
BoardInit:Tile:7,Tile:6,Map,Tile:8,Tile:8,Tile:10,Destroy,Tile:8,Tile:6,Bonus,Bonus,Tile:10,Bonus,Tile:0,Malus,Tile:8,Destroy,Tile:10,Tile:9,Map,Tile:5,Tile:9,Malus,Tile:8,Destroy,Tile:6,Map,Tile:11,Tile:7,Map,Tile:7,Tile:7,Tile:6,Map,Tile:4,Tile:3,Tile:5,Tile:14,Tile:12,Tile:0,Tile:15-Tile:9,Tile:1,Tile:7,Map,Tile:0,Tile:6,Tile:0-Tile:5,Tile:2,Bonus,Tile:13,Tile:9,Tile:9,Tile:5-Tile:nugget,Tile:hidden1,Tile:hidden2
Tile:6 4 5 1
Tile:5_flip 6 5 0
Tile:7 4 4 1
Tile:9 6 4 0
Tile:7 6 3 1
Tile:9_flip 7 4 0
Tile:8 5 6 1
Tile:5 7 3 0
Destroy 5 6 1
Tile:6 8 3 0
Tile:0 9 3 1
Tile:8 10 3 0
Tile:6 11 3 1
GAMEOVER WINNER 1
# Game ended: Wed Apr 15 23:08:26 EDT 2020
