# Server version 0.08 running on DESKTOP-6KJFBSD:8123
# Game ID: 205
# Board class: Saboteur.SaboteurBoard
# Timeout: 20000
# First Move Timeout: 30000
# Date: Wed Apr 15 20:12:24 EDT 2020
# Player 1: Player-0, 'Human', running on DESKTOP-6KJFBSD
# Player 2: Player-1, '260715909', running on DESKTOP-6KJFBSD
START Player-0 Human
START Player-1 260715909
BoardInit:Tile:5,Map,Tile:9,Tile:3,Map,Bonus,Tile:7,Tile:0,Tile:0,Tile:10,Tile:7,Tile:6,Map,Tile:5,Tile:9,Tile:10,Tile:8,Bonus,Tile:13,Bonus,Tile:8,Destroy,Tile:12,Malus,Tile:8,Tile:6,Tile:9,Tile:7,Tile:6,Tile:14,Map,Tile:11,Tile:0,Malus,Destroy,Tile:9,Destroy,Tile:5,Tile:0,Tile:10,Tile:7-Tile:1,Tile:4,Tile:15,Tile:5,Tile:6,Tile:9,Tile:7-Map,Map,Bonus,Tile:2,Tile:6,Tile:8,Tile:8-Tile:hidden2,Tile:nugget,Tile:hidden1
Tile:1 6 5 1
Tile:8 5 6 0
Tile:7_flip 5 7 1
Tile:8 6 7 0
Tile:5 4 6 1
Tile:6 7 7 0
Tile:4 5 4 1
GAMEOVER USER CANCEL UNDECIDED
# Game ended: Wed Apr 15 20:13:13 EDT 2020
