# Server version 0.08 running on DESKTOP-6KJFBSD:8123
# Game ID: 336
# Board class: Saboteur.SaboteurBoard
# Timeout: 20000
# First Move Timeout: 30000
# Date: Wed Apr 15 23:31:38 EDT 2020
# Player 1: Player-0, '260715909', running on DESKTOP-6KJFBSD
# Player 2: Player-1, '260715909', running on DESKTOP-6KJFBSD
START Player-0 260715909
START Player-1 260715909
BoardInit:Bonus,Tile:0,Tile:0,Tile:9,Tile:7,Tile:6,Map,Tile:8,Destroy,Tile:10,Destroy,Map,Tile:9,Tile:9,Tile:6,Tile:15,Tile:8,Malus,Tile:3,Tile:7,Tile:10,Tile:10,Tile:1,Tile:7,Map,Tile:7,Tile:9,Tile:11,Tile:4,Tile:2,Bonus,Tile:5,Tile:13,Tile:5,Malus,Tile:9,Tile:6,Tile:8,Map,Destroy,Tile:12-Tile:0,Tile:8,Tile:0,Bonus,Tile:7,Tile:5,Tile:6-Tile:6,Map,Tile:8,Tile:5,Bonus,Tile:14,Map-Tile:hidden1,Tile:nugget,Tile:hidden2
Tile:0 6 5 1
Tile:6 7 5 0
Tile:7 7 4 1
Map 12 3 0
Tile:8 8 5 1
Tile:0 6 4 0
Tile:0 9 5 1
Tile:8 8 6 0
Tile:5 7 6 1
Tile:5 8 4 0
Tile:6 7 7 1
Tile:6 9 4 0
Tile:0 6 7 1
Tile:9_flip 8 7 0
Tile:7 9 3 1
Map 12 5 0
Map 12 3 1
Tile:8 10 4 0
Tile:9 10 3 1
Map 12 3 0
Tile:8 11 4 1
Tile:10 11 5 0
Tile:6 8 3 1
Tile:9_flip 11 3 0
Tile:10 11 6 1
Tile:7_flip 11 7 0
Map 12 3 1
Tile:7 12 4 0
GAMEOVER WINNER 0
# Game ended: Wed Apr 15 23:31:41 EDT 2020
