# Server version 0.08 running on DESKTOP-6KJFBSD:8123
# Game ID: 84
# Board class: Saboteur.SaboteurBoard
# Timeout: 20000
# First Move Timeout: 30000
# Date: Sun Apr 12 13:05:14 EDT 2020
# Player 1: Player-0, '260715909', running on DESKTOP-6KJFBSD
# Player 2: Player-1, 'Human', running on DESKTOP-6KJFBSD
START Player-0 260715909
START Player-1 Human
BoardInit:Tile:9,Tile:8,Tile:8,Tile:5,Tile:6,Tile:7,Tile:9,Malus,Bonus,Bonus,Tile:14,Tile:0,Tile:7,Tile:9,Tile:11,Destroy,Malus,Map,Tile:8,Tile:7,Tile:13,Tile:8,Map,Tile:12,Tile:1,Tile:0,Tile:9,Destroy,Map,Tile:3,Map,Tile:4,Tile:6,Tile:7,Tile:6,Tile:15,Bonus,Tile:5,Tile:0,Map,Tile:5-Tile:9,Tile:8,Tile:7,Tile:5,Tile:10,Tile:6,Tile:10-Tile:10,Bonus,Tile:0,Map,Tile:6,Tile:2,Destroy-Tile:hidden2,Tile:nugget,Tile:hidden1
Tile:8 6 5 1
Tile:2 6 4 0
Tile:6 7 5 1
Tile:6_flip 7 4 0
Tile:8 8 5 1
Destroy 7 5 0
Tile:6 7 5 1
Drop 4 0 0
Tile:9 8 6 1
Tile:10 8 7 0
Tile:7 8 4 1
Map 12 5 0
Tile:9 8 8 1
Tile:0 9 5 0
Tile:7 9 8 1
Tile:9_flip 9 9 0
Tile:9 9 10 1
Tile:5_flip 6 6 0
Tile:10 9 11 1
Drop 1 0 0
Tile:8 10 5 1
Destroy 6 5 0
Tile:10 9 12 1
Tile:8 10 10 0
Map 12 5 1
Tile:12 11 5 0
Malus 0 0 1
Drop 0 0 0
Tile:9 10 6 1
Destroy 9 8 0
Tile:5 10 4 1
Malus 0 0 0
Bonus 0 0 1
Map 12 7 0
Tile:6 11 4 1
Drop 0 0 0
Drop 2 0 1
Drop 3 0 0
Drop 2 0 1
Drop 6 0 0
Tile:0 11 6 1
Drop 6 0 0
Tile:6 12 6 1
Drop 1 0 0
Drop 1 0 1
Drop 3 0 0
Drop 0 0 1
Drop 0 0 0
Map 12 7 1
Drop 2 0 0
Map 12 3 1
Drop 0 0 0
Tile:5 10 9 1
Drop 0 0 0
Drop 0 0 1
GAMEOVER DRAW
# Game ended: Sun Apr 12 13:09:34 EDT 2020
