# Server version 0.08 running on DESKTOP-6KJFBSD:8123
# Game ID: 328
# Board class: Saboteur.SaboteurBoard
# Timeout: 20000
# First Move Timeout: 30000
# Date: Wed Apr 15 23:29:35 EDT 2020
# Player 1: Player-0, '260715909', running on DESKTOP-6KJFBSD
# Player 2: Player-1, 'RandomPlayer', running on DESKTOP-6KJFBSD
START Player-0 260715909
START Player-1 RandomPlayer
BoardInit:Tile:14,Tile:7,Bonus,Tile:5,Tile:3,Tile:8,Tile:5,Tile:5,Tile:9,Tile:1,Tile:6,Tile:12,Tile:8,Map,Tile:8,Tile:13,Tile:7,Tile:0,Map,Tile:11,Tile:9,Tile:0,Destroy,Tile:10,Tile:7,Bonus,Map,Tile:6,Malus,Tile:7,Destroy,Tile:15,Malus,Tile:10,Destroy,Tile:8,Map,Map,Tile:7,Tile:10,Tile:6-Tile:6,Map,Tile:6,Tile:4,Tile:0,Tile:9,Bonus-Bonus,Tile:9,Tile:8,Tile:9,Tile:0,Tile:5,Tile:2-Tile:hidden1,Tile:hidden2,Tile:nugget
Tile:9 5 4 1
Tile:5_flip 6 4 0
Tile:4 6 3 1
Tile:0 6 5 0
Tile:14 5 6 1
Tile:8 7 5 0
Drop 2 0 1
Tile:9 7 4 0
Drop 2 0 1
Tile:7_flip 7 6 0
Tile:3 5 3 1
Tile:5 7 3 0
Tile:6 8 6 1
Tile:9_flip 8 3 0
Tile:8 4 6 1
Tile:8 8 4 0
Tile:6 4 3 1
Tile:5_flip 9 4 0
Map 12 7 1
Map 12 5 0
Tile:9_flip 4 2 1
Tile:0 9 6 0
Tile:5_flip 10 6 1
Drop 0 0 0
Destroy 8 3 1
Tile:10 9 3 0
Tile:9_flip 8 5 1
Drop 0 0 0
Map 12 3 1
Tile:6_flip 10 5 0
Tile:7_flip 4 7 1
Tile:0 11 5 0
Tile:7 12 4 1
Tile:7 8 3 0
Destroy 7 4 1
Tile:10 12 6 0
GAMEOVER WINNER 0
# Game ended: Wed Apr 15 23:29:36 EDT 2020
