# Server version 0.08 running on DESKTOP-6KJFBSD:8123
# Game ID: 230
# Board class: Saboteur.SaboteurBoard
# Timeout: 20000
# First Move Timeout: 30000
# Date: Wed Apr 15 21:10:34 EDT 2020
# Player 1: Player-0, '260715909', running on DESKTOP-6KJFBSD
# Player 2: Player-1, 'RandomPlayer', running on DESKTOP-6KJFBSD
START Player-0 260715909
START Player-1 RandomPlayer
BoardInit:Tile:3,Tile:4,Tile:0,Tile:6,Bonus,Tile:0,Map,Tile:8,Destroy,Map,Destroy,Tile:0,Tile:15,Tile:9,Tile:6,Bonus,Tile:9,Map,Tile:10,Tile:7,Tile:1,Tile:9,Tile:0,Tile:10,Tile:5,Tile:7,Malus,Tile:9,Tile:7,Tile:8,Tile:14,Map,Malus,Tile:12,Tile:9,Destroy,Map,Tile:8,Bonus,Tile:5,Tile:6-Tile:11,Tile:2,Tile:5,Tile:6,Tile:13,Tile:8,Tile:5-Tile:8,Tile:6,Tile:7,Bonus,Map,Tile:7,Tile:10-Tile:hidden1,Tile:hidden2,Tile:nugget
Tile:11_flip 5 6 1
Tile:8 5 4 0
Tile:8 4 5 1
Tile:7_flip 4 6 0
Tile:5 3 5 1
Tile:6_flip 6 5 0
Tile:13 4 4 1
Tile:0 3 4 0
Tile:0 6 4 1
Tile:7_flip 5 7 0
Tile:3 7 5 1
Map 12 3 0
Tile:6 7 4 1
Tile:10 3 6 0
Destroy 3 5 1
Tile:6_flip 8 4 0
Tile:15 8 5 1
Tile:4_flip 7 6 0
Tile:5 4 3 1
Tile:8 2 4 0
Destroy 4 6 1
Tile:7_flip 4 6 0
Tile:2 3 5 1
Tile:9_flip 5 3 0
Tile:1 9 4 1
Tile:0 6 7 0
Tile:10 7 3 1
Map 12 3 0
Drop 6 0 1
Tile:10 3 7 0
Tile:9 8 6 1
Map 12 3 0
Map 12 3 1
Tile:9 3 8 0
Tile:5 7 2 1
Tile:9 1 4 0
Tile:9 2 5 1
Destroy 3 8 0
Tile:6_flip 8 2 1
Tile:7 5 2 0
Tile:14 1 5 1
Tile:12_flip 4 2 0
Tile:6 9 2 1
Map 12 7 0
Drop 4 0 1
Tile:5_flip 10 4 0
Tile:7 7 7 1
Tile:8 9 1 0
Tile:0 0 5 1
Tile:8 9 6 0
Drop 0 0 1
Drop 0 0 0
Malus 0 0 1
Bonus 0 0 0
Drop 0 0 1
GAMEOVER DRAW
# Game ended: Wed Apr 15 21:10:39 EDT 2020
