# Server version 0.08 running on DESKTOP-6KJFBSD:8123
# Game ID: 80
# Board class: Saboteur.SaboteurBoard
# Timeout: 20000
# First Move Timeout: 30000
# Date: Sun Apr 12 12:58:16 EDT 2020
# Player 1: Player-0, '260715909', running on DESKTOP-6KJFBSD
# Player 2: Player-1, 'RandomPlayer', running on DESKTOP-6KJFBSD
START Player-0 260715909
START Player-1 RandomPlayer
BoardInit:Tile:8,Destroy,Tile:0,Bonus,Tile:9,Tile:8,Tile:10,Tile:13,Malus,Tile:5,Map,Tile:8,Tile:6,Tile:0,Tile:7,Tile:5,Tile:6,Tile:3,Tile:7,Tile:15,Tile:12,Map,Tile:5,Malus,Tile:8,Tile:6,Bonus,Tile:7,Tile:7,Map,Map,Tile:1,Tile:9,Tile:11,Tile:14,Tile:10,Tile:5,Map,Tile:0,Bonus,Tile:4-Bonus,Tile:6,Map,Tile:9,Tile:9,Tile:8,Tile:7-Tile:0,Tile:9,Tile:10,Tile:2,Destroy,Destroy,Tile:6-Tile:hidden1,Tile:hidden2,Tile:nugget
Tile:9 5 6 1
Tile:9_flip 6 6 0
Drop 5 0 1
Tile:6 6 7 0
Tile:8 5 4 1
Destroy 6 7 0
Tile:9_flip 6 5 1
Tile:8 4 5 0
Tile:8 6 7 1
Destroy 6 5 0
Tile:9_flip 6 4 1
Drop 3 0 0
Tile:6 5 7 1
Tile:2_flip 3 5 0
Tile:10 4 6 1
Tile:8 6 3 0
Tile:7_flip 6 8 1
Tile:0 7 3 0
Tile:6_flip 8 3 1
Tile:3 9 3 0
Tile:7_flip 2 5 1
Tile:10 2 4 0
Tile:6_flip 4 4 1
Tile:13 7 8 0
Tile:5 3 4 1
Tile:15 8 4 0
Tile:8 6 5 1
Tile:5 6 2 0
Drop 6 0 1
Tile:7_flip 4 7 0
Drop 2 0 1
Tile:0 7 2 0
Map 12 3 1
Tile:5 2 3 0
Tile:7_flip 9 4 1
Tile:1 3 3 0
Drop 3 0 1
Drop 3 0 0
Tile:5_flip 4 3 1
Tile:11 5 3 0
Tile:9_flip 10 4 1
Drop 1 0 0
Map 12 3 1
Tile:10 7 9 0
Tile:4_flip 7 10 1
Drop 3 0 0
Tile:0 8 2 1
Map 12 3 0
Drop 1 0 1
Malus 0 0 0
Drop 1 0 1
Drop 0 0 0
Bonus 0 0 1
Drop 0 0 0
Tile:14 9 2 1
GAMEOVER DRAW
# Game ended: Sun Apr 12 12:58:22 EDT 2020
