# Server version 0.08 running on DESKTOP-6KJFBSD:8123
# Game ID: 326
# Board class: Saboteur.SaboteurBoard
# Timeout: 20000
# First Move Timeout: 30000
# Date: Wed Apr 15 23:28:46 EDT 2020
# Player 1: Player-0, 'RandomPlayer', running on DESKTOP-6KJFBSD
# Player 2: Player-1, 'RandomPlayer', running on DESKTOP-6KJFBSD
START Player-0 RandomPlayer
START Player-1 RandomPlayer
BoardInit:Malus,Tile:9,Tile:5,Destroy,Bonus,Tile:13,Tile:6,Tile:0,Tile:0,Tile:6,Map,Tile:8,Tile:0,Tile:6,Tile:10,Tile:8,Map,Tile:8,Tile:6,Tile:9,Map,Tile:3,Bonus,Tile:4,Map,Tile:8,Tile:8,Tile:5,Tile:10,Bonus,Tile:1,Tile:10,Tile:7,Tile:0,Tile:12,Tile:6,Tile:5,Tile:9,Tile:11,Tile:7,Tile:14-Bonus,Destroy,Tile:9,Map,Tile:7,Tile:2,Map-Malus,Tile:9,Tile:7,Destroy,Tile:15,Tile:7,Tile:5-Tile:hidden2,Tile:hidden1,Tile:nugget
Tile:9 5 6 1
Tile:7_flip 4 5 0
Drop 1 0 1
Tile:5_flip 6 5 0
Tile:7 6 6 1
Tile:9_flip 5 4 0
Tile:2_flip 6 7 1
Tile:9 6 4 0
Tile:5_flip 7 4 1
Tile:13 5 7 0
Drop 3 0 1
Destroy 6 4 0
Map 12 7 1
Drop 0 0 0
Tile:6_flip 4 4 1
Tile:7_flip 4 7 0
Tile:10 7 3 1
Destroy 4 7 0
Map 12 7 1
Tile:6_flip 3 4 0
Tile:0 7 7 1
Tile:8 5 3 0
Tile:6 8 7 1
Tile:9_flip 6 3 0
Map 12 7 1
Tile:15 5 2 0
Map 12 7 1
Tile:8 2 4 0
Drop 2 0 1
Tile:3_flip 5 8 0
Map 12 3 1
Tile:6_flip 6 8 0
Tile:8 6 9 1
Drop 4 0 0
Tile:10 6 2 1
Tile:4 2 3 0
Drop 3 0 1
Tile:6_flip 5 1 0
Tile:12_flip 4 7 1
Tile:8 9 7 0
Tile:1 7 9 1
Tile:10 3 5 0
Tile:11_flip 2 5 1
Tile:9 6 10 0
Tile:14_flip 7 2 1
Drop 4 0 0
Tile:7 6 1 1
Drop 0 0 0
Tile:5_flip 3 6 1
Tile:8 8 6 0
Drop 0 0 1
Tile:0 1 4 0
Drop 1 0 1
Drop 0 0 0
Drop 0 0 1
GAMEOVER DRAW
# Game ended: Wed Apr 15 23:28:47 EDT 2020
