# Server version 0.08 running on DESKTOP-6KJFBSD:8123
# Game ID: 228
# Board class: Saboteur.SaboteurBoard
# Timeout: 20000
# First Move Timeout: 30000
# Date: Wed Apr 15 21:09:35 EDT 2020
# Player 1: Player-0, '260715909', running on DESKTOP-6KJFBSD
# Player 2: Player-1, 'RandomPlayer', running on DESKTOP-6KJFBSD
START Player-0 260715909
START Player-1 RandomPlayer
BoardInit:Tile:6,Tile:5,Bonus,Tile:10,Tile:15,Tile:5,Tile:9,Destroy,Tile:8,Tile:4,Tile:9,Tile:0,Map,Tile:12,Tile:11,Tile:5,Tile:0,Tile:7,Tile:6,Tile:7,Tile:9,Map,Tile:9,Tile:8,Tile:9,Tile:2,Tile:7,Tile:8,Bonus,Map,Tile:7,Tile:13,Destroy,Tile:8,Malus,Destroy,Map,Tile:5,Tile:3,Bonus,Tile:1-Bonus,Tile:6,Map,Tile:8,Tile:10,Tile:0,Map-Tile:7,Tile:6,Tile:14,Tile:0,Tile:10,Malus,Tile:6-Tile:hidden1,Tile:nugget,Tile:hidden2
Map 12 5 1
Tile:14 5 6 0
Tile:8 4 6 1
Tile:6 6 5 0
Tile:6 7 5 1
Tile:7 5 4 0
Tile:10 6 4 1
Tile:10 6 3 0
Tile:15 7 4 1
Malus 0 0 0
Bonus 0 0 1
Tile:4 7 3 0
Map 12 7 1
Tile:5 4 5 0
Drop 3 0 1
Destroy 6 4 0
Drop 1 0 1
Tile:5_flip 4 7 0
Tile:0 3 7 1
Tile:0 3 6 0
Tile:8 2 6 1
Tile:5 6 2 0
Map 12 5 1
Tile:6 2 7 0
Tile:9 1 7 1
Tile:7_flip 1 8 0
Tile:6 8 5 1
Tile:10 2 5 0
Tile:0 2 8 1
Tile:0 4 4 0
Drop 3 0 1
Map 12 5 0
Tile:11 2 4 1
Tile:7 3 8 0
Destroy 6 5 1
Tile:2 3 4 0
Tile:7_flip 3 9 1
Destroy 3 7 0
Map 12 5 1
Tile:8 2 3 0
Drop 4 0 1
Tile:12 3 3 0
Tile:9 2 2 1
Tile:8 4 9 0
Tile:1 3 7 1
Map 12 3 0
Tile:3 9 5 1
Tile:8 1 6 0
Tile:9_flip 2 1 1
Tile:5 4 8 0
Drop 0 0 1
Tile:13 0 6 0
Malus 0 0 1
Bonus 0 0 0
Drop 0 0 1
GAMEOVER DRAW
# Game ended: Wed Apr 15 21:09:44 EDT 2020
