# Server version 0.08 running on DESKTOP-6KJFBSD:8123
# Game ID: 290
# Board class: Saboteur.SaboteurBoard
# Timeout: 20000
# First Move Timeout: 30000
# Date: Wed Apr 15 22:57:27 EDT 2020
# Player 1: Player-0, '260715909', running on DESKTOP-6KJFBSD
# Player 2: Player-1, '260715909', running on DESKTOP-6KJFBSD
START Player-0 260715909
START Player-1 260715909
BoardInit:Tile:14,Tile:7,Tile:9,Tile:0,Tile:7,Tile:5,Bonus,Tile:6,Tile:6,Tile:2,Tile:8,Tile:4,Malus,Map,Map,Tile:7,Tile:8,Tile:7,Tile:0,Tile:5,Map,Tile:12,Bonus,Tile:6,Tile:9,Tile:11,Destroy,Tile:1,Tile:9,Tile:13,Tile:10,Map,Tile:9,Tile:9,Tile:8,Tile:6,Map,Tile:0,Tile:6,Tile:10,Bonus-Tile:5,Malus,Map,Tile:8,Tile:15,Tile:7,Bonus-Destroy,Tile:5,Tile:8,Destroy,Tile:3,Tile:10,Tile:0-Tile:nugget,Tile:hidden1,Tile:hidden2
Tile:8 6 5 1
Tile:5 6 4 0
Tile:7 7 5 1
Tile:10 7 6 0
Map 12 7 1
Tile:0 7 4 0
Tile:5_flip 6 6 1
Tile:8 8 4 0
Malus 0 0 1
Drop 0 0 0
Tile:9_flip 9 4 1
Drop 0 0 0
Tile:7 8 3 1
Drop 0 0 0
Tile:6 7 3 1
Map 12 3 0
Tile:8 7 7 1
Drop 0 0 0
Map 12 5 1
Drop 0 0 0
Malus 0 0 1
Drop 0 0 0
Tile:8 7 8 1
Drop 0 0 0
Tile:0 6 3 1
Drop 0 0 0
Map 12 7 1
Drop 0 0 0
Tile:9_flip 9 5 1
Drop 0 0 0
Tile:9 8 5 1
Drop 0 0 0
Tile:10 8 6 1
Map 12 3 0
Tile:9 6 8 1
Drop 0 0 0
Tile:8 8 7 1
Drop 0 0 0
Map 12 7 1
Drop 0 0 0
Tile:6 9 7 1
Drop 0 0 0
Drop 0 0 1
Drop 0 0 0
Drop 0 0 1
Drop 0 0 0
Drop 0 0 1
Drop 0 0 0
Drop 0 0 1
Drop 0 0 0
Drop 0 0 1
Drop 0 0 0
Drop 0 0 1
Drop 0 0 0
Drop 0 0 1
GAMEOVER DRAW
# Game ended: Wed Apr 15 22:57:30 EDT 2020
