# Server version 0.08 running on DESKTOP-6KJFBSD:8123
# Game ID: 305
# Board class: Saboteur.SaboteurBoard
# Timeout: 20000
# First Move Timeout: 30000
# Date: Wed Apr 15 23:06:01 EDT 2020
# Player 1: Player-0, '260715909', running on DESKTOP-6KJFBSD
# Player 2: Player-1, 'RandomPlayer', running on DESKTOP-6KJFBSD
START Player-0 260715909
START Player-1 RandomPlayer
BoardInit:Tile:6,Bonus,Tile:8,Tile:0,Tile:6,Tile:8,Tile:15,Tile:6,Destroy,Tile:1,Malus,Tile:5,Tile:9,Tile:7,Map,Bonus,Tile:9,Tile:13,Destroy,Tile:0,Tile:7,Map,Map,Tile:9,Bonus,Tile:10,Tile:0,Tile:14,Tile:6,Bonus,Malus,Map,Tile:7,Tile:12,Tile:9,Map,Tile:11,Tile:9,Map,Tile:10,Tile:4-Tile:8,Tile:2,Tile:10,Tile:0,Tile:5,Tile:6,Tile:5-Tile:7,Destroy,Tile:8,Tile:3,Tile:5,Tile:8,Tile:7-Tile:nugget,Tile:hidden2,Tile:hidden1
Tile:10 5 4 1
Tile:7 6 5 0
Tile:6 4 5 1
Tile:8 6 6 0
Tile:5 3 5 1
Tile:5_flip 6 7 0
Tile:8 5 7 1
Tile:8 7 6 0
Drop 0 0 1
Tile:7 8 6 0
Tile:6 4 7 1
Tile:8 8 7 0
Tile:8 5 6 1
Tile:0 9 7 0
Destroy 8 6 1
Tile:6 8 8 0
Map 12 7 1
Tile:5 7 5 0
Tile:9_flip 5 3 1
Tile:7 8 5 0
Tile:5 4 6 1
Tile:0 9 8 0
Tile:15 5 8 1
Map 12 3 0
Destroy 5 3 1
Tile:9 7 8 0
Tile:9_flip 4 4 1
Drop 0 0 0
Tile:7 5 3 1
Drop 0 0 0
Tile:6_flip 10 7 1
Drop 0 0 0
Map 12 7 1
Map 12 3 0
Tile:6 10 8 1
Drop 0 0 0
Tile:9 7 9 1
Map 12 3 0
Tile:7_flip 7 10 1
Tile:9_flip 11 8 0
Drop 2 0 1
Drop 0 0 0
Tile:0 3 4 1
Drop 0 0 0
Tile:11_flip 3 6 1
Drop 0 0 0
Tile:0 2 6 1
Drop 0 0 0
Malus 0 0 1
Drop 0 0 0
Malus 0 0 1
Drop 0 0 0
Drop 1 0 1
Drop 0 0 0
Map 12 5 1
GAMEOVER DRAW
# Game ended: Wed Apr 15 23:06:04 EDT 2020
