# Server version 0.08 running on DESKTOP-6KJFBSD:8123
# Game ID: 212
# Board class: Saboteur.SaboteurBoard
# Timeout: 20000
# First Move Timeout: 30000
# Date: Wed Apr 15 20:28:16 EDT 2020
# Player 1: Player-0, '260715909', running on DESKTOP-6KJFBSD
# Player 2: Player-1, 'RandomPlayer', running on DESKTOP-6KJFBSD
START Player-0 260715909
START Player-1 RandomPlayer
BoardInit:Tile:12,Tile:9,Tile:6,Malus,Tile:8,Tile:7,Tile:7,Tile:0,Tile:7,Tile:4,Tile:8,Tile:1,Tile:3,Bonus,Tile:10,Bonus,Tile:10,Tile:6,Malus,Map,Map,Tile:8,Tile:14,Tile:7,Map,Tile:8,Tile:9,Map,Tile:13,Tile:9,Tile:8,Tile:0,Tile:5,Map,Tile:11,Tile:5,Tile:9,Tile:5,Destroy,Tile:6,Tile:2-Tile:0,Map,Tile:5,Bonus,Tile:0,Bonus,Tile:9-Tile:7,Destroy,Tile:15,Destroy,Tile:6,Tile:6,Tile:10-Tile:nugget,Tile:hidden2,Tile:hidden1
Map 12 7 1
Tile:7 5 4 0
Tile:5_flip 5 6 1
Tile:6 6 5 0
Tile:0 4 6 1
Tile:6 4 5 0
Drop 2 0 1
Destroy 4 5 0
Tile:6 7 5 1
Destroy 5 4 0
Tile:8 6 4 1
Tile:7 8 5 0
Tile:7_flip 4 5 1
Tile:9_flip 6 3 0
Drop 5 0 1
Tile:15 4 4 0
Tile:7 4 3 1
Malus 0 0 0
Drop 3 0 1
Tile:10 8 6 0
Drop 4 0 1
Tile:0 3 3 0
Drop 5 0 1
Tile:6 2 3 0
Drop 5 0 1
Tile:7_flip 3 6 0
Map 12 5 1
Map 12 3 0
Drop 6 0 1
Tile:4 3 5 0
Drop 1 0 1
Tile:9 5 4 0
Drop 4 0 1
Tile:8 1 3 0
Drop 0 0 1
Map 12 5 0
Drop 3 0 1
Tile:5 1 2 0
Drop 6 0 1
Tile:5 0 3 0
Drop 0 0 1
Tile:8 2 2 0
Destroy 8 6 1
Tile:6 3 2 0
Drop 4 0 1
Map 12 7 0
Drop 2 0 1
Tile:1 4 2 0
Drop 0 0 1
Tile:0 5 2 0
Drop 0 0 1
Drop 0 0 0
Drop 1 0 1
Drop 0 0 0
Drop 0 0 1
GAMEOVER DRAW
# Game ended: Wed Apr 15 20:28:21 EDT 2020
