# Server version 0.08 running on DESKTOP-6KJFBSD:8123
# Game ID: 291
# Board class: Saboteur.SaboteurBoard
# Timeout: 20000
# First Move Timeout: 30000
# Date: Wed Apr 15 22:57:39 EDT 2020
# Player 1: Player-0, '260715909', running on DESKTOP-6KJFBSD
# Player 2: Player-1, 'RandomPlayer', running on DESKTOP-6KJFBSD
START Player-0 260715909
START Player-1 RandomPlayer
BoardInit:Tile:10,Tile:12,Malus,Tile:2,Tile:13,Destroy,Tile:6,Bonus,Tile:6,Tile:5,Destroy,Tile:0,Tile:9,Map,Tile:8,Tile:5,Tile:0,Map,Map,Tile:15,Bonus,Tile:7,Tile:7,Tile:7,Tile:8,Tile:0,Tile:9,Tile:6,Tile:7,Tile:10,Tile:14,Tile:9,Tile:3,Tile:1,Map,Bonus,Tile:11,Tile:9,Tile:6,Tile:10,Malus-Tile:5,Tile:4,Map,Tile:8,Bonus,Tile:7,Tile:5-Tile:0,Tile:8,Tile:6,Destroy,Map,Tile:8,Tile:9-Tile:hidden2,Tile:nugget,Tile:hidden1
Drop 3 0 1
Tile:8 6 5 0
Tile:7_flip 6 6 1
Map 12 3 0
Tile:5 6 4 1
Tile:0 7 4 0
Malus 0 0 1
Drop 0 0 0
Tile:5_flip 8 4 1
Drop 0 0 0
Tile:13 7 6 1
Drop 0 0 0
Tile:6_flip 7 5 1
Drop 0 0 0
Map 12 7 1
Map 12 3 0
Tile:10 5 4 1
Drop 0 0 0
Drop 5 0 1
Map 12 3 0
Tile:6_flip 5 3 1
Drop 0 0 0
Destroy 6 5 1
Drop 0 0 0
Tile:0 6 3 1
Drop 0 0 0
Tile:7 8 5 1
Drop 0 0 0
Drop 6 0 1
Drop 0 0 0
Tile:9_flip 8 3 1
Drop 0 0 0
Tile:8 6 5 1
Drop 0 0 0
Map 12 7 1
Drop 0 0 0
Tile:7_flip 4 3 1
Drop 0 0 0
Drop 2 0 1
Drop 0 0 0
Tile:11_flip 7 7 1
Drop 0 0 0
Tile:14 8 6 1
Drop 0 0 0
Tile:6 7 8 1
Drop 0 0 0
Tile:3 4 2 1
Drop 0 0 0
Tile:4 8 2 1
Drop 0 0 0
Drop 1 0 1
Drop 0 0 0
Malus 0 0 1
Drop 0 0 0
Drop 0 0 1
GAMEOVER DRAW
# Game ended: Wed Apr 15 22:57:41 EDT 2020
