# Server version 0.08 running on DESKTOP-6KJFBSD:8123
# Game ID: 275
# Board class: Saboteur.SaboteurBoard
# Timeout: 20000
# First Move Timeout: 30000
# Date: Wed Apr 15 22:53:50 EDT 2020
# Player 1: Player-0, '260715909', running on DESKTOP-6KJFBSD
# Player 2: Player-1, 'RandomPlayer', running on DESKTOP-6KJFBSD
START Player-0 260715909
START Player-1 RandomPlayer
BoardInit:Map,Bonus,Tile:8,Tile:6,Bonus,Tile:9,Destroy,Tile:9,Destroy,Tile:7,Map,Tile:6,Bonus,Tile:7,Tile:9,Tile:14,Map,Tile:1,Tile:2,Tile:8,Tile:5,Malus,Tile:12,Tile:13,Tile:9,Tile:6,Tile:8,Tile:4,Tile:15,Tile:9,Tile:10,Tile:7,Tile:8,Tile:5,Tile:7,Tile:6,Tile:6,Tile:0,Tile:7,Malus,Destroy-Tile:0,Tile:0,Map,Tile:5,Map,Tile:10,Tile:10-Bonus,Tile:5,Tile:11,Tile:3,Tile:0,Map,Tile:8-Tile:nugget,Tile:hidden1,Tile:hidden2
Drop 2 0 1
Map 12 5 0
Tile:5 4 5 1
Tile:5_flip 5 6 0
Tile:8 5 4 1
Tile:0 6 4 0
Drop 3 0 1
Tile:6 7 4 0
Map 12 5 1
Tile:8 5 3 0
Destroy 5 6 1
Tile:9_flip 7 3 0
Drop 2 0 1
Tile:9_flip 5 2 0
Map 12 7 1
Tile:7 6 5 0
Tile:0 6 3 1
Tile:6_flip 7 2 0
Drop 1 0 1
Tile:7 8 4 0
Map 12 3 1
Tile:8 8 2 0
Destroy 5 3 1
Malus 0 0 0
Drop 5 0 1
Drop 0 0 0
Map 12 5 1
Tile:6 8 5 0
Drop 6 0 1
Drop 0 0 0
Drop 1 0 1
Tile:9_flip 6 6 0
Drop 6 0 1
Tile:7_flip 8 3 0
Drop 3 0 1
Tile:5 7 5 0
Drop 3 0 1
Tile:6 5 6 0
Drop 6 0 1
Tile:0 9 2 0
Drop 2 0 1
Malus 0 0 0
Destroy 5 2 1
Drop 0 0 0
Drop 4 0 1
Drop 0 0 0
Drop 2 0 1
Drop 0 0 0
Drop 0 0 1
Drop 0 0 0
Drop 0 0 1
Drop 0 0 0
Drop 1 0 1
Drop 0 0 0
Drop 0 0 1
GAMEOVER DRAW
# Game ended: Wed Apr 15 22:53:53 EDT 2020
