# Server version 0.08 running on DESKTOP-6KJFBSD:8123
# Game ID: 276
# Board class: Saboteur.SaboteurBoard
# Timeout: 20000
# First Move Timeout: 30000
# Date: Wed Apr 15 22:54:32 EDT 2020
# Player 1: Player-0, '260715909', running on DESKTOP-6KJFBSD
# Player 2: Player-1, '260715909', running on DESKTOP-6KJFBSD
START Player-0 260715909
START Player-1 260715909
BoardInit:Tile:14,Tile:10,Tile:8,Tile:8,Tile:0,Tile:5,Tile:1,Tile:6,Tile:7,Tile:9,Bonus,Tile:8,Destroy,Tile:9,Tile:7,Tile:3,Map,Tile:9,Tile:13,Map,Tile:11,Tile:2,Bonus,Tile:9,Tile:0,Tile:6,Bonus,Map,Destroy,Tile:10,Destroy,Tile:12,Tile:5,Map,Tile:5,Map,Tile:6,Malus,Tile:8,Tile:6,Tile:4-Tile:15,Bonus,Tile:7,Tile:6,Tile:0,Tile:10,Tile:9-Tile:7,Tile:8,Malus,Tile:0,Map,Tile:5,Tile:7-Tile:hidden1,Tile:hidden2,Tile:nugget
Tile:7 5 4 1
Tile:7 6 5 0
Tile:6 5 6 1
Tile:8 6 6 0
Tile:8 7 6 1
Malus 0 0 0
Drop 0 0 1
Tile:7_flip 7 7 0
Drop 0 0 1
Tile:0 8 6 0
Drop 0 0 1
Tile:5 7 5 0
Drop 0 0 1
Map 12 3 0
Drop 0 0 1
Tile:10 6 7 0
Drop 0 0 1
Tile:6_flip 8 7 0
Map 12 3 1
Tile:5_flip 9 6 0
Drop 0 0 1
Tile:9_flip 8 8 0
Drop 0 0 1
Tile:9_flip 9 5 0
Drop 0 0 1
Tile:9 9 4 0
Drop 0 0 1
Map 12 5 0
Drop 0 0 1
Map 12 5 0
Drop 0 0 1
Tile:8 6 8 0
Drop 0 0 1
Tile:6 10 4 0
Drop 0 0 1
Tile:8 5 8 0
Drop 0 0 1
Tile:9 9 3 0
Drop 0 0 1
Tile:10 9 2 0
Drop 0 0 1
Tile:6_flip 10 3 0
Drop 0 0 1
Map 12 3 0
Drop 0 0 1
Map 12 3 0
Drop 0 0 1
Malus 0 0 0
Drop 0 0 1
Drop 0 0 0
Drop 0 0 1
Drop 0 0 0
Drop 0 0 1
Drop 0 0 0
Drop 0 0 1
GAMEOVER DRAW
# Game ended: Wed Apr 15 22:54:37 EDT 2020
