# Server version 0.08 running on DESKTOP-6KJFBSD:8123
# Game ID: 225
# Board class: Saboteur.SaboteurBoard
# Timeout: 20000
# First Move Timeout: 30000
# Date: Wed Apr 15 21:06:36 EDT 2020
# Player 1: Player-0, '260715909', running on DESKTOP-6KJFBSD
# Player 2: Player-1, 'Human', running on DESKTOP-6KJFBSD
START Player-0 260715909
START Player-1 Human
BoardInit:Tile:7,Tile:10,Tile:9,Map,Tile:1,Map,Tile:5,Tile:7,Bonus,Tile:3,Tile:6,Destroy,Tile:8,Tile:10,Malus,Tile:0,Bonus,Tile:8,Tile:9,Tile:7,Tile:5,Tile:0,Tile:9,Map,Malus,Tile:6,Destroy,Tile:5,Tile:6,Tile:6,Tile:2,Tile:7,Tile:10,Tile:9,Tile:8,Tile:0,Tile:6,Tile:0,Destroy,Bonus,Bonus-Tile:9,Tile:5,Tile:14,Tile:11,Tile:4,Map,Map-Tile:8,Tile:12,Tile:8,Tile:7,Tile:15,Map,Tile:13-Tile:hidden2,Tile:nugget,Tile:hidden1
Tile:9_flip 6 5 1
Tile:8 5 4 0
Tile:7 6 4 1
Tile:12_flip 4 4 0
Tile:9 6 6 1
Tile:13 5 3 0
Map 12 5 1
Tile:8 6 7 0
Map 12 7 1
Tile:15 6 8 0
Drop 2 0 1
Tile:7 5 2 0
Tile:6 7 6 1
Map 12 3 0
Tile:8 8 6 1
Map 12 7 0
Drop 3 0 1
Tile:0 4 2 0
Drop 2 0 1
Tile:10 5 6 0
Tile:9_flip 9 6 1
Tile:3_flip 6 9 0
GAMEOVER USER CANCEL UNDECIDED
# Game ended: Wed Apr 15 21:09:07 EDT 2020
