# Server version 0.08 running on DESKTOP-6KJFBSD:8123
# Game ID: 224
# Board class: Saboteur.SaboteurBoard
# Timeout: 20000
# First Move Timeout: 30000
# Date: Wed Apr 15 21:03:58 EDT 2020
# Player 1: Player-0, '260715909', running on DESKTOP-6KJFBSD
# Player 2: Player-1, 'RandomPlayer', running on DESKTOP-6KJFBSD
START Player-0 260715909
START Player-1 RandomPlayer
BoardInit:Tile:12,Map,Tile:7,Tile:8,Map,Tile:15,Tile:6,Tile:2,Tile:8,Destroy,Tile:1,Tile:6,Tile:7,Map,Tile:6,Tile:7,Destroy,Tile:5,Tile:9,Tile:9,Tile:5,Tile:10,Malus,Tile:5,Tile:0,Tile:8,Tile:8,Map,Tile:0,Tile:6,Tile:6,Tile:9,Tile:0,Tile:5,Destroy,Map,Tile:10,Tile:7,Tile:9,Tile:10,Bonus-Tile:0,Malus,Bonus,Map,Tile:7,Bonus,Tile:3-Tile:11,Tile:8,Bonus,Tile:4,Tile:13,Tile:9,Tile:14-Tile:hidden2,Tile:nugget,Tile:hidden1
Tile:3 5 4 1
Tile:9_flip 6 5 0
Drop 6 0 1
Tile:14_flip 4 5 0
Tile:7_flip 4 6 1
Tile:8 5 6 0
Drop 4 0 1
Tile:11_flip 6 6 0
Map 12 5 1
Tile:2_flip 5 7 0
Map 12 7 1
Destroy 5 7 0
Drop 6 0 1
Tile:4 6 4 0
Tile:7_flip 6 7 1
Map 12 5 0
Tile:7_flip 4 4 1
Tile:15 4 3 0
Destroy 4 6 1
Tile:13 4 2 0
Tile:6_flip 5 2 1
Tile:9_flip 5 7 0
Tile:6_flip 6 2 1
Tile:6_flip 4 1 0
Malus 0 0 1
Map 12 5 0
Tile:8 7 7 1
Bonus 0 0 0
Tile:0 3 1 1
Tile:5_flip 7 8 0
Tile:9 2 1 1
Tile:8 2 0 0
Tile:5 1 0 1
Tile:10 5 8 0
Tile:6 7 2 1
Tile:5_flip 1 1 0
Destroy 4 1 1
Tile:6 4 6 0
Tile:0 3 0 1
Map 12 3 0
Drop 2 0 1
Tile:8 2 2 0
Tile:10 2 3 1
Tile:7_flip 6 3 0
Tile:0 1 2 1
Tile:5_flip 2 4 0
Tile:9_flip 7 1 1
Tile:10 7 6 0
Tile:0 0 2 1
Tile:9 1 4 0
Drop 0 0 1
Map 12 7 0
Malus 0 0 1
Drop 0 0 0
Drop 0 0 1
GAMEOVER DRAW
# Game ended: Wed Apr 15 21:04:05 EDT 2020
