# Server version 0.08 running on DESKTOP-6KJFBSD:8123
# Game ID: 281
# Board class: Saboteur.SaboteurBoard
# Timeout: 20000
# First Move Timeout: 30000
# Date: Wed Apr 15 22:55:51 EDT 2020
# Player 1: Player-0, '260715909', running on DESKTOP-6KJFBSD
# Player 2: Player-1, 'RandomPlayer', running on DESKTOP-6KJFBSD
START Player-0 260715909
START Player-1 RandomPlayer
BoardInit:Tile:8,Tile:15,Malus,Destroy,Map,Tile:6,Tile:2,Tile:7,Tile:5,Tile:6,Bonus,Destroy,Map,Bonus,Tile:5,Tile:10,Destroy,Tile:13,Tile:9,Tile:7,Tile:0,Map,Tile:0,Tile:8,Tile:11,Tile:14,Tile:9,Tile:6,Tile:10,Tile:9,Tile:1,Tile:6,Bonus,Tile:3,Tile:12,Tile:8,Tile:8,Map,Tile:7,Tile:7,Tile:0-Tile:5,Tile:0,Map,Tile:7,Map,Bonus,Tile:8-Tile:4,Tile:9,Tile:6,Tile:10,Malus,Tile:5,Tile:9-Tile:hidden2,Tile:hidden1,Tile:nugget
Map 12 5 1
Tile:9_flip 6 5 0
Tile:8 6 4 1
Tile:6 7 4 0
Tile:8 7 3 1
Malus 0 0 0
Map 12 5 1
Tile:9 6 6 0
Drop 6 0 1
Tile:10 6 7 0
Bonus 0 0 1
Tile:5 6 3 0
Drop 2 0 1
Tile:6_flip 7 6 0
Drop 3 0 1
Tile:7 8 3 0
Tile:5 5 4 1
Tile:6 6 8 0
Map 12 3 1
Tile:10 7 7 0
Destroy 5 4 1
Tile:7 8 6 0
Tile:5_flip 8 4 1
Map 12 3 0
Malus 0 0 1
Drop 0 0 0
Tile:0 4 5 1
Drop 0 0 0
Tile:9_flip 7 2 1
Drop 0 0 0
Drop 2 0 1
Drop 0 0 0
Tile:11_flip 7 8 1
Drop 0 0 0
Drop 0 0 1
Drop 0 0 0
Tile:5_flip 5 6 1
Drop 0 0 0
Tile:8 7 1 1
Map 12 5 0
Tile:12_flip 4 6 1
Drop 0 0 0
Tile:9 7 0 1
Drop 0 0 0
Tile:7 8 1 1
Drop 0 0 0
Tile:0 5 8 1
Drop 0 0 0
Tile:10 8 7 1
Drop 0 0 0
Tile:1 3 5 1
Drop 0 0 0
Tile:0 8 0 1
Drop 0 0 0
Drop 0 0 1
GAMEOVER DRAW
# Game ended: Wed Apr 15 22:55:54 EDT 2020
