# Server version 0.08 running on DESKTOP-6KJFBSD:8123
# Game ID: 209
# Board class: Saboteur.SaboteurBoard
# Timeout: 20000
# First Move Timeout: 30000
# Date: Wed Apr 15 20:23:17 EDT 2020
# Player 1: Player-0, '260715909', running on DESKTOP-6KJFBSD
# Player 2: Player-1, 'RandomPlayer', running on DESKTOP-6KJFBSD
START Player-0 260715909
START Player-1 RandomPlayer
BoardInit:Tile:6,Tile:1,Tile:8,Destroy,Map,Map,Map,Tile:6,Tile:7,Tile:5,Bonus,Tile:10,Bonus,Tile:9,Destroy,Tile:13,Tile:6,Tile:2,Tile:9,Malus,Destroy,Tile:12,Tile:0,Tile:6,Tile:0,Map,Tile:9,Tile:3,Tile:7,Tile:8,Tile:0,Tile:4,Bonus,Tile:7,Tile:0,Tile:6,Tile:8,Tile:5,Tile:8,Tile:11,Malus-Map,Map,Tile:15,Tile:14,Tile:7,Bonus,Tile:9-Tile:8,Tile:9,Tile:10,Tile:10,Tile:5,Tile:7,Tile:5-Tile:hidden2,Tile:hidden1,Tile:nugget
Map 12 5 1
Tile:8 5 6 0
Drop 1 0 1
Tile:5 4 6 0
Tile:8 5 7 1
Tile:9 4 7 0
Tile:6_flip 5 4 1
Tile:7_flip 4 5 0
Tile:7 6 4 1
Tile:10 4 8 0
Map 12 3 1
Tile:5 4 4 0
Map 12 7 1
Map 12 7 0
Tile:14 4 9 1
Tile:5_flip 6 5 0
Tile:9 5 8 1
Tile:6_flip 6 6 0
Tile:6 6 7 1
Tile:2 7 6 0
Destroy 4 9 1
Destroy 4 6 0
Tile:7_flip 5 9 1
Tile:12 6 8 0
Destroy 6 7 1
Tile:9 7 7 0
Tile:0 8 7 1
Tile:10 7 8 0
Tile:0 9 7 1
Tile:1 8 6 0
Map 12 3 1
Tile:10 4 9 0
Tile:0 9 6 1
Tile:3 10 7 0
Tile:9 4 10 1
Map 12 7 0
Tile:7_flip 7 9 1
Tile:13 4 11 0
Tile:9_flip 8 9 1
Tile:5 8 8 0
Drop 1 0 1
Tile:6_flip 4 6 0
Tile:0 3 11 1
Tile:6_flip 5 10 0
Drop 1 0 1
Tile:11_flip 5 11 0
Tile:8 4 12 1
Tile:8 3 6 0
Tile:8 2 11 1
Tile:7 2 10 0
Drop 0 0 1
Tile:4 3 5 0
Malus 0 0 1
Malus 0 0 0
Bonus 0 0 1
GAMEOVER DRAW
# Game ended: Wed Apr 15 20:23:20 EDT 2020
