# Server version 0.08 running on DESKTOP-6KJFBSD:8123
# Game ID: 274
# Board class: Saboteur.SaboteurBoard
# Timeout: 20000
# First Move Timeout: 30000
# Date: Wed Apr 15 22:53:44 EDT 2020
# Player 1: Player-0, 'RandomPlayer', running on DESKTOP-6KJFBSD
# Player 2: Player-1, '260715909', running on DESKTOP-6KJFBSD
START Player-0 RandomPlayer
START Player-1 260715909
BoardInit:Map,Tile:10,Tile:9,Map,Tile:6,Map,Malus,Tile:8,Tile:15,Bonus,Tile:9,Tile:0,Bonus,Tile:6,Tile:8,Tile:0,Tile:2,Tile:8,Tile:5,Tile:10,Tile:11,Destroy,Tile:6,Tile:13,Destroy,Map,Tile:9,Tile:0,Tile:5,Tile:7,Tile:7,Tile:10,Tile:12,Tile:0,Map,Tile:8,Tile:7,Tile:4,Tile:5,Tile:6,Destroy-Tile:9,Tile:9,Bonus,Map,Tile:3,Tile:5,Malus-Bonus,Tile:6,Tile:7,Tile:8,Tile:1,Tile:7,Tile:14-Tile:nugget,Tile:hidden2,Tile:hidden1
Tile:9 5 4 1
Tile:14 6 4 0
Tile:9 5 3 1
Tile:1 4 5 0
Map 12 3 1
Tile:7 5 2 0
Tile:5_flip 5 6 1
Drop 2 0 0
Malus 0 0 1
Map 12 3 0
Map 12 3 1
Bonus 0 0 0
Tile:9_flip 6 3 1
Tile:6 4 2 0
Tile:6_flip 6 5 1
Drop 2 0 0
Malus 0 0 1
Drop 1 0 0
Tile:9_flip 7 5 1
Drop 3 0 0
Tile:8 7 6 1
Drop 2 0 0
Tile:5 6 2 1
Destroy 7 5 0
Tile:6 7 2 1
Drop 2 0 0
Drop 0 0 1
Drop 3 0 0
Tile:9 6 6 1
Drop 4 0 0
Tile:5_flip 6 7 1
Map 12 3 0
Tile:7_flip 7 7 1
Drop 6 0 0
Drop 0 0 1
Drop 3 0 0
Map 12 5 1
Drop 3 0 0
Tile:7 7 5 1
Drop 6 0 0
Tile:5 5 7 1
Drop 2 0 0
Drop 0 0 1
Drop 1 0 0
Drop 0 0 1
Drop 3 0 0
Drop 0 0 1
Drop 0 0 0
Drop 0 0 1
Drop 2 0 0
Drop 0 0 1
Drop 0 0 0
Drop 0 0 1
Drop 0 0 0
Drop 0 0 1
GAMEOVER DRAW
# Game ended: Wed Apr 15 22:53:45 EDT 2020
