# Server version 0.08 running on DESKTOP-6KJFBSD:8123
# Game ID: 247
# Board class: Saboteur.SaboteurBoard
# Timeout: 20000
# First Move Timeout: 30000
# Date: Wed Apr 15 22:27:50 EDT 2020
# Player 1: Player-0, '260715909', running on DESKTOP-6KJFBSD
# Player 2: Player-1, 'RandomPlayer', running on DESKTOP-6KJFBSD
START Player-0 260715909
START Player-1 RandomPlayer
BoardInit:Map,Tile:7,Tile:9,Tile:10,Tile:0,Map,Tile:8,Tile:2,Tile:1,Tile:5,Tile:8,Tile:9,Tile:13,Tile:8,Tile:7,Bonus,Tile:9,Tile:7,Destroy,Tile:11,Tile:8,Bonus,Tile:0,Destroy,Tile:0,Tile:9,Malus,Map,Tile:4,Destroy,Tile:10,Tile:14,Bonus,Tile:7,Map,Tile:6,Tile:6,Malus,Tile:6,Tile:9,Tile:5-Map,Tile:3,Map,Tile:10,Tile:15,Tile:5,Tile:8-Tile:6,Tile:5,Tile:6,Bonus,Tile:0,Tile:12,Tile:7-Tile:hidden2,Tile:hidden1,Tile:nugget
Map 12 5 1
Tile:6 4 5 0
Tile:5_flip 6 5 1
Tile:6 3 5 0
Map 12 5 1
Tile:5 2 5 0
Drop 6 0 1
Tile:7_flip 2 6 0
Tile:8 6 4 1
Map 12 7 0
Tile:1 7 4 1
Tile:0 3 6 0
Tile:9_flip 6 3 1
Tile:5_flip 5 6 0
Tile:13 3 4 1
Drop 0 0 0
Tile:7 6 2 1
Drop 0 0 0
Tile:9 5 2 1
Drop 0 0 0
Tile:8 8 4 1
Tile:10 8 5 0
Destroy 2 6 1
Tile:8 8 6 0
Drop 3 0 1
Tile:9 2 6 0
Tile:10 5 1 1
Tile:7 9 6 0
Tile:8 9 7 1
Map 12 3 0
Tile:15 5 0 1
Tile:9 2 7 0
Tile:10 9 8 1
Drop 0 0 0
Tile:3_flip 5 3 1
Tile:7 3 7 0
Tile:0 9 4 1
Tile:6 2 8 0
Tile:6 1 8 1
Malus 0 0 0
Map 12 5 1
Tile:9 0 8 0
Bonus 0 0 1
Drop 0 0 0
Tile:8 3 8 1
Drop 0 0 0
Tile:4 8 3 1
Drop 0 0 0
Tile:6 4 8 1
Drop 0 0 0
Tile:0 2 4 1
Drop 0 0 0
Tile:5_flip 9 9 1
Drop 0 0 0
Malus 0 0 1
GAMEOVER DRAW
# Game ended: Wed Apr 15 22:27:54 EDT 2020
