# Server version 0.08 running on DESKTOP-6KJFBSD:8123
# Game ID: 301
# Board class: Saboteur.SaboteurBoard
# Timeout: 20000
# First Move Timeout: 30000
# Date: Wed Apr 15 23:00:51 EDT 2020
# Player 1: Player-0, '260715909', running on DESKTOP-6KJFBSD
# Player 2: Player-1, 'RandomPlayer', running on DESKTOP-6KJFBSD
START Player-0 260715909
START Player-1 RandomPlayer
BoardInit:Tile:12,Tile:0,Tile:0,Bonus,Bonus,Tile:10,Tile:7,Tile:0,Tile:10,Tile:5,Tile:9,Tile:6,Bonus,Map,Tile:1,Tile:9,Tile:10,Bonus,Destroy,Map,Tile:8,Tile:0,Tile:8,Tile:8,Destroy,Map,Tile:7,Tile:6,Tile:8,Tile:2,Tile:7,Tile:6,Tile:6,Map,Tile:15,Destroy,Tile:14,Tile:8,Tile:5,Malus,Tile:3-Map,Map,Tile:9,Tile:11,Tile:6,Tile:7,Malus-Tile:9,Tile:7,Tile:4,Tile:5,Tile:9,Tile:13,Tile:5-Tile:nugget,Tile:hidden1,Tile:hidden2
Tile:11_flip 5 6 1
Tile:9_flip 6 5 0
Tile:9 4 6 1
Tile:7 6 4 0
Tile:6_flip 5 4 1
Tile:9 6 6 0
Drop 6 0 1
Tile:5_flip 6 7 0
Tile:0 7 6 1
Tile:5_flip 8 6 0
Drop 4 0 1
Tile:10 8 5 0
Tile:7_flip 4 7 1
Tile:6_flip 8 4 0
Tile:9_flip 9 4 1
Tile:5 7 4 0
Map 12 5 1
Map 12 7 0
Tile:10 9 5 1
Tile:9_flip 9 3 0
Malus 0 0 1
Map 12 7 0
Tile:7_flip 8 3 1
Drop 0 0 0
Tile:10 9 6 1
Drop 0 0 0
Destroy 5 4 1
Map 12 3 0
Destroy 9 4 1
Drop 0 0 0
Tile:8 9 7 1
Drop 0 0 0
Tile:7 8 2 1
Drop 0 0 0
Tile:8 5 7 1
Map 12 3 0
Tile:1 10 7 1
Drop 0 0 0
Tile:6_flip 8 7 1
Drop 0 0 0
Tile:5 5 4 1
Malus 0 0 0
Bonus 0 0 1
Drop 0 0 0
Tile:7_flip 8 8 1
Drop 0 0 0
Tile:8 4 5 1
Drop 0 0 0
Map 12 5 1
Drop 0 0 0
Tile:15 4 4 1
Drop 0 0 0
Tile:14_flip 3 5 1
Drop 0 0 0
Tile:3 11 7 1
GAMEOVER DRAW
# Game ended: Wed Apr 15 23:00:53 EDT 2020
