# Server version 0.08 running on DESKTOP-6KJFBSD:8123
# Game ID: 101
# Board class: Saboteur.SaboteurBoard
# Timeout: 20000
# First Move Timeout: 30000
# Date: Sun Apr 12 15:30:58 EDT 2020
# Player 1: Player-0, '260715909', running on DESKTOP-6KJFBSD
# Player 2: Player-1, 'Human', running on DESKTOP-6KJFBSD
START Player-0 260715909
START Player-1 Human
BoardInit:Tile:7,Tile:8,Tile:11,Map,Map,Destroy,Tile:9,Tile:9,Tile:0,Tile:6,Bonus,Tile:6,Tile:8,Tile:0,Bonus,Tile:9,Tile:1,Tile:10,Tile:8,Malus,Tile:4,Bonus,Tile:15,Tile:9,Tile:5,Tile:9,Tile:8,Tile:0,Tile:10,Tile:5,Bonus,Tile:2,Tile:5,Tile:0,Tile:14,Tile:10,Map,Tile:7,Destroy,Malus,Tile:12-Tile:7,Map,Tile:13,Tile:6,Destroy,Tile:7,Tile:8-Tile:5,Tile:6,Tile:6,Map,Map,Tile:3,Tile:7-Tile:hidden2,Tile:nugget,Tile:hidden1
Tile:8 6 5 1
Tile:7_flip 5 6 0
Tile:6 7 5 1
Map 12 7 0
Map 12 5 1
Tile:6_flip 8 5 0
Tile:7 9 5 1
Tile:5_flip 6 6 0
Tile:7_flip 9 6 1
Map 12 5 0
Tile:0 10 6 1
Tile:3 5 4 0
Map 12 7 1
Map 12 3 0
Tile:9_flip 11 6 1
Drop 0 0 0
Tile:8 11 5 1
GAMEOVER WINNER 1
# Game ended: Sun Apr 12 15:33:04 EDT 2020
