# Server version 0.08 running on DESKTOP-6KJFBSD:8123
# Game ID: 259
# Board class: Saboteur.SaboteurBoard
# Timeout: 20000
# First Move Timeout: 30000
# Date: Wed Apr 15 22:41:34 EDT 2020
# Player 1: Player-0, '260715909', running on DESKTOP-6KJFBSD
# Player 2: Player-1, '260715909', running on DESKTOP-6KJFBSD
START Player-0 260715909
START Player-1 260715909
BoardInit:Tile:10,Tile:5,Tile:6,Malus,Bonus,Tile:8,Tile:6,Malus,Tile:9,Tile:9,Tile:9,Tile:2,Tile:0,Tile:9,Tile:3,Tile:5,Tile:0,Tile:13,Tile:14,Bonus,Tile:7,Tile:7,Tile:7,Map,Bonus,Tile:12,Tile:1,Map,Tile:5,Tile:7,Tile:6,Destroy,Tile:8,Tile:15,Tile:8,Bonus,Map,Tile:6,Tile:7,Tile:10,Map-Tile:4,Tile:9,Tile:0,Tile:8,Tile:11,Tile:6,Tile:5-Map,Tile:8,Tile:0,Tile:10,Map,Destroy,Destroy-Tile:hidden1,Tile:nugget,Tile:hidden2
Tile:5_flip 6 5 1
Map 12 7 0
Tile:9 5 4 1
Tile:8 5 6 0
Tile:0 6 6 1
Malus 0 0 0
Drop 0 0 1
Tile:0 7 6 0
Drop 0 0 1
Tile:10 5 3 0
Drop 0 0 1
Tile:5_flip 5 7 0
Drop 0 0 1
Map 12 3 0
Drop 0 0 1
Tile:9_flip 5 2 0
Drop 0 0 1
Tile:9_flip 6 4 0
Drop 0 0 1
Tile:5 5 1 0
Drop 0 0 1
Malus 0 0 0
Drop 0 0 1
Tile:8 6 1 0
Drop 0 0 1
Tile:7 8 6 0
Drop 0 0 1
Map 12 3 0
Drop 0 0 1
Map 12 3 0
Drop 0 0 1
Tile:7 6 0 0
Drop 0 0 1
Drop 0 0 0
Drop 0 0 1
Drop 0 0 0
Drop 0 0 1
Drop 0 0 0
Map 12 3 1
Tile:6 5 0 0
Drop 0 0 1
Tile:10 6 2 0
Map 12 5 1
Drop 0 0 0
Drop 0 0 1
Drop 0 0 0
Drop 0 0 1
Drop 0 0 0
Drop 0 0 1
Drop 0 0 0
Drop 0 0 1
Drop 0 0 0
Drop 0 0 1
Drop 0 0 0
Drop 0 0 1
GAMEOVER DRAW
# Game ended: Wed Apr 15 22:41:38 EDT 2020
