# Server version 0.08 running on DESKTOP-6KJFBSD:8123
# Game ID: 198
# Board class: Saboteur.SaboteurBoard
# Timeout: 20000
# First Move Timeout: 30000
# Date: Wed Apr 15 19:49:27 EDT 2020
# Player 1: Player-0, 'RandomPlayer', running on DESKTOP-6KJFBSD
# Player 2: Player-1, '260715909', running on DESKTOP-6KJFBSD
START Player-0 RandomPlayer
START Player-1 260715909
BoardInit:Tile:9,Tile:6,Tile:14,Tile:12,Bonus,Tile:7,Tile:8,Destroy,Tile:1,Tile:8,Tile:10,Tile:7,Bonus,Tile:7,Tile:6,Tile:8,Tile:5,Tile:11,Tile:6,Tile:9,Tile:10,Tile:5,Tile:0,Tile:8,Tile:10,Tile:9,Tile:15,Tile:4,Tile:5,Bonus,Destroy,Tile:6,Malus,Destroy,Tile:0,Tile:5,Tile:9,Tile:0,Tile:9,Tile:2,Tile:0-Tile:7,Tile:8,Tile:6,Map,Tile:7,Map,Map-Map,Bonus,Tile:13,Malus,Map,Tile:3,Map-Tile:nugget,Tile:hidden1,Tile:hidden2
Tile:7 5 4 1
Drop 2 0 0
Tile:8 4 4 1
Tile:6 3 4 0
Tile:14_flip 3 3 1
Tile:3 4 3 0
Tile:6 4 5 1
Tile:12_flip 3 5 0
Map 12 3 1
Drop 0 0 0
Tile:7 6 5 1
Map 12 3 0
Map 12 3 1
Drop 0 0 0
Map 12 3 1
Tile:7_flip 5 6 0
Tile:9 2 4 1
Destroy 3 5 0
Tile:8 2 5 1
Map 12 5 0
Tile:1 3 5 1
Malus 0 0 0
Bonus 0 0 1
Tile:7_flip 2 6 0
Tile:10 2 3 1
Tile:11_flip 6 6 0
Tile:6 1 5 1
Tile:9_flip 1 4 0
Tile:5 0 4 1
Tile:9_flip 1 3 0
Tile:0 3 6 1
Tile:7_flip 0 3 0
Tile:6 0 5 1
Tile:6_flip 0 2 0
Tile:10 2 2 1
Destroy 1 5 0
Tile:10 2 1 1
Tile:4 2 0 0
Tile:15 6 7 1
Tile:8 1 5 0
Tile:5_flip 1 6 1
Drop 6 0 0
Destroy 0 2 1
Drop 3 0 0
Tile:9_flip 0 2 1
Tile:5 0 6 0
Malus 0 0 1
Drop 0 0 0
Tile:9 0 1 1
Drop 2 0 0
Drop 0 0 1
Drop 0 0 0
Drop 0 0 1
Drop 0 0 0
Drop 0 0 1
GAMEOVER DRAW
# Game ended: Wed Apr 15 19:49:28 EDT 2020
