# Server version 0.08 running on DESKTOP-6KJFBSD:8123
# Game ID: 299
# Board class: Saboteur.SaboteurBoard
# Timeout: 20000
# First Move Timeout: 30000
# Date: Wed Apr 15 23:00:19 EDT 2020
# Player 1: Player-0, '260715909', running on DESKTOP-6KJFBSD
# Player 2: Player-1, 'RandomPlayer', running on DESKTOP-6KJFBSD
START Player-0 260715909
START Player-1 RandomPlayer
BoardInit:Destroy,Tile:0,Tile:15,Tile:11,Tile:6,Tile:5,Map,Map,Tile:8,Tile:1,Tile:2,Tile:0,Tile:6,Tile:8,Tile:8,Tile:5,Tile:5,Tile:0,Tile:7,Bonus,Tile:7,Tile:3,Tile:9,Map,Bonus,Bonus,Tile:10,Tile:4,Malus,Bonus,Tile:7,Tile:5,Destroy,Tile:7,Tile:14,Tile:9,Map,Tile:6,Malus,Tile:8,Tile:6-Tile:10,Map,Tile:10,Tile:6,Tile:8,Tile:9,Tile:7-Tile:12,Tile:13,Tile:9,Tile:9,Tile:0,Map,Destroy-Tile:hidden2,Tile:hidden1,Tile:nugget
Tile:9_flip 6 5 1
Tile:9 6 4 0
Tile:7_flip 5 6 1
Tile:9_flip 6 6 0
Tile:6 4 5 1
Tile:0 7 4 0
Tile:15 5 4 1
Map 12 3 0
Tile:6_flip 5 3 1
Tile:0 8 4 0
Map 12 3 1
Map 12 7 0
Tile:8 9 4 1
Tile:5 9 3 0
Tile:8 6 7 1
Tile:0 7 7 0
Destroy 4 5 1
Tile:8 6 3 0
Drop 3 0 1
Tile:0 10 3 0
Tile:5_flip 6 8 1
Tile:5_flip 7 3 0
Tile:8 9 5 1
Drop 0 0 0
Tile:6_flip 10 4 1
Map 12 5 0
Tile:7 11 3 1
Drop 0 0 0
Map 12 5 1
Drop 0 0 0
Tile:7_flip 9 6 1
Drop 0 0 0
Tile:7_flip 5 8 1
Tile:5 8 5 0
Tile:10 8 6 1
Tile:7 10 6 0
Tile:14 11 4 1
Tile:9_flip 8 7 0
Map 12 5 1
Tile:6 8 8 0
Drop 4 0 1
Tile:8 9 8 0
Tile:6 4 3 1
Drop 0 0 0
Malus 0 0 1
Drop 0 0 0
Destroy 6 6 1
Drop 0 0 0
Tile:9 6 2 1
Drop 0 0 0
Tile:10 6 1 1
Drop 0 0 0
Tile:10 10 7 1
Drop 0 0 0
Drop 0 0 1
GAMEOVER DRAW
# Game ended: Wed Apr 15 23:00:21 EDT 2020
