# Server version 0.08 running on DESKTOP-6KJFBSD:8123
# Game ID: 304
# Board class: Saboteur.SaboteurBoard
# Timeout: 20000
# First Move Timeout: 30000
# Date: Wed Apr 15 23:05:54 EDT 2020
# Player 1: Player-0, '260715909', running on DESKTOP-6KJFBSD
# Player 2: Player-1, 'RandomPlayer', running on DESKTOP-6KJFBSD
START Player-0 260715909
START Player-1 RandomPlayer
BoardInit:Malus,Map,Map,Map,Tile:7,Tile:5,Tile:10,Tile:6,Tile:3,Tile:0,Destroy,Tile:8,Tile:9,Map,Tile:10,Tile:7,Tile:9,Tile:7,Tile:1,Bonus,Destroy,Tile:13,Tile:6,Tile:7,Tile:4,Tile:0,Tile:6,Tile:6,Tile:9,Tile:9,Tile:5,Tile:0,Tile:8,Tile:11,Tile:8,Tile:9,Bonus,Tile:0,Tile:8,Tile:7,Malus-Destroy,Tile:5,Tile:5,Tile:2,Tile:8,Bonus,Tile:14-Map,Map,Tile:12,Bonus,Tile:15,Tile:6,Tile:10-Tile:hidden1,Tile:hidden2,Tile:nugget
Tile:5 4 5 1
Map 12 3 0
Tile:2_flip 5 6 1
Map 12 3 0
Tile:14 6 6 1
Tile:6_flip 6 5 0
Drop 3 0 1
Map 12 3 0
Tile:8 5 4 1
Map 12 3 0
Drop 1 0 1
Tile:0 6 4 0
Tile:7_flip 4 4 1
Tile:6 7 5 0
Destroy 4 5 1
Map 12 3 0
Tile:3 7 4 1
Tile:5_flip 8 5 0
Destroy 5 6 1
Tile:10 8 4 0
Map 12 5 1
Tile:7 8 3 0
Tile:10 5 3 1
Tile:7_flip 7 3 0
Tile:9_flip 4 3 1
Drop 0 0 0
Destroy 4 3 1
Drop 0 0 0
Tile:10 4 3 1
Drop 0 0 0
Tile:9 5 6 1
Drop 0 0 0
Malus 0 0 1
Drop 0 0 0
Tile:6_flip 5 2 1
Drop 0 0 0
Tile:5_flip 6 2 1
Drop 0 0 0
Tile:6 5 7 1
Drop 0 0 0
Drop 4 0 1
Drop 0 0 0
Tile:9 6 1 1
Drop 0 0 0
Tile:1 4 5 1
Drop 0 0 0
Tile:8 6 0 1
Drop 0 0 0
Tile:8 4 2 1
Drop 0 0 0
Drop 1 0 1
Drop 0 0 0
Malus 0 0 1
Drop 0 0 0
Tile:4 7 2 1
GAMEOVER DRAW
# Game ended: Wed Apr 15 23:05:55 EDT 2020
