# Server version 0.08 running on DESKTOP-6KJFBSD:8123
# Game ID: 263
# Board class: Saboteur.SaboteurBoard
# Timeout: 20000
# First Move Timeout: 30000
# Date: Wed Apr 15 22:47:28 EDT 2020
# Player 1: Player-0, '260715909', running on DESKTOP-6KJFBSD
# Player 2: Player-1, '260715909', running on DESKTOP-6KJFBSD
START Player-0 260715909
START Player-1 260715909
BoardInit:Tile:9,Destroy,Tile:4,Tile:7,Tile:6,Tile:0,Tile:6,Malus,Tile:8,Map,Tile:8,Tile:7,Tile:3,Tile:0,Tile:5,Tile:7,Tile:7,Tile:6,Map,Tile:0,Bonus,Map,Tile:6,Bonus,Tile:12,Tile:5,Map,Tile:0,Tile:5,Tile:11,Bonus,Tile:15,Tile:9,Tile:2,Tile:1,Map,Malus,Tile:10,Tile:6,Tile:9,Tile:8-Tile:5,Map,Tile:7,Destroy,Tile:10,Tile:10,Tile:14-Tile:8,Tile:9,Tile:9,Destroy,Bonus,Tile:13,Tile:8-Tile:nugget,Tile:hidden2,Tile:hidden1
Map 12 3 1
Drop 0 0 0
Drop 0 0 1
Drop 0 0 0
Drop 0 0 1
Drop 0 0 0
Drop 0 0 1
Drop 0 0 0
Drop 0 0 1
Malus 0 0 0
Drop 0 0 1
Map 12 3 0
Drop 0 0 1
Drop 0 0 0
Drop 0 0 1
Drop 0 0 0
Drop 0 0 1
Drop 0 0 0
Drop 0 0 1
Drop 0 0 0
Map 12 5 1
Drop 0 0 0
Drop 0 0 1
Map 12 3 0
Drop 0 0 1
Drop 0 0 0
Drop 0 0 1
Drop 0 0 0
Map 12 3 1
Drop 0 0 0
Drop 0 0 1
Drop 0 0 0
Drop 0 0 1
Drop 0 0 0
Drop 0 0 1
Drop 0 0 0
Drop 0 0 1
Map 12 3 0
Malus 0 0 1
Drop 0 0 0
Drop 0 0 1
Drop 0 0 0
Drop 0 0 1
Drop 0 0 0
Drop 0 0 1
Drop 0 0 0
Drop 0 0 1
Drop 0 0 0
Drop 0 0 1
Drop 0 0 0
Drop 0 0 1
Drop 0 0 0
Drop 0 0 1
Drop 0 0 0
Drop 0 0 1
GAMEOVER DRAW
# Game ended: Wed Apr 15 22:47:30 EDT 2020
