# Server version 0.08 running on DESKTOP-6KJFBSD:8123
# Game ID: 120
# Board class: Saboteur.SaboteurBoard
# Timeout: 20000
# First Move Timeout: 30000
# Date: Sun Apr 12 22:52:08 EDT 2020
# Player 1: Player-0, '260715909', running on DESKTOP-6KJFBSD
# Player 2: Player-1, 'RandomPlayer', running on DESKTOP-6KJFBSD
START Player-0 260715909
START Player-1 RandomPlayer
BoardInit:Malus,Tile:8,Bonus,Map,Malus,Tile:2,Tile:5,Tile:8,Tile:7,Tile:7,Tile:10,Bonus,Tile:1,Tile:6,Tile:9,Tile:0,Destroy,Tile:8,Tile:6,Tile:7,Tile:8,Destroy,Tile:9,Map,Map,Tile:9,Map,Bonus,Tile:6,Tile:15,Tile:5,Map,Tile:10,Tile:6,Tile:10,Tile:4,Tile:0,Tile:7,Map,Tile:9,Destroy-Tile:5,Tile:7,Tile:5,Tile:0,Tile:9,Tile:14,Bonus-Tile:6,Tile:12,Tile:11,Tile:8,Tile:3,Tile:0,Tile:13-Tile:hidden1,Tile:hidden2,Tile:nugget
Tile:14 5 6 1
Tile:12_flip 4 6 0
Drop 5 0 1
Drop 1 0 0
Tile:9_flip 6 5 1
Tile:3_flip 6 6 0
Drop 6 0 1
Drop 2 0 0
Tile:7_flip 4 5 1
GAMEOVER ILLEGAL MOVE: Player 0, CardUsed: (Tile:8), PosOfUse: (7, 2) WINNER 1
# Game ended: Sun Apr 12 22:52:19 EDT 2020
