# Server version 0.08 running on DESKTOP-6KJFBSD:8123
# Game ID: 346
# Board class: Saboteur.SaboteurBoard
# Timeout: 20000
# First Move Timeout: 30000
# Date: Wed Apr 15 23:32:54 EDT 2020
# Player 1: Player-0, '260715909', running on DESKTOP-6KJFBSD
# Player 2: Player-1, 'RandomPlayer', running on DESKTOP-6KJFBSD
START Player-0 260715909
START Player-1 RandomPlayer
BoardInit:Map,Tile:6,Tile:6,Map,Tile:11,Tile:8,Bonus,Map,Tile:7,Tile:7,Map,Tile:8,Tile:5,Destroy,Tile:15,Tile:10,Malus,Tile:9,Tile:7,Map,Tile:7,Tile:13,Tile:6,Destroy,Tile:6,Tile:9,Tile:3,Tile:1,Tile:8,Tile:8,Tile:9,Tile:0,Malus,Tile:7,Bonus,Map,Tile:10,Bonus,Tile:9,Bonus,Tile:0-Tile:14,Tile:4,Tile:10,Tile:5,Destroy,Tile:9,Tile:5-Tile:0,Tile:6,Tile:2,Tile:5,Tile:8,Tile:12,Tile:0-Tile:nugget,Tile:hidden1,Tile:hidden2
Tile:14 6 5 1
Tile:6_flip 6 4 0
Tile:4_flip 5 6 1
Tile:0 7 4 0
Tile:6_flip 5 4 1
Tile:5_flip 8 4 0
Tile:5 4 4 1
Tile:8 8 3 0
Tile:5 8 2 1
Tile:0 7 3 0
Drop 1 0 1
Tile:6 6 3 0
Drop 6 0 1
Map 12 3 0
Tile:11_flip 6 2 1
Tile:8 9 3 0
Tile:15 9 4 1
Map 12 3 0
Tile:7 9 2 1
Tile:10 9 5 0
Tile:7_flip 5 3 1
Tile:7 10 3 0
Tile:9 6 1 1
Tile:9 10 4 0
Tile:10 10 5 1
Tile:8 9 6 0
Tile:6_flip 8 6 1
Map 12 5 0
Tile:5_flip 11 4 1
Tile:9 11 3 0
GAMEOVER WINNER 0
# Game ended: Wed Apr 15 23:32:55 EDT 2020
