# Server version 0.08 running on DESKTOP-6KJFBSD:8123
# Game ID: 67
# Board class: Saboteur.SaboteurBoard
# Timeout: 20000
# First Move Timeout: 30000
# Date: Sun Apr 12 01:14:16 EDT 2020
# Player 1: Player-0, '260715909', running on DESKTOP-6KJFBSD
# Player 2: Player-1, 'RandomPlayer', running on DESKTOP-6KJFBSD
START Player-0 260715909
START Player-1 RandomPlayer
BoardInit:Tile:11,Tile:9,Tile:0,Tile:5,Tile:7,Tile:15,Tile:9,Tile:10,Map,Bonus,Destroy,Tile:6,Map,Tile:9,Tile:14,Tile:6,Destroy,Tile:0,Tile:5,Tile:7,Tile:5,Tile:7,Tile:1,Tile:0,Tile:8,Malus,Tile:5,Tile:9,Bonus,Malus,Tile:12,Tile:10,Tile:6,Tile:2,Tile:7,Tile:8,Tile:9,Tile:4,Tile:6,Tile:8,Bonus-Destroy,Tile:13,Map,Map,Tile:7,Tile:6,Tile:8-Map,Map,Tile:0,Bonus,Tile:3,Tile:10,Tile:8-Tile:hidden2,Tile:hidden1,Tile:nugget
Tile:8 5 4 1
Tile:8 4 4 0
Tile:11 4 5 1
Tile:10 5 3 0
Tile:7 6 5 1
Drop 1 0 0
Map 12 5 1
Tile:9 6 6 0
Tile:9_flip 5 2 1
Tile:5_flip 5 6 0
Tile:6 6 7 1
Drop 1 0 0
Tile:7_flip 3 4 1
Drop 2 0 0
Tile:13 5 1 1
Tile:9_flip 3 3 0
Destroy 3 3 1
Tile:6_flip 7 6 0
Destroy 5 3 1
Tile:0 5 7 0
Map 12 7 1
Tile:6 8 6 0
Drop 5 0 1
Tile:7_flip 4 2 0
Tile:0 4 7 1
Drop 0 0 0
Drop 3 0 1
Tile:0 6 1 0
Tile:5_flip 7 7 1
Drop 6 0 0
Tile:8 5 3 1
Tile:15 3 3 0
Tile:1 6 4 1
Tile:10 8 5 0
Tile:14_flip 4 1 1
Drop 4 0 0
Drop 6 0 1
Tile:2_flip 6 3 0
Tile:6 7 4 1
Drop 2 0 0
Tile:12_flip 3 7 1
Tile:8 8 4 0
Drop 0 0 1
Tile:4 5 0 0
Tile:9_flip 7 1 1
Tile:10 7 2 0
Tile:5 7 0 1
Drop 2 0 0
Drop 1 0 1
Drop 1 0 0
Tile:6 9 4 1
Tile:8 7 3 0
Map 12 3 1
Drop 0 0 0
Drop 0 0 1
GAMEOVER DRAW
# Game ended: Sun Apr 12 01:14:20 EDT 2020
