# Server version 0.08 running on DESKTOP-6KJFBSD:8123
# Game ID: 104
# Board class: Saboteur.SaboteurBoard
# Timeout: 20000
# First Move Timeout: 30000
# Date: Sun Apr 12 15:57:49 EDT 2020
# Player 1: Player-0, '260715909', running on DESKTOP-6KJFBSD
# Player 2: Player-1, 'RandomPlayer', running on DESKTOP-6KJFBSD
START Player-0 260715909
START Player-1 RandomPlayer
BoardInit:Tile:9,Tile:14,Bonus,Destroy,Tile:7,Destroy,Tile:8,Tile:0,Tile:6,Tile:9,Tile:8,Tile:6,Tile:8,Tile:5,Tile:13,Tile:7,Tile:15,Tile:3,Tile:8,Bonus,Tile:7,Tile:5,Tile:10,Tile:5,Tile:11,Map,Tile:1,Tile:9,Map,Tile:6,Map,Destroy,Map,Tile:7,Tile:12,Tile:9,Malus,Tile:6,Bonus,Map,Tile:2-Tile:7,Tile:0,Malus,Tile:10,Bonus,Tile:8,Tile:9-Tile:6,Tile:0,Map,Tile:5,Tile:4,Tile:10,Tile:0-Tile:hidden2,Tile:hidden1,Tile:nugget
Tile:7_flip 5 6 1
Tile:6 4 5 0
Tile:8 6 6 1
Tile:0 3 5 0
Malus 0 0 1
Drop 4 0 0
Tile:9 5 4 1
Map 12 5 0
Tile:8 5 3 1
Destroy 3 5 0
Tile:7 6 3 1
Drop 3 0 0
Tile:10 4 4 1
Drop 0 0 0
Tile:8 6 7 1
GAMEOVER ILLEGAL MOVE: Player 0, CardUsed: (Tile:6_flip), PosOfUse: (8, 5) WINNER 1
# Game ended: Sun Apr 12 15:58:03 EDT 2020
