# Server version 0.08 running on DESKTOP-6KJFBSD:8123
# Game ID: 199
# Board class: Saboteur.SaboteurBoard
# Timeout: 20000
# First Move Timeout: 30000
# Date: Wed Apr 15 19:49:43 EDT 2020
# Player 1: Player-0, '260715909', running on DESKTOP-6KJFBSD
# Player 2: Player-1, 'RandomPlayer', running on DESKTOP-6KJFBSD
START Player-0 260715909
START Player-1 RandomPlayer
BoardInit:Tile:14,Tile:4,Destroy,Tile:8,Tile:7,Tile:6,Tile:9,Tile:15,Bonus,Tile:7,Map,Map,Map,Tile:3,Tile:5,Tile:0,Tile:9,Tile:9,Tile:6,Tile:6,Tile:0,Tile:5,Tile:8,Tile:1,Tile:8,Malus,Tile:0,Tile:7,Tile:11,Tile:8,Map,Tile:5,Malus,Tile:9,Tile:5,Destroy,Tile:8,Bonus,Map,Tile:13,Tile:10-Tile:6,Bonus,Tile:0,Tile:6,Tile:7,Bonus,Map-Tile:7,Destroy,Tile:10,Tile:12,Tile:2,Tile:10,Tile:9-Tile:hidden2,Tile:nugget,Tile:hidden1
Drop 3 0 1
Tile:2_flip 5 6 0
Tile:0 6 5 1
Tile:9 5 4 0
Tile:7 5 3 1
Tile:8 7 5 0
Map 12 7 1
Tile:7 6 6 0
Tile:6_flip 8 5 1
Tile:6 6 4 0
Tile:9 4 6 1
Tile:15 6 3 0
Destroy 6 4 1
Tile:10 7 4 0
Tile:14 9 5 1
Map 12 7 0
Map 12 5 1
Destroy 4 6 0
Tile:9_flip 6 2 1
Tile:4 9 4 0
Tile:7_flip 4 5 1
Tile:7 6 1 0
Tile:5_flip 6 4 1
Tile:12_flip 5 2 0
Tile:0 5 1 1
Tile:6 4 3 0
Tile:6 8 6 1
Tile:5 4 1 0
Map 12 5 1
Tile:7_flip 6 7 0
Tile:11 7 6 1
Tile:3 4 4 0
Tile:0 3 3 1
Tile:10 4 2 0
Map 12 5 1
Tile:5_flip 7 7 0
Tile:8 2 3 1
Tile:1 3 4 0
Tile:8 1 3 1
Tile:9 2 2 0
Drop 0 0 1
Destroy 4 2 0
Drop 0 0 1
Tile:0 0 3 0
Drop 2 0 1
Tile:8 1 4 0
Drop 1 0 1
Tile:9_flip 4 2 0
Tile:10 1 2 1
Malus 0 0 0
Drop 1 0 1
Tile:13 2 4 0
Map 12 7 1
Drop 0 0 0
Bonus 0 0 1
GAMEOVER DRAW
# Game ended: Wed Apr 15 19:49:45 EDT 2020
