# Server version 0.08 running on DESKTOP-6KJFBSD:8123
# Game ID: 258
# Board class: Saboteur.SaboteurBoard
# Timeout: 20000
# First Move Timeout: 30000
# Date: Wed Apr 15 22:41:25 EDT 2020
# Player 1: Player-0, '260715909', running on DESKTOP-6KJFBSD
# Player 2: Player-1, '260715909', running on DESKTOP-6KJFBSD
START Player-0 260715909
START Player-1 260715909
BoardInit:Tile:9,Tile:6,Tile:7,Tile:8,Tile:8,Tile:10,Tile:8,Destroy,Malus,Tile:7,Map,Tile:5,Map,Map,Destroy,Tile:2,Tile:7,Tile:11,Tile:6,Tile:10,Bonus,Bonus,Tile:7,Tile:12,Tile:6,Tile:0,Tile:5,Tile:10,Map,Tile:7,Tile:8,Tile:9,Tile:3,Tile:6,Tile:4,Tile:8,Tile:13,Bonus,Map,Tile:9,Tile:5-Map,Tile:0,Tile:0,Tile:14,Tile:5,Destroy,Tile:9-Tile:6,Tile:0,Bonus,Malus,Tile:1,Tile:15,Tile:9-Tile:nugget,Tile:hidden1,Tile:hidden2
Map 12 3 1
Tile:6 5 6 0
Tile:5_flip 6 5 1
Tile:6_flip 6 4 0
Tile:0 6 6 1
Tile:9_flip 7 6 0
Tile:0 7 4 1
Tile:0 8 4 0
Tile:9 5 4 1
Malus 0 0 0
Malus 0 0 1
Drop 0 0 0
Map 12 3 1
Drop 0 0 0
Map 12 3 1
Map 12 3 0
Drop 0 0 1
Drop 0 0 0
Drop 0 0 1
Drop 0 0 0
Drop 0 0 1
Drop 0 0 0
Drop 0 0 1
Drop 0 0 0
Drop 0 0 1
Drop 0 0 0
Drop 0 0 1
Drop 0 0 0
Drop 0 0 1
Drop 0 0 0
Map 12 3 1
Drop 0 0 0
Drop 0 0 1
Drop 0 0 0
Drop 0 0 1
Drop 0 0 0
Drop 0 0 1
Drop 0 0 0
Drop 0 0 1
Drop 0 0 0
Map 12 3 1
Drop 0 0 0
Drop 0 0 1
Drop 0 0 0
Drop 0 0 1
Drop 0 0 0
Drop 0 0 1
Drop 0 0 0
Drop 0 0 1
Drop 0 0 0
Drop 0 0 1
Drop 0 0 0
Drop 0 0 1
Drop 0 0 0
Drop 0 0 1
GAMEOVER DRAW
# Game ended: Wed Apr 15 22:41:27 EDT 2020
