# Server version 0.08 running on DESKTOP-6KJFBSD:8123
# Game ID: 211
# Board class: Saboteur.SaboteurBoard
# Timeout: 20000
# First Move Timeout: 30000
# Date: Wed Apr 15 20:26:03 EDT 2020
# Player 1: Player-0, '260715909', running on DESKTOP-6KJFBSD
# Player 2: Player-1, '260715909', running on DESKTOP-6KJFBSD
START Player-0 260715909
START Player-1 260715909
BoardInit:Tile:5,Malus,Tile:7,Bonus,Tile:11,Tile:15,Tile:13,Tile:10,Tile:7,Tile:6,Destroy,Tile:5,Tile:6,Tile:0,Map,Tile:8,Tile:9,Tile:7,Tile:12,Map,Tile:6,Tile:10,Destroy,Tile:9,Map,Tile:14,Destroy,Tile:6,Tile:6,Tile:7,Tile:9,Tile:4,Tile:9,Bonus,Tile:9,Tile:8,Tile:1,Map,Bonus,Malus,Tile:5-Tile:2,Map,Tile:5,Tile:8,Tile:3,Tile:10,Tile:7-Tile:0,Map,Bonus,Tile:0,Tile:8,Tile:0,Tile:8-Tile:hidden1,Tile:nugget,Tile:hidden2
Tile:10 5 4 1
Tile:0 6 5 0
Tile:7_flip 5 6 1
Map 12 3 0
Tile:2 5 3 1
Tile:0 6 3 0
Tile:5_flip 7 3 1
Tile:8 4 3 0
Map 12 3 1
Tile:8 3 3 0
Tile:7_flip 4 5 1
Tile:6 2 3 0
Tile:8 2 2 1
Tile:15 2 1 0
Tile:3 2 0 1
Tile:5 4 2 0
Tile:11 1 2 1
Tile:10 4 4 0
Tile:5 1 0 1
Tile:7 7 5 0
Tile:13 1 3 1
Tile:8 1 4 0
Tile:9_flip 1 1 1
Tile:10 3 4 0
Tile:6_flip 0 4 1
Tile:0 0 3 0
Tile:7 2 4 1
Tile:14 3 5 0
Destroy 0 3 1
Tile:0 5 2 0
Map 12 3 1
Tile:6_flip 6 6 0
Destroy 3 4 1
Malus 0 0 0
Map 12 3 1
Tile:4 7 2 0
Destroy 2 3 1
Tile:9 0 5 0
Drop 0 0 1
Tile:8 1 5 0
Bonus 0 0 1
Tile:7_flip 0 3 0
Tile:9_flip 3 2 1
Map 12 3 0
Tile:6 2 3 1
Map 12 3 0
Tile:6_flip 0 1 1
Malus 0 0 0
Drop 0 0 1
Drop 0 0 0
Drop 0 0 1
Drop 0 0 0
Drop 0 0 1
Drop 0 0 0
Drop 0 0 1
GAMEOVER DRAW
# Game ended: Wed Apr 15 20:26:12 EDT 2020
