# Server version 0.08 running on DESKTOP-6KJFBSD:8123
# Game ID: 116
# Board class: Saboteur.SaboteurBoard
# Timeout: 20000
# First Move Timeout: 30000
# Date: Sun Apr 12 21:06:46 EDT 2020
# Player 1: Player-0, '260715909', running on DESKTOP-6KJFBSD
# Player 2: Player-1, 'RandomPlayer', running on DESKTOP-6KJFBSD
START Player-0 260715909
START Player-1 RandomPlayer
BoardInit:Tile:3,Tile:8,Map,Malus,Tile:5,Tile:6,Map,Tile:7,Bonus,Tile:10,Tile:0,Map,Tile:11,Tile:14,Tile:4,Tile:6,Tile:13,Tile:8,Tile:0,Map,Tile:8,Tile:7,Tile:9,Tile:6,Tile:6,Tile:8,Tile:10,Tile:5,Tile:15,Tile:0,Tile:7,Tile:9,Tile:9,Destroy,Bonus,Map,Tile:7,Tile:9,Map,Tile:8,Destroy-Malus,Destroy,Tile:1,Tile:10,Tile:7,Bonus,Tile:5-Tile:0,Tile:9,Bonus,Tile:2,Tile:5,Tile:12,Tile:6-Tile:hidden2,Tile:nugget,Tile:hidden1
Malus 0 0 1
Drop 3 0 0
Tile:7 5 4 1
Drop 1 0 0
Tile:5_flip 5 6 1
Drop 0 0 0
Tile:5 4 4 1
Drop 5 0 0
Map 12 5 1
Drop 5 0 0
Destroy 4 4 1
Bonus 0 0 0
Drop 6 0 1
GAMEOVER ILLEGAL MOVE: Player 0, CardUsed: (Tile:5), PosOfUse: (6, 4) WINNER 1
# Game ended: Sun Apr 12 21:06:48 EDT 2020
