# Server version 0.08 running on DESKTOP-6KJFBSD:8123
# Game ID: 294
# Board class: Saboteur.SaboteurBoard
# Timeout: 20000
# First Move Timeout: 30000
# Date: Wed Apr 15 22:58:58 EDT 2020
# Player 1: Player-0, '260715909', running on DESKTOP-6KJFBSD
# Player 2: Player-1, 'RandomPlayer', running on DESKTOP-6KJFBSD
START Player-0 260715909
START Player-1 RandomPlayer
BoardInit:Map,Tile:6,Tile:6,Tile:7,Tile:9,Tile:10,Bonus,Tile:7,Tile:0,Tile:5,Bonus,Tile:9,Tile:8,Destroy,Map,Tile:8,Map,Tile:6,Tile:11,Tile:0,Tile:5,Malus,Tile:10,Destroy,Tile:9,Tile:15,Tile:7,Map,Tile:13,Tile:10,Tile:4,Map,Map,Tile:7,Tile:5,Tile:9,Tile:6,Tile:12,Tile:3,Tile:5,Malus-Tile:9,Tile:8,Tile:0,Tile:14,Tile:6,Bonus,Tile:2-Destroy,Bonus,Tile:1,Tile:8,Tile:7,Tile:0,Tile:8-Tile:hidden2,Tile:nugget,Tile:hidden1
Tile:0 6 5 1
Tile:8 7 5 0
Tile:14 8 5 1
Tile:7 7 4 0
Tile:6_flip 5 4 1
Tile:7_flip 7 6 0
Tile:2_flip 4 5 1
Tile:6 6 4 0
Tile:9 5 6 1
Tile:7 6 3 0
Map 12 3 1
Tile:0 8 6 0
Drop 6 0 1
Tile:10 8 4 0
Tile:6_flip 4 4 1
Tile:8 8 3 0
Tile:9 5 7 1
Tile:5_flip 6 7 0
Tile:0 5 3 1
Tile:6 9 6 0
Tile:8 5 8 1
Tile:9_flip 9 3 0
Map 12 7 1
Malus 0 0 0
Drop 0 0 1
Tile:8 10 6 0
Map 12 5 1
Tile:0 6 8 0
Drop 6 0 1
Map 12 3 0
Drop 1 0 1
Tile:10 9 5 0
Drop 4 0 1
Map 12 7 0
Drop 4 0 1
Tile:7 6 6 0
Map 12 7 1
Tile:9 9 4 0
Drop 0 0 1
Drop 0 0 0
Drop 2 0 1
Tile:5 10 5 0
Drop 5 0 1
Drop 0 0 0
Drop 4 0 1
Drop 0 0 0
Drop 3 0 1
Drop 0 0 0
Drop 2 0 1
Drop 0 0 0
Drop 0 0 1
Drop 0 0 0
Malus 0 0 1
Drop 0 0 0
Drop 0 0 1
GAMEOVER DRAW
# Game ended: Wed Apr 15 22:59:03 EDT 2020
