# Server version 0.08 running on DESKTOP-6KJFBSD:8123
# Game ID: 296
# Board class: Saboteur.SaboteurBoard
# Timeout: 20000
# First Move Timeout: 30000
# Date: Wed Apr 15 22:59:16 EDT 2020
# Player 1: Player-0, '260715909', running on DESKTOP-6KJFBSD
# Player 2: Player-1, 'RandomPlayer', running on DESKTOP-6KJFBSD
START Player-0 260715909
START Player-1 RandomPlayer
BoardInit:Tile:6,Bonus,Tile:0,Tile:7,Tile:9,Tile:14,Tile:0,Tile:9,Malus,Tile:3,Tile:15,Tile:6,Tile:6,Tile:12,Tile:7,Destroy,Tile:9,Tile:8,Map,Bonus,Tile:0,Tile:8,Tile:4,Tile:5,Tile:9,Tile:10,Map,Tile:7,Tile:11,Map,Map,Bonus,Tile:5,Tile:7,Destroy,Malus,Map,Tile:7,Tile:13,Destroy,Tile:10-Tile:10,Map,Tile:6,Tile:8,Tile:1,Tile:8,Tile:0-Bonus,Tile:9,Tile:2,Tile:5,Tile:6,Tile:5,Tile:8-Tile:nugget,Tile:hidden2,Tile:hidden1
Tile:6_flip 4 5 1
Tile:5_flip 6 5 0
Tile:8 5 6 1
Tile:6_flip 6 4 0
Drop 1 0 1
Tile:7 6 6 0
Tile:0 7 4 1
Tile:9 6 7 0
Tile:6_flip 5 4 1
Tile:8 6 8 0
Drop 1 0 1
Tile:5_flip 7 7 0
Tile:0 7 8 1
Tile:9 7 6 0
Tile:10 6 9 1
Tile:6 8 4 0
Tile:7_flip 6 10 1
Drop 0 0 0
Tile:6_flip 8 6 1
Tile:8 8 3 0
Drop 3 0 1
Drop 0 0 0
Map 12 3 1
Tile:8 9 6 0
Tile:8 8 8 1
Tile:5_flip 9 8 0
Tile:9 9 7 1
Tile:10 8 7 0
Tile:9_flip 10 6 1
Tile:7_flip 7 3 0
Tile:9 5 8 1
Map 12 3 0
Map 12 7 1
Drop 0 0 0
Tile:5_flip 9 3 1
Tile:7 9 4 0
Destroy 8 7 1
Malus 0 0 0
Map 12 7 1
Tile:7 10 5 0
Drop 6 0 1
Drop 0 0 0
Drop 4 0 1
Drop 0 0 0
Drop 1 0 1
Drop 0 0 0
Map 12 5 1
Drop 0 0 0
Drop 0 0 1
Drop 0 0 0
Drop 0 0 1
Drop 0 0 0
Drop 1 0 1
Drop 0 0 0
Drop 0 0 1
GAMEOVER DRAW
# Game ended: Wed Apr 15 22:59:20 EDT 2020
