# Server version 0.08 running on DESKTOP-6KJFBSD:8123
# Game ID: 337
# Board class: Saboteur.SaboteurBoard
# Timeout: 20000
# First Move Timeout: 30000
# Date: Wed Apr 15 23:31:46 EDT 2020
# Player 1: Player-0, '260715909', running on DESKTOP-6KJFBSD
# Player 2: Player-1, 'RandomPlayer', running on DESKTOP-6KJFBSD
START Player-0 260715909
START Player-1 RandomPlayer
BoardInit:Tile:7,Tile:8,Destroy,Tile:5,Tile:5,Map,Tile:15,Tile:0,Map,Malus,Tile:6,Tile:6,Tile:4,Destroy,Tile:13,Tile:8,Tile:1,Tile:0,Tile:9,Tile:10,Tile:7,Malus,Map,Tile:12,Tile:14,Destroy,Tile:10,Tile:7,Bonus,Tile:10,Tile:7,Map,Tile:0,Map,Tile:2,Tile:3,Bonus,Tile:6,Tile:8,Tile:5,Tile:7-Tile:9,Tile:6,Tile:9,Tile:11,Tile:9,Tile:8,Tile:8-Map,Bonus,Tile:0,Bonus,Tile:6,Tile:9,Tile:5-Tile:hidden2,Tile:hidden1,Tile:nugget
Tile:9 5 6 1
Tile:9_flip 6 5 0
Tile:11 5 7 1
Tile:8 6 7 0
Tile:7 6 4 1
Tile:6_flip 7 7 0
Tile:8 4 5 1
Map 12 3 0
Tile:9 3 5 1
Tile:0 8 7 0
Tile:9_flip 5 8 1
Tile:5_flip 9 7 0
Tile:6_flip 9 6 1
Tile:0 10 6 0
Tile:5_flip 11 6 1
Tile:6_flip 11 5 0
Tile:15 6 8 1
Map 12 3 0
Tile:8 3 6 1
Tile:0 10 5 0
Tile:4_flip 7 8 1
Tile:8 6 6 0
Tile:9_flip 13 5 1
Tile:5 12 4 0
Tile:13 4 4 1
Malus 0 0 0
Destroy 13 5 1
Tile:10 12 6 0
GAMEOVER WINNER 0
# Game ended: Wed Apr 15 23:31:47 EDT 2020
