# Server version 0.08 running on DESKTOP-6KJFBSD:8123
# Game ID: 270
# Board class: Saboteur.SaboteurBoard
# Timeout: 20000
# First Move Timeout: 30000
# Date: Wed Apr 15 22:52:34 EDT 2020
# Player 1: Player-0, '260715909', running on DESKTOP-6KJFBSD
# Player 2: Player-1, 'RandomPlayer', running on DESKTOP-6KJFBSD
START Player-0 260715909
START Player-1 RandomPlayer
BoardInit:Tile:9,Map,Tile:0,Malus,Tile:5,Tile:5,Tile:10,Tile:6,Tile:10,Tile:4,Tile:9,Tile:10,Tile:6,Tile:6,Tile:11,Tile:0,Tile:9,Tile:2,Tile:15,Tile:9,Tile:5,Map,Map,Tile:6,Destroy,Map,Bonus,Tile:6,Tile:0,Tile:1,Tile:0,Map,Bonus,Map,Tile:7,Tile:7,Tile:8,Tile:14,Tile:5,Destroy,Tile:3-Tile:7,Tile:8,Destroy,Tile:7,Malus,Tile:8,Tile:8-Tile:7,Tile:13,Bonus,Tile:12,Bonus,Tile:8,Tile:9-Tile:nugget,Tile:hidden1,Tile:hidden2
Drop 3 0 1
Tile:7 5 4 0
Tile:7 6 5 1
Tile:8 5 6 0
Tile:8 4 6 1
Tile:9 5 7 0
Tile:8 5 8 1
Tile:5_flip 6 6 0
Tile:5 4 5 1
Map 12 3 0
Tile:0 6 8 1
Tile:6 7 8 0
Tile:9 4 8 1
Malus 0 0 0
Drop 3 0 1
Tile:6 8 8 0
Malus 0 0 1
Drop 0 0 0
Destroy 4 6 1
Drop 0 0 0
Drop 2 0 1
Drop 0 0 0
Drop 0 0 1
Map 12 3 0
Drop 4 0 1
Drop 0 0 0
Destroy 5 7 1
Map 12 3 0
Drop 6 0 1
Drop 0 0 0
Map 12 3 1
Drop 0 0 0
Drop 6 0 1
Map 12 5 0
Drop 0 0 1
Map 12 3 0
Drop 4 0 1
Drop 0 0 0
Drop 0 0 1
Drop 0 0 0
Drop 4 0 1
Drop 0 0 0
Drop 5 0 1
Drop 0 0 0
Drop 4 0 1
Drop 0 0 0
Drop 3 0 1
Drop 0 0 0
Drop 0 0 1
Drop 0 0 0
Drop 0 0 1
Drop 0 0 0
Drop 1 0 1
Drop 0 0 0
Drop 0 0 1
GAMEOVER DRAW
# Game ended: Wed Apr 15 22:52:35 EDT 2020
