# Server version 0.08 running on DESKTOP-6KJFBSD:8123
# Game ID: 286
# Board class: Saboteur.SaboteurBoard
# Timeout: 20000
# First Move Timeout: 30000
# Date: Wed Apr 15 22:56:58 EDT 2020
# Player 1: Player-0, '260715909', running on DESKTOP-6KJFBSD
# Player 2: Player-1, '260715909', running on DESKTOP-6KJFBSD
START Player-0 260715909
START Player-1 260715909
BoardInit:Tile:0,Destroy,Tile:9,Tile:11,Malus,Tile:0,Tile:9,Tile:10,Map,Tile:8,Tile:9,Tile:5,Tile:6,Bonus,Tile:5,Tile:9,Tile:10,Tile:13,Bonus,Map,Destroy,Tile:6,Tile:7,Map,Tile:0,Tile:15,Tile:12,Tile:6,Map,Malus,Tile:8,Map,Tile:5,Bonus,Tile:8,Tile:4,Tile:2,Tile:7,Tile:14,Tile:7,Map-Tile:8,Destroy,Tile:9,Tile:0,Bonus,Tile:5,Tile:10-Tile:3,Tile:7,Tile:6,Tile:1,Tile:8,Tile:6,Tile:7-Tile:nugget,Tile:hidden2,Tile:hidden1
Tile:8 6 5 1
Tile:7 6 4 0
Tile:9_flip 6 6 1
Tile:6 7 5 0
Tile:5_flip 6 7 1
Tile:8 8 5 0
Tile:0 9 5 1
Tile:6 8 6 0
Tile:9 7 4 1
Tile:7 10 5 0
Tile:10 7 3 1
Tile:0 9 6 0
Malus 0 0 1
Drop 0 0 0
Tile:9_flip 8 4 1
Drop 0 0 0
Map 12 3 1
Drop 0 0 0
Tile:6 10 6 1
Drop 0 0 0
Tile:0 11 6 1
Map 12 3 0
Tile:5 7 6 1
Drop 0 0 0
Tile:9 7 7 1
Map 12 3 0
Tile:10 8 3 1
Drop 0 0 0
Tile:0 12 6 1
Drop 0 0 0
Tile:7 8 7 1
Malus 0 0 0
Map 12 3 1
Map 12 3 0
Drop 0 0 1
Drop 0 0 0
Drop 0 0 1
Drop 0 0 0
Drop 0 0 1
Drop 0 0 0
Drop 0 0 1
Drop 0 0 0
Map 12 3 1
Drop 0 0 0
Drop 0 0 1
Drop 0 0 0
Drop 0 0 1
Drop 0 0 0
Drop 0 0 1
Drop 0 0 0
Drop 0 0 1
Drop 0 0 0
Drop 0 0 1
Drop 0 0 0
Drop 0 0 1
GAMEOVER DRAW
# Game ended: Wed Apr 15 22:57:02 EDT 2020
