# Server version 0.08 running on DESKTOP-6KJFBSD:8123
# Game ID: 327
# Board class: Saboteur.SaboteurBoard
# Timeout: 20000
# First Move Timeout: 30000
# Date: Wed Apr 15 23:29:22 EDT 2020
# Player 1: Player-0, '260715909', running on DESKTOP-6KJFBSD
# Player 2: Player-1, 'RandomPlayer', running on DESKTOP-6KJFBSD
START Player-0 260715909
START Player-1 RandomPlayer
BoardInit:Tile:10,Tile:10,Destroy,Tile:7,Malus,Tile:7,Tile:6,Tile:9,Tile:0,Destroy,Tile:8,Tile:8,Tile:7,Tile:0,Map,Map,Tile:12,Tile:8,Tile:10,Tile:5,Tile:9,Map,Tile:7,Tile:7,Bonus,Tile:9,Tile:6,Bonus,Tile:8,Tile:6,Map,Tile:5,Malus,Tile:6,Tile:6,Tile:15,Tile:11,Tile:9,Map,Map,Tile:14-Bonus,Tile:3,Tile:5,Destroy,Tile:13,Tile:5,Tile:0-Tile:4,Tile:1,Tile:8,Tile:0,Bonus,Tile:2,Tile:9-Tile:hidden1,Tile:nugget,Tile:hidden2
Drop 2 0 1
Tile:0 6 5 0
Drop 1 0 1
Tile:8 7 5 0
Tile:5 5 4 1
Tile:10 7 4 0
Tile:13 7 6 1
Tile:9 7 3 0
Tile:6_flip 6 6 1
Tile:7 8 3 0
Destroy 7 4 1
Tile:7 8 5 0
Destroy 6 5 1
Tile:9_flip 7 4 0
Tile:7_flip 4 5 1
Tile:0 6 5 0
Tile:10 7 7 1
Tile:8 8 6 0
Tile:0 6 4 1
Map 12 3 0
Tile:10 8 7 1
Tile:8 9 6 0
Drop 5 0 1
Map 12 5 0
Tile:8 7 8 1
Tile:5 9 5 0
Tile:9_flip 6 7 1
Tile:7 10 5 0
Tile:0 5 7 1
Tile:9 9 7 0
Drop 2 0 1
Tile:6 10 6 0
Tile:6 8 8 1
Tile:5_flip 11 6 0
Map 12 5 1
Tile:6_flip 10 7 0
Drop 3 0 1
Drop 0 0 0
Tile:6 6 8 1
Tile:9 11 5 0
GAMEOVER WINNER 0
# Game ended: Wed Apr 15 23:29:26 EDT 2020
