# Server version 0.08 running on DESKTOP-6KJFBSD:8123
# Game ID: 339
# Board class: Saboteur.SaboteurBoard
# Timeout: 20000
# First Move Timeout: 30000
# Date: Wed Apr 15 23:32:01 EDT 2020
# Player 1: Player-0, 'RandomPlayer', running on DESKTOP-6KJFBSD
# Player 2: Player-1, '260715909', running on DESKTOP-6KJFBSD
START Player-0 RandomPlayer
START Player-1 260715909
BoardInit:Tile:14,Malus,Tile:1,Tile:7,Malus,Tile:0,Tile:6,Map,Tile:8,Tile:5,Destroy,Tile:15,Tile:6,Map,Map,Tile:10,Tile:8,Tile:0,Tile:8,Tile:9,Destroy,Bonus,Tile:11,Tile:5,Tile:7,Tile:8,Bonus,Tile:10,Tile:7,Tile:4,Tile:13,Tile:3,Tile:6,Tile:0,Tile:9,Tile:12,Map,Tile:5,Tile:10,Bonus,Map-Tile:2,Tile:6,Tile:9,Tile:7,Tile:9,Tile:0,Tile:5-Tile:8,Map,Bonus,Destroy,Tile:6,Tile:9,Tile:7-Tile:hidden2,Tile:nugget,Tile:hidden1
Tile:6 6 5 1
Tile:9 5 4 0
Tile:9_flip 6 4 1
Tile:6_flip 7 5 0
Tile:5_flip 7 6 1
Drop 4 0 0
Tile:7 6 3 1
Tile:7_flip 5 6 0
Tile:9_flip 8 5 1
Destroy 6 5 0
Tile:0 6 6 1
Tile:5 8 4 0
Malus 0 0 1
Map 12 7 0
Tile:6 6 5 1
Map 12 7 0
Tile:8 9 4 1
Drop 3 0 0
Tile:6 10 4 1
Drop 5 0 0
Tile:8 10 3 1
Drop 1 0 0
Tile:8 9 3 1
Drop 5 0 0
Map 12 3 1
Drop 0 0 0
Tile:7 11 3 1
Bonus 0 0 0
Drop 0 0 1
Map 12 3 0
Tile:7_flip 8 6 1
Malus 0 0 0
Drop 0 0 1
Tile:8 5 3 0
Drop 0 0 1
Tile:5_flip 11 4 0
Drop 0 0 1
Drop 6 0 0
Map 12 3 1
Tile:3_flip 9 5 0
Drop 0 0 1
Tile:10 5 2 0
Map 12 3 1
Tile:5 9 2 0
Drop 0 0 1
Drop 0 0 0
Drop 0 0 1
Tile:0 8 3 0
Drop 0 0 1
Drop 1 0 0
Drop 0 0 1
Tile:4 5 1 0
Drop 0 0 1
Drop 0 0 0
Drop 0 0 1
GAMEOVER DRAW
# Game ended: Wed Apr 15 23:32:02 EDT 2020
