# Server version 0.08 running on DESKTOP-6KJFBSD:8123
# Game ID: 128
# Board class: Saboteur.SaboteurBoard
# Timeout: 20000
# First Move Timeout: 30000
# Date: Wed Apr 15 11:33:29 EDT 2020
# Player 1: Player-0, '260715909', running on DESKTOP-6KJFBSD
# Player 2: Player-1, '260715909', running on DESKTOP-6KJFBSD
START Player-0 260715909
START Player-1 260715909
BoardInit:Malus,Tile:0,Map,Tile:7,Tile:11,Tile:10,Destroy,Destroy,Map,Destroy,Tile:9,Tile:4,Map,Map,Tile:9,Tile:8,Tile:2,Tile:6,Tile:5,Tile:8,Tile:5,Tile:8,Tile:6,Bonus,Tile:7,Tile:6,Bonus,Tile:0,Tile:1,Tile:9,Tile:7,Tile:6,Tile:10,Tile:8,Tile:8,Map,Tile:13,Tile:14,Tile:12,Map,Tile:7-Tile:0,Tile:15,Tile:7,Tile:9,Bonus,Bonus,Tile:3-Tile:5,Tile:0,Malus,Tile:9,Tile:5,Tile:6,Tile:10-Tile:hidden1,Tile:nugget,Tile:hidden2
Drop 2 0 1
Tile:6 4 5 0
Tile:9 5 6 1
Tile:9_flip 6 6 0
Tile:3 6 5 1
Tile:5 3 5 0
Map 12 5 1
Tile:5_flip 6 7 0
Tile:11 5 4 1
Malus 0 0 0
Destroy 4 5 1
Tile:10 3 6 0
Drop 5 0 1
Tile:7_flip 3 7 0
Drop 2 0 1
Drop 3 0 0
Drop 3 0 1
Tile:0 4 5 0
Map 12 7 1
Drop 3 0 0
Drop 2 0 1
Tile:0 4 7 0
Drop 0 0 1
Destroy 5 6 0
Drop 2 0 1
Map 12 5 0
Drop 0 0 1
Tile:10 5 3 0
Drop 6 0 1
Drop 6 0 0
Drop 0 0 1
Drop 3 0 0
Drop 6 0 1
Tile:6 5 7 0
Drop 3 0 1
Tile:8 5 6 0
Drop 3 0 1
Tile:9_flip 5 2 0
Drop 6 0 1
Drop 6 0 0
Drop 2 0 1
Map 12 5 0
Drop 0 0 1
Tile:6 4 2 0
Drop 4 0 1
Drop 3 0 0
Drop 2 0 1
Tile:6 3 2 0
Drop 0 0 1
Drop 1 0 0
Drop 0 0 1
Tile:8 3 1 0
Drop 1 0 1
Map 12 7 0
Drop 0 0 1
GAMEOVER DRAW
# Game ended: Wed Apr 15 11:34:13 EDT 2020
