# Server version 0.08 running on DESKTOP-6KJFBSD:8123
# Game ID: 79
# Board class: Saboteur.SaboteurBoard
# Timeout: 20000
# First Move Timeout: 30000
# Date: Sun Apr 12 11:25:26 EDT 2020
# Player 1: Player-0, '260715909', running on DESKTOP-6KJFBSD
# Player 2: Player-1, 'RandomPlayer', running on DESKTOP-6KJFBSD
START Player-0 260715909
START Player-1 RandomPlayer
BoardInit:Tile:6,Destroy,Map,Tile:12,Tile:3,Tile:9,Tile:6,Tile:5,Tile:2,Map,Tile:5,Bonus,Tile:13,Destroy,Tile:5,Tile:10,Tile:8,Bonus,Tile:4,Malus,Tile:6,Map,Destroy,Tile:6,Tile:8,Tile:9,Tile:5,Tile:6,Tile:8,Tile:8,Tile:7,Bonus,Tile:9,Tile:7,Tile:9,Tile:8,Map,Tile:0,Map,Tile:0,Tile:10-Map,Tile:7,Tile:9,Bonus,Tile:7,Tile:10,Tile:0-Tile:7,Tile:1,Tile:11,Tile:14,Tile:15,Malus,Tile:0-Tile:hidden2,Tile:hidden1,Tile:nugget
Drop 3 0 1
Drop 3 0 0
Tile:10 5 6 1
Tile:1 4 5 0
Map 12 3 1
Tile:11_flip 5 4 0
Drop 6 0 1
Drop 2 0 0
Tile:6 4 4 1
Tile:5 4 3 0
Tile:2 5 3 1
Tile:9_flip 6 5 0
Tile:5 6 4 1
Tile:0 3 4 0
Map 12 7 1
Destroy 4 4 0
Tile:6_flip 2 4 1
Drop 0 0 0
Tile:9 6 6 1
Tile:10 6 7 0
Tile:5 3 5 1
Destroy 4 5 0
Tile:7_flip 3 6 1
Drop 1 0 0
Drop 3 0 1
Tile:15 5 7 0
Tile:13 4 5 1
Tile:6_flip 7 6 0
Destroy 2 4 1
Drop 2 0 0
Tile:8 8 6 1
Drop 2 0 0
Tile:7 7 4 1
Tile:8 2 4 0
Tile:4_flip 2 5 1
Drop 5 0 0
Tile:5_flip 6 8 1
Tile:7_flip 8 7 0
Tile:8 9 7 1
Tile:6_flip 9 6 0
Tile:6 5 8 1
Tile:0 1 4 0
Tile:7_flip 4 8 1
Tile:9_flip 2 3 0
Drop 4 0 1
Drop 3 0 0
Tile:9_flip 9 8 1
Tile:0 10 6 0
Tile:9_flip 4 6 1
Drop 2 0 0
Map 12 7 1
Map 12 7 0
Tile:0 10 7 1
Drop 0 0 0
Tile:10 4 7 1
GAMEOVER DRAW
# Game ended: Sun Apr 12 11:25:32 EDT 2020
