# Server version 0.08 running on DESKTOP-6KJFBSD:8123
# Game ID: 308
# Board class: Saboteur.SaboteurBoard
# Timeout: 20000
# First Move Timeout: 30000
# Date: Wed Apr 15 23:07:01 EDT 2020
# Player 1: Player-0, '260715909', running on DESKTOP-6KJFBSD
# Player 2: Player-1, 'RandomPlayer', running on DESKTOP-6KJFBSD
START Player-0 260715909
START Player-1 RandomPlayer
BoardInit:Tile:10,Tile:8,Tile:0,Malus,Tile:2,Map,Tile:10,Tile:6,Map,Destroy,Tile:0,Tile:1,Tile:14,Tile:8,Tile:8,Bonus,Tile:10,Tile:7,Tile:6,Tile:0,Tile:6,Tile:6,Map,Tile:5,Tile:5,Tile:5,Destroy,Tile:9,Tile:9,Tile:12,Tile:9,Map,Tile:8,Tile:4,Tile:7,Tile:5,Tile:6,Tile:7,Tile:7,Tile:3,Destroy-Map,Bonus,Tile:8,Tile:7,Tile:9,Tile:0,Tile:13-Malus,Bonus,Tile:15,Tile:9,Bonus,Map,Tile:11-Tile:nugget,Tile:hidden1,Tile:hidden2
Tile:7_flip 4 5 1
Malus 0 0 0
Drop 5 0 1
Tile:8 6 5 0
Map 12 7 1
Tile:9 6 4 0
Drop 3 0 1
Map 12 3 0
Drop 5 0 1
Map 12 5 0
Drop 1 0 1
Malus 0 0 0
Drop 6 0 1
Tile:6 7 4 0
Map 12 5 1
Tile:8 6 3 0
Drop 1 0 1
Drop 0 0 0
Drop 3 0 1
Tile:7 7 5 0
Drop 2 0 1
Tile:0 8 4 0
Drop 3 0 1
Tile:6 7 6 0
Drop 5 0 1
Tile:5_flip 8 6 0
Map 12 5 1
Tile:5 8 5 0
Drop 2 0 1
Tile:9 6 6 0
Drop 0 0 1
Drop 0 0 0
Destroy 8 4 1
Map 12 3 0
Drop 3 0 1
Drop 0 0 0
Drop 3 0 1
Tile:5_flip 9 5 0
Drop 6 0 1
Tile:7_flip 6 7 0
Drop 2 0 1
Drop 0 0 0
Drop 5 0 1
Drop 0 0 0
Destroy 6 6 1
Drop 0 0 0
Drop 2 0 1
Drop 0 0 0
Drop 0 0 1
Drop 0 0 0
Drop 0 0 1
Drop 0 0 0
Drop 1 0 1
Drop 0 0 0
Drop 0 0 1
GAMEOVER DRAW
# Game ended: Wed Apr 15 23:07:03 EDT 2020
