# Server version 0.08 running on DESKTOP-6KJFBSD:8123
# Game ID: 295
# Board class: Saboteur.SaboteurBoard
# Timeout: 20000
# First Move Timeout: 30000
# Date: Wed Apr 15 22:59:09 EDT 2020
# Player 1: Player-0, '260715909', running on DESKTOP-6KJFBSD
# Player 2: Player-1, 'RandomPlayer', running on DESKTOP-6KJFBSD
START Player-0 260715909
START Player-1 RandomPlayer
BoardInit:Bonus,Tile:7,Tile:8,Tile:0,Tile:6,Destroy,Tile:7,Tile:6,Map,Tile:7,Tile:8,Tile:14,Tile:2,Tile:9,Tile:10,Tile:9,Tile:6,Tile:5,Tile:10,Tile:5,Destroy,Malus,Bonus,Bonus,Tile:1,Tile:11,Destroy,Tile:6,Map,Tile:7,Tile:8,Tile:9,Tile:15,Map,Bonus,Tile:3,Tile:7,Tile:8,Tile:5,Map,Tile:0-Tile:5,Tile:12,Tile:0,Tile:0,Malus,Tile:9,Tile:6-Tile:10,Tile:13,Tile:8,Tile:9,Tile:4,Map,Map-Tile:hidden2,Tile:nugget,Tile:hidden1
Malus 0 0 1
Map 12 5 0
Tile:5 4 5 1
Map 12 3 0
Tile:9_flip 5 4 1
Drop 0 0 0
Drop 2 0 1
Drop 0 0 0
Drop 2 0 1
Drop 0 0 0
Drop 1 0 1
Drop 0 0 0
Tile:7_flip 4 6 1
Drop 0 0 0
Tile:6 4 4 1
Drop 0 0 0
Tile:10 5 3 1
Drop 0 0 0
Tile:6 3 4 1
Drop 0 0 0
Tile:8 5 6 1
Drop 0 0 0
Tile:10 4 3 1
Malus 0 0 0
Drop 4 0 1
Drop 0 0 0
Drop 3 0 1
Drop 0 0 0
Destroy 5 4 1
Drop 0 0 0
Drop 3 0 1
Drop 0 0 0
Drop 6 0 1
Drop 0 0 0
Map 12 7 1
Map 12 3 0
Drop 6 0 1
Drop 0 0 0
Map 12 5 1
Drop 0 0 0
Drop 1 0 1
Map 12 3 0
Drop 0 0 1
Drop 0 0 0
Destroy 3 4 1
Drop 0 0 0
Drop 2 0 1
Drop 0 0 0
Drop 0 0 1
Drop 0 0 0
Drop 0 0 1
Drop 0 0 0
Drop 1 0 1
Drop 0 0 0
Drop 0 0 1
GAMEOVER DRAW
# Game ended: Wed Apr 15 22:59:10 EDT 2020
