# Server version 0.08 running on DESKTOP-6KJFBSD:8123
# Game ID: 88
# Board class: Saboteur.SaboteurBoard
# Timeout: 20000
# First Move Timeout: 30000
# Date: Sun Apr 12 13:11:50 EDT 2020
# Player 1: Player-0, '260715909', running on DESKTOP-6KJFBSD
# Player 2: Player-1, 'Human', running on DESKTOP-6KJFBSD
START Player-0 260715909
START Player-1 Human
BoardInit:Tile:9,Tile:11,Tile:6,Tile:12,Tile:0,Tile:7,Tile:5,Map,Tile:0,Tile:1,Tile:10,Tile:7,Destroy,Tile:8,Tile:0,Tile:9,Tile:9,Tile:8,Tile:6,Tile:7,Tile:6,Tile:9,Tile:14,Tile:10,Map,Tile:7,Tile:13,Tile:15,Tile:8,Tile:9,Tile:6,Tile:8,Tile:8,Bonus,Bonus,Map,Tile:2,Tile:5,Malus,Destroy,Bonus-Destroy,Map,Tile:0,Tile:6,Bonus,Map,Tile:10-Tile:7,Tile:5,Tile:4,Tile:5,Tile:3,Map,Malus-Tile:hidden1,Tile:nugget,Tile:hidden2
Tile:6 6 5 1
Tile:3_flip 4 5 0
Tile:0 7 5 1
Map 12 7 0
Tile:6 8 5 1
Tile:5 8 4 0
Tile:0 9 4 1
Tile:11_flip 10 4 0
Destroy 10 4 1
Drop 2 0 0
Tile:0 10 4 1
Tile:7 9 5 0
Map 12 5 1
Tile:7 4 4 0
Tile:9_flip 11 4 1
Drop 3 0 0
Tile:5 11 3 1
Tile:8 13 3 0
Tile:10 12 4 1
GAMEOVER WINNER 1
# Game ended: Sun Apr 12 13:46:15 EDT 2020
