# Server version 0.08 running on DESKTOP-6KJFBSD:8123
# Game ID: 298
# Board class: Saboteur.SaboteurBoard
# Timeout: 20000
# First Move Timeout: 30000
# Date: Wed Apr 15 22:59:33 EDT 2020
# Player 1: Player-0, '260715909', running on DESKTOP-6KJFBSD
# Player 2: Player-1, 'RandomPlayer', running on DESKTOP-6KJFBSD
START Player-0 260715909
START Player-1 RandomPlayer
BoardInit:Map,Tile:9,Map,Tile:6,Tile:6,Tile:7,Tile:10,Destroy,Tile:6,Map,Tile:8,Tile:8,Destroy,Tile:7,Tile:4,Tile:8,Tile:10,Tile:1,Malus,Tile:7,Tile:9,Bonus,Tile:0,Tile:2,Map,Tile:15,Tile:8,Tile:6,Tile:7,Tile:0,Tile:6,Map,Tile:5,Bonus,Destroy,Tile:7,Bonus,Bonus,Tile:9,Malus,Tile:5-Tile:12,Tile:13,Tile:14,Tile:3,Tile:11,Tile:5,Tile:0-Tile:9,Tile:0,Map,Tile:8,Tile:9,Tile:5,Tile:10-Tile:hidden2,Tile:hidden1,Tile:nugget
Tile:11_flip 6 5 1
Tile:9 6 4 0
Tile:3_flip 6 6 1
Tile:5_flip 7 6 0
Tile:0 4 5 1
Map 12 7 0
Tile:6_flip 7 4 1
Tile:0 8 4 0
Tile:5 6 3 1
Tile:9 7 5 0
Tile:14 7 3 1
Tile:7 9 4 0
Tile:10 9 5 1
Tile:8 9 6 0
Tile:13 7 2 1
Tile:10 9 7 0
Destroy 9 7 1
Map 12 7 0
Tile:8 3 5 1
Tile:7 8 5 0
Tile:4_flip 3 6 1
Tile:7_flip 8 6 0
Tile:9 7 1 1
Tile:9_flip 9 7 0
Tile:0 6 2 1
Tile:6 10 6 0
Tile:6 8 2 1
Tile:8 9 8 0
Tile:10 10 5 1
Tile:6 11 6 0
Tile:7 10 8 1
Tile:8 8 8 0
Tile:6_flip 12 6 1
Tile:0 7 8 0
Tile:5_flip 9 2 1
Map 12 5 0
Destroy 9 4 1
Tile:7 9 4 0
Tile:8 10 9 1
Drop 0 0 0
Tile:9 6 8 1
Malus 0 0 0
Map 12 5 1
Drop 0 0 0
Drop 4 0 1
Drop 0 0 0
Drop 3 0 1
Drop 0 0 0
Map 12 3 1
Drop 0 0 0
Drop 0 0 1
Drop 0 0 0
Malus 0 0 1
Drop 0 0 0
Drop 0 0 1
GAMEOVER DRAW
# Game ended: Wed Apr 15 22:59:38 EDT 2020
