# Server version 0.08 running on DESKTOP-6KJFBSD:8123
# Game ID: 131
# Board class: Saboteur.SaboteurBoard
# Timeout: 20000
# First Move Timeout: 30000
# Date: Wed Apr 15 12:12:35 EDT 2020
# Player 1: Player-0, '260715909', running on DESKTOP-6KJFBSD
# Player 2: Player-1, 'RandomPlayer', running on DESKTOP-6KJFBSD
START Player-0 260715909
START Player-1 RandomPlayer
BoardInit:Bonus,Tile:6,Tile:8,Tile:8,Tile:10,Tile:8,Tile:6,Tile:5,Tile:9,Tile:12,Destroy,Tile:9,Tile:0,Tile:6,Tile:11,Bonus,Tile:4,Malus,Tile:3,Tile:5,Map,Malus,Tile:10,Destroy,Tile:8,Tile:8,Tile:6,Map,Tile:0,Map,Tile:6,Tile:7,Map,Tile:7,Tile:7,Tile:5,Bonus,Bonus,Tile:15,Tile:10,Destroy-Map,Tile:2,Tile:0,Tile:13,Tile:9,Tile:7,Tile:14-Tile:7,Tile:9,Map,Tile:0,Tile:9,Tile:1,Tile:5-Tile:hidden1,Tile:hidden2,Tile:nugget
Tile:9 5 6 1
Tile:9 5 7 0
Drop 1 0 1
Tile:9_flip 6 6 0
Tile:8 6 7 1
Tile:0 7 7 0
Drop 2 0 1
Tile:8 5 4 0
Tile:14 8 7 1
Tile:8 4 5 0
Tile:6_flip 3 5 1
Tile:12_flip 2 5 0
Tile:10 6 8 1
Tile:7 5 3 0
Destroy 6 6 1
Tile:5 4 3 0
Tile:11_flip 3 6 1
Tile:9 8 6 0
Drop 1 0 1
Drop 1 0 0
Tile:4 8 5 1
Tile:5_flip 6 5 0
Map 12 3 1
Tile:6_flip 2 6 0
Tile:10 4 6 1
Tile:6_flip 9 6 0
Tile:7_flip 2 7 1
Destroy 5 3 0
Tile:6 3 7 1
Tile:5_flip 5 8 0
Tile:9_flip 6 4 1
Map 12 3 0
Tile:8 6 9 1
Tile:8 1 6 0
Tile:0 0 6 1
Map 12 3 0
Drop 3 0 1
Tile:5_flip 1 7 0
Tile:6_flip 7 9 1
Tile:7 6 6 0
Drop 2 0 1
Tile:7 6 3 0
Destroy 1 6 1
Tile:10 9 7 0
Tile:7 10 6 1
Drop 3 0 0
Tile:3_flip 6 10 1
Drop 2 0 0
Drop 2 0 1
Malus 0 0 0
Drop 1 0 1
Drop 0 0 0
Bonus 0 0 1
Drop 0 0 0
Tile:15 10 7 1
GAMEOVER DRAW
# Game ended: Wed Apr 15 12:12:57 EDT 2020
