# Server version 0.08 running on DESKTOP-6KJFBSD:8123
# Game ID: 150
# Board class: Saboteur.SaboteurBoard
# Timeout: 20000
# First Move Timeout: 30000
# Date: Wed Apr 15 13:46:34 EDT 2020
# Player 1: Player-0, '260715909', running on DESKTOP-6KJFBSD
# Player 2: Player-1, 'RandomPlayer', running on DESKTOP-6KJFBSD
START Player-0 260715909
START Player-1 RandomPlayer
BoardInit:Tile:7,Tile:6,Tile:10,Map,Tile:13,Tile:8,Bonus,Tile:2,Tile:5,Tile:6,Destroy,Tile:10,Tile:8,Map,Tile:6,Bonus,Tile:4,Tile:5,Map,Tile:0,Map,Tile:7,Tile:8,Tile:8,Tile:7,Tile:0,Tile:3,Map,Bonus,Tile:15,Tile:5,Tile:8,Tile:9,Tile:9,Tile:9,Malus,Tile:0,Tile:11,Tile:0,Tile:5,Malus-Tile:7,Tile:7,Bonus,Tile:10,Tile:9,Destroy,Map-Tile:14,Destroy,Tile:1,Tile:12,Tile:6,Tile:9,Tile:6-Tile:hidden1,Tile:hidden2,Tile:nugget
Tile:7_flip 5 6 1
Tile:12 6 6 0
Map 12 7 1
Tile:6 4 5 0
Tile:7_flip 3 5 1
Map 12 7 0
Tile:10 3 4 1
Tile:6_flip 3 3 0
Tile:10 4 4 1
Tile:2 4 3 0
Tile:5_flip 6 5 1
Tile:9 5 4 0
Drop 0 0 1
Destroy 4 4 0
Tile:13 6 4 1
Drop 2 0 0
Destroy 5 6 1
Tile:8 5 6 0
Tile:7 6 3 1
Tile:1 4 6 0
Tile:9_flip 7 4 1
Tile:5 7 3 0
Map 12 5 1
Tile:6 5 7 0
Tile:8 5 3 1
Tile:0 6 7 0
Tile:6_flip 4 7 1
Tile:14 4 8 0
Drop 2 0 1
Tile:0 3 6 0
Tile:8 8 3 1
Tile:8 2 3 0
Tile:5_flip 9 3 1
Tile:10 7 5 0
Map 12 3 1
Tile:8 5 2 0
Tile:9 8 4 1
Tile:9 8 5 0
Tile:7_flip 7 6 1
Tile:15 4 4 0
Tile:9_flip 8 2 1
Tile:7 9 5 0
Tile:0 3 8 1
Tile:5_flip 8 6 0
Tile:3_flip 4 2 1
Tile:11 9 6 0
Destroy 8 6 1
Map 12 3 0
Tile:0 2 6 1
Map 12 7 0
Drop 0 0 1
Malus 0 0 0
Drop 0 0 1
Drop 0 0 0
Malus 0 0 1
GAMEOVER DRAW
# Game ended: Wed Apr 15 13:46:56 EDT 2020
