# Server version 0.08 running on DESKTOP-6KJFBSD:8123
# Game ID: 189
# Board class: Saboteur.SaboteurBoard
# Timeout: 20000
# First Move Timeout: 30000
# Date: Wed Apr 15 19:35:44 EDT 2020
# Player 1: Player-0, '260715909', running on DESKTOP-6KJFBSD
# Player 2: Player-1, 'RandomPlayer', running on DESKTOP-6KJFBSD
START Player-0 260715909
START Player-1 RandomPlayer
BoardInit:Map,Map,Tile:6,Tile:6,Tile:5,Tile:7,Tile:0,Tile:9,Malus,Tile:9,Tile:8,Map,Tile:1,Bonus,Tile:13,Tile:0,Map,Tile:6,Destroy,Destroy,Tile:7,Tile:8,Tile:0,Tile:9,Tile:12,Tile:15,Tile:8,Tile:11,Tile:14,Tile:10,Tile:0,Tile:5,Malus,Tile:3,Bonus,Tile:6,Tile:5,Tile:9,Tile:8,Tile:10,Map-Tile:4,Tile:10,Tile:9,Tile:5,Tile:2,Tile:8,Tile:7-Tile:7,Tile:6,Bonus,Tile:7,Bonus,Destroy,Map-Tile:hidden2,Tile:nugget,Tile:hidden1
Tile:5 5 4 1
Tile:7_flip 5 6 0
Tile:9 4 5 1
Map 12 5 0
Tile:8 6 5 1
Drop 4 0 0
Map 12 7 1
Tile:6_flip 6 4 0
Tile:6 6 6 1
Tile:7 7 4 0
Malus 0 0 1
Bonus 0 0 0
Tile:5_flip 7 6 1
Tile:9_flip 4 6 0
Drop 2 0 1
Map 12 3 0
Tile:7 4 4 1
Drop 6 0 0
Tile:1 3 4 1
Map 12 5 0
Tile:13 7 5 1
Destroy 6 5 0
Tile:8 6 5 1
Tile:7_flip 3 6 0
Tile:0 2 4 1
Tile:6 1 4 0
Destroy 3 4 1
Tile:6 8 5 0
Tile:10 3 5 1
Tile:9 8 4 0
Tile:4 1 3 1
Tile:11 4 7 0
Tile:0 5 7 1
Tile:5_flip 4 8 0
Tile:7 8 3 1
Tile:9_flip 9 5 0
Tile:14 9 6 1
Tile:3 9 4 0
Tile:5 8 6 1
Tile:8 3 4 0
Tile:8 0 4 1
Tile:9 0 5 0
Drop 0 0 1
Tile:10 8 7 0
Drop 4 0 1
Tile:15 0 3 0
Drop 1 0 1
Tile:6 7 3 0
Map 12 3 1
Tile:10 0 2 0
Tile:12 1 5 1
Drop 0 0 0
Malus 0 0 1
Drop 0 0 0
Drop 0 0 1
GAMEOVER DRAW
# Game ended: Wed Apr 15 19:35:45 EDT 2020
