# Server version 0.08 running on DESKTOP-6KJFBSD:8123
# Game ID: 251
# Board class: Saboteur.SaboteurBoard
# Timeout: 20000
# First Move Timeout: 30000
# Date: Wed Apr 15 22:29:52 EDT 2020
# Player 1: Player-0, '260715909', running on DESKTOP-6KJFBSD
# Player 2: Player-1, '260715909', running on DESKTOP-6KJFBSD
START Player-0 260715909
START Player-1 260715909
BoardInit:Tile:5,Tile:14,Tile:5,Bonus,Tile:0,Bonus,Tile:8,Tile:5,Tile:8,Tile:9,Map,Tile:5,Tile:4,Tile:9,Tile:12,Tile:6,Tile:0,Tile:7,Tile:3,Tile:7,Tile:8,Tile:10,Bonus,Map,Tile:6,Tile:1,Tile:10,Map,Bonus,Malus,Destroy,Tile:10,Malus,Tile:13,Tile:15,Tile:0,Tile:11,Tile:7,Map,Tile:6,Destroy-Map,Tile:8,Tile:6,Tile:2,Tile:7,Tile:0,Tile:8-Destroy,Tile:7,Tile:9,Tile:6,Tile:9,Tile:9,Map-Tile:nugget,Tile:hidden1,Tile:hidden2
Map 12 3 1
Tile:7_flip 4 5 0
Tile:5_flip 6 5 1
Tile:9_flip 5 6 0
Tile:8 5 7 1
Map 12 3 0
Tile:6 5 8 1
Tile:6_flip 4 6 0
Tile:7 6 7 1
Tile:5 3 6 0
Tile:8 4 7 1
Tile:9 3 7 0
Tile:8 6 8 1
Tile:5_flip 7 8 0
Tile:5 7 7 1
Tile:9 4 8 0
Tile:0 8 7 1
Tile:9_flip 9 7 0
Tile:8 4 9 1
Tile:7 9 6 0
Map 12 3 1
Tile:6 8 6 0
Tile:0 5 9 1
Tile:10 3 8 0
Tile:0 7 6 1
Map 12 3 0
Tile:8 3 9 1
Tile:9 3 10 0
Tile:6 2 9 1
Tile:7 2 8 0
Tile:10 3 11 1
Map 12 3 0
Drop 0 0 1
Malus 0 0 0
Malus 0 0 1
Drop 0 0 0
Drop 0 0 1
Drop 0 0 0
Drop 0 0 1
Drop 0 0 0
Map 12 3 1
Drop 0 0 0
Drop 0 0 1
Drop 0 0 0
Drop 0 0 1
Drop 0 0 0
Drop 0 0 1
Drop 0 0 0
Drop 0 0 1
Drop 0 0 0
Drop 0 0 1
Drop 0 0 0
Drop 0 0 1
Drop 0 0 0
Drop 0 0 1
GAMEOVER DRAW
# Game ended: Wed Apr 15 22:29:57 EDT 2020
