# Server version 0.08 running on DESKTOP-6KJFBSD:8123
# Game ID: 264
# Board class: Saboteur.SaboteurBoard
# Timeout: 20000
# First Move Timeout: 30000
# Date: Wed Apr 15 22:49:46 EDT 2020
# Player 1: Player-0, '260715909', running on DESKTOP-6KJFBSD
# Player 2: Player-1, '260715909', running on DESKTOP-6KJFBSD
START Player-0 260715909
START Player-1 260715909
BoardInit:Tile:9,Map,Tile:8,Destroy,Tile:0,Map,Tile:12,Tile:7,Tile:7,Tile:6,Tile:6,Tile:3,Bonus,Tile:8,Tile:10,Tile:8,Tile:15,Malus,Bonus,Map,Tile:6,Destroy,Tile:13,Tile:8,Malus,Map,Tile:10,Tile:5,Tile:9,Map,Tile:5,Tile:6,Tile:4,Tile:9,Tile:9,Bonus,Tile:5,Tile:0,Tile:8,Tile:14,Tile:1-Destroy,Tile:6,Bonus,Tile:11,Tile:10,Map,Tile:2-Tile:0,Tile:0,Tile:7,Tile:7,Tile:7,Tile:9,Tile:5-Tile:hidden1,Tile:hidden2,Tile:nugget
Tile:6 5 6 1
Tile:7 6 5 0
Tile:10 5 4 1
Tile:5_flip 6 6 0
Tile:9 5 3 1
Tile:9 5 2 0
Map 12 3 1
Map 12 7 0
Tile:8 6 2 1
Tile:0 7 2 0
Tile:7 8 2 1
Tile:7_flip 8 3 0
Tile:0 9 3 1
Tile:6_flip 10 3 0
Tile:6 6 3 1
Tile:7 7 3 0
Tile:10 7 4 1
Tile:7_flip 10 4 0
Drop 0 0 1
Tile:8 11 3 0
Drop 0 0 1
Tile:0 13 3 0
Tile:6 11 4 1
Tile:8 12 2 0
Drop 0 0 1
Map 12 5 0
Malus 0 0 1
Malus 0 0 0
Drop 0 0 1
Map 12 5 0
Drop 0 0 1
Map 12 5 0
Drop 0 0 1
Map 12 5 0
Drop 0 0 1
Drop 0 0 0
Drop 0 0 1
Drop 0 0 0
Drop 0 0 1
Drop 0 0 0
Drop 0 0 1
Drop 0 0 0
Drop 0 0 1
Drop 0 0 0
Drop 0 0 1
Drop 0 0 0
Drop 0 0 1
Drop 0 0 0
Drop 0 0 1
Drop 0 0 0
Drop 0 0 1
Drop 0 0 0
Drop 0 0 1
Drop 0 0 0
Drop 0 0 1
GAMEOVER DRAW
# Game ended: Wed Apr 15 22:49:50 EDT 2020
