# Server version 0.08 running on DESKTOP-6KJFBSD:8123
# Game ID: 75
# Board class: Saboteur.SaboteurBoard
# Timeout: 20000
# First Move Timeout: 30000
# Date: Sun Apr 12 10:36:05 EDT 2020
# Player 1: Player-0, '260715909', running on DESKTOP-6KJFBSD
# Player 2: Player-1, '260715909', running on DESKTOP-6KJFBSD
START Player-0 260715909
START Player-1 260715909
BoardInit:Tile:9,Map,Map,Destroy,Tile:6,Tile:8,Tile:6,Tile:3,Tile:5,Tile:15,Tile:1,Tile:10,Tile:0,Tile:0,Tile:7,Tile:10,Bonus,Map,Tile:9,Tile:7,Tile:2,Tile:7,Map,Tile:7,Map,Tile:11,Tile:9,Tile:12,Tile:0,Tile:5,Tile:6,Tile:8,Tile:4,Tile:9,Tile:5,Tile:14,Tile:6,Malus,Tile:9,Bonus,Malus-Tile:0,Destroy,Tile:7,Tile:10,Tile:5,Tile:8,Bonus-Tile:8,Tile:13,Bonus,Map,Tile:8,Destroy,Tile:6-Tile:nugget,Tile:hidden2,Tile:hidden1
Tile:5_flip 6 5 1
Drop 3 0 0
Tile:9_flip 5 6 1
Tile:6 5 7 0
Drop 4 0 1
Destroy 5 7 0
Tile:6 5 7 1
Tile:8 6 4 0
Tile:6 4 6 1
Destroy 4 6 0
Drop 1 0 1
Drop 0 0 0
Tile:7 7 4 1
Map 12 7 0
Drop 1 0 1
Drop 3 0 0
Tile:5 4 5 1
Tile:8 5 4 0
Tile:7 6 7 1
Tile:8 4 6 0
Tile:9 4 7 1
Map 12 5 0
Tile:1 3 6 1
Tile:7_flip 4 8 0
Drop 0 0 1
Tile:10 5 3 0
Drop 3 0 1
Tile:7_flip 4 4 0
Drop 2 0 1
Tile:15 7 5 0
Tile:2 2 6 1
Tile:0 1 6 0
Map 12 3 1
Tile:11_flip 6 8 0
Tile:6_flip 0 6 1
Tile:8 2 7 0
Tile:9_flip 4 3 1
Tile:7_flip 7 6 0
Tile:6 0 7 1
Tile:14 2 8 0
Drop 6 0 1
Drop 2 0 0
Map 12 5 1
Tile:5_flip 6 9 0
Tile:5 5 9 1
Drop 3 0 0
Drop 3 0 1
Tile:10 6 3 0
Tile:0 5 8 1
Tile:9 3 3 0
Drop 1 0 1
Drop 0 0 0
Malus 0 0 1
Drop 0 0 0
Drop 0 0 1
GAMEOVER DRAW
# Game ended: Sun Apr 12 10:36:11 EDT 2020
