# Server version 0.08 running on DESKTOP-6KJFBSD:8123
# Game ID: 342
# Board class: Saboteur.SaboteurBoard
# Timeout: 20000
# First Move Timeout: 30000
# Date: Wed Apr 15 23:32:23 EDT 2020
# Player 1: Player-0, '260715909', running on DESKTOP-6KJFBSD
# Player 2: Player-1, 'RandomPlayer', running on DESKTOP-6KJFBSD
START Player-0 260715909
START Player-1 RandomPlayer
BoardInit:Malus,Map,Tile:0,Tile:6,Map,Tile:0,Bonus,Tile:9,Tile:8,Tile:7,Tile:4,Tile:11,Destroy,Tile:0,Tile:9,Tile:5,Tile:10,Tile:6,Tile:6,Tile:7,Tile:3,Tile:0,Tile:9,Destroy,Tile:8,Bonus,Destroy,Tile:5,Tile:8,Bonus,Tile:8,Tile:5,Tile:9,Tile:8,Tile:12,Tile:10,Tile:7,Bonus,Tile:6,Tile:5,Tile:7-Tile:1,Tile:10,Tile:15,Tile:13,Malus,Tile:9,Tile:6-Tile:7,Map,Map,Tile:2,Tile:14,Map,Map-Tile:hidden1,Tile:nugget,Tile:hidden2
Malus 0 0 1
Map 12 3 0
Tile:1 6 5 1
Map 12 3 0
Tile:13 5 6 1
Map 12 7 0
Map 12 7 1
Map 12 3 0
Tile:6 4 5 1
Map 12 3 0
Drop 1 0 1
Drop 0 0 0
Drop 6 0 1
Drop 0 0 0
Tile:0 3 5 1
Drop 0 0 0
Tile:9_flip 5 4 1
Drop 0 0 0
Destroy 3 5 1
Drop 0 0 0
Tile:10 5 3 1
Drop 0 0 0
Tile:6_flip 7 5 1
Drop 0 0 0
Tile:8 3 5 1
Drop 0 0 0
Tile:8 4 4 1
Drop 0 0 0
Tile:9 7 6 1
Drop 0 0 0
Tile:3_flip 2 5 1
Drop 0 0 0
Tile:10 7 7 1
Drop 0 0 0
Destroy 6 5 1
Drop 0 0 0
Tile:9 5 2 1
Drop 0 0 0
Tile:9_flip 8 6 1
Drop 0 0 0
Tile:7 4 3 1
Drop 0 0 0
Tile:8 2 4 1
Drop 0 0 0
Tile:8 6 5 1
Drop 0 0 0
Tile:7 8 5 1
Drop 0 0 0
Tile:6_flip 1 4 1
Drop 0 0 0
Malus 0 0 1
Drop 0 0 0
Drop 1 0 1
Drop 0 0 0
Drop 0 0 1
GAMEOVER DRAW
# Game ended: Wed Apr 15 23:32:24 EDT 2020
