# Server version 0.08 running on DESKTOP-6KJFBSD:8123
# Game ID: 340
# Board class: Saboteur.SaboteurBoard
# Timeout: 20000
# First Move Timeout: 30000
# Date: Wed Apr 15 23:32:08 EDT 2020
# Player 1: Player-0, '260715909', running on DESKTOP-6KJFBSD
# Player 2: Player-1, 'RandomPlayer', running on DESKTOP-6KJFBSD
START Player-0 260715909
START Player-1 RandomPlayer
BoardInit:Tile:12,Malus,Map,Tile:0,Tile:9,Tile:8,Destroy,Tile:6,Tile:8,Tile:6,Map,Tile:5,Tile:7,Tile:8,Tile:7,Tile:9,Tile:7,Bonus,Tile:5,Tile:9,Map,Tile:7,Map,Tile:9,Tile:4,Tile:3,Tile:6,Tile:8,Map,Tile:5,Tile:0,Tile:15,Tile:6,Tile:9,Tile:10,Malus,Map,Tile:0,Bonus,Tile:0,Tile:11-Tile:10,Bonus,Tile:14,Destroy,Tile:8,Tile:10,Tile:7-Destroy,Tile:2,Tile:6,Tile:5,Tile:1,Tile:13,Bonus-Tile:hidden1,Tile:hidden2,Tile:nugget
Tile:10 5 6 1
Tile:6 6 5 0
Tile:14 7 5 1
Tile:5 6 4 0
Tile:7 5 4 1
Malus 0 0 0
Drop 0 0 1
Tile:8 7 4 0
Destroy 7 4 1
Tile:6_flip 7 4 0
Map 12 5 1
Tile:6_flip 8 4 0
Destroy 5 4 1
Tile:0 9 4 0
Map 12 7 1
Tile:8 10 4 0
Drop 5 0 1
Tile:9_flip 10 3 0
Drop 3 0 1
Tile:5_flip 10 5 0
Drop 2 0 1
Tile:9 8 5 0
Map 12 7 1
Tile:7 11 4 0
Drop 4 0 1
Tile:9 8 6 0
Drop 3 0 1
Drop 0 0 0
Drop 4 0 1
Tile:8 8 7 0
Map 12 3 1
Tile:5 7 7 0
Drop 6 0 1
Drop 0 0 0
Drop 3 0 1
Tile:9 11 5 0
Drop 3 0 1
Malus 0 0 0
Map 12 3 1
Tile:0 9 5 0
Drop 4 0 1
Tile:0 9 6 0
Drop 5 0 1
Drop 0 0 0
Drop 4 0 1
Drop 0 0 0
Drop 2 0 1
Drop 0 0 0
Drop 0 0 1
Drop 0 0 0
Drop 0 0 1
Drop 0 0 0
Drop 1 0 1
Drop 0 0 0
Drop 0 0 1
GAMEOVER DRAW
# Game ended: Wed Apr 15 23:32:09 EDT 2020
