# Server version 0.08 running on DESKTOP-6KJFBSD:8123
# Game ID: 288
# Board class: Saboteur.SaboteurBoard
# Timeout: 20000
# First Move Timeout: 30000
# Date: Wed Apr 15 22:57:15 EDT 2020
# Player 1: Player-0, '260715909', running on DESKTOP-6KJFBSD
# Player 2: Player-1, '260715909', running on DESKTOP-6KJFBSD
START Player-0 260715909
START Player-1 260715909
BoardInit:Tile:9,Tile:8,Destroy,Tile:11,Tile:5,Tile:8,Bonus,Tile:4,Tile:9,Tile:7,Tile:7,Tile:1,Tile:0,Tile:6,Tile:6,Tile:2,Tile:6,Map,Tile:8,Tile:7,Tile:0,Map,Tile:7,Tile:6,Map,Tile:10,Tile:13,Bonus,Tile:6,Map,Tile:0,Destroy,Tile:0,Tile:7,Tile:15,Map,Bonus,Tile:9,Tile:9,Tile:9,Tile:10-Tile:10,Map,Tile:5,Tile:12,Bonus,Malus,Tile:14-Tile:8,Tile:3,Tile:5,Malus,Tile:8,Destroy,Tile:5-Tile:nugget,Tile:hidden1,Tile:hidden2
Map 12 3 1
Tile:5_flip 6 5 0
Tile:9_flip 6 4 1
Tile:8 6 3 0
Tile:5_flip 7 3 1
Malus 0 0 0
Malus 0 0 1
Drop 0 0 0
Drop 0 0 1
Drop 0 0 0
Drop 0 0 1
Drop 0 0 0
Drop 0 0 1
Drop 0 0 0
Drop 0 0 1
Drop 0 0 0
Drop 0 0 1
Drop 0 0 0
Drop 0 0 1
Map 12 3 0
Drop 0 0 1
Drop 0 0 0
Drop 0 0 1
Map 12 3 0
Drop 0 0 1
Drop 0 0 0
Map 12 3 1
Drop 0 0 0
Drop 0 0 1
Drop 0 0 0
Drop 0 0 1
Map 12 3 0
Drop 0 0 1
Drop 0 0 0
Drop 0 0 1
Drop 0 0 0
Drop 0 0 1
Map 12 3 0
Drop 0 0 1
Drop 0 0 0
Drop 0 0 1
Drop 0 0 0
Drop 0 0 1
Drop 0 0 0
Drop 0 0 1
Drop 0 0 0
Drop 0 0 1
Drop 0 0 0
Drop 0 0 1
Drop 0 0 0
Drop 0 0 1
Drop 0 0 0
Drop 0 0 1
Drop 0 0 0
Drop 0 0 1
GAMEOVER DRAW
# Game ended: Wed Apr 15 22:57:17 EDT 2020
