# Server version 0.08 running on DESKTOP-6KJFBSD:8123
# Game ID: 239
# Board class: Saboteur.SaboteurBoard
# Timeout: 20000
# First Move Timeout: 30000
# Date: Wed Apr 15 22:14:58 EDT 2020
# Player 1: Player-0, '260715909', running on DESKTOP-6KJFBSD
# Player 2: Player-1, '260715909', running on DESKTOP-6KJFBSD
START Player-0 260715909
START Player-1 260715909
BoardInit:Tile:9,Tile:10,Tile:5,Tile:7,Tile:10,Tile:2,Tile:8,Destroy,Tile:0,Tile:7,Tile:10,Tile:0,Tile:8,Tile:12,Destroy,Tile:9,Tile:5,Tile:9,Tile:5,Tile:8,Tile:6,Bonus,Tile:13,Tile:4,Bonus,Tile:11,Tile:6,Map,Tile:6,Bonus,Malus,Map,Tile:7,Tile:0,Tile:14,Tile:8,Tile:5,Tile:0,Tile:9,Tile:9,Tile:6-Tile:15,Tile:3,Tile:1,Tile:7,Destroy,Malus,Map-Tile:6,Map,Bonus,Tile:7,Tile:8,Map,Map-Tile:hidden2,Tile:nugget,Tile:hidden1
Tile:7 6 5 1
Map 12 7 0
Tile:9 5 6 1
Tile:10 5 7 0
Malus 0 0 1
Map 12 5 0
Map 12 5 1
Map 12 3 0
Tile:5 4 5 1
Drop 0 0 0
Tile:10 4 6 1
Drop 0 0 0
Tile:8 6 6 1
Drop 0 0 0
Tile:0 7 6 1
Drop 0 0 0
Tile:10 6 7 1
Drop 0 0 0
Tile:8 5 8 1
Drop 0 0 0
Tile:5 4 8 1
Drop 0 0 0
Tile:5_flip 4 7 1
Drop 0 0 0
Tile:6 3 7 1
Drop 0 0 0
Drop 0 0 1
Drop 0 0 0
Tile:6 2 7 1
Map 12 3 0
Tile:6 1 7 1
Drop 0 0 0
Malus 0 0 1
Map 12 7 0
Tile:7 1 6 1
Drop 0 0 0
Drop 0 0 1
Drop 0 0 0
Tile:5 2 6 1
Drop 0 0 0
Tile:9 0 6 1
Drop 0 0 0
Tile:6 6 8 1
Drop 0 0 0
Drop 0 0 1
Drop 0 0 0
Drop 0 0 1
Drop 0 0 0
Drop 0 0 1
Drop 0 0 0
Drop 0 0 1
Drop 0 0 0
Drop 0 0 1
Drop 0 0 0
Drop 0 0 1
GAMEOVER DRAW
# Game ended: Wed Apr 15 22:15:00 EDT 2020
