# Server version 0.08 running on DESKTOP-6KJFBSD:8123
# Game ID: 237
# Board class: Saboteur.SaboteurBoard
# Timeout: 20000
# First Move Timeout: 30000
# Date: Wed Apr 15 22:08:14 EDT 2020
# Player 1: Player-0, '260715909', running on DESKTOP-6KJFBSD
# Player 2: Player-1, 'Human', running on DESKTOP-6KJFBSD
START Player-0 260715909
START Player-1 Human
BoardInit:Tile:0,Tile:15,Map,Tile:7,Tile:5,Map,Tile:8,Tile:8,Map,Tile:10,Map,Bonus,Map,Tile:8,Tile:3,Tile:4,Tile:5,Destroy,Tile:9,Tile:10,Tile:7,Tile:7,Tile:6,Malus,Tile:14,Tile:13,Tile:11,Bonus,Tile:7,Tile:5,Tile:6,Tile:2,Map,Tile:5,Tile:1,Tile:6,Tile:8,Bonus,Destroy,Tile:8,Tile:12-Tile:0,Tile:9,Malus,Tile:9,Tile:6,Tile:7,Tile:0-Bonus,Tile:9,Tile:0,Tile:6,Destroy,Tile:9,Tile:10-Tile:hidden1,Tile:hidden2,Tile:nugget
Tile:0 6 5 1
Tile:9 5 6 0
Tile:0 6 6 1
Tile:6 4 5 0
Tile:0 7 5 1
Tile:0 3 5 0
Tile:6 8 5 1
Map 12 5 0
Tile:8 9 5 1
Tile:7 7 6 0
Tile:9 9 6 1
Tile:9_flip 7 7 0
Tile:9 9 7 1
Tile:8 5 7 0
Tile:5 9 4 1
Tile:8 9 8 0
Tile:7 10 4 1
Tile:10 7 8 0
Tile:5_flip 10 5 1
Tile:10 5 8 0
Map 12 3 1
Tile:10 5 9 0
Tile:9_flip 10 7 1
Tile:7 10 6 0
Tile:6 10 8 1
Malus 0 0 0
Malus 0 0 1
Drop 0 0 0
Map 12 7 1
Drop 0 0 0
Drop 6 0 1
Drop 0 0 0
Drop 5 0 1
Drop 0 0 0
Drop 4 0 1
Drop 0 0 0
Drop 6 0 1
Drop 0 0 0
Drop 2 0 1
Drop 0 0 0
Drop 4 0 1
Drop 0 0 0
Drop 6 0 1
Drop 0 0 0
Drop 1 0 1
Drop 0 0 0
Drop 0 0 1
Drop 0 0 0
GAMEOVER USER CANCEL UNDECIDED
# Game ended: Wed Apr 15 22:14:41 EDT 2020
