# Server version 0.08 running on DESKTOP-6KJFBSD:8123
# Game ID: 266
# Board class: Saboteur.SaboteurBoard
# Timeout: 20000
# First Move Timeout: 30000
# Date: Wed Apr 15 22:51:55 EDT 2020
# Player 1: Player-0, '260715909', running on DESKTOP-6KJFBSD
# Player 2: Player-1, 'RandomPlayer', running on DESKTOP-6KJFBSD
START Player-0 260715909
START Player-1 RandomPlayer
BoardInit:Tile:6,Destroy,Destroy,Map,Tile:2,Tile:0,Map,Tile:9,Map,Tile:11,Tile:13,Tile:7,Destroy,Tile:7,Tile:6,Tile:7,Map,Tile:0,Tile:8,Tile:8,Tile:9,Tile:8,Tile:8,Tile:14,Tile:9,Bonus,Tile:5,Tile:12,Tile:4,Map,Tile:0,Tile:6,Tile:9,Malus,Tile:5,Tile:5,Tile:1,Tile:6,Tile:3,Tile:5,Tile:10-Tile:7,Tile:10,Tile:9,Tile:8,Tile:7,Tile:15,Bonus-Bonus,Bonus,Tile:0,Tile:6,Tile:10,Malus,Map-Tile:hidden1,Tile:nugget,Tile:hidden2
Tile:7 6 5 1
Tile:6 5 6 0
Tile:10 5 4 1
Tile:10 5 3 0
Tile:9 4 6 1
Malus 0 0 0
Drop 1 0 1
Map 12 7 0
Drop 3 0 1
Map 12 3 0
Bonus 0 0 1
Tile:9 5 2 0
Tile:2 4 5 1
Tile:0 6 2 0
Destroy 5 3 1
Tile:0 7 2 0
Drop 5 0 1
Tile:7 8 2 0
Map 12 5 1
Tile:7_flip 8 3 0
Tile:6 3 5 1
Tile:7 9 3 0
Tile:8 9 4 1
Tile:8 9 5 0
Tile:13 5 3 1
Tile:0 6 3 0
Tile:8 8 5 1
Tile:8 6 6 0
Tile:9 8 6 1
Drop 0 0 0
Tile:9 4 7 1
Map 12 3 0
Tile:15 3 4 1
Tile:6 10 5 0
Tile:9 4 3 1
Malus 0 0 0
Drop 5 0 1
Tile:5 7 5 0
Map 12 7 1
Tile:6 11 5 0
Drop 6 0 1
Tile:5 8 4 0
Drop 4 0 1
Drop 0 0 0
Drop 1 0 1
Drop 0 0 0
Map 12 5 1
Drop 0 0 0
Drop 0 0 1
Drop 0 0 0
Drop 0 0 1
Drop 0 0 0
Drop 1 0 1
Drop 0 0 0
Drop 0 0 1
GAMEOVER DRAW
# Game ended: Wed Apr 15 22:51:59 EDT 2020
