# Server version 0.08 running on DESKTOP-6KJFBSD:8123
# Game ID: 129
# Board class: Saboteur.SaboteurBoard
# Timeout: 20000
# First Move Timeout: 30000
# Date: Wed Apr 15 11:41:14 EDT 2020
# Player 1: Player-0, '260715909', running on DESKTOP-6KJFBSD
# Player 2: Player-1, 'RandomPlayer', running on DESKTOP-6KJFBSD
START Player-0 260715909
START Player-1 RandomPlayer
BoardInit:Tile:8,Tile:8,Malus,Tile:7,Tile:4,Map,Tile:6,Bonus,Tile:13,Tile:5,Bonus,Map,Destroy,Destroy,Tile:8,Tile:0,Tile:11,Tile:15,Tile:6,Tile:9,Tile:9,Tile:14,Tile:7,Tile:6,Tile:9,Bonus,Map,Tile:0,Malus,Tile:7,Tile:2,Tile:5,Tile:10,Tile:8,Tile:5,Tile:10,Tile:0,Tile:6,Tile:5,Tile:8,Tile:9-Tile:12,Tile:6,Bonus,Destroy,Tile:0,Tile:7,Tile:3-Map,Map,Tile:1,Tile:9,Tile:7,Map,Tile:10-Tile:hidden1,Tile:nugget,Tile:hidden2
Drop 2 0 1
Tile:9 4 5 0
Tile:3_flip 4 6 1
Tile:8 5 6 0
Tile:8 6 5 1
Drop 4 0 0
Tile:6 5 7 1
Drop 2 0 0
Tile:0 4 7 1
Tile:10 6 4 0
Tile:13 7 5 1
Tile:7 5 4 0
Drop 2 0 1
Tile:7 6 3 0
Destroy 5 4 1
Drop 3 0 0
Tile:4 4 4 1
Destroy 5 7 0
Tile:8 5 7 1
Map 12 3 0
Tile:6 6 7 1
Tile:9 5 3 0
Tile:11_flip 5 2 1
Tile:14 8 5 0
Tile:6 7 7 1
Map 12 5 0
Tile:9_flip 6 6 1
Tile:0 8 7 0
Tile:7 8 4 1
Tile:6 9 7 0
Tile:9 7 6 1
Drop 3 0 0
Destroy 6 6 1
Drop 1 0 0
Tile:10 5 8 1
Tile:7_flip 4 2 0
Tile:2_flip 10 7 1
Drop 6 0 0
Malus 0 0 1
Drop 6 0 0
Tile:0 8 6 1
Drop 2 0 0
Tile:5 5 1 1
Map 12 5 0
Drop 4 0 1
Drop 2 0 0
Map 12 7 1
Drop 3 0 0
Tile:9_flip 6 6 1
Map 12 7 0
Tile:12_flip 3 7 1
Drop 0 0 0
Malus 0 0 1
Drop 0 0 0
Drop 0 0 1
GAMEOVER DRAW
# Game ended: Wed Apr 15 11:41:36 EDT 2020
