# Server version 0.08 running on DESKTOP-6KJFBSD:8123
# Game ID: 238
# Board class: Saboteur.SaboteurBoard
# Timeout: 20000
# First Move Timeout: 30000
# Date: Wed Apr 15 22:14:45 EDT 2020
# Player 1: Player-0, '260715909', running on DESKTOP-6KJFBSD
# Player 2: Player-1, 'RandomPlayer', running on DESKTOP-6KJFBSD
START Player-0 260715909
START Player-1 RandomPlayer
BoardInit:Tile:0,Tile:9,Tile:7,Map,Tile:14,Malus,Bonus,Tile:9,Tile:6,Bonus,Tile:12,Tile:2,Tile:5,Tile:10,Map,Tile:7,Tile:10,Tile:8,Tile:6,Tile:3,Bonus,Malus,Destroy,Tile:5,Tile:15,Tile:6,Tile:8,Tile:9,Bonus,Tile:8,Tile:9,Tile:9,Tile:6,Tile:0,Map,Tile:6,Map,Tile:0,Tile:8,Tile:13,Destroy-Map,Tile:11,Tile:5,Tile:5,Tile:10,Tile:0,Tile:7-Map,Tile:4,Destroy,Tile:8,Tile:7,Tile:1,Tile:7-Tile:hidden2,Tile:hidden1,Tile:nugget
Tile:0 6 5 1
Map 12 5 0
Tile:5 4 5 1
Tile:8 4 6 0
Tile:5 3 6 1
Tile:7 7 5 0
Drop 4 0 1
Malus 0 0 0
Map 12 7 1
Tile:9 7 6 0
Bonus 0 0 1
Tile:7 8 6 0
Tile:11_flip 3 7 1
Map 12 3 0
Tile:7_flip 8 7 1
Tile:9 3 8 0
Tile:6 5 6 1
Tile:10 4 7 0
Tile:10 3 9 1
Tile:8 9 7 0
Tile:7_flip 9 8 1
Tile:7 6 6 0
Tile:12 10 7 1
Malus 0 0 0
Destroy 4 6 1
Tile:5_flip 7 7 0
Map 12 7 1
Tile:6 6 7 0
Drop 6 0 1
Tile:9 2 7 0
Drop 4 0 1
Tile:8 4 6 0
Drop 4 0 1
Tile:9_flip 4 8 0
Drop 0 0 1
Tile:0 10 8 0
Map 12 7 1
Tile:6 3 10 0
Map 12 5 1
Tile:0 4 10 0
Drop 4 0 1
Drop 0 0 0
Drop 0 0 1
Drop 0 0 0
Drop 2 0 1
Drop 0 0 0
Destroy 8 7 1
Drop 0 0 0
Drop 0 0 1
Drop 0 0 0
Drop 0 0 1
Drop 0 0 0
Drop 1 0 1
Drop 0 0 0
Drop 0 0 1
GAMEOVER DRAW
# Game ended: Wed Apr 15 22:14:49 EDT 2020
