# Server version 0.08 running on DESKTOP-6KJFBSD:8123
# Game ID: 76
# Board class: Saboteur.SaboteurBoard
# Timeout: 20000
# First Move Timeout: 30000
# Date: Sun Apr 12 10:39:18 EDT 2020
# Player 1: Player-0, '260715909', running on DESKTOP-6KJFBSD
# Player 2: Player-1, 'RandomPlayer', running on DESKTOP-6KJFBSD
START Player-0 260715909
START Player-1 RandomPlayer
BoardInit:Tile:2,Bonus,Tile:9,Tile:11,Tile:4,Tile:8,Tile:10,Map,Tile:5,Tile:0,Bonus,Tile:6,Tile:5,Tile:3,Tile:7,Tile:6,Tile:7,Tile:8,Tile:15,Tile:1,Tile:9,Tile:9,Map,Map,Tile:9,Tile:8,Tile:12,Tile:0,Destroy,Tile:7,Tile:0,Malus,Tile:5,Tile:10,Malus,Map,Tile:6,Tile:7,Bonus,Destroy,Map-Tile:6,Tile:5,Tile:0,Tile:10,Tile:9,Bonus,Tile:8-Tile:8,Destroy,Tile:6,Tile:7,Tile:13,Tile:14,Map-Tile:nugget,Tile:hidden2,Tile:hidden1
Tile:8 5 4 1
Tile:13 4 4 0
Tile:2 4 3 1
Tile:6 6 4 0
Tile:9_flip 6 3 1
Tile:11 5 6 0
Tile:5_flip 6 6 1
Map 12 5 0
Tile:9_flip 6 2 1
Tile:8 4 5 0
Drop 1 0 1
Tile:0 7 4 0
Tile:10 6 1 1
Tile:7_flip 3 4 0
Tile:6_flip 6 5 1
Tile:6_flip 8 4 0
Tile:7 7 5 1
Tile:8 5 3 0
Drop 1 0 1
Tile:8 5 2 0
Tile:7 5 1 1
Tile:1 4 2 0
Tile:5 3 2 1
Destroy 5 6 0
Tile:5 3 5 1
Tile:3_flip 4 6 0
Tile:9 3 3 1
Tile:9 8 5 0
Drop 2 0 1
Tile:8 5 6 0
Tile:9 8 6 1
Tile:6 9 5 0
Tile:0 9 6 1
Malus 0 0 0
Destroy 7 4 1
Map 12 5 0
Drop 0 0 1
Tile:7_flip 8 7 0
Map 12 7 1
Tile:7_flip 4 1 0
Drop 4 0 1
Destroy 8 5 0
Map 12 7 1
Map 12 7 0
Drop 4 0 1
Drop 3 0 0
Drop 3 0 1
Tile:0 10 6 0
Drop 2 0 1
Tile:14 5 7 0
Drop 0 0 1
Map 12 7 0
Bonus 0 0 1
Drop 0 0 0
Tile:15 3 6 1
GAMEOVER DRAW
# Game ended: Sun Apr 12 10:39:25 EDT 2020
