# Server version 0.08 running on DESKTOP-6KJFBSD:8123
# Game ID: 82
# Board class: Saboteur.SaboteurBoard
# Timeout: 20000
# First Move Timeout: 30000
# Date: Sun Apr 12 13:02:02 EDT 2020
# Player 1: Player-0, '260715909', running on DESKTOP-6KJFBSD
# Player 2: Player-1, 'RandomPlayer', running on DESKTOP-6KJFBSD
START Player-0 260715909
START Player-1 RandomPlayer
BoardInit:Tile:1,Tile:6,Tile:3,Tile:8,Tile:6,Tile:8,Tile:13,Destroy,Bonus,Tile:8,Tile:7,Tile:0,Tile:7,Tile:0,Tile:5,Tile:7,Tile:0,Malus,Tile:9,Tile:7,Tile:8,Tile:10,Tile:14,Map,Tile:6,Map,Bonus,Map,Tile:7,Tile:10,Tile:5,Bonus,Tile:11,Tile:5,Malus,Tile:10,Tile:2,Destroy,Map,Map,Tile:4-Destroy,Tile:12,Tile:9,Tile:6,Tile:9,Tile:8,Tile:15-Tile:9,Tile:6,Map,Tile:0,Tile:9,Tile:5,Bonus-Tile:hidden2,Tile:nugget,Tile:hidden1
Tile:9_flip 6 5 1
Tile:9 5 6 0
Tile:9_flip 6 6 1
Tile:9 5 4 0
Tile:3_flip 4 5 1
Tile:6 5 7 0
Drop 4 0 1
Drop 2 0 0
Tile:13 5 3 1
Tile:8 6 7 0
Drop 1 0 1
Destroy 6 7 0
Tile:6 4 7 1
Tile:8 5 2 0
Tile:7 4 6 1
Map 12 3 0
Tile:7 6 4 1
Tile:7 5 1 0
Tile:5 4 1 1
Drop 5 0 0
Tile:6 3 6 1
Tile:7_flip 4 2 0
Tile:0 6 3 1
Tile:10 4 4 0
Tile:14_flip 3 7 1
Drop 0 0 0
Tile:6_flip 4 3 1
Tile:8 6 7 0
Tile:9 2 6 1
Tile:6_flip 7 7 0
Destroy 5 3 1
Tile:0 3 3 0
Tile:5_flip 6 8 1
Map 12 5 0
Tile:11_flip 3 8 1
Tile:5_flip 6 2 0
Tile:8 8 7 1
Drop 6 0 0
Tile:2 2 5 1
Destroy 3 8 0
Tile:7 3 5 1
Drop 0 0 0
Tile:8 1 5 1
Map 12 7 0
Drop 4 0 1
Tile:10 6 1 0
Drop 1 0 1
Map 12 7 0
Tile:1 0 5 1
Map 12 5 0
Drop 0 0 1
Malus 0 0 0
Malus 0 0 1
Drop 0 0 0
Drop 0 0 1
GAMEOVER DRAW
# Game ended: Sun Apr 12 13:02:04 EDT 2020
