# Server version 0.08 running on DESKTOP-6KJFBSD:8123
# Game ID: 232
# Board class: Saboteur.SaboteurBoard
# Timeout: 20000
# First Move Timeout: 30000
# Date: Wed Apr 15 21:11:04 EDT 2020
# Player 1: Player-0, '260715909', running on DESKTOP-6KJFBSD
# Player 2: Player-1, 'RandomPlayer', running on DESKTOP-6KJFBSD
START Player-0 260715909
START Player-1 RandomPlayer
BoardInit:Tile:0,Tile:12,Map,Bonus,Tile:9,Tile:10,Tile:6,Tile:5,Tile:8,Tile:11,Map,Malus,Malus,Tile:5,Tile:10,Map,Tile:6,Tile:0,Tile:6,Map,Bonus,Tile:2,Bonus,Tile:15,Tile:8,Tile:5,Tile:6,Destroy,Tile:0,Tile:7,Tile:3,Tile:10,Tile:7,Tile:9,Tile:7,Tile:4,Tile:6,Tile:9,Tile:9,Map,Destroy-Tile:7,Tile:8,Map,Tile:1,Tile:9,Tile:8,Tile:0-Tile:8,Bonus,Tile:14,Destroy,Tile:13,Tile:7,Tile:5-Tile:hidden1,Tile:nugget,Tile:hidden2
Tile:8 5 4 1
Tile:13 6 5 0
Tile:7_flip 4 4 1
Tile:8 4 3 0
Tile:9 4 2 1
Tile:12_flip 3 3 0
Drop 6 0 1
Destroy 6 5 0
Tile:0 4 5 1
Tile:14 5 2 0
Tile:0 6 5 1
Tile:5 5 1 0
Drop 2 0 1
Malus 0 0 0
Drop 3 0 1
Tile:7 5 3 0
Malus 0 0 1
Bonus 0 0 0
Map 12 7 1
Tile:10 4 1 0
Map 12 3 1
Tile:11 3 5 0
Map 12 5 1
Tile:5 4 0 0
Drop 0 0 1
Tile:0 6 4 0
Drop 5 0 1
Tile:5_flip 7 5 0
Drop 6 0 1
Destroy 4 5 0
Drop 1 0 1
Tile:2_flip 5 6 0
Drop 4 0 1
Map 12 7 0
Drop 0 0 1
Tile:7_flip 3 6 0
Drop 4 0 1
Tile:4 3 4 0
Drop 0 0 1
Tile:9_flip 6 1 0
Drop 4 0 1
Map 12 3 0
Drop 6 0 1
Tile:9_flip 6 0 0
Drop 4 0 1
Map 12 5 0
Drop 3 0 1
Tile:15 6 2 0
Drop 2 0 1
Drop 0 0 0
Drop 0 0 1
Drop 0 0 0
Bonus 0 0 1
Drop 0 0 0
Drop 0 0 1
GAMEOVER DRAW
# Game ended: Wed Apr 15 21:11:08 EDT 2020
