# Server version 0.08 running on DESKTOP-6KJFBSD:8123
# Game ID: 144
# Board class: Saboteur.SaboteurBoard
# Timeout: 20000
# First Move Timeout: 30000
# Date: Wed Apr 15 13:15:37 EDT 2020
# Player 1: Player-0, '260715909', running on DESKTOP-6KJFBSD
# Player 2: Player-1, 'RandomPlayer', running on DESKTOP-6KJFBSD
START Player-0 260715909
START Player-1 RandomPlayer
BoardInit:Tile:8,Tile:7,Tile:6,Tile:9,Destroy,Tile:15,Tile:5,Tile:9,Tile:0,Map,Tile:7,Tile:6,Tile:0,Bonus,Tile:9,Tile:6,Tile:12,Tile:8,Tile:11,Tile:0,Tile:10,Tile:5,Map,Destroy,Map,Tile:9,Tile:5,Tile:3,Tile:8,Map,Tile:4,Tile:0,Tile:6,Tile:5,Tile:13,Bonus,Bonus,Tile:6,Map,Tile:8,Tile:9-Tile:1,Map,Tile:10,Tile:14,Destroy,Tile:10,Tile:7-Bonus,Malus,Tile:2,Tile:8,Tile:7,Tile:7,Malus-Tile:hidden1,Tile:nugget,Tile:hidden2
Map 12 7 1
Tile:8 5 4 0
Tile:7_flip 4 4 1
Tile:2_flip 6 5 0
Drop 2 0 1
Tile:7 7 5 0
Destroy 5 4 1
Tile:15 6 4 0
Drop 2 0 1
Tile:7 5 4 0
Tile:5 6 3 1
Drop 1 0 0
Tile:8 7 6 1
Tile:9_flip 5 6 0
Tile:6 8 6 1
Drop 2 0 0
Tile:9_flip 9 6 1
Tile:9 7 7 0
Tile:12_flip 4 5 1
Tile:6 9 7 0
Tile:0 8 7 1
Tile:8 5 7 0
Tile:10 9 5 1
Tile:5 9 4 0
Tile:10 7 8 1
