# Server version 0.08 running on DESKTOP-6KJFBSD:8123
# Game ID: 313
# Board class: Saboteur.SaboteurBoard
# Timeout: 20000
# First Move Timeout: 30000
# Date: Wed Apr 15 23:08:00 EDT 2020
# Player 1: Player-0, '260715909', running on DESKTOP-6KJFBSD
# Player 2: Player-1, 'RandomPlayer', running on DESKTOP-6KJFBSD
START Player-0 260715909
START Player-1 RandomPlayer
BoardInit:Tile:15,Map,Tile:0,Tile:7,Tile:8,Tile:9,Tile:9,Tile:9,Tile:6,Tile:8,Tile:10,Tile:12,Tile:6,Tile:9,Tile:5,Bonus,Tile:10,Tile:6,Map,Tile:0,Malus,Tile:0,Tile:2,Tile:0,Tile:7,Tile:7,Tile:5,Tile:10,Map,Destroy,Tile:3,Tile:9,Tile:1,Malus,Tile:7,Bonus,Map,Tile:4,Map,Destroy,Tile:5-Tile:5,Tile:7,Destroy,Tile:8,Bonus,Map,Tile:13-Tile:6,Bonus,Tile:6,Tile:8,Tile:14,Tile:8,Tile:11-Tile:nugget,Tile:hidden2,Tile:hidden1
Tile:5_flip 5 6 1
Tile:6_flip 6 5 0
Tile:7 7 5 1
Map 12 3 0
Destroy 7 5 1
Tile:6 7 5 0
Tile:0 4 6 1
Tile:7_flip 6 6 0
Tile:15 5 4 1
Tile:9_flip 8 5 0
Tile:8 8 4 1
Tile:9 7 4 0
Tile:13 7 3 1
Tile:8 8 3 0
Tile:6 6 3 1
Tile:8 9 3 0
Tile:8 9 4 1
Tile:8 8 6 0
Tile:5 5 3 1
Tile:6 10 4 0
Tile:10 7 2 1
Tile:0 11 4 0
Drop 5 0 1
Tile:9 9 5 0
Tile:6_flip 10 5 1
Tile:0 7 6 0
Tile:2 10 3 1
Tile:7 12 4 0
Map 12 3 1
Tile:0 11 3 0
Tile:10 7 1 1
Tile:10 8 7 0
Tile:9_flip 9 2 1
Tile:9_flip 12 6 0
Tile:5_flip 10 6 1
Malus 0 0 0
Drop 2 0 1
Drop 0 0 0
Map 12 3 1
Drop 0 0 0
Drop 2 0 1
Drop 0 0 0
Map 12 3 1
Drop 0 0 0
Drop 1 0 1
Drop 0 0 0
Drop 4 0 1
Drop 0 0 0
Drop 0 0 1
Drop 0 0 0
Drop 0 0 1
Drop 0 0 0
Map 12 3 1
Drop 0 0 0
Drop 0 0 1
GAMEOVER DRAW
# Game ended: Wed Apr 15 23:08:03 EDT 2020
