# Server version 0.08 running on DESKTOP-6KJFBSD:8123
# Game ID: 325
# Board class: Saboteur.SaboteurBoard
# Timeout: 20000
# First Move Timeout: 30000
# Date: Wed Apr 15 23:28:23 EDT 2020
# Player 1: Player-0, 'RandomPlayer', running on DESKTOP-6KJFBSD
# Player 2: Player-1, 'RandomPlayer', running on DESKTOP-6KJFBSD
START Player-0 RandomPlayer
START Player-1 RandomPlayer
BoardInit:Tile:6,Map,Tile:13,Tile:8,Bonus,Tile:12,Tile:10,Malus,Tile:4,Tile:9,Tile:5,Map,Tile:15,Tile:8,Tile:9,Tile:8,Tile:9,Malus,Tile:2,Tile:5,Tile:6,Tile:1,Bonus,Bonus,Bonus,Tile:0,Tile:6,Destroy,Tile:9,Tile:6,Tile:7,Map,Tile:0,Tile:11,Destroy,Map,Tile:7,Tile:10,Map,Tile:6,Tile:3-Tile:7,Tile:5,Destroy,Tile:7,Tile:10,Tile:0,Tile:7-Tile:8,Tile:14,Tile:5,Tile:9,Tile:8,Tile:0,Map-Tile:hidden1,Tile:nugget,Tile:hidden2
Tile:5_flip 6 5 1
Tile:8 6 4 0
Tile:7_flip 4 5 1
Map 12 5 0
Tile:13 6 3 1
Tile:5 5 3 0
Drop 2 0 1
Drop 6 0 0
Tile:0 7 4 1
Tile:8 8 4 0
Tile:6_flip 4 4 1
Tile:9_flip 9 4 0
Tile:7 8 3 1
Tile:9_flip 6 2 0
Tile:7_flip 3 4 1
Malus 0 0 0
Bonus 0 0 1
Tile:8 6 1 0
Tile:9 5 1 1
Tile:0 7 3 0
Tile:4 5 0 1
Tile:14 8 5 0
Destroy 6 2 1
Tile:8 5 4 0
Tile:6 5 2 1
Drop 4 0 0
Tile:2_flip 5 6 1
Map 12 5 0
Tile:9 9 3 1
Destroy 7 4 0
Tile:9_flip 10 3 1
Tile:0 4 6 0
Drop 6 0 1
Map 12 3 0
Tile:15 9 5 1
Tile:1 4 2 0
Tile:10 9 6 1
Tile:8 7 1 0
Tile:0 7 4 1
Tile:11_flip 6 2 0
Destroy 8 3 1
Tile:6 3 6 0
Tile:6_flip 10 2 1
Tile:10 3 3 0
Tile:3_flip 10 4 1
Drop 3 0 0
Tile:7 8 3 1
Drop 2 0 0
Tile:5 3 2 1
Tile:6_flip 6 6 0
Map 12 3 1
Malus 0 0 0
Drop 0 0 1
Drop 0 0 0
Bonus 0 0 1
GAMEOVER DRAW
# Game ended: Wed Apr 15 23:28:23 EDT 2020
