# Server version 0.08 running on DESKTOP-6KJFBSD:8123
# Game ID: 243
# Board class: Saboteur.SaboteurBoard
# Timeout: 20000
# First Move Timeout: 30000
# Date: Wed Apr 15 22:27:00 EDT 2020
# Player 1: Player-0, '260715909', running on DESKTOP-6KJFBSD
# Player 2: Player-1, 'RandomPlayer', running on DESKTOP-6KJFBSD
START Player-0 260715909
START Player-1 RandomPlayer
BoardInit:Tile:0,Tile:3,Tile:9,Tile:9,Bonus,Map,Bonus,Tile:8,Map,Map,Tile:7,Destroy,Tile:9,Malus,Tile:0,Tile:5,Tile:6,Tile:5,Map,Bonus,Tile:13,Malus,Destroy,Tile:8,Tile:5,Map,Tile:12,Tile:10,Tile:6,Tile:4,Tile:7,Tile:8,Tile:2,Tile:9,Tile:10,Tile:7,Tile:6,Tile:10,Tile:11,Tile:9,Bonus-Tile:7,Tile:1,Tile:0,Tile:8,Map,Tile:6,Tile:14-Tile:5,Tile:6,Tile:8,Tile:0,Destroy,Tile:7,Tile:15-Tile:hidden1,Tile:nugget,Tile:hidden2
Tile:6_flip 6 5 1
Tile:5 4 5 0
Drop 1 0 1
Tile:8 7 5 0
Tile:0 8 5 1
Tile:9_flip 7 6 0
Drop 6 0 1
Tile:6 7 7 0
Tile:8 5 6 1
Tile:7_flip 5 7 0
Tile:7_flip 4 6 1
Tile:8 6 6 0
Map 12 3 1
Map 12 5 0
Drop 1 0 1
Tile:0 8 7 0
Tile:9_flip 9 5 1
Map 12 7 0
Map 12 7 1
Malus 0 0 0
Drop 6 0 1
Tile:5_flip 9 7 0
Drop 3 0 1
Malus 0 0 0
Destroy 4 6 1
Tile:8 4 6 0
Drop 0 0 1
Tile:5 3 6 0
Drop 6 0 1
Tile:10 4 7 0
Drop 1 0 1
Map 12 3 0
Drop 4 0 1
Tile:8 4 8 0
Drop 0 0 1
Tile:9 4 9 0
Drop 3 0 1
Tile:7 5 8 0
Drop 6 0 1
Tile:10 9 6 0
Drop 2 0 1
Tile:9 4 10 0
Drop 5 0 1
Drop 0 0 0
Drop 4 0 1
Drop 0 0 0
Drop 3 0 1
Drop 0 0 0
Drop 2 0 1
Drop 0 0 0
Drop 0 0 1
Drop 0 0 0
Bonus 0 0 1
Drop 0 0 0
Drop 0 0 1
GAMEOVER DRAW
# Game ended: Wed Apr 15 22:27:03 EDT 2020
