# Server version 0.08 running on DESKTOP-6KJFBSD:8123
# Game ID: 293
# Board class: Saboteur.SaboteurBoard
# Timeout: 20000
# First Move Timeout: 30000
# Date: Wed Apr 15 22:58:40 EDT 2020
# Player 1: Player-0, '260715909', running on DESKTOP-6KJFBSD
# Player 2: Player-1, 'RandomPlayer', running on DESKTOP-6KJFBSD
START Player-0 260715909
START Player-1 RandomPlayer
BoardInit:Bonus,Tile:7,Tile:0,Tile:1,Tile:5,Tile:15,Tile:7,Bonus,Tile:10,Map,Tile:7,Tile:10,Destroy,Tile:9,Tile:7,Tile:9,Map,Map,Tile:0,Tile:13,Tile:5,Tile:9,Tile:0,Tile:6,Tile:14,Tile:9,Tile:7,Tile:6,Tile:8,Tile:0,Tile:8,Tile:8,Tile:2,Tile:5,Tile:8,Tile:8,Tile:6,Destroy,Tile:6,Destroy,Tile:11-Bonus,Map,Tile:3,Map,Tile:9,Tile:12,Map-Bonus,Tile:4,Malus,Tile:10,Tile:6,Malus,Tile:5-Tile:hidden2,Tile:nugget,Tile:hidden1
Drop 3 0 1
Malus 0 0 0
Bonus 0 0 1
Tile:6 6 5 0
Tile:3 7 5 1
Tile:10 6 4 0
Tile:9 6 3 1
Malus 0 0 0
Map 12 5 1
Tile:5_flip 7 3 0
Drop 1 0 1
Tile:7_flip 7 6 0
Bonus 0 0 1
Map 12 5 0
Tile:7 8 6 1
Tile:10 8 7 0
Destroy 8 6 1
Tile:9_flip 8 6 0
Drop 1 0 1
Map 12 7 0
Tile:7 5 4 1
Tile:9 8 5 0
Tile:5 8 4 1
Tile:9_flip 8 8 0
Tile:7_flip 4 5 1
Tile:6 9 4 0
Tile:5 4 4 1
Tile:9_flip 9 3 0
Tile:12_flip 7 8 1
Tile:6_flip 9 5 0
Tile:14 10 5 1
Drop 0 0 0
Drop 1 0 1
Tile:8 10 4 0
Tile:8 7 2 1
Tile:5 10 3 0
Tile:7 11 3 1
Tile:8 11 4 0
Tile:2 6 2 1
Tile:0 12 4 0
Drop 2 0 1
Drop 0 0 0
Tile:8 13 4 1
Drop 0 0 0
Tile:11 9 6 1
Drop 0 0 0
Tile:8 9 2 1
Drop 0 0 0
Tile:10 13 3 1
Drop 0 0 0
Tile:6_flip 7 1 1
Drop 0 0 0
Tile:6 13 5 1
Drop 0 0 0
Tile:0 8 2 1
GAMEOVER WINNER 1
# Game ended: Wed Apr 15 22:58:42 EDT 2020
