# Server version 0.08 running on DESKTOP-6KJFBSD:8123
# Game ID: 289
# Board class: Saboteur.SaboteurBoard
# Timeout: 20000
# First Move Timeout: 30000
# Date: Wed Apr 15 22:57:21 EDT 2020
# Player 1: Player-0, '260715909', running on DESKTOP-6KJFBSD
# Player 2: Player-1, '260715909', running on DESKTOP-6KJFBSD
START Player-0 260715909
START Player-1 260715909
BoardInit:Tile:6,Tile:7,Malus,Tile:1,Tile:5,Tile:0,Tile:9,Destroy,Tile:6,Tile:4,Tile:0,Bonus,Tile:14,Map,Tile:10,Tile:6,Tile:9,Map,Tile:2,Bonus,Tile:8,Tile:9,Tile:7,Map,Tile:9,Tile:10,Tile:6,Tile:7,Tile:13,Tile:3,Destroy,Tile:6,Map,Map,Tile:7,Tile:8,Map,Tile:5,Tile:8,Tile:0,Tile:8-Tile:10,Bonus,Tile:5,Destroy,Tile:12,Tile:15,Bonus-Tile:11,Tile:8,Tile:9,Tile:0,Tile:5,Tile:7,Malus-Tile:nugget,Tile:hidden1,Tile:hidden2
Tile:5_flip 6 5 1
Tile:7 6 4 0
Drop 0 0 1
Malus 0 0 0
Malus 0 0 1
Drop 0 0 0
Drop 0 0 1
Drop 0 0 0
Drop 0 0 1
Drop 0 0 0
Drop 0 0 1
Drop 0 0 0
Drop 0 0 1
Drop 0 0 0
Drop 0 0 1
Map 12 3 0
Drop 0 0 1
Drop 0 0 0
Drop 0 0 1
Map 12 3 0
Drop 0 0 1
Drop 0 0 0
Drop 0 0 1
Drop 0 0 0
Drop 0 0 1
Map 12 3 0
Drop 0 0 1
Drop 0 0 0
Drop 0 0 1
Drop 0 0 0
Drop 0 0 1
Drop 0 0 0
Drop 0 0 1
Drop 0 0 0
Map 12 3 1
Map 12 3 0
Drop 0 0 1
Drop 0 0 0
Map 12 3 1
Drop 0 0 0
Drop 0 0 1
Drop 0 0 0
Drop 0 0 1
Drop 0 0 0
Drop 0 0 1
Drop 0 0 0
Drop 0 0 1
Drop 0 0 0
Drop 0 0 1
Drop 0 0 0
Drop 0 0 1
Drop 0 0 0
Drop 0 0 1
Drop 0 0 0
Drop 0 0 1
GAMEOVER DRAW
# Game ended: Wed Apr 15 22:57:23 EDT 2020
