# Server version 0.08 running on DESKTOP-6KJFBSD:8123
# Game ID: 220
# Board class: Saboteur.SaboteurBoard
# Timeout: 20000
# First Move Timeout: 30000
# Date: Wed Apr 15 20:57:49 EDT 2020
# Player 1: Player-0, '260715909', running on DESKTOP-6KJFBSD
# Player 2: Player-1, 'RandomPlayer', running on DESKTOP-6KJFBSD
START Player-0 260715909
START Player-1 RandomPlayer
BoardInit:Destroy,Tile:14,Tile:10,Tile:9,Tile:15,Tile:7,Tile:7,Tile:9,Tile:6,Map,Tile:5,Tile:7,Tile:6,Tile:8,Tile:5,Tile:5,Tile:9,Map,Tile:9,Tile:6,Tile:0,Tile:8,Tile:0,Map,Tile:9,Map,Tile:2,Tile:3,Tile:6,Tile:12,Tile:13,Bonus,Malus,Tile:7,Tile:4,Tile:7,Tile:0,Tile:11,Destroy,Tile:10,Bonus-Tile:0,Tile:8,Tile:5,Tile:8,Tile:10,Tile:1,Bonus-Map,Destroy,Tile:6,Map,Malus,Tile:8,Bonus-Tile:hidden2,Tile:nugget,Tile:hidden1
Drop 2 0 1
Tile:8 6 5 0
Drop 1 0 1
Map 12 3 0
Tile:8 7 5 1
Tile:6 5 6 0
Tile:10 7 4 1
Malus 0 0 0
Drop 6 0 1
Tile:9_flip 8 5 0
Drop 3 0 1
Tile:14 7 6 0
Bonus 0 0 1
Destroy 7 4 0
Tile:15 8 6 1
Tile:7 8 4 0
Tile:6_flip 5 4 1
Tile:5 7 4 0
Tile:10 8 7 1
Tile:8 6 6 0
Tile:6_flip 4 6 1
Tile:7 6 4 0
Tile:1 4 5 1
Map 12 3 0
Tile:0 3 6 1
Tile:9 4 7 0
Tile:9 4 8 1
Map 12 3 0
Tile:9_flip 5 8 1
Map 12 5 0
Tile:9_flip 5 9 1
Tile:3_flip 2 6 0
Tile:2_flip 5 10 1
Tile:8 4 9 0
Drop 5 0 1
Map 12 7 0
Drop 3 0 1
Tile:6_flip 5 7 0
Tile:6 6 7 1
Tile:7_flip 8 8 0
Drop 2 0 1
Tile:11 4 10 0
Tile:4 2 5 1
Map 12 3 0
Destroy 4 5 1
Tile:7 7 7 0
Tile:5_flip 7 8 1
Tile:12 6 10 0
Drop 1 0 1
Tile:10 4 11 0
Drop 0 0 1
Drop 0 0 0
Drop 1 0 1
Drop 0 0 0
Tile:0 4 4 1
GAMEOVER DRAW
# Game ended: Wed Apr 15 20:57:53 EDT 2020
