# Server version 0.08 running on DESKTOP-6KJFBSD:8123
# Game ID: 344
# Board class: Saboteur.SaboteurBoard
# Timeout: 20000
# First Move Timeout: 30000
# Date: Wed Apr 15 23:32:36 EDT 2020
# Player 1: Player-0, '260715909', running on DESKTOP-6KJFBSD
# Player 2: Player-1, 'RandomPlayer', running on DESKTOP-6KJFBSD
START Player-0 260715909
START Player-1 RandomPlayer
BoardInit:Tile:9,Tile:6,Tile:1,Tile:7,Tile:12,Map,Bonus,Tile:0,Tile:7,Map,Tile:4,Tile:5,Tile:3,Tile:0,Tile:6,Tile:7,Bonus,Tile:9,Tile:10,Destroy,Tile:8,Tile:9,Tile:8,Tile:2,Map,Destroy,Destroy,Malus,Map,Tile:10,Tile:6,Map,Tile:8,Map,Tile:0,Tile:0,Tile:6,Tile:10,Tile:5,Tile:14,Tile:5-Tile:15,Tile:5,Tile:6,Tile:9,Tile:7,Tile:13,Bonus-Tile:9,Bonus,Tile:8,Tile:7,Tile:11,Malus,Tile:8-Tile:hidden1,Tile:nugget,Tile:hidden2
Tile:7 6 5 1
Tile:9 6 6 0
Tile:15 5 6 1
Tile:8 6 7 0
Tile:9 5 4 1
Tile:7 7 6 0
Drop 6 0 1
Map 12 3 0
Tile:13 5 7 1
Tile:6 7 7 0
Tile:7_flip 6 8 1
Malus 0 0 0
Drop 3 0 1
Tile:5_flip 6 4 0
Drop 2 0 1
Tile:8 6 3 0
Drop 1 0 1
Map 12 7 0
Drop 2 0 1
Tile:7 7 3 0
Drop 2 0 1
Tile:0 8 7 0
Drop 3 0 1
Tile:0 9 7 0
Drop 5 0 1
Tile:7_flip 7 4 0
Map 12 5 1
Tile:9_flip 10 7 0
Destroy 6 6 1
Tile:9 6 6 0
Drop 3 0 1
Malus 0 0 0
Map 12 3 1
Tile:10 10 6 0
Drop 3 0 1
Map 12 7 0
Drop 3 0 1
Map 12 3 0
Drop 6 0 1
Tile:0 8 4 0
Drop 2 0 1
Tile:10 10 5 0
Drop 0 0 1
Drop 0 0 0
Drop 4 0 1
Drop 0 0 0
Drop 2 0 1
Drop 0 0 0
Drop 0 0 1
Drop 0 0 0
Drop 0 0 1
Drop 0 0 0
Drop 1 0 1
Drop 0 0 0
Drop 0 0 1
GAMEOVER DRAW
# Game ended: Wed Apr 15 23:32:39 EDT 2020
