# Server version 0.08 running on DESKTOP-6KJFBSD:8123
# Game ID: 335
# Board class: Saboteur.SaboteurBoard
# Timeout: 20000
# First Move Timeout: 30000
# Date: Wed Apr 15 23:30:49 EDT 2020
# Player 1: Player-0, '260715909', running on DESKTOP-6KJFBSD
# Player 2: Player-1, 'RandomPlayer', running on DESKTOP-6KJFBSD
START Player-0 260715909
START Player-1 RandomPlayer
BoardInit:Malus,Tile:0,Tile:6,Map,Map,Tile:6,Tile:9,Tile:13,Tile:10,Tile:0,Tile:6,Tile:7,Tile:9,Tile:14,Tile:12,Tile:8,Tile:8,Tile:5,Tile:3,Tile:8,Destroy,Tile:9,Tile:6,Map,Tile:5,Tile:9,Bonus,Tile:7,Tile:0,Tile:8,Tile:6,Tile:0,Destroy,Bonus,Tile:7,Bonus,Tile:4,Map,Bonus,Tile:8,Malus-Tile:10,Tile:5,Map,Tile:7,Tile:1,Tile:5,Tile:15-Tile:9,Tile:7,Map,Destroy,Tile:11,Tile:2,Tile:10-Tile:hidden2,Tile:hidden1,Tile:nugget
Drop 3 0 1
Tile:9_flip 6 5 0
Tile:10 5 4 1
Tile:7_flip 6 6 0
Tile:6_flip 7 6 1
Map 12 5 0
Drop 4 0 1
Tile:6 7 7 0
Tile:9 6 4 1
Tile:0 6 7 0
Drop 0 0 1
Tile:10 6 3 0
Map 12 5 1
Tile:0 8 6 0
Tile:5_flip 9 6 1
Map 12 3 0
Map 12 7 1
Tile:7 7 4 0
Tile:6_flip 6 2 1
Tile:8 9 5 0
Tile:3_flip 5 7 1
Tile:5 9 4 0
Tile:8 10 5 1
Tile:9_flip 10 4 0
Tile:12_flip 4 5 1
Tile:8 11 5 0
Tile:10 10 6 1
Map 12 3 0
Destroy 10 5 1
Tile:7_flip 8 5 0
Drop 3 0 1
Tile:8 12 6 0
Tile:9 12 4 1
Tile:9 10 3 0
Tile:0 11 3 1
GAMEOVER WINNER 1
# Game ended: Wed Apr 15 23:30:52 EDT 2020
