# Server version 0.08 running on DESKTOP-6KJFBSD:8123
# Game ID: 133
# Board class: Saboteur.SaboteurBoard
# Timeout: 20000
# First Move Timeout: 30000
# Date: Wed Apr 15 12:20:47 EDT 2020
# Player 1: Player-0, '260715909', running on DESKTOP-6KJFBSD
# Player 2: Player-1, 'RandomPlayer', running on DESKTOP-6KJFBSD
START Player-0 260715909
START Player-1 RandomPlayer
BoardInit:Tile:11,Tile:0,Bonus,Map,Tile:6,Tile:7,Tile:3,Tile:7,Tile:6,Tile:8,Tile:9,Tile:4,Tile:6,Tile:5,Tile:14,Map,Tile:15,Tile:9,Destroy,Tile:9,Tile:0,Malus,Tile:7,Tile:2,Tile:0,Tile:0,Tile:5,Tile:5,Tile:9,Bonus,Tile:13,Map,Tile:7,Map,Destroy,Tile:8,Tile:9,Tile:10,Tile:6,Tile:8,Tile:8-Tile:10,Tile:1,Tile:12,Tile:8,Destroy,Map,Bonus-Bonus,Map,Malus,Tile:5,Tile:6,Tile:10,Tile:7-Tile:hidden2,Tile:hidden1,Tile:nugget
Tile:10 5 4 1
Tile:5_flip 6 5 0
Drop 1 0 1
Tile:6 5 6 0
Destroy 5 4 1
Tile:7 6 6 0
Tile:6 4 5 1
Tile:10 6 7 0
Drop 0 0 1
Drop 0 0 0
Tile:11_flip 5 4 1
Tile:0 4 6 0
Tile:6 3 5 1
Drop 6 0 0
Tile:6_flip 4 4 1
Drop 3 0 0
Tile:3 5 3 1
Drop 0 0 0
Tile:14_flip 3 6 1
Tile:7_flip 4 3 0
Tile:9 2 5 1
Tile:9 6 4 0
Destroy 4 4 1
Tile:9 3 7 0
Drop 0 0 1
Drop 2 0 0
Tile:0 4 7 1
Map 12 7 0
Tile:7_flip 3 8 1
Tile:5 4 4 0
Tile:9_flip 3 4 1
Tile:2 7 4 0
Tile:5_flip 2 6 1
Map 12 3 0
Drop 0 0 1
Map 12 5 0
Tile:7 4 8 1
Tile:5 1 6 0
Tile:15 6 8 1
Tile:10 6 9 0
Tile:9_flip 3 3 1
Tile:8 4 2 0
Tile:6_flip 3 2 1
Map 12 3 0
Destroy 4 4 1
Drop 3 0 0
Tile:13 2 4 1
Tile:0 1 4 0
Tile:8 2 2 1
Malus 0 0 0
Drop 0 0 1
Drop 0 0 0
Bonus 0 0 1
Tile:8 2 3 0
Tile:0 1 2 1
GAMEOVER DRAW
# Game ended: Wed Apr 15 12:21:09 EDT 2020
