# Server version 0.08 running on DESKTOP-6KJFBSD:8123
# Game ID: 300
# Board class: Saboteur.SaboteurBoard
# Timeout: 20000
# First Move Timeout: 30000
# Date: Wed Apr 15 23:00:26 EDT 2020
# Player 1: Player-0, '260715909', running on DESKTOP-6KJFBSD
# Player 2: Player-1, 'RandomPlayer', running on DESKTOP-6KJFBSD
START Player-0 260715909
START Player-1 RandomPlayer
BoardInit:Tile:6,Tile:11,Tile:6,Tile:6,Destroy,Tile:8,Map,Malus,Map,Tile:8,Tile:9,Tile:10,Tile:8,Tile:0,Tile:6,Tile:5,Bonus,Tile:5,Tile:0,Tile:8,Tile:12,Tile:0,Tile:7,Tile:8,Tile:3,Bonus,Tile:9,Map,Tile:9,Tile:1,Map,Tile:4,Tile:14,Destroy,Tile:5,Bonus,Map,Bonus,Tile:7,Tile:15,Tile:7-Tile:9,Tile:2,Tile:10,Tile:13,Destroy,Tile:0,Malus-Tile:9,Tile:7,Tile:6,Tile:10,Tile:5,Tile:7,Map-Tile:hidden1,Tile:nugget,Tile:hidden2
Drop 3 0 1
Map 12 5 0
Tile:9 5 4 1
Tile:5_flip 6 4 0
Tile:6_flip 6 5 1
Tile:9_flip 6 6 0
Tile:2_flip 6 7 1
Tile:7 7 7 0
Tile:0 5 7 1
Tile:6_flip 7 5 0
Destroy 5 4 1
Tile:8 6 3 0
Tile:9 6 2 1
Tile:10 7 8 0
Malus 0 0 1
Malus 0 0 0
Map 12 5 1
Drop 0 0 0
Map 12 3 1
Drop 0 0 0
Destroy 6 7 1
Drop 0 0 0
Drop 3 0 1
Drop 0 0 0
Drop 5 0 1
Drop 0 0 0
Drop 0 0 1
Drop 0 0 0
Drop 6 0 1
Map 12 3 0
Drop 1 0 1
Drop 0 0 0
Map 12 7 1
Drop 0 0 0
Drop 0 0 1
Drop 0 0 0
Drop 4 0 1
Drop 0 0 0
Map 12 5 1
Drop 0 0 0
Drop 4 0 1
Drop 0 0 0
Drop 5 0 1
Drop 0 0 0
Drop 4 0 1
Drop 0 0 0
Drop 3 0 1
Drop 0 0 0
Drop 2 0 1
Drop 0 0 0
Drop 0 0 1
Drop 0 0 0
Drop 1 0 1
Drop 0 0 0
Drop 0 0 1
GAMEOVER DRAW
# Game ended: Wed Apr 15 23:00:28 EDT 2020
