# Server version 0.08 running on DESKTOP-6KJFBSD:8123
# Game ID: 192
# Board class: Saboteur.SaboteurBoard
# Timeout: 20000
# First Move Timeout: 30000
# Date: Wed Apr 15 19:37:17 EDT 2020
# Player 1: Player-0, '260715909', running on DESKTOP-6KJFBSD
# Player 2: Player-1, 'RandomPlayer', running on DESKTOP-6KJFBSD
START Player-0 260715909
START Player-1 RandomPlayer
BoardInit:Tile:15,Bonus,Map,Tile:0,Tile:6,Map,Tile:7,Tile:0,Tile:9,Tile:8,Destroy,Tile:0,Tile:13,Tile:7,Tile:10,Tile:5,Bonus,Tile:12,Map,Bonus,Tile:14,Tile:8,Tile:1,Bonus,Tile:5,Tile:10,Tile:6,Tile:0,Tile:3,Tile:9,Tile:11,Malus,Tile:9,Tile:8,Tile:9,Tile:7,Tile:4,Map,Tile:6,Tile:10,Tile:5-Tile:8,Tile:9,Tile:7,Destroy,Tile:2,Tile:7,Map-Tile:6,Destroy,Map,Tile:8,Tile:6,Malus,Tile:5-Tile:hidden2,Tile:hidden1,Tile:nugget
Tile:7_flip 5 6 1
Drop 5 0 0
Tile:2 5 4 1
Drop 6 0 0
Tile:9 4 4 1
Drop 6 0 0
Drop 4 0 1
Drop 6 0 0
Map 12 5 1
Drop 6 0 0
Tile:7 6 5 1
Drop 6 0 0
Map 12 7 1
Drop 6 0 0
Tile:6 6 4 1
Drop 6 0 0
Tile:8 7 4 1
Drop 6 0 0
Destroy 5 6 1
Drop 6 0 0
Tile:13 5 6 1
Drop 6 0 0
Tile:9 4 6 1
Drop 6 0 0
Tile:7_flip 7 5 1
Drop 6 0 0
Tile:10 7 3 1
Drop 6 0 0
Drop 6 0 1
Drop 6 0 0
Tile:14 6 6 1
Drop 6 0 0
Tile:3 8 5 1
Drop 6 0 0
Tile:11_flip 6 3 1
Drop 6 0 0
Tile:9 5 7 1
Drop 6 0 0
Tile:4_flip 4 7 1
Drop 6 0 0
Tile:9_flip 7 2 1
Drop 6 0 0
Destroy 6 5 1
Drop 5 0 0
Map 12 7 1
Drop 4 0 0
Tile:1 8 4 1
Drop 3 0 0
Tile:6 5 8 1
Drop 2 0 0
Tile:5 6 2 1
Drop 1 0 0
Tile:5_flip 8 6 1
Drop 0 0 0
Drop 0 0 1
GAMEOVER DRAW
# Game ended: Wed Apr 15 19:37:22 EDT 2020
