# Server version 0.08 running on DESKTOP-6KJFBSD:8123
# Game ID: 255
# Board class: Saboteur.SaboteurBoard
# Timeout: 20000
# First Move Timeout: 30000
# Date: Wed Apr 15 22:39:42 EDT 2020
# Player 1: Player-0, '260715909', running on DESKTOP-6KJFBSD
# Player 2: Player-1, 'RandomPlayer', running on DESKTOP-6KJFBSD
START Player-0 260715909
START Player-1 RandomPlayer
BoardInit:Tile:9,Tile:9,Tile:5,Tile:8,Tile:15,Tile:8,Malus,Tile:10,Tile:10,Tile:12,Bonus,Tile:5,Tile:7,Tile:8,Tile:0,Tile:6,Tile:0,Tile:8,Map,Tile:5,Tile:0,Tile:7,Map,Tile:8,Tile:13,Destroy,Tile:7,Tile:10,Destroy,Tile:2,Tile:9,Map,Tile:4,Map,Tile:7,Tile:11,Tile:1,Tile:5,Bonus,Tile:9,Bonus-Tile:6,Bonus,Tile:9,Tile:14,Malus,Destroy,Tile:6-Tile:6,Tile:7,Map,Tile:6,Tile:3,Map,Tile:0-Tile:hidden2,Tile:hidden1,Tile:nugget
Tile:9_flip 5 6 1
Tile:6 6 5 0
Tile:6 5 7 1
Map 12 3 0
Malus 0 0 1
Map 12 7 0
Tile:5 4 6 1
Drop 0 0 0
Tile:6 6 7 1
Drop 0 0 0
Tile:14_flip 6 6 1
Drop 0 0 0
Destroy 6 7 1
Drop 0 0 0
Tile:7_flip 4 7 1
Drop 0 0 0
Tile:15 5 4 1
Drop 0 0 0
Tile:0 4 5 1
Drop 0 0 0
Map 12 3 1
Drop 0 0 0
Drop 1 0 1
Drop 0 0 0
Drop 4 0 1
Drop 0 0 0
Malus 0 0 1
Drop 0 0 0
Tile:13 6 7 1
Drop 0 0 0
Destroy 4 6 1
Drop 0 0 0
Tile:9_flip 7 7 1
Map 12 3 0
Map 12 3 1
Map 12 3 0
Tile:4 5 3 1
Drop 0 0 0
Tile:10 6 4 1
Drop 0 0 0
Drop 6 0 1
Drop 0 0 0
Tile:7 7 5 1
Drop 0 0 0
Drop 4 0 1
Drop 0 0 0
Drop 0 0 1
Drop 0 0 0
Tile:0 3 5 1
Drop 0 0 0
Tile:7_flip 2 5 1
Drop 0 0 0
Drop 1 0 1
Drop 0 0 0
Drop 0 0 1
GAMEOVER DRAW
# Game ended: Wed Apr 15 22:39:44 EDT 2020
