# Server version 0.08 running on DESKTOP-6KJFBSD:8123
# Game ID: 77
# Board class: Saboteur.SaboteurBoard
# Timeout: 20000
# First Move Timeout: 30000
# Date: Sun Apr 12 10:39:45 EDT 2020
# Player 1: Player-0, '260715909', running on DESKTOP-6KJFBSD
# Player 2: Player-1, 'RandomPlayer', running on DESKTOP-6KJFBSD
START Player-0 260715909
START Player-1 RandomPlayer
BoardInit:Tile:3,Tile:6,Tile:7,Tile:2,Map,Tile:9,Tile:9,Tile:11,Tile:14,Tile:13,Tile:0,Tile:12,Tile:10,Map,Destroy,Tile:15,Tile:0,Tile:1,Tile:7,Destroy,Tile:4,Tile:10,Tile:7,Tile:5,Malus,Bonus,Tile:5,Bonus,Destroy,Tile:8,Map,Tile:9,Tile:6,Tile:6,Map,Map,Tile:8,Bonus,Tile:8,Bonus,Malus-Tile:6,Map,Tile:8,Tile:7,Tile:5,Tile:7,Tile:9-Tile:8,Tile:5,Tile:6,Tile:10,Tile:0,Tile:0,Tile:9-Tile:hidden1,Tile:hidden2,Tile:nugget
Tile:9 5 6 1
Tile:0 6 5 0
Drop 5 0 1
Tile:8 4 5 0
Tile:6_flip 6 6 1
Tile:10 4 4 0
Tile:7 7 6 1
Tile:9_flip 4 6 0
Tile:5 4 3 1
Tile:6 5 3 0
Drop 4 0 1
Drop 1 0 0
Tile:9_flip 5 7 1
Tile:2_flip 7 5 0
Tile:14_flip 7 4 1
Tile:6_flip 5 2 0
Tile:8 3 6 1
Tile:13 6 3 0
Tile:7_flip 2 6 1
Tile:11_flip 6 2 0
Tile:3 8 5 1
Tile:9_flip 2 5 0
Tile:0 7 3 1
Destroy 4 4 0
Destroy 2 6 1
Tile:1 8 4 0
Tile:0 4 2 1
Drop 3 0 0
Tile:5 1 5 1
Tile:5_flip 7 7 0
Malus 0 0 1
Map 12 3 0
Destroy 6 3 1
Drop 6 0 0
Tile:4_flip 5 8 1
Drop 4 0 0
Tile:10 1 6 1
Map 12 7 0
Tile:7 5 4 1
Bonus 0 0 0
Drop 1 0 1
Tile:8 6 3 0
Tile:6 4 7 1
Tile:12 8 3 0
Tile:8 3 2 1
Tile:6_flip 2 2 0
Tile:8 3 1 1
Tile:5 3 5 0
Map 12 7 1
Tile:10 8 6 0
Map 12 7 1
Drop 0 0 0
Malus 0 0 1
Drop 0 0 0
Map 12 5 1
GAMEOVER DRAW
# Game ended: Sun Apr 12 10:39:50 EDT 2020
