# Server version 0.08 running on DESKTOP-6KJFBSD:8123
# Game ID: 231
# Board class: Saboteur.SaboteurBoard
# Timeout: 20000
# First Move Timeout: 30000
# Date: Wed Apr 15 21:10:53 EDT 2020
# Player 1: Player-0, '260715909', running on DESKTOP-6KJFBSD
# Player 2: Player-1, 'RandomPlayer', running on DESKTOP-6KJFBSD
START Player-0 260715909
START Player-1 RandomPlayer
BoardInit:Tile:7,Tile:0,Malus,Tile:0,Tile:6,Tile:8,Destroy,Tile:8,Tile:15,Map,Bonus,Tile:10,Tile:9,Tile:0,Tile:4,Tile:5,Tile:3,Bonus,Tile:8,Tile:6,Tile:7,Bonus,Tile:0,Tile:6,Tile:6,Tile:11,Tile:9,Tile:8,Tile:5,Map,Tile:9,Tile:6,Destroy,Tile:13,Tile:9,Map,Tile:7,Tile:10,Tile:14,Map,Destroy-Tile:5,Malus,Tile:2,Tile:12,Tile:8,Map,Tile:10-Tile:5,Tile:1,Tile:7,Tile:7,Tile:9,Map,Bonus-Tile:nugget,Tile:hidden1,Tile:hidden2
Tile:5 4 5 1
Tile:7_flip 5 6 0
Tile:7 6 5 1
Tile:9_flip 6 6 0
Drop 2 0 1
Map 12 7 0
Drop 2 0 1
Tile:5_flip 4 6 0
Drop 0 0 1
Tile:7_flip 6 7 0
Tile:15 5 4 1
Tile:8 7 7 0
Map 12 5 1
Map 12 3 0
Tile:9_flip 8 7 1
Tile:10 5 3 0
Destroy 6 7 1
Tile:1 3 6 0
Tile:6 6 7 1
Tile:0 2 6 0
Tile:2 1 6 1
Tile:5 7 6 0
Tile:3 8 6 1
Tile:0 0 6 0
Tile:7_flip 7 8 1
Tile:6 8 8 0
Tile:6_flip 9 8 1
Tile:0 5 7 0
Tile:9_flip 9 9 1
Tile:11_flip 10 8 0
Tile:5 8 9 1
Map 12 5 0
Tile:10 5 2 1
Tile:8 10 7 0
Destroy 3 6 1
Tile:6 1 7 0
Tile:9_flip 9 10 1
Tile:6_flip 5 1 0
Tile:9 8 10 1
Tile:13 6 1 0
Drop 0 0 1
Tile:8 3 6 0
Tile:14_flip 0 7 1
Map 12 3 0
Tile:7_flip 6 2 1
Map 12 3 0
Destroy 0 6 1
Tile:10 10 9 0
Tile:4_flip 10 10 1
Drop 0 0 0
Tile:0 0 6 1
Drop 0 0 0
Tile:8 6 0 1
Drop 0 0 0
Drop 0 0 1
GAMEOVER DRAW
# Game ended: Wed Apr 15 21:10:57 EDT 2020
