# Server version 0.08 running on DESKTOP-6KJFBSD:8123
# Game ID: 233
# Board class: Saboteur.SaboteurBoard
# Timeout: 20000
# First Move Timeout: 30000
# Date: Wed Apr 15 21:11:15 EDT 2020
# Player 1: Player-0, '260715909', running on DESKTOP-6KJFBSD
# Player 2: Player-1, 'RandomPlayer', running on DESKTOP-6KJFBSD
START Player-0 260715909
START Player-1 RandomPlayer
BoardInit:Tile:11,Tile:6,Tile:8,Tile:1,Tile:6,Tile:9,Tile:5,Map,Map,Tile:5,Tile:10,Tile:7,Bonus,Destroy,Malus,Bonus,Map,Map,Destroy,Tile:5,Tile:8,Tile:7,Map,Tile:6,Tile:0,Tile:8,Tile:6,Tile:14,Tile:5,Bonus,Tile:10,Tile:8,Tile:12,Tile:4,Tile:9,Map,Tile:7,Bonus,Tile:9,Tile:3,Tile:9-Tile:13,Tile:0,Tile:10,Tile:15,Tile:0,Destroy,Malus-Tile:0,Tile:7,Tile:6,Tile:9,Tile:2,Tile:7,Tile:8-Tile:hidden1,Tile:hidden2,Tile:nugget
Tile:13 5 4 1
Tile:0 4 5 0
Tile:11 3 5 1
Tile:9 3 6 0
Tile:0 4 4 1
Tile:8 5 6 0
Destroy 3 6 1
Tile:2 3 4 0
Tile:6 6 4 1
Tile:7 7 4 0
Tile:0 4 6 1
Tile:6_flip 6 6 0
Drop 0 0 1
Tile:6 7 6 0
Drop 2 0 1
Tile:7 6 3 0
Tile:5 5 3 1
Tile:9_flip 6 7 0
Malus 0 0 1
Destroy 4 5 0
Destroy 6 4 1
Bonus 0 0 0
Tile:8 6 4 1
Map 12 3 0
Drop 2 0 1
Tile:6 6 5 0
Tile:0 8 6 1
Tile:5_flip 9 6 0
Drop 2 0 1
Tile:7_flip 5 7 0
Tile:15 6 8 1
Tile:8 7 5 0
Tile:5_flip 8 5 1
Tile:1 4 5 0
Drop 3 0 1
Tile:4 9 5 0
Map 12 5 1
Tile:5 2 4 0
Tile:7_flip 3 6 1
Tile:14 6 9 0
Drop 2 0 1
Tile:3_flip 5 9 0
Tile:9_flip 2 5 1
Map 12 3 0
Tile:9_flip 2 6 1
Map 12 5 0
Map 12 5 1
Tile:8 1 6 0
Drop 3 0 1
Tile:7 5 8 0
Tile:10 2 7 1
Drop 0 0 0
Malus 0 0 1
Bonus 0 0 0
Drop 0 0 1
GAMEOVER DRAW
# Game ended: Wed Apr 15 21:11:20 EDT 2020
