# Server version 0.08 running on DESKTOP-6KJFBSD:8123
# Game ID: 236
# Board class: Saboteur.SaboteurBoard
# Timeout: 20000
# First Move Timeout: 30000
# Date: Wed Apr 15 22:07:48 EDT 2020
# Player 1: Player-0, '260715909', running on DESKTOP-6KJFBSD
# Player 2: Player-1, 'RandomPlayer', running on DESKTOP-6KJFBSD
START Player-0 260715909
START Player-1 RandomPlayer
BoardInit:Bonus,Tile:9,Map,Tile:7,Tile:8,Tile:8,Tile:15,Tile:10,Bonus,Tile:9,Tile:12,Map,Tile:8,Tile:7,Tile:9,Map,Tile:9,Tile:6,Tile:0,Tile:3,Tile:6,Tile:7,Tile:6,Malus,Tile:5,Tile:0,Tile:5,Map,Bonus,Destroy,Tile:9,Tile:10,Tile:0,Tile:7,Bonus,Tile:4,Tile:11,Tile:2,Tile:1,Tile:8,Tile:6-Tile:7,Tile:13,Tile:14,Tile:5,Tile:6,Destroy,Tile:8-Tile:0,Destroy,Map,Map,Malus,Tile:10,Tile:5-Tile:nugget,Tile:hidden1,Tile:hidden2
Tile:6_flip 5 4 1
Tile:0 4 5 0
Tile:5_flip 6 5 1
Map 12 5 0
Tile:13 5 6 1
Tile:5 4 6 0
Tile:8 6 4 1
Tile:7 6 6 0
Tile:8 7 4 1
Tile:9 5 7 0
Tile:14_flip 6 3 1
Map 12 3 0
Destroy 5 7 1
Malus 0 0 0
Bonus 0 0 1
Tile:7_flip 7 5 0
Tile:7_flip 3 5 1
Tile:9_flip 8 5 0
Tile:9_flip 5 7 1
Tile:10 5 8 0
Tile:9_flip 8 4 1
Tile:10 6 7 0
Tile:12_flip 4 4 1
Map 12 3 0
Tile:6_flip 7 3 1
Tile:8 8 6 0
Tile:8 4 7 1
Map 12 3 0
Tile:15 3 4 1
Tile:6 3 7 0
Drop 3 0 1
Map 12 5 0
Tile:9 2 7 1
Tile:7 2 6 0
Tile:5_flip 4 8 1
Tile:0 3 8 0
Tile:0 1 6 1
Malus 0 0 0
Bonus 0 0 1
Tile:10 6 8 0
Tile:5_flip 9 6 1
Tile:8 2 8 0
Tile:11 6 9 1
Tile:7 7 9 0
Tile:6 6 10 1
Drop 0 0 0
Tile:1 0 6 1
Drop 0 0 0
Drop 3 0 1
Drop 0 0 0
Tile:0 1 8 1
Drop 0 0 0
Map 12 3 1
Drop 0 0 0
Drop 0 0 1
GAMEOVER DRAW
# Game ended: Wed Apr 15 22:07:55 EDT 2020
