# Server version 0.08 running on DESKTOP-6KJFBSD:8123
# Game ID: 234
# Board class: Saboteur.SaboteurBoard
# Timeout: 20000
# First Move Timeout: 30000
# Date: Wed Apr 15 21:11:26 EDT 2020
# Player 1: Player-0, '260715909', running on DESKTOP-6KJFBSD
# Player 2: Player-1, 'RandomPlayer', running on DESKTOP-6KJFBSD
START Player-0 260715909
START Player-1 RandomPlayer
BoardInit:Tile:8,Map,Tile:3,Bonus,Tile:8,Destroy,Tile:0,Tile:6,Map,Destroy,Tile:6,Tile:6,Bonus,Tile:10,Map,Tile:8,Map,Tile:6,Bonus,Tile:5,Tile:12,Tile:0,Tile:7,Tile:9,Malus,Tile:9,Tile:13,Map,Tile:9,Tile:10,Tile:6,Map,Tile:5,Tile:7,Destroy,Tile:14,Malus,Tile:8,Tile:10,Tile:7,Tile:7-Tile:0,Tile:4,Tile:0,Tile:7,Tile:9,Tile:5,Tile:11-Tile:8,Tile:2,Tile:1,Tile:9,Bonus,Tile:5,Tile:15-Tile:nugget,Tile:hidden2,Tile:hidden1
Tile:5_flip 6 5 1
Tile:15 6 4 0
Tile:9_flip 5 6 1
Tile:8 4 5 0
Tile:0 3 5 1
Tile:2 2 5 0
Tile:3_flip 2 6 1
Destroy 2 6 0
Tile:7_flip 2 6 1
Tile:9 5 7 0
Tile:8 5 8 1
Tile:1 1 5 0
Tile:0 6 7 1
Tile:5 0 5 0
Tile:6 7 7 1
Tile:6 8 7 0
Tile:0 3 6 1
Destroy 5 7 0
Tile:4 5 4 1
Tile:6_flip 6 3 0
Drop 4 0 1
Tile:8 5 7 0
Tile:12 9 7 1
Tile:10 4 4 0
Drop 2 0 1
Tile:0 6 8 0
Tile:11 8 6 1
Tile:9 4 8 0
Tile:7_flip 4 9 1
Tile:6_flip 4 7 0
Tile:9_flip 7 6 1
Tile:5_flip 5 9 0
Tile:13 0 6 1
Tile:9 0 7 0
Tile:6_flip 7 3 1
Map 12 3 0
Destroy 7 7 1
Map 12 3 0
Tile:5_flip 9 6 1
Tile:10 4 3 0
Tile:8 9 5 1
Tile:7_flip 5 3 0
Tile:7_flip 7 4 1
Tile:8 7 7 0
Drop 4 0 1
Tile:7 1 6 0
Tile:10 0 8 1
Map 12 3 0
Map 12 3 1
Tile:14_flip 3 7 0
Drop 0 0 1
Drop 0 0 0
Malus 0 0 1
Bonus 0 0 0
Drop 0 0 1
GAMEOVER DRAW
# Game ended: Wed Apr 15 21:11:33 EDT 2020
