# Server version 0.08 running on DESKTOP-6KJFBSD:8123
# Game ID: 329
# Board class: Saboteur.SaboteurBoard
# Timeout: 20000
# First Move Timeout: 30000
# Date: Wed Apr 15 23:29:43 EDT 2020
# Player 1: Player-0, '260715909', running on DESKTOP-6KJFBSD
# Player 2: Player-1, 'RandomPlayer', running on DESKTOP-6KJFBSD
START Player-0 260715909
START Player-1 RandomPlayer
BoardInit:Tile:0,Malus,Bonus,Tile:7,Malus,Destroy,Map,Tile:15,Tile:6,Tile:7,Tile:12,Tile:6,Tile:5,Tile:8,Tile:8,Bonus,Tile:11,Tile:6,Destroy,Tile:10,Tile:0,Tile:1,Tile:2,Tile:6,Bonus,Tile:14,Tile:10,Bonus,Map,Tile:13,Tile:9,Tile:7,Tile:0,Tile:0,Tile:4,Tile:8,Tile:9,Tile:9,Map,Tile:9,Tile:5-Destroy,Tile:9,Tile:5,Tile:3,Tile:6,Tile:10,Tile:7-Tile:8,Map,Map,Map,Tile:7,Tile:5,Tile:8-Tile:nugget,Tile:hidden1,Tile:hidden2
Tile:6_flip 4 5 1
Tile:7 6 5 0
Tile:3_flip 3 5 1
Tile:8 6 6 0
Tile:10 3 4 1
Tile:8 6 7 0
Drop 6 0 1
Map 12 3 0
Tile:0 7 6 1
Map 12 3 0
Destroy 3 4 1
Map 12 3 0
Tile:9 6 8 1
Tile:5_flip 8 6 0
Tile:7 5 4 1
Tile:7 7 7 0
Map 12 5 1
Tile:6_flip 8 5 0
Tile:8 7 8 1
Malus 0 0 0
Destroy 4 5 1
Tile:7_flip 7 5 0
Drop 3 0 1
Tile:8 7 4 0
Drop 5 0 1
Tile:6 9 5 0
Drop 5 0 1
Tile:10 7 3 0
Drop 2 0 1
Tile:6 8 4 0
Bonus 0 0 1
Drop 0 0 0
Tile:5_flip 8 8 1
Tile:7 9 4 0
Tile:11_flip 7 2 1
Tile:0 10 5 0
Drop 3 0 1
Tile:8 11 5 0
Tile:9_flip 12 6 1
Tile:9 8 3 0
Tile:9 11 6 1
Tile:9 11 4 0
Tile:5_flip 12 8 1
Drop 0 0 0
Drop 4 0 1
Drop 0 0 0
Tile:10 8 2 1
Drop 0 0 0
Tile:0 4 5 1
Drop 0 0 0
Tile:5 7 1 1
Drop 0 0 0
Tile:4 11 3 1
Drop 0 0 0
Drop 0 0 1
GAMEOVER DRAW
# Game ended: Wed Apr 15 23:29:46 EDT 2020
