# Server version 0.08 running on DESKTOP-6KJFBSD:8123
# Game ID: 284
# Board class: Saboteur.SaboteurBoard
# Timeout: 20000
# First Move Timeout: 30000
# Date: Wed Apr 15 22:56:27 EDT 2020
# Player 1: Player-0, '260715909', running on DESKTOP-6KJFBSD
# Player 2: Player-1, '260715909', running on DESKTOP-6KJFBSD
START Player-0 260715909
START Player-1 260715909
BoardInit:Tile:9,Tile:14,Destroy,Tile:6,Tile:0,Tile:10,Destroy,Destroy,Tile:6,Tile:5,Bonus,Malus,Bonus,Map,Tile:8,Bonus,Tile:9,Tile:12,Tile:10,Tile:4,Tile:6,Tile:5,Tile:3,Tile:15,Tile:8,Tile:9,Map,Tile:8,Tile:7,Bonus,Map,Malus,Map,Tile:9,Tile:5,Tile:1,Tile:8,Tile:11,Tile:10,Tile:6,Tile:0-Tile:0,Tile:7,Tile:2,Tile:6,Tile:9,Tile:7,Tile:8-Map,Map,Tile:13,Tile:7,Tile:7,Tile:0,Tile:5-Tile:hidden1,Tile:nugget,Tile:hidden2
Tile:6_flip 6 5 1
Map 12 5 0
Tile:9_flip 7 5 1
Map 12 5 0
Tile:9 7 4 1
Tile:7 8 4 0
Tile:7_flip 8 5 1
Tile:10 7 6 0
Tile:0 9 5 1
Tile:6 10 5 0
Tile:7 10 4 1
Tile:7 7 3 0
Tile:8 6 3 1
Tile:0 11 5 0
GAMEOVER WINNER 0
# Game ended: Wed Apr 15 22:56:28 EDT 2020
