# Server version 0.08 running on DESKTOP-6KJFBSD:8123
# Game ID: 280
# Board class: Saboteur.SaboteurBoard
# Timeout: 20000
# First Move Timeout: 30000
# Date: Wed Apr 15 22:55:44 EDT 2020
# Player 1: Player-0, '260715909', running on DESKTOP-6KJFBSD
# Player 2: Player-1, 'RandomPlayer', running on DESKTOP-6KJFBSD
START Player-0 260715909
START Player-1 RandomPlayer
BoardInit:Tile:13,Malus,Tile:9,Tile:8,Tile:8,Tile:7,Destroy,Tile:8,Tile:1,Tile:3,Tile:8,Destroy,Tile:6,Tile:12,Map,Tile:10,Bonus,Bonus,Tile:9,Tile:5,Tile:7,Tile:6,Tile:6,Map,Tile:6,Tile:0,Map,Map,Tile:4,Tile:2,Bonus,Map,Tile:9,Tile:0,Tile:7,Bonus,Tile:5,Tile:14,Destroy,Tile:0,Tile:9-Tile:5,Tile:15,Tile:8,Tile:11,Tile:6,Map,Tile:7-Tile:10,Tile:9,Malus,Tile:0,Tile:7,Tile:5,Tile:10-Tile:hidden1,Tile:nugget,Tile:hidden2
Tile:6 5 6 1
Tile:9_flip 6 5 0
Drop 1 0 1
Tile:10 6 4 0
Tile:8 4 6 1
Malus 0 0 0
Map 12 5 1
Tile:5_flip 6 6 0
Drop 6 0 1
Tile:10 6 3 0
Drop 4 0 1
Malus 0 0 0
Drop 0 0 1
Drop 0 0 0
Drop 0 0 1
Drop 0 0 0
Map 12 7 1
Drop 0 0 0
Drop 3 0 1
Drop 0 0 0
Drop 2 0 1
Drop 0 0 0
Drop 3 0 1
Drop 0 0 0
Drop 5 0 1
Map 12 3 0
Drop 0 0 1
Drop 0 0 0
Drop 6 0 1
Map 12 3 0
Drop 1 0 1
Drop 0 0 0
Drop 6 0 1
Map 12 7 0
Drop 0 0 1
Drop 0 0 0
Drop 4 0 1
Drop 0 0 0
Drop 0 0 1
Drop 0 0 0
Drop 0 0 1
Drop 0 0 0
Drop 6 0 1
Drop 0 0 0
Drop 4 0 1
Drop 0 0 0
Destroy 6 4 1
Drop 0 0 0
Drop 0 0 1
Drop 0 0 0
Drop 0 0 1
Drop 0 0 0
Drop 1 0 1
Drop 0 0 0
Drop 0 0 1
GAMEOVER DRAW
# Game ended: Wed Apr 15 22:55:46 EDT 2020
