# Server version 0.08 running on DESKTOP-6KJFBSD:8123
# Game ID: 188
# Board class: Saboteur.SaboteurBoard
# Timeout: 20000
# First Move Timeout: 30000
# Date: Wed Apr 15 19:34:22 EDT 2020
# Player 1: Player-0, '260715909', running on DESKTOP-6KJFBSD
# Player 2: Player-1, 'RandomPlayer', running on DESKTOP-6KJFBSD
START Player-0 260715909
START Player-1 RandomPlayer
BoardInit:Tile:7,Map,Bonus,Map,Tile:13,Tile:7,Tile:3,Bonus,Map,Tile:6,Tile:5,Tile:14,Map,Tile:7,Tile:0,Tile:6,Tile:6,Tile:10,Tile:7,Tile:4,Malus,Destroy,Tile:5,Bonus,Tile:8,Map,Tile:7,Bonus,Tile:10,Tile:10,Tile:5,Tile:1,Tile:2,Tile:0,Destroy,Tile:8,Map,Tile:9,Tile:9,Tile:9,Tile:6-Tile:8,Tile:6,Tile:5,Tile:8,Tile:9,Tile:12,Destroy-Tile:0,Tile:0,Tile:8,Tile:15,Tile:9,Malus,Tile:11-Tile:hidden1,Tile:hidden2,Tile:nugget
Tile:9 5 6 1
Tile:8 6 6 0
Tile:8 6 5 1
Tile:0 7 5 0
Tile:8 6 7 1
Map 12 5 0
Tile:13 6 8 1
Tile:7 5 4 0
Tile:6 4 5 1
Tile:9_flip 7 8 0
Drop 1 0 1
Drop 1 0 0
Destroy 5 6 1
Tile:11_flip 7 9 0
Tile:3_flip 6 9 1
Tile:6_flip 5 7 0
Tile:5 6 4 1
Tile:6_flip 4 4 0
Tile:6 4 7 1
Tile:7_flip 5 6 0
Tile:0 7 4 1
Tile:14 7 10 0
Tile:7 4 6 1
Tile:0 7 6 0
Tile:5_flip 8 4 1
Destroy 7 5 0
Map 12 3 1
Map 12 5 0
Tile:7 8 6 1
Map 12 7 0
Map 12 3 1
Malus 0 0 0
Drop 6 0 1
Tile:1 6 10 0
Drop 4 0 1
Tile:4_flip 8 7 0
Destroy 6 7 1
Tile:8 6 7 0
Map 12 5 1
Tile:0 3 7 0
Drop 4 0 1
Drop 1 0 0
Malus 0 0 1
Bonus 0 0 0
Drop 4 0 1
Drop 3 0 0
Drop 3 0 1
Tile:9 5 8 0
Drop 2 0 1
Tile:10 8 3 0
Drop 0 0 1
Drop 0 0 0
Drop 1 0 1
Drop 0 0 0
Drop 0 0 1
GAMEOVER DRAW
# Game ended: Wed Apr 15 19:34:22 EDT 2020
