# Server version 0.08 running on DESKTOP-6KJFBSD:8123
# Game ID: 317
# Board class: Saboteur.SaboteurBoard
# Timeout: 20000
# First Move Timeout: 30000
# Date: Wed Apr 15 23:08:38 EDT 2020
# Player 1: Player-0, '260715909', running on DESKTOP-6KJFBSD
# Player 2: Player-1, 'RandomPlayer', running on DESKTOP-6KJFBSD
START Player-0 260715909
START Player-1 RandomPlayer
BoardInit:Tile:8,Tile:2,Tile:6,Tile:5,Tile:7,Destroy,Tile:7,Tile:14,Tile:7,Tile:9,Tile:5,Tile:9,Malus,Tile:8,Tile:5,Tile:6,Tile:8,Tile:7,Tile:5,Map,Bonus,Tile:10,Tile:8,Tile:11,Tile:12,Tile:13,Tile:7,Tile:0,Map,Bonus,Destroy,Map,Malus,Tile:9,Tile:4,Map,Tile:8,Tile:6,Destroy,Tile:0,Tile:9-Tile:3,Tile:9,Tile:1,Map,Tile:0,Tile:0,Tile:6-Map,Bonus,Tile:10,Tile:15,Bonus,Tile:6,Tile:10-Tile:hidden1,Tile:hidden2,Tile:nugget
Tile:6 5 6 1
Map 12 3 0
Tile:0 6 5 1
Tile:6_flip 7 5 0
Tile:0 6 6 1
Tile:5_flip 7 6 0
Tile:7_flip 4 6 1
Drop 0 0 0
Tile:7 8 5 1
Tile:10 8 6 0
Tile:9 4 5 1
Tile:9 8 7 0
Tile:3 5 4 1
Tile:9_flip 9 7 0
Drop 2 0 1
Tile:10 8 8 0
Drop 6 0 1
Drop 0 0 0
Map 12 5 1
Tile:7_flip 9 8 0
Malus 0 0 1
Map 12 3 0
Drop 5 0 1
Drop 0 0 0
Tile:8 10 8 1
Drop 0 0 0
Tile:6_flip 4 4 1
Drop 0 0 0
Tile:8 8 9 1
Drop 0 0 0
Tile:7_flip 8 10 1
Drop 0 0 0
Destroy 10 8 1
Map 12 3 0
Drop 3 0 1
Drop 0 0 0
Tile:7 9 9 1
Map 12 3 0
Drop 6 0 1
Drop 0 0 0
Tile:1 7 9 1
Drop 0 0 0
Destroy 8 7 1
Drop 0 0 0
Tile:9 8 7 1
Drop 0 0 0
Tile:5_flip 9 10 1
Drop 0 0 0
Drop 2 0 1
Drop 0 0 0
Tile:4 9 6 1
Drop 0 0 0
Map 12 3 1
Drop 0 0 0
Drop 0 0 1
GAMEOVER DRAW
# Game ended: Wed Apr 15 23:08:40 EDT 2020
