# Server version 0.08 running on DESKTOP-6KJFBSD:8123
# Game ID: 252
# Board class: Saboteur.SaboteurBoard
# Timeout: 20000
# First Move Timeout: 30000
# Date: Wed Apr 15 22:32:04 EDT 2020
# Player 1: Player-0, '260715909', running on DESKTOP-6KJFBSD
# Player 2: Player-1, '260715909', running on DESKTOP-6KJFBSD
START Player-0 260715909
START Player-1 260715909
BoardInit:Tile:8,Tile:5,Tile:6,Tile:2,Tile:9,Tile:8,Map,Map,Map,Tile:9,Tile:0,Tile:6,Tile:10,Tile:5,Tile:5,Malus,Tile:15,Bonus,Tile:7,Tile:6,Tile:9,Tile:4,Tile:7,Tile:14,Destroy,Tile:13,Bonus,Map,Tile:5,Tile:6,Tile:10,Tile:3,Tile:7,Tile:11,Destroy,Destroy,Tile:10,Tile:9,Bonus,Tile:12,Tile:8-Tile:8,Tile:0,Map,Tile:9,Map,Malus,Tile:1-Tile:6,Tile:0,Bonus,Tile:0,Tile:7,Tile:8,Tile:7-Tile:hidden1,Tile:nugget,Tile:hidden2
Tile:8 5 6 1
Tile:6 4 6 0
Tile:0 3 6 1
Tile:7 6 5 0
Map 12 3 1
Tile:0 2 6 0
Tile:8 6 6 1
Tile:0 7 6 0
Tile:9_flip 5 7 1
Tile:8 1 6 0
Map 12 5 1
Tile:9 4 5 0
Malus 0 0 1
Map 12 3 0
Tile:6_flip 4 7 1
Drop 0 0 0
Map 12 7 1
Malus 0 0 0
Map 12 3 1
Drop 0 0 0
Drop 0 0 1
Drop 0 0 0
Drop 0 0 1
Drop 0 0 0
Drop 0 0 1
Drop 0 0 0
Drop 0 0 1
Drop 0 0 0
Drop 0 0 1
Map 12 3 0
Drop 0 0 1
Drop 0 0 0
Drop 0 0 1
Drop 0 0 0
Drop 0 0 1
Drop 0 0 0
Drop 0 0 1
Drop 0 0 0
Drop 0 0 1
Drop 0 0 0
Drop 0 0 1
Drop 0 0 0
Drop 0 0 1
Drop 0 0 0
Drop 0 0 1
Drop 0 0 0
Drop 0 0 1
Drop 0 0 0
Drop 0 0 1
Drop 0 0 0
Drop 0 0 1
Drop 0 0 0
Drop 0 0 1
Drop 0 0 0
Drop 0 0 1
GAMEOVER DRAW
# Game ended: Wed Apr 15 22:32:06 EDT 2020
