# Server version 0.08 running on DESKTOP-6KJFBSD:8123
# Game ID: 142
# Board class: Saboteur.SaboteurBoard
# Timeout: 20000
# First Move Timeout: 30000
# Date: Wed Apr 15 13:11:31 EDT 2020
# Player 1: Player-0, '260715909', running on DESKTOP-6KJFBSD
# Player 2: Player-1, 'RandomPlayer', running on DESKTOP-6KJFBSD
START Player-0 260715909
START Player-1 RandomPlayer
BoardInit:Map,Tile:11,Tile:7,Tile:9,Tile:8,Tile:6,Destroy,Bonus,Tile:13,Tile:5,Tile:9,Tile:6,Tile:3,Tile:5,Tile:7,Destroy,Tile:0,Tile:0,Tile:14,Tile:6,Tile:8,Destroy,Tile:9,Map,Tile:7,Tile:8,Tile:12,Tile:9,Tile:0,Tile:6,Malus,Tile:15,Tile:7,Tile:6,Bonus,Map,Tile:9,Map,Tile:10,Tile:2,Tile:0-Map,Tile:4,Tile:10,Bonus,Tile:1,Malus,Tile:10-Map,Tile:8,Tile:8,Tile:7,Tile:5,Bonus,Tile:5-Tile:hidden2,Tile:hidden1,Tile:nugget
Tile:1 6 5 1
Tile:8 7 5 0
Tile:10 5 6 1
Drop 5 0 0
Tile:10 7 6 1
Tile:9 7 7 0
Tile:8 5 4 1
Map 12 5 0
Drop 0 0 1
Tile:7 8 5 0
Destroy 7 7 1
Drop 1 0 0
Tile:13 5 3 1
Tile:8 5 2 0
Tile:9_flip 6 3 1
Tile:5_flip 6 4 0
Tile:3_flip 4 3 1
Tile:6_flip 6 2 0
Tile:7_flip 7 7 1
Tile:0 4 4 0
Tile:14 5 7 1
Drop 6 0 0
Drop 5 0 1
Destroy 4 4 0
Tile:9 4 2 1
Tile:5 4 1 0
Tile:8 5 1 1
Tile:8 7 2 0
Drop 6 0 1
Map 12 5 0
Tile:7_flip 4 7 1
Tile:11 5 0 0
Tile:4 4 6 1
Tile:6_flip 6 0 0
Drop 4 0 1
Tile:6_flip 8 2 0
Tile:7 7 1 1
Tile:6 7 0 0
Tile:9_flip 8 3 1
Map 12 3 0
Drop 2 0 1
Tile:15 8 6 0
Drop 6 0 1
Destroy 5 7 0
Tile:7 9 2 1
Tile:2_flip 5 7 0
Tile:10 7 4 1
Tile:9 7 3 0
Drop 0 0 1
Map 12 7 0
Drop 0 0 1
Drop 0 0 0
Malus 0 0 1
Drop 0 0 0
Drop 0 0 1
GAMEOVER DRAW
# Game ended: Wed Apr 15 13:11:54 EDT 2020
