# Server version 0.08 running on DESKTOP-6KJFBSD:8123
# Game ID: 333
# Board class: Saboteur.SaboteurBoard
# Timeout: 20000
# First Move Timeout: 30000
# Date: Wed Apr 15 23:30:25 EDT 2020
# Player 1: Player-0, 'RandomPlayer', running on DESKTOP-6KJFBSD
# Player 2: Player-1, '260715909', running on DESKTOP-6KJFBSD
START Player-0 RandomPlayer
START Player-1 260715909
BoardInit:Tile:11,Tile:7,Tile:3,Tile:0,Tile:10,Bonus,Malus,Tile:5,Tile:6,Malus,Destroy,Tile:14,Tile:5,Tile:6,Tile:9,Tile:5,Tile:7,Tile:8,Tile:6,Tile:15,Tile:4,Map,Tile:10,Tile:8,Tile:7,Tile:10,Tile:9,Bonus,Tile:0,Map,Tile:1,Tile:0,Map,Map,Tile:6,Tile:5,Tile:6,Tile:7,Destroy,Map,Tile:9-Tile:8,Tile:9,Tile:9,Tile:8,Tile:7,Tile:12,Destroy-Bonus,Bonus,Tile:8,Tile:0,Tile:13,Tile:2,Map-Tile:hidden2,Tile:nugget,Tile:hidden1
Tile:8 6 5 1
Tile:2_flip 4 5 0
Tile:9 6 4 1
Map 12 5 0
Tile:9 6 3 1
Drop 1 0 0
Tile:8 7 3 1
Tile:7 6 2 0
Tile:7_flip 6 6 1
Tile:0 7 6 0
Malus 0 0 1
Drop 1 0 0
Tile:6 7 4 1
Drop 4 0 0
Tile:5_flip 8 3 1
Malus 0 0 0
Drop 0 0 1
Drop 6 0 0
Drop 0 0 1
Drop 2 0 0
Drop 0 0 1
Drop 4 0 0
Drop 0 0 1
Drop 5 0 0
Drop 0 0 1
Drop 0 0 0
Drop 0 0 1
Map 12 5 0
Drop 0 0 1
Drop 2 0 0
Drop 0 0 1
Bonus 0 0 0
Drop 0 0 1
Tile:13 3 5 0
Map 12 3 1
Tile:8 8 2 0
Drop 0 0 1
Map 12 5 0
Drop 0 0 1
Tile:7_flip 2 5 0
Drop 0 0 1
Drop 4 0 0
Drop 0 0 1
Tile:0 7 5 0
Drop 0 0 1
Tile:5 2 4 0
Drop 0 0 1
Drop 0 0 0
Drop 0 0 1
Tile:10 4 4 0
Drop 0 0 1
Map 12 7 0
Drop 0 0 1
Drop 0 0 0
Drop 0 0 1
GAMEOVER DRAW
# Game ended: Wed Apr 15 23:30:26 EDT 2020
