# Server version 0.08 running on DESKTOP-6KJFBSD:8123
# Game ID: 285
# Board class: Saboteur.SaboteurBoard
# Timeout: 20000
# First Move Timeout: 30000
# Date: Wed Apr 15 22:56:48 EDT 2020
# Player 1: Player-0, '260715909', running on DESKTOP-6KJFBSD
# Player 2: Player-1, '260715909', running on DESKTOP-6KJFBSD
START Player-0 260715909
START Player-1 260715909
BoardInit:Tile:8,Tile:10,Tile:2,Tile:11,Tile:6,Tile:3,Tile:6,Tile:9,Tile:0,Tile:9,Malus,Tile:0,Tile:6,Destroy,Tile:5,Tile:5,Tile:10,Tile:4,Tile:9,Tile:5,Map,Tile:15,Tile:7,Tile:9,Bonus,Map,Destroy,Tile:7,Tile:10,Bonus,Tile:8,Tile:8,Tile:6,Tile:12,Map,Malus,Map,Tile:5,Tile:14,Tile:8,Tile:8-Tile:9,Tile:13,Map,Tile:0,Tile:7,Tile:6,Tile:0-Tile:1,Tile:7,Destroy,Map,Bonus,Bonus,Tile:7-Tile:nugget,Tile:hidden1,Tile:hidden2
Tile:9_flip 6 5 1
Tile:7 6 4 0
Map 12 3 1
Map 12 3 0
Tile:7_flip 6 6 1
Tile:7 7 6 0
Tile:6 7 7 1
Drop 0 0 0
Tile:0 6 7 1
Tile:9_flip 8 7 0
Tile:8 8 8 1
Tile:9 8 6 0
Tile:0 7 8 1
Tile:0 6 8 0
Tile:6_flip 9 6 1
Tile:10 8 5 0
Tile:6 9 8 1
Tile:5 8 4 0
Tile:0 9 4 1
Drop 0 0 0
Malus 0 0 1
Drop 0 0 0
Tile:9 9 7 1
Drop 0 0 0
Tile:6 10 4 1
Drop 0 0 0
Tile:5 10 3 1
Map 12 3 0
Map 12 3 1
Drop 0 0 0
Tile:7 10 6 1
Drop 0 0 0
Tile:8 10 7 1
Drop 0 0 0
Tile:6 10 8 1
Drop 0 0 0
Map 12 3 1
Malus 0 0 0
Map 12 3 1
Drop 0 0 0
Drop 0 0 1
Drop 0 0 0
Drop 0 0 1
Drop 0 0 0
Drop 0 0 1
Drop 0 0 0
Drop 0 0 1
Drop 0 0 0
Drop 0 0 1
Drop 0 0 0
Drop 0 0 1
Drop 0 0 0
Drop 0 0 1
Drop 0 0 0
Drop 0 0 1
GAMEOVER DRAW
# Game ended: Wed Apr 15 22:56:52 EDT 2020
