# Server version 0.08 running on DESKTOP-6KJFBSD:8123
# Game ID: 334
# Board class: Saboteur.SaboteurBoard
# Timeout: 20000
# First Move Timeout: 30000
# Date: Wed Apr 15 23:30:30 EDT 2020
# Player 1: Player-0, '260715909', running on DESKTOP-6KJFBSD
# Player 2: Player-1, 'RandomPlayer', running on DESKTOP-6KJFBSD
START Player-0 260715909
START Player-1 RandomPlayer
BoardInit:Tile:6,Tile:7,Map,Tile:7,Tile:7,Tile:8,Tile:0,Tile:0,Map,Destroy,Tile:5,Tile:9,Tile:13,Tile:11,Bonus,Bonus,Tile:8,Tile:7,Map,Tile:7,Tile:10,Tile:5,Bonus,Tile:8,Tile:9,Bonus,Tile:0,Tile:10,Tile:5,Tile:8,Destroy,Map,Tile:9,Tile:6,Tile:0,Tile:10,Malus,Tile:12,Tile:15,Destroy,Tile:4-Tile:5,Tile:6,Tile:14,Tile:2,Tile:9,Tile:3,Tile:1-Tile:8,Map,Tile:6,Tile:6,Malus,Tile:9,Map-Tile:hidden2,Tile:nugget,Tile:hidden1
Tile:3_flip 5 6 1
Tile:8 6 5 0
Tile:1 4 5 1
Tile:6 6 6 0
Tile:5 6 4 1
Map 12 3 0
Tile:9_flip 5 4 1
Tile:6 7 4 0
Tile:6_flip 7 5 1
Tile:7 8 4 0
Tile:6_flip 3 5 1
Tile:8 7 6 0
Tile:2_flip 7 7 1
Tile:0 6 7 0
Tile:14 3 6 1
Malus 0 0 0
Drop 5 0 1
Tile:9_flip 8 5 0
Drop 3 0 1
Map 12 7 0
Map 12 7 1
Tile:9_flip 8 6 0
Map 12 3 1
Tile:7 7 3 0
Drop 0 0 1
Tile:7_flip 6 3 0
Drop 5 0 1
Tile:5_flip 8 7 0
Drop 6 0 1
Drop 0 0 0
Drop 1 0 1
Drop 0 0 0
Destroy 8 5 1
Tile:8 8 5 0
Drop 0 0 1
Tile:8 9 5 0
Drop 4 0 1
Tile:6_flip 10 5 0
Bonus 0 0 1
Tile:10 9 4 0
Tile:9 9 6 1
Tile:7 9 3 0
Tile:10 5 3 1
Map 12 3 0
Tile:8 5 2 1
Tile:10 9 7 0
Tile:9_flip 6 2 1
Drop 0 0 0
Tile:0 11 5 1
GAMEOVER WINNER 1
# Game ended: Wed Apr 15 23:30:34 EDT 2020
