# Server version 0.08 running on DESKTOP-6KJFBSD:8123
# Game ID: 277
# Board class: Saboteur.SaboteurBoard
# Timeout: 20000
# First Move Timeout: 30000
# Date: Wed Apr 15 22:54:44 EDT 2020
# Player 1: Player-0, '260715909', running on DESKTOP-6KJFBSD
# Player 2: Player-1, 'RandomPlayer', running on DESKTOP-6KJFBSD
START Player-0 260715909
START Player-1 RandomPlayer
BoardInit:Tile:2,Tile:7,Bonus,Tile:11,Map,Tile:9,Tile:0,Bonus,Tile:7,Tile:7,Tile:9,Tile:8,Tile:9,Tile:10,Bonus,Tile:6,Tile:7,Tile:6,Tile:5,Destroy,Map,Tile:12,Tile:8,Tile:8,Tile:6,Tile:0,Tile:10,Destroy,Tile:6,Tile:3,Tile:4,Tile:8,Tile:10,Tile:14,Tile:15,Tile:13,Map,Malus,Tile:0,Map,Tile:1-Tile:9,Tile:5,Malus,Tile:7,Map,Tile:0,Tile:8-Tile:9,Tile:6,Map,Bonus,Tile:5,Tile:5,Destroy-Tile:hidden2,Tile:nugget,Tile:hidden1
Tile:8 5 4 1
Tile:9 5 3 0
Tile:7 6 3 1
Tile:5_flip 6 4 0
Tile:9 5 6 1
Tile:6_flip 6 6 0
Map 12 5 1
Map 12 3 0
Tile:2_flip 5 7 1
Tile:7 5 2 0
Tile:0 4 4 1
Tile:5_flip 6 7 0
Tile:0 6 5 1
Tile:7 7 6 0
Tile:7_flip 4 7 1
Tile:9 7 7 0
Drop 0 0 1
Tile:8 7 8 0
Map 12 5 1
Tile:6 7 5 0
Tile:9 4 2 1
Tile:10 7 4 0
Tile:5_flip 7 9 1
Tile:6 8 5 0
Tile:8 6 9 1
Tile:8 8 7 0
Tile:6 9 5 1
Tile:0 9 7 0
Drop 6 0 1
Drop 0 0 0
Malus 0 0 1
Drop 0 0 0
Tile:7 4 6 1
Drop 0 0 0
Tile:6_flip 10 5 1
Drop 0 0 0
Tile:9 5 9 1
Drop 0 0 0
Tile:10 9 4 1
Malus 0 0 0
Drop 1 0 1
Map 12 3 0
Drop 0 0 1
Drop 0 0 0
Drop 4 0 1
Drop 0 0 0
Map 12 3 1
Drop 0 0 0
Map 12 7 1
Drop 0 0 0
Drop 0 0 1
Drop 0 0 0
Drop 1 0 1
Drop 0 0 0
Drop 0 0 1
GAMEOVER DRAW
# Game ended: Wed Apr 15 22:54:47 EDT 2020
